Overriding: out_dir = out-shakespeare-4-256-0.5
Overriding: num_samples = 5
Overriding: device = cuda
number of parameters: 3230208
Loading meta from data\shakespeare_char\meta.pkl...


All before with a purpon, but be seek of our hands.

DUCHESS OF YORK:
What I will her besed lady, endrectime.

HENRY BOLINGBROKE:
And of your both! What little misters, and that Hereford's pain,
Will may in wanter like dispart the mildering:
And the speak you lord.
I cannot so the someting death.

JOHN OF AUMERLET:
The worth doth of Christon:
Then more for the king thrumber so;
And he must with all of at affford, I have a fight
Hasting is a advale his grace him be to mark.

HENRY BOLINGBROKE:
O
---------------

Men pardon, mary life and gaters of a cheese.

DUKE OF YORK:
Are have stand in thing welcome,
Thou confes my should soul to England's peak,
And we pardon's over and pardon of this peeech
To the king sight end the neight Clarence!

HENRY BOLINGBROKE:
We are and hath would from the way so!

DUCHESS OF YORK:
Now, good misder.

DUKE OF AUMERLE:

GLOUCESTER:
Should throw the to deaughter on men eyes
To may other with of a compless speakl of king!

GLOUCESTER:
I do watch thee worthin fair;
To know our
---------------

Men than you so.

First Murderer:
My lord,
And hear privattance and to children
To mee, my sovereign with worting think to hight:
How would welcome a breath his enI have a canience
And first any in this blame and liber,
Reing breatness where gentleman, more death.

BRUTUS:
Shall the land there compacte of my grace,
That must have live man, and this comple.

RIVERS:
In love you come subsed seem and news,
Return to the banish of my heart.

ROMEO:
I will tender the queen as yet of Romeo?

ROMEO:
Sh
---------------

The should knows upon plock, say, as I thee did king,
As care to the eeep where full with the son.
DUCHESS OF YORK:
Therefore you prince of your son right. The king should,
Beaut, cousing him more in Presuint the have blood,
Well, think love me with I have prove,
Have I must to old, the court thee world. Toward's good
With the peerson: like he putil wounds to thee
would the Lord Gloucester most him death,
That Jove other complance in his and his brother,
Should with me such mother her be of
Marc
---------------

Be every belier the bloody and fellse to grow.
Grace in the galter and upon the earth,
But compraited is to kingdom't.

BUCKINGHAM:
Then, and man, what, gods, my will mine should
We heave fair minetward is company many
The king of my great lady, coure on some some son,
I must be the be son, if your advience and in rone app,
And never some by live of my eyess,
I  must hath deserve to me.

DUKE OF AUMERLE:
My lord:
Not I have this heart pain royal dead,
God where know so princesss strength fall of
---------------
