Overriding config with C:\VS-CODE-UNI-OS\advanced-nlp-17\nanoGPT\config\train-shakespeare-char-4-256-0.5.py:

# Baseline configuration
out_dir = 'out-shakespeare-4-256-0.5'
eval_interval = 50
eval_iters = 5
log_interval = 10
always_save_checkpoint = True
init_from = 'scratch'
wandb_log = False
wandb_project = 'nanoGPT-assignment'
wandb_run_name = 'baseline'
dataset = 'shakespeare_char'
gradient_accumulation_steps = 1
batch_size = 64
block_size = 256
n_layer = 4
n_head = 4
n_embd = 256
dropout = 0.2
learning_rate = 1e-3
max_iters = 3944.0
lr_decay_iters = 100
min_lr = 1e-4
beta2 = 0.99
warmup_iters = 200
weight_decay = 1e-1
device = 'cuda'
compile = False 

tokens per iteration will be: 16,384
found vocab_size = 65 (inside data\shakespeare_char\meta.pkl)
Initializing a new model from scratch
number of parameters: 3230208
num decayed parameter tensors: 18, with 3,227,904 parameters
num non-decayed parameter tensors: 9, with 2,304 parameters
using fused AdamW: True
step 0: train loss 4.2308, val loss 4.2342
iter 0: loss 4.2336, time 205.00ms, mfu -100.00%
iter 10: loss 3.5440, time 6.96ms, mfu 16.69%
iter 20: loss 3.1845, time 10.04ms, mfu 16.18%
iter 30: loss 2.8857, time 21.54ms, mfu 15.10%
iter 40: loss 2.7546, time 21.22ms, mfu 14.14%
step 50: train loss 2.6292, val loss 2.6438
saving checkpoint to out-shakespeare-4-256-0.5
iter 50: loss 2.6674, time 115.98ms, mfu 12.83%
iter 60: loss 2.6025, time 9.85ms, mfu 12.72%
iter 70: loss 2.5586, time 10.44ms, mfu 12.56%
iter 80: loss 2.5288, time 10.56ms, mfu 12.41%
iter 90: loss 2.5124, time 6.00ms, mfu 13.10%
step 100: train loss 2.4843, val loss 2.5349
saving checkpoint to out-shakespeare-4-256-0.5
iter 100: loss 2.4969, time 111.16ms, mfu 11.90%
iter 110: loss 2.4847, time 8.12ms, mfu 12.14%
iter 120: loss 2.4959, time 8.18ms, mfu 12.35%
iter 130: loss 2.4925, time 11.12ms, mfu 12.16%
iter 140: loss 2.4718, time 7.78ms, mfu 12.44%
step 150: train loss 2.4193, val loss 2.4855
saving checkpoint to out-shakespeare-4-256-0.5
iter 150: loss 2.4427, time 109.88ms, mfu 11.30%
iter 160: loss 2.4433, time 14.40ms, mfu 10.98%
iter 170: loss 2.4615, time 20.75ms, mfu 10.44%
iter 180: loss 2.4241, time 20.22ms, mfu 9.97%
iter 190: loss 2.4049, time 22.09ms, mfu 9.50%
step 200: train loss 2.3697, val loss 2.4435
saving checkpoint to out-shakespeare-4-256-0.5
iter 200: loss 2.3937, time 110.42ms, mfu 8.65%
iter 210: loss 2.3753, time 15.11ms, mfu 8.56%
iter 220: loss 2.3910, time 20.23ms, mfu 8.28%
iter 230: loss 2.3774, time 9.02ms, mfu 8.74%
iter 240: loss 2.3778, time 22.01ms, mfu 8.39%
step 250: train loss 2.3209, val loss 2.4039
saving checkpoint to out-shakespeare-4-256-0.5
iter 250: loss 2.3484, time 112.77ms, mfu 7.66%
iter 260: loss 2.3515, time 12.39ms, mfu 7.83%
iter 270: loss 2.3411, time 12.20ms, mfu 8.00%
iter 280: loss 2.3442, time 14.65ms, mfu 7.99%
iter 290: loss 2.3480, time 15.37ms, mfu 7.95%
step 300: train loss 2.2643, val loss 2.3732
saving checkpoint to out-shakespeare-4-256-0.5
iter 300: loss 2.3474, time 109.23ms, mfu 7.26%
iter 310: loss 2.3473, time 10.85ms, mfu 7.61%
iter 320: loss 2.3351, time 10.48ms, mfu 7.95%
iter 330: loss 2.3282, time 11.52ms, mfu 8.17%
iter 340: loss 2.3008, time 11.83ms, mfu 8.33%
step 350: train loss 2.2311, val loss 2.3481
saving checkpoint to out-shakespeare-4-256-0.5
iter 350: loss 2.3176, time 111.88ms, mfu 7.60%
iter 360: loss 2.2820, time 7.12ms, mfu 8.48%
iter 370: loss 2.3075, time 5.00ms, mfu 9.95%
iter 380: loss 2.2824, time 13.99ms, mfu 9.79%
iter 390: loss 2.3099, time 11.11ms, mfu 9.85%
step 400: train loss 2.2087, val loss 2.3265
saving checkpoint to out-shakespeare-4-256-0.5
iter 400: loss 2.2847, time 109.51ms, mfu 8.97%
iter 410: loss 2.2715, time 22.72ms, mfu 8.59%
iter 420: loss 2.2964, time 22.07ms, mfu 8.26%
iter 430: loss 2.3082, time 15.89ms, mfu 8.16%
iter 440: loss 2.2666, time 9.41ms, mfu 8.58%
step 450: train loss 2.1952, val loss 2.3071
saving checkpoint to out-shakespeare-4-256-0.5
iter 450: loss 2.2663, time 111.59ms, mfu 7.83%
iter 460: loss 2.2664, time 5.50ms, mfu 9.16%
iter 470: loss 2.2583, time 15.89ms, mfu 8.97%
iter 480: loss 2.2290, time 14.74ms, mfu 8.86%
iter 490: loss 2.2670, time 11.35ms, mfu 9.00%
step 500: train loss 2.1561, val loss 2.2835
saving checkpoint to out-shakespeare-4-256-0.5
iter 500: loss 2.2682, time 113.23ms, mfu 8.20%
iter 510: loss 2.2186, time 12.33ms, mfu 8.33%
iter 520: loss 2.2457, time 16.05ms, mfu 8.22%
iter 530: loss 2.2295, time 11.70ms, mfu 8.39%
iter 540: loss 2.2406, time 14.95ms, mfu 8.33%
step 550: train loss 2.1316, val loss 2.2771
saving checkpoint to out-shakespeare-4-256-0.5
iter 550: loss 2.1999, time 109.39ms, mfu 7.60%
iter 560: loss 2.2409, time 11.35ms, mfu 7.87%
iter 570: loss 2.2278, time 11.15ms, mfu 8.12%
iter 580: loss 2.2192, time 5.00ms, mfu 9.63%
iter 590: loss 2.2139, time 14.55ms, mfu 9.47%
step 600: train loss 2.0971, val loss 2.2584
saving checkpoint to out-shakespeare-4-256-0.5
iter 600: loss 2.2207, time 108.76ms, mfu 8.63%
iter 610: loss 2.2207, time 8.00ms, mfu 9.22%
iter 620: loss 2.2088, time 11.22ms, mfu 9.33%
iter 630: loss 2.2129, time 10.50ms, mfu 9.51%
iter 640: loss 2.2096, time 13.61ms, mfu 9.41%
step 650: train loss 2.0748, val loss 2.2279
saving checkpoint to out-shakespeare-4-256-0.5
iter 650: loss 2.1802, time 112.13ms, mfu 8.57%
iter 660: loss 2.1798, time 9.36ms, mfu 8.96%
iter 670: loss 2.1705, time 11.29ms, mfu 9.09%
iter 680: loss 2.1531, time 10.82ms, mfu 9.26%
iter 690: loss 2.1682, time 11.50ms, mfu 9.34%
step 700: train loss 2.0340, val loss 2.2153
saving checkpoint to out-shakespeare-4-256-0.5
iter 700: loss 2.1535, time 107.43ms, mfu 8.51%
iter 710: loss 2.1504, time 22.15ms, mfu 8.19%
iter 720: loss 2.1599, time 20.98ms, mfu 7.92%
iter 730: loss 2.1305, time 12.82ms, mfu 8.04%
iter 740: loss 2.1500, time 14.47ms, mfu 8.04%
step 750: train loss 2.0201, val loss 2.1844
saving checkpoint to out-shakespeare-4-256-0.5
iter 750: loss 2.1338, time 112.06ms, mfu 7.34%
iter 760: loss 2.1714, time 5.70ms, mfu 8.64%
iter 770: loss 2.1176, time 20.43ms, mfu 8.35%
iter 780: loss 2.1111, time 22.62ms, mfu 8.03%
iter 790: loss 2.1246, time 6.00ms, mfu 9.16%
step 800: train loss 1.9910, val loss 2.1731
saving checkpoint to out-shakespeare-4-256-0.5
iter 800: loss 2.1317, time 112.22ms, mfu 8.35%
iter 810: loss 2.0902, time 19.43ms, mfu 8.11%
iter 820: loss 2.1124, time 20.08ms, mfu 7.88%
iter 830: loss 2.0916, time 21.84ms, mfu 7.62%
iter 840: loss 2.1073, time 21.28ms, mfu 7.41%
step 850: train loss 1.9486, val loss 2.1660
saving checkpoint to out-shakespeare-4-256-0.5
iter 850: loss 2.0890, time 110.37ms, mfu 6.77%
iter 860: loss 2.0754, time 11.02ms, mfu 7.15%
iter 870: loss 2.1193, time 12.17ms, mfu 7.39%
iter 880: loss 2.0665, time 10.53ms, mfu 7.76%
iter 890: loss 2.0818, time 4.00ms, mfu 9.88%
step 900: train loss 1.9406, val loss 2.1486
saving checkpoint to out-shakespeare-4-256-0.5
iter 900: loss 2.0820, time 112.39ms, mfu 9.00%
iter 910: loss 2.0602, time 6.79ms, mfu 9.81%
iter 920: loss 2.0807, time 10.95ms, mfu 9.89%
iter 930: loss 2.0313, time 13.33ms, mfu 9.77%
iter 940: loss 2.0530, time 14.13ms, mfu 9.62%
step 950: train loss 1.9165, val loss 2.1511
saving checkpoint to out-shakespeare-4-256-0.5
iter 950: loss 2.0430, time 111.26ms, mfu 8.76%
iter 960: loss 1.9924, time 20.17ms, mfu 8.46%
iter 970: loss 2.0660, time 10.96ms, mfu 8.68%
iter 980: loss 2.0455, time 9.46ms, mfu 9.04%
iter 990: loss 2.0156, time 11.10ms, mfu 9.18%
step 1000: train loss 1.8954, val loss 2.1311
saving checkpoint to out-shakespeare-4-256-0.5
iter 1000: loss 2.0129, time 109.79ms, mfu 8.37%
iter 1010: loss 1.9965, time 21.73ms, mfu 8.07%
iter 1020: loss 2.0164, time 6.11ms, mfu 9.16%
iter 1030: loss 1.9697, time 5.22ms, mfu 10.47%
iter 1040: loss 1.9880, time 11.62ms, mfu 10.43%
step 1050: train loss 1.8707, val loss 2.1285
saving checkpoint to out-shakespeare-4-256-0.5
iter 1050: loss 1.9973, time 109.59ms, mfu 9.49%
iter 1060: loss 2.0026, time 21.93ms, mfu 9.07%
iter 1070: loss 1.9839, time 21.10ms, mfu 8.72%
iter 1080: loss 1.9979, time 22.37ms, mfu 8.36%
iter 1090: loss 2.0060, time 21.36ms, mfu 8.07%
step 1100: train loss 1.8526, val loss 2.1113
saving checkpoint to out-shakespeare-4-256-0.5
iter 1100: loss 1.9844, time 110.01ms, mfu 7.37%
iter 1110: loss 1.9537, time 15.28ms, mfu 7.39%
iter 1120: loss 1.9705, time 15.57ms, mfu 7.40%
iter 1130: loss 1.9794, time 14.49ms, mfu 7.46%
iter 1140: loss 2.0031, time 10.62ms, mfu 7.81%
step 1150: train loss 1.8345, val loss 2.0984
saving checkpoint to out-shakespeare-4-256-0.5
iter 1150: loss 1.9860, time 114.07ms, mfu 7.13%
iter 1160: loss 1.9839, time 5.00ms, mfu 8.74%
iter 1170: loss 1.9617, time 16.04ms, mfu 8.59%
iter 1180: loss 1.9601, time 16.63ms, mfu 8.43%
iter 1190: loss 1.9566, time 20.17ms, mfu 8.17%
step 1200: train loss 1.8001, val loss 2.0900
saving checkpoint to out-shakespeare-4-256-0.5
iter 1200: loss 1.9332, time 113.14ms, mfu 7.45%
iter 1210: loss 1.9318, time 13.50ms, mfu 7.57%
iter 1220: loss 1.9445, time 12.24ms, mfu 7.76%
iter 1230: loss 1.9473, time 15.55ms, mfu 7.73%
iter 1240: loss 1.9457, time 15.78ms, mfu 7.70%
step 1250: train loss 1.7997, val loss 2.0961
saving checkpoint to out-shakespeare-4-256-0.5
iter 1250: loss 1.9227, time 114.83ms, mfu 7.03%
iter 1260: loss 1.9343, time 13.36ms, mfu 7.19%
iter 1270: loss 1.9018, time 10.23ms, mfu 7.61%
iter 1280: loss 1.9163, time 9.12ms, mfu 8.12%
iter 1290: loss 1.9269, time 10.95ms, mfu 8.37%
step 1300: train loss 1.7893, val loss 2.0695
saving checkpoint to out-shakespeare-4-256-0.5
iter 1300: loss 1.9164, time 107.79ms, mfu 7.64%
iter 1310: loss 1.9246, time 21.92ms, mfu 7.41%
iter 1320: loss 1.9031, time 6.00ms, mfu 8.61%
iter 1330: loss 1.9023, time 7.98ms, mfu 9.20%
iter 1340: loss 1.9023, time 12.26ms, mfu 9.23%
step 1350: train loss 1.7802, val loss 2.0467
saving checkpoint to out-shakespeare-4-256-0.5
iter 1350: loss 1.8912, time 109.45ms, mfu 8.41%
iter 1360: loss 1.9053, time 9.17ms, mfu 8.84%
iter 1370: loss 1.9023, time 9.16ms, mfu 9.22%
iter 1380: loss 1.9145, time 21.92ms, mfu 8.83%
iter 1390: loss 1.8897, time 9.14ms, mfu 9.22%
step 1400: train loss 1.7528, val loss 2.0544
saving checkpoint to out-shakespeare-4-256-0.5
iter 1400: loss 1.8903, time 109.90ms, mfu 8.40%
iter 1410: loss 1.8628, time 20.18ms, mfu 8.14%
iter 1420: loss 1.8814, time 20.15ms, mfu 7.90%
iter 1430: loss 1.8834, time 21.98ms, mfu 7.64%
iter 1440: loss 1.8961, time 8.39ms, mfu 8.26%
step 1450: train loss 1.7450, val loss 2.0583
saving checkpoint to out-shakespeare-4-256-0.5
iter 1450: loss 1.8588, time 111.77ms, mfu 7.54%
iter 1460: loss 1.9059, time 9.38ms, mfu 8.02%
iter 1470: loss 1.9020, time 13.11ms, mfu 8.11%
iter 1480: loss 1.8818, time 14.42ms, mfu 8.10%
iter 1490: loss 1.8716, time 15.47ms, mfu 8.04%
step 1500: train loss 1.7383, val loss 2.0424
saving checkpoint to out-shakespeare-4-256-0.5
iter 1500: loss 1.9119, time 108.43ms, mfu 7.35%
iter 1510: loss 1.8496, time 11.71ms, mfu 7.61%
iter 1520: loss 1.8657, time 10.92ms, mfu 7.91%
iter 1530: loss 1.8535, time 12.88ms, mfu 8.02%
iter 1540: loss 1.8614, time 11.35ms, mfu 8.24%
step 1550: train loss 1.7094, val loss 2.0217
saving checkpoint to out-shakespeare-4-256-0.5
iter 1550: loss 1.8633, time 110.18ms, mfu 7.52%
iter 1560: loss 1.8681, time 11.49ms, mfu 7.78%
iter 1570: loss 1.8421, time 9.21ms, mfu 8.27%
iter 1580: loss 1.8400, time 10.45ms, mfu 8.55%
iter 1590: loss 1.8309, time 12.49ms, mfu 8.63%
step 1600: train loss 1.7008, val loss 2.0379
saving checkpoint to out-shakespeare-4-256-0.5
iter 1600: loss 1.8441, time 110.57ms, mfu 7.87%
iter 1610: loss 1.8227, time 10.41ms, mfu 8.20%
iter 1620: loss 1.8205, time 12.12ms, mfu 8.34%
iter 1630: loss 1.8210, time 12.74ms, mfu 8.42%
iter 1640: loss 1.8414, time 9.31ms, mfu 8.82%
step 1650: train loss 1.6988, val loss 2.0180
saving checkpoint to out-shakespeare-4-256-0.5
iter 1650: loss 1.8262, time 111.19ms, mfu 8.05%
iter 1660: loss 1.8223, time 8.54ms, mfu 8.60%
iter 1670: loss 1.8330, time 21.57ms, mfu 8.28%
iter 1680: loss 1.8026, time 21.19ms, mfu 8.00%
iter 1690: loss 1.8420, time 20.86ms, mfu 7.76%
step 1700: train loss 1.6767, val loss 2.0378
saving checkpoint to out-shakespeare-4-256-0.5
iter 1700: loss 1.8514, time 110.85ms, mfu 7.09%
iter 1710: loss 1.8256, time 12.62ms, mfu 7.30%
iter 1720: loss 1.8412, time 14.93ms, mfu 7.35%
iter 1730: loss 1.8255, time 15.40ms, mfu 7.37%
iter 1740: loss 1.8169, time 16.02ms, mfu 7.36%
step 1750: train loss 1.6539, val loss 2.0083
saving checkpoint to out-shakespeare-4-256-0.5
iter 1750: loss 1.8161, time 110.47ms, mfu 6.73%
iter 1760: loss 1.7963, time 10.66ms, mfu 7.14%
iter 1770: loss 1.7773, time 11.38ms, mfu 7.45%
iter 1780: loss 1.7867, time 5.00ms, mfu 9.03%
iter 1790: loss 1.7694, time 5.00ms, mfu 10.45%
step 1800: train loss 1.6493, val loss 1.9998
saving checkpoint to out-shakespeare-4-256-0.5
iter 1800: loss 1.8449, time 110.67ms, mfu 9.51%
iter 1810: loss 1.7738, time 12.40ms, mfu 9.50%
iter 1820: loss 1.7719, time 11.31ms, mfu 9.58%
iter 1830: loss 1.7913, time 12.39ms, mfu 9.56%
iter 1840: loss 1.7419, time 5.39ms, mfu 10.76%
step 1850: train loss 1.6298, val loss 2.0187
saving checkpoint to out-shakespeare-4-256-0.5
iter 1850: loss 1.8016, time 111.25ms, mfu 9.79%
iter 1860: loss 1.7868, time 10.16ms, mfu 9.95%
iter 1870: loss 1.7845, time 11.57ms, mfu 9.96%
iter 1880: loss 1.7377, time 11.47ms, mfu 9.98%
iter 1890: loss 1.8030, time 12.61ms, mfu 9.90%
step 1900: train loss 1.6380, val loss 2.0059
saving checkpoint to out-shakespeare-4-256-0.5
iter 1900: loss 1.7693, time 110.78ms, mfu 9.02%
iter 1910: loss 1.7891, time 22.39ms, mfu 8.63%
iter 1920: loss 1.7801, time 22.28ms, mfu 8.29%
iter 1930: loss 1.7712, time 21.93ms, mfu 7.99%
iter 1940: loss 1.7628, time 21.84ms, mfu 7.73%
step 1950: train loss 1.6376, val loss 1.9922
saving checkpoint to out-shakespeare-4-256-0.5
iter 1950: loss 1.7726, time 109.83ms, mfu 7.06%
iter 1960: loss 1.7723, time 13.04ms, mfu 7.24%
iter 1970: loss 1.7520, time 15.49ms, mfu 7.27%
iter 1980: loss 1.7439, time 14.37ms, mfu 7.35%
iter 1990: loss 1.7641, time 19.57ms, mfu 7.21%
step 2000: train loss 1.6206, val loss 1.9887
saving checkpoint to out-shakespeare-4-256-0.5
iter 2000: loss 1.7158, time 113.90ms, mfu 6.59%
iter 2010: loss 1.7588, time 11.27ms, mfu 6.96%
iter 2020: loss 1.7395, time 12.34ms, mfu 7.21%
iter 2030: loss 1.6918, time 11.00ms, mfu 7.55%
iter 2040: loss 1.7724, time 12.53ms, mfu 7.72%
step 2050: train loss 1.6083, val loss 2.0039
saving checkpoint to out-shakespeare-4-256-0.5
iter 2050: loss 1.7206, time 110.49ms, mfu 7.05%
iter 2060: loss 1.7781, time 5.10ms, mfu 8.62%
iter 2070: loss 1.7570, time 15.52ms, mfu 8.51%
iter 2080: loss 1.7508, time 13.64ms, mfu 8.51%
iter 2090: loss 1.7649, time 14.50ms, mfu 8.46%
step 2100: train loss 1.6202, val loss 2.0031
saving checkpoint to out-shakespeare-4-256-0.5
iter 2100: loss 1.7315, time 108.56ms, mfu 7.72%
iter 2110: loss 1.7510, time 10.16ms, mfu 8.09%
iter 2120: loss 1.7581, time 11.38ms, mfu 8.31%
iter 2130: loss 1.7440, time 12.48ms, mfu 8.41%
iter 2140: loss 1.7519, time 13.52ms, mfu 8.43%
step 2150: train loss 1.6035, val loss 1.9811
saving checkpoint to out-shakespeare-4-256-0.5
iter 2150: loss 1.7466, time 111.75ms, mfu 7.69%
iter 2160: loss 1.7530, time 5.00ms, mfu 9.24%
iter 2170: loss 1.7548, time 9.51ms, mfu 9.54%
iter 2180: loss 1.7356, time 11.40ms, mfu 9.61%
iter 2190: loss 1.7567, time 10.39ms, mfu 9.77%
step 2200: train loss 1.5782, val loss 1.9854
saving checkpoint to out-shakespeare-4-256-0.5
iter 2200: loss 1.7210, time 109.49ms, mfu 8.90%
iter 2210: loss 1.7382, time 8.53ms, mfu 9.37%
iter 2220: loss 1.6783, time 6.78ms, mfu 10.15%
iter 2230: loss 1.7014, time 10.33ms, mfu 10.26%
iter 2240: loss 1.7144, time 10.89ms, mfu 10.30%
step 2250: train loss 1.5773, val loss 1.9772
saving checkpoint to out-shakespeare-4-256-0.5
iter 2250: loss 1.6972, time 110.80ms, mfu 9.37%
iter 2260: loss 1.6981, time 21.01ms, mfu 8.99%
iter 2270: loss 1.6879, time 22.31ms, mfu 8.61%
iter 2280: loss 1.7078, time 9.75ms, mfu 8.94%
iter 2290: loss 1.6979, time 13.62ms, mfu 8.90%
step 2300: train loss 1.5760, val loss 1.9597
saving checkpoint to out-shakespeare-4-256-0.5
iter 2300: loss 1.7138, time 112.52ms, mfu 8.11%
iter 2310: loss 1.7216, time 10.52ms, mfu 8.41%
iter 2320: loss 1.6777, time 9.41ms, mfu 8.80%
iter 2330: loss 1.7044, time 8.77ms, mfu 9.25%
iter 2340: loss 1.6979, time 7.79ms, mfu 9.82%
step 2350: train loss 1.5768, val loss 1.9547
saving checkpoint to out-shakespeare-4-256-0.5
iter 2350: loss 1.6901, time 109.87ms, mfu 8.94%
iter 2360: loss 1.6795, time 16.85ms, mfu 8.74%
iter 2370: loss 1.7114, time 20.15ms, mfu 8.44%
iter 2380: loss 1.7108, time 20.73ms, mfu 8.16%
iter 2390: loss 1.6813, time 19.84ms, mfu 7.93%
step 2400: train loss 1.5701, val loss 2.0023
saving checkpoint to out-shakespeare-4-256-0.5
iter 2400: loss 1.6859, time 111.62ms, mfu 7.24%
iter 2410: loss 1.7000, time 10.73ms, mfu 7.60%
iter 2420: loss 1.7180, time 11.47ms, mfu 7.85%
iter 2430: loss 1.6621, time 11.35ms, mfu 8.09%
iter 2440: loss 1.6825, time 12.75ms, mfu 8.19%
step 2450: train loss 1.5484, val loss 1.9789
saving checkpoint to out-shakespeare-4-256-0.5
iter 2450: loss 1.7050, time 109.18ms, mfu 7.48%
iter 2460: loss 1.6826, time 9.16ms, mfu 8.00%
iter 2470: loss 1.6614, time 22.98ms, mfu 7.71%
iter 2480: loss 1.7208, time 22.87ms, mfu 7.44%
iter 2490: loss 1.6941, time 7.26ms, mfu 8.30%
step 2500: train loss 1.5322, val loss 1.9569
saving checkpoint to out-shakespeare-4-256-0.5
iter 2500: loss 1.6883, time 111.93ms, mfu 7.57%
iter 2510: loss 1.6729, time 5.10ms, mfu 9.10%
iter 2520: loss 1.6355, time 20.93ms, mfu 8.74%
iter 2530: loss 1.6938, time 16.83ms, mfu 8.56%
iter 2540: loss 1.6602, time 21.50ms, mfu 8.24%
step 2550: train loss 1.5445, val loss 1.9636
saving checkpoint to out-shakespeare-4-256-0.5
iter 2550: loss 1.6663, time 114.75ms, mfu 7.52%
iter 2560: loss 1.6681, time 12.36ms, mfu 7.71%
iter 2570: loss 1.6443, time 4.00ms, mfu 9.84%
iter 2580: loss 1.6668, time 13.96ms, mfu 9.69%
iter 2590: loss 1.6695, time 16.42ms, mfu 9.43%
step 2600: train loss 1.5342, val loss 1.9547
saving checkpoint to out-shakespeare-4-256-0.5
iter 2600: loss 1.6430, time 110.87ms, mfu 8.59%
iter 2610: loss 1.6599, time 6.16ms, mfu 9.62%
iter 2620: loss 1.6663, time 10.47ms, mfu 9.77%
iter 2630: loss 1.6697, time 12.38ms, mfu 9.73%
iter 2640: loss 1.6689, time 5.00ms, mfu 11.08%
step 2650: train loss 1.5136, val loss 1.9631
saving checkpoint to out-shakespeare-4-256-0.5
iter 2650: loss 1.6569, time 109.92ms, mfu 10.08%
iter 2660: loss 1.6663, time 9.25ms, mfu 10.33%
iter 2670: loss 1.6278, time 22.19ms, mfu 9.82%
iter 2680: loss 1.6590, time 6.00ms, mfu 10.77%
iter 2690: loss 1.6507, time 14.51ms, mfu 10.50%
step 2700: train loss 1.5223, val loss 1.9519
saving checkpoint to out-shakespeare-4-256-0.5
iter 2700: loss 1.6277, time 111.85ms, mfu 9.55%
iter 2710: loss 1.6246, time 21.54ms, mfu 9.14%
iter 2720: loss 1.6314, time 22.14ms, mfu 8.75%
iter 2730: loss 1.6691, time 7.82ms, mfu 9.36%
iter 2740: loss 1.6812, time 7.40ms, mfu 9.99%
step 2750: train loss 1.5081, val loss 1.9547
saving checkpoint to out-shakespeare-4-256-0.5
iter 2750: loss 1.6864, time 113.24ms, mfu 9.10%
iter 2760: loss 1.6445, time 20.90ms, mfu 8.74%
iter 2770: loss 1.6220, time 10.00ms, mfu 9.03%
iter 2780: loss 1.6913, time 10.78ms, mfu 9.21%
iter 2790: loss 1.6523, time 21.08ms, mfu 8.84%
step 2800: train loss 1.5003, val loss 1.9675
saving checkpoint to out-shakespeare-4-256-0.5
iter 2800: loss 1.6515, time 110.62ms, mfu 8.06%
iter 2810: loss 1.5984, time 14.95ms, mfu 8.03%
iter 2820: loss 1.6210, time 21.01ms, mfu 7.78%
iter 2830: loss 1.6956, time 9.39ms, mfu 8.24%
iter 2840: loss 1.6227, time 21.83ms, mfu 7.95%
step 2850: train loss 1.5184, val loss 1.9544
saving checkpoint to out-shakespeare-4-256-0.5
iter 2850: loss 1.6018, time 110.39ms, mfu 7.26%
iter 2860: loss 1.6316, time 16.31ms, mfu 7.25%
iter 2870: loss 1.6474, time 19.50ms, mfu 7.12%
iter 2880: loss 1.6386, time 16.54ms, mfu 7.11%
iter 2890: loss 1.6261, time 20.76ms, mfu 6.96%
step 2900: train loss 1.5075, val loss 1.9313
saving checkpoint to out-shakespeare-4-256-0.5
iter 2900: loss 1.6048, time 114.10ms, mfu 6.36%
iter 2910: loss 1.6088, time 12.73ms, mfu 6.64%
iter 2920: loss 1.6357, time 18.57ms, mfu 6.60%
iter 2930: loss 1.6546, time 15.33ms, mfu 6.70%
iter 2940: loss 1.6395, time 13.89ms, mfu 6.87%
step 2950: train loss 1.4963, val loss 1.9601
saving checkpoint to out-shakespeare-4-256-0.5
iter 2950: loss 1.5805, time 107.89ms, mfu 6.29%
iter 2960: loss 1.6449, time 12.46ms, mfu 6.59%
iter 2970: loss 1.5980, time 4.23ms, mfu 8.68%
iter 2980: loss 1.6418, time 12.29ms, mfu 8.76%
iter 2990: loss 1.5912, time 14.54ms, mfu 8.68%
step 3000: train loss 1.4710, val loss 1.9503
saving checkpoint to out-shakespeare-4-256-0.5
iter 3000: loss 1.6179, time 109.94ms, mfu 7.92%
iter 3010: loss 1.6001, time 14.98ms, mfu 7.90%
iter 3020: loss 1.6329, time 11.26ms, mfu 8.15%
iter 3030: loss 1.6393, time 10.11ms, mfu 8.48%
iter 3040: loss 1.5917, time 11.20ms, mfu 8.67%
step 3050: train loss 1.4613, val loss 1.9620
saving checkpoint to out-shakespeare-4-256-0.5
iter 3050: loss 1.6092, time 110.89ms, mfu 7.91%
iter 3060: loss 1.6154, time 21.95ms, mfu 7.65%
iter 3070: loss 1.6067, time 21.07ms, mfu 7.43%
iter 3080: loss 1.5996, time 21.58ms, mfu 7.23%
iter 3090: loss 1.5570, time 22.29ms, mfu 7.03%
step 3100: train loss 1.4668, val loss 1.9494
saving checkpoint to out-shakespeare-4-256-0.5
iter 3100: loss 1.6509, time 111.10ms, mfu 6.43%
iter 3110: loss 1.5829, time 4.03ms, mfu 8.67%
iter 3120: loss 1.5858, time 21.93ms, mfu 8.33%
iter 3130: loss 1.5997, time 9.44ms, mfu 8.73%
iter 3140: loss 1.6013, time 21.99ms, mfu 8.39%
step 3150: train loss 1.4464, val loss 1.9388
saving checkpoint to out-shakespeare-4-256-0.5
iter 3150: loss 1.5681, time 109.67ms, mfu 7.65%
iter 3160: loss 1.6176, time 13.68ms, mfu 7.74%
iter 3170: loss 1.6126, time 19.55ms, mfu 7.56%
iter 3180: loss 1.5872, time 20.71ms, mfu 7.36%
iter 3190: loss 1.6121, time 20.98ms, mfu 7.18%
step 3200: train loss 1.4759, val loss 1.9415
saving checkpoint to out-shakespeare-4-256-0.5
iter 3200: loss 1.5793, time 111.15ms, mfu 6.57%
iter 3210: loss 1.5733, time 10.91ms, mfu 6.98%
iter 3220: loss 1.5806, time 14.67ms, mfu 7.07%
iter 3230: loss 1.6061, time 15.94ms, mfu 7.09%
iter 3240: loss 1.5889, time 21.33ms, mfu 6.93%
step 3250: train loss 1.4541, val loss 1.9482
saving checkpoint to out-shakespeare-4-256-0.5
iter 3250: loss 1.6323, time 114.04ms, mfu 6.34%
iter 3260: loss 1.6253, time 14.44ms, mfu 6.51%
iter 3270: loss 1.6120, time 16.52ms, mfu 6.56%
iter 3280: loss 1.6122, time 14.48ms, mfu 6.71%
iter 3290: loss 1.6089, time 11.99ms, mfu 7.01%
step 3300: train loss 1.4486, val loss 1.9180
saving checkpoint to out-shakespeare-4-256-0.5
iter 3300: loss 1.5885, time 109.75ms, mfu 6.41%
iter 3310: loss 1.5954, time 16.68ms, mfu 6.47%
iter 3320: loss 1.5605, time 14.44ms, mfu 6.63%
iter 3330: loss 1.5995, time 20.14ms, mfu 6.54%
iter 3340: loss 1.5705, time 5.65ms, mfu 7.94%
step 3350: train loss 1.4579, val loss 1.9296
saving checkpoint to out-shakespeare-4-256-0.5
iter 3350: loss 1.5735, time 114.02ms, mfu 7.25%
iter 3360: loss 1.5679, time 11.46ms, mfu 7.54%
iter 3370: loss 1.5626, time 5.00ms, mfu 9.11%
iter 3380: loss 1.5837, time 16.67ms, mfu 8.90%
iter 3390: loss 1.6194, time 14.42ms, mfu 8.81%
step 3400: train loss 1.4294, val loss 1.9492
saving checkpoint to out-shakespeare-4-256-0.5
iter 3400: loss 1.5747, time 112.87ms, mfu 8.03%
iter 3410: loss 1.5325, time 12.46ms, mfu 8.16%
iter 3420: loss 1.5614, time 13.85ms, mfu 8.19%
iter 3430: loss 1.5540, time 17.72ms, mfu 8.02%
iter 3440: loss 1.5602, time 14.76ms, mfu 8.01%
step 3450: train loss 1.4349, val loss 1.9533
saving checkpoint to out-shakespeare-4-256-0.5
iter 3450: loss 1.5502, time 110.11ms, mfu 7.31%
iter 3460: loss 1.5656, time 5.45ms, mfu 8.72%
iter 3470: loss 1.5830, time 13.97ms, mfu 8.68%
iter 3480: loss 1.5770, time 11.39ms, mfu 8.83%
iter 3490: loss 1.5177, time 12.14ms, mfu 8.90%
step 3500: train loss 1.4396, val loss 1.9617
saving checkpoint to out-shakespeare-4-256-0.5
iter 3500: loss 1.5772, time 110.11ms, mfu 8.12%
iter 3510: loss 1.5230, time 22.33ms, mfu 7.83%
iter 3520: loss 1.5388, time 20.61ms, mfu 7.61%
iter 3530: loss 1.5706, time 22.79ms, mfu 7.36%
iter 3540: loss 1.5793, time 7.64ms, mfu 8.14%
step 3550: train loss 1.4246, val loss 1.9390
saving checkpoint to out-shakespeare-4-256-0.5
iter 3550: loss 1.5843, time 111.91ms, mfu 7.43%
iter 3560: loss 1.5546, time 20.59ms, mfu 7.25%
iter 3570: loss 1.5382, time 9.56ms, mfu 7.74%
iter 3580: loss 1.5360, time 20.50ms, mfu 7.54%
iter 3590: loss 1.5435, time 8.96ms, mfu 8.08%
step 3600: train loss 1.4274, val loss 1.9339
saving checkpoint to out-shakespeare-4-256-0.5
iter 3600: loss 1.5417, time 112.53ms, mfu 7.38%
iter 3610: loss 1.5516, time 5.00ms, mfu 8.96%
iter 3620: loss 1.5860, time 16.95ms, mfu 8.75%
iter 3630: loss 1.5461, time 20.23ms, mfu 8.45%
iter 3640: loss 1.5514, time 20.12ms, mfu 8.18%
step 3650: train loss 1.4250, val loss 1.9162
saving checkpoint to out-shakespeare-4-256-0.5
iter 3650: loss 1.5539, time 114.41ms, mfu 7.47%
iter 3660: loss 1.5257, time 10.35ms, mfu 7.84%
iter 3670: loss 1.5659, time 11.48ms, mfu 8.07%
iter 3680: loss 1.5612, time 11.43ms, mfu 8.28%
iter 3690: loss 1.5340, time 12.84ms, mfu 8.36%
step 3700: train loss 1.4236, val loss 1.9146
saving checkpoint to out-shakespeare-4-256-0.5
iter 3700: loss 1.5515, time 111.35ms, mfu 7.63%
iter 3710: loss 1.5282, time 10.39ms, mfu 7.98%
iter 3720: loss 1.6095, time 21.32ms, mfu 7.73%
iter 3730: loss 1.5517, time 21.14ms, mfu 7.51%
iter 3740: loss 1.5173, time 8.10ms, mfu 8.19%
step 3750: train loss 1.4105, val loss 1.9546
saving checkpoint to out-shakespeare-4-256-0.5
iter 3750: loss 1.5480, time 109.89ms, mfu 7.48%
iter 3760: loss 1.5312, time 10.97ms, mfu 7.79%
iter 3770: loss 1.5402, time 20.56ms, mfu 7.57%
iter 3780: loss 1.5445, time 10.15ms, mfu 7.96%
iter 3790: loss 1.5155, time 9.45ms, mfu 8.40%
step 3800: train loss 1.4079, val loss 1.9335
saving checkpoint to out-shakespeare-4-256-0.5
iter 3800: loss 1.5655, time 111.25ms, mfu 7.66%
iter 3810: loss 1.5725, time 6.03ms, mfu 8.82%
iter 3820: loss 1.5468, time 15.71ms, mfu 8.68%
iter 3830: loss 1.5455, time 17.09ms, mfu 8.49%
iter 3840: loss 1.5385, time 9.46ms, mfu 8.87%
step 3850: train loss 1.3940, val loss 1.9161
saving checkpoint to out-shakespeare-4-256-0.5
iter 3850: loss 1.5451, time 111.80ms, mfu 8.09%
iter 3860: loss 1.5409, time 11.39ms, mfu 8.30%
iter 3870: loss 1.5116, time 10.05ms, mfu 8.63%
iter 3880: loss 1.5311, time 12.07ms, mfu 8.73%
iter 3890: loss 1.5154, time 5.00ms, mfu 10.18%
step 3900: train loss 1.3901, val loss 1.9226
saving checkpoint to out-shakespeare-4-256-0.5
iter 3900: loss 1.5298, time 109.85ms, mfu 9.27%
iter 3910: loss 1.5536, time 6.00ms, mfu 10.28%
iter 3920: loss 1.4962, time 6.11ms, mfu 11.15%
iter 3930: loss 1.5385, time 8.04ms, mfu 11.48%
iter 3940: loss 1.5128, time 11.77ms, mfu 11.32%
