Overriding: out_dir = out-shakespeare-4-256-0.25
Overriding: num_samples = 5
Overriding: device = cuda
number of parameters: 3230208
Loading meta from data\shakespeare_char\meta.pkl...


CORIOLANUS:
I will be loved them too bear to take
Our streaties heavy but four him very country.

BRUTUS:
Come, not to both hearth ofter in heart milent;
Which you we be content Herciolvers, and the king
As was their in at country's oncempt: but in so him
yet love.

CORIOLANUS:
I would you dellow know the king,
Cominius, and for the city in his so.

COMINIUS:
Now, noble the so;
And he must with all of all for his mon?

VOLUMNIA:
What, you words be contry state him to mark.

CORIOLANUS:
Why they
---------------

MENENIUS:
I must thou art your meet a commpet-well,
For not throat them, and he will sugh one.

Third Servingman:
What, my lords we lord.

Second Citizen:
The very did state of the heart too still have
The Romans as better of childishm.

CORIOLANUS:
You have not about against the way soul.

CORIOLANUS:
What was I say it.

First Servingman:
For what no mone Capitol.

BRUTUS:
Missenger:
I would you all my lord what thou to be altter
The be thou stay the part of what this
of their fair; you we in e
---------------

MARCIUS:
He was a god of the common when the voices of him;
To the conactions, and men, master in so kind
More how the voices their and which his blood
Our brack oI have a can end to love.

COMINIUS:
And the kind their posing brother to shall
Of the did that stick for Hastings,
That brook'd the of the world and from on.

CORIOLANUS:
A made him to his; and for triends him,
And I have been again can news, they grace,
Our else not was him.

CORIOLANUS:
O tender them!

AUFIDIUS:
It is a loved! he ha
---------------

The should knows upon poor the general
Show the kill thee crount.

SICINIUS:
Beseech you should be godly prevain your gry
prove the people! When the rother are that should be at
becould him, by and honour'd the end; and her they
shall never give the I have provect to o'er.

SICINIUS:
You were you we to your like of the but the peerforme.
Why, sir, we do you to heart.

SICINIUS:
Why, we cannot the may an ssent my pace.
Then what is the Roman one: brief you home.

MARCIUS:
Sir, he had noble a
day 
---------------

BUCKINGHAM:
Why do not know you to stand grace Grey hight,
Inso the dead me to thee, did recting die
Our soon a worst of later love
To thee best of the moother.

BUCKINGHAM:
What news to be done of war thy country men?

GLOUCESTER:
Look, no my lord; let the was do you, let not this
Shall as done and drieving which worthy unto our his
sobsedy. They have not show  my son, the see he do
Would do your holy brave and me?

GLOUCESTER:
No more word, as it confurrse and full.

LADY ANNE:
How full man of
---------------
