Overriding: out_dir = out-shakespeare-5-320-0.5
Overriding: num_samples = 5
Overriding: device = cuda
number of parameters: 6250240
Loading meta from data\shakespeare_char\meta.pkl...

Which he bright face is not to be so much of wrath?

QUEEN ELIZABETH:
That foul of her bardenly said 'Benewy,
That thou hast set which, for thy country's love.
Which, sirrah, look, that virtue, do not say it;
Now see it doth need she on impossition,
To him you like a kingdom for less'd
In wholesome tender sons that is love.

First Citizen:
Well, so we have been so much upon the way
He would not know when favourish did setroy;
But we, you are advance, and for himself.

First Citizen:
I am not of 
---------------

Men part, and such a part is that
That he shall not be well the and the field
Be the way bow, with confishments, that looks and poor
May journer enemy. The one of my sovereign's good,
More than the hours of my fortune's Clarence!
Oh, he is he, for mother, he hath a won,
That bright me for his charity,
Whose last of God heart and subjects stars
Have no doubt thee, and the on thus ttears the east,
Of all the time to bad the Duke of Blunt,
That thou hast broken to thy time and Titus:
I take he, and
---------------

Messenger:
The senate-house noble Marcius counsel!

MENENIUS:
That's thy noble are the people minds of their
his body.

SICINIUS:
How far news?

MENENIUS:
Do you not services; who can you have as worthy
To meet the bowels in this man's land.

MENENIUS:
It is a that world is hand.

MENENIUS:
The other for judgment and through he wall:
These honour hast done, but then 'tis long bed.

CORIOLANUS:
The news neither begin.

CORIOLANUS:
He is the matter,
And tell me, aladies as you are so arraw
To swea
---------------

The slaves I will keep the sword, as I have done.

GLOUCESTER:
But she, sir.

LADY ANNE:
O, art thou art prevail'd for this world,
That we had scandar'd for his face at his chaff.

GLOUCESTER:
Hast thou hast heart that lie not he hath not stay.

LADY ANE:
Speak the man, my gentle last thy life speech.

GLOUCESTER:
I do beseech your princely hearts crown.

GLOUCESTER:
Were not sanctuary, yet I was beggar-man to you.

LADY ANNE:
Foul shall answer; but I say not for your soul:
Thou hadst been a man
---------------

Be every believed in the tears of their lives.
Grandam, an hast the dead is the enemy?

GLOUCESTER:
For ever have I tell your grace to the deed?

BUCKINGHAM:
The wind you good company to be denied?

BUCKINGHAM:
I'll not sleep the lady.

QUEEN ELIZABETH:
The wastern of thy minute that thy assister
What is her world down approused by his bed.

BUCKINGHAM:
O blessed thee, the like a traitor prince.

KING RICHARD II:
Untimely liege, he is good not in the book
And will less not tears with full of fou
---------------
