Overriding: out_dir = out-shakespeare-6-384-0.25
Overriding: num_samples = 5
Overriding: device = cuda
number of parameters: 10745088
Loading meta from data\shakespeare_char\meta.pkl...


COMINIUS:
No, I'll keep your father: O, he would not say
For your grace his mother and your good censures.

Second Senator:
Tribunes, give way; he shall to the market-place.

First Servingman:
Let me have war, say I; it exceeds peace as far as
day does night; it's spritely, waking, audible, and
full of vent. Peace is a very apoplexy, lethargy;
mulled, deaf, sleepy, insensible; a getter of more
bastard children than war's a destroyer of men.

Second Servingman:
'Tis so: and as war, in some sort,
---------------

Menenius, and give you in my lord.

COMINIUS:
I have been i' the market-place; and, sir,'tis fit
You make strong party, or defend yourself
By calmness or by absence: all's in anger.

MENENIUS:
Only fair speech.

COMINIUS:
I think 'twill serve, if he
Can thereto frame his spirit.

VOLUMNIA:
He must, and will
Prithee now, say you will, and go about it.

CORIOLANUS:
Must I go show them my unbarbed sconce?
Must I with base tongue give my noble heart
A lie that it must bear? Well, I will do't:
Yet, w
---------------

Messenger:
The news is, sir, the Volsces are in arms.

MARCIUS:
I am glad on 't: then we shall ha' means to vent
Our musty superfluity. See, our best elders.

First Senator:
Marcius, 'tis true that you have lately told us;
The Volsces are in arms.

MARCIUS:
They have a leader,
Tullus Aufidius, that will put you to 't.
I sin in envying his nobility,
And were I any thing but what I am,
I would wish me only he.

COMINIUS:
You have fought together.

MARCIUS:
Were half to half the world by the ears a
---------------

The slaves well of the war: he hath in this own down,
When most struck home, being gentle wounded, craves
A noble cunning: you were used to load me
With precepts that would make invincible
The heart that conn'd them.

VIRGILIA:
O heavens! O heavens!

CORIOLANUS:
Nay! prithee, woman,--

VOLUMNIA:
Now the red pestilence strike all trades in Rome,
And occupations perish!

CORIOLANUS:
What, what, what!
I shall be loved when I am lack'd. Nay, mother.
Resume that spirit, when you were wont to say,
If 
---------------

Thee, and bloody minister,
When gallant-springing brave Plantagenet,
That princely novice, was struck dead by thee?

CLARENCE:
My brother's love, the devil, and my rage.

First Murderer:
Thy brother's love, our duty, and thy fault,
Provoke us hither now to slaughter thee.

CLARENCE:
Oh, if you love my brother, hate not me;
I am his brother, and I love him well.
If you be hired for meed, go back again,
And I will send you to my brother Gloucester,
Who shall reward you better for my life
Than Edwa
---------------
