Overriding config with C:\VS-CODE-UNI-OS\advanced-nlp-17\nanoGPT\config\train-shakespeare-char-6-384-0.25.py:

# Baseline configuration
out_dir = 'out-shakespeare-6-384-0.25'
eval_interval = 50
eval_iters = 5
log_interval = 10
always_save_checkpoint = True
init_from = 'scratch'
wandb_log = False
wandb_project = 'nanoGPT-assignment'
wandb_run_name = 'baseline'
dataset = 'shakespeare_char'
gradient_accumulation_steps = 1
batch_size = 64
block_size = 256
n_layer = 6
n_head = 6
n_embd = 384
dropout = 0.2
learning_rate = 1e-3
max_iters = 13117.0
lr_decay_iters = 100
min_lr = 1e-4
beta2 = 0.99
warmup_iters = 200
weight_decay = 1e-1
device = 'cuda'
compile = False 

tokens per iteration will be: 16,384
found vocab_size = 65 (inside data\shakespeare_char\meta.pkl)
Initializing a new model from scratch
number of parameters: 10745088
num decayed parameter tensors: 26, with 10,740,096 parameters
num non-decayed parameter tensors: 13, with 4,992 parameters
using fused AdamW: True
step 0: train loss 4.2808, val loss 4.2842
iter 0: loss 4.2647, time 269.34ms, mfu -100.00%
iter 10: loss 3.3032, time 30.52ms, mfu 12.21%
iter 20: loss 2.8776, time 30.02ms, mfu 12.23%
iter 30: loss 2.6420, time 30.12ms, mfu 12.24%
iter 40: loss 2.5817, time 30.83ms, mfu 12.23%
step 50: train loss 2.4916, val loss 2.5935
saving checkpoint to out-shakespeare-6-384-0.25
iter 50: loss 2.5317, time 243.04ms, mfu 11.16%
iter 60: loss 2.4827, time 30.22ms, mfu 11.28%
iter 70: loss 2.4809, time 29.67ms, mfu 11.41%
iter 80: loss 2.4657, time 30.04ms, mfu 11.51%
iter 90: loss 2.4225, time 31.34ms, mfu 11.54%
step 100: train loss 2.4021, val loss 2.5429
saving checkpoint to out-shakespeare-6-384-0.25
iter 100: loss 2.4376, time 250.95ms, mfu 10.54%
iter 110: loss 2.4164, time 30.37ms, mfu 10.71%
iter 120: loss 2.4192, time 31.04ms, mfu 10.84%
iter 130: loss 2.3990, time 30.85ms, mfu 10.96%
iter 140: loss 2.3730, time 31.05ms, mfu 11.07%
step 150: train loss 2.3442, val loss 2.5459
saving checkpoint to out-shakespeare-6-384-0.25
iter 150: loss 2.3700, time 240.32ms, mfu 10.12%
iter 160: loss 2.3694, time 30.49ms, mfu 10.33%
iter 170: loss 2.3222, time 30.34ms, mfu 10.52%
iter 180: loss 2.3442, time 30.80ms, mfu 10.68%
iter 190: loss 2.2885, time 18.01ms, mfu 11.68%
step 200: train loss 2.1878, val loss 2.4451
saving checkpoint to out-shakespeare-6-384-0.25
iter 200: loss 2.2060, time 249.34ms, mfu 10.66%
iter 210: loss 2.1855, time 31.55ms, mfu 10.78%
iter 220: loss 2.2077, time 30.93ms, mfu 10.90%
iter 230: loss 2.1832, time 31.94ms, mfu 10.98%
iter 240: loss 2.1940, time 29.94ms, mfu 11.13%
step 250: train loss 2.0815, val loss 2.3748
saving checkpoint to out-shakespeare-6-384-0.25
iter 250: loss 2.1674, time 252.03ms, mfu 10.16%
iter 260: loss 2.1874, time 30.53ms, mfu 10.37%
iter 270: loss 2.1545, time 30.36ms, mfu 10.56%
iter 280: loss 2.1463, time 32.54ms, mfu 10.65%
iter 290: loss 2.0961, time 31.38ms, mfu 10.77%
step 300: train loss 2.0136, val loss 2.3425
saving checkpoint to out-shakespeare-6-384-0.25
iter 300: loss 2.1142, time 241.88ms, mfu 9.85%
iter 310: loss 2.0976, time 30.76ms, mfu 10.07%
iter 320: loss 2.0892, time 31.15ms, mfu 10.26%
iter 330: loss 2.0709, time 30.08ms, mfu 10.47%
iter 340: loss 2.0862, time 30.34ms, mfu 10.66%
step 350: train loss 1.9633, val loss 2.3010
saving checkpoint to out-shakespeare-6-384-0.25
iter 350: loss 2.0977, time 244.66ms, mfu 9.74%
iter 360: loss 2.0805, time 31.87ms, mfu 9.94%
iter 370: loss 2.0465, time 16.87ms, mfu 11.15%
iter 380: loss 2.0635, time 30.82ms, mfu 11.25%
iter 390: loss 2.0060, time 29.57ms, mfu 11.38%
step 400: train loss 1.9077, val loss 2.2628
saving checkpoint to out-shakespeare-6-384-0.25
iter 400: loss 2.0161, time 243.10ms, mfu 10.40%
iter 410: loss 2.0075, time 29.64ms, mfu 10.61%
iter 420: loss 1.9965, time 32.77ms, mfu 10.69%
iter 430: loss 2.0171, time 30.80ms, mfu 10.83%
iter 440: loss 1.9717, time 32.35ms, mfu 10.90%
step 450: train loss 1.8730, val loss 2.2492
saving checkpoint to out-shakespeare-6-384-0.25
iter 450: loss 1.9604, time 249.28ms, mfu 9.96%
iter 460: loss 1.9672, time 17.65ms, mfu 11.07%
iter 470: loss 1.9647, time 29.27ms, mfu 11.24%
iter 480: loss 1.9418, time 29.41ms, mfu 11.38%
iter 490: loss 1.9552, time 30.91ms, mfu 11.45%
step 500: train loss 1.8227, val loss 2.2350
saving checkpoint to out-shakespeare-6-384-0.25
iter 500: loss 1.9321, time 246.34ms, mfu 10.46%
iter 510: loss 1.9247, time 16.65ms, mfu 11.65%
iter 520: loss 1.9227, time 30.64ms, mfu 11.70%
iter 530: loss 1.9161, time 31.88ms, mfu 11.70%
iter 540: loss 1.9018, time 31.03ms, mfu 11.73%
step 550: train loss 1.7712, val loss 2.2135
saving checkpoint to out-shakespeare-6-384-0.25
iter 550: loss 1.8701, time 245.14ms, mfu 10.71%
iter 560: loss 1.8955, time 29.97ms, mfu 10.88%
iter 570: loss 1.8644, time 30.37ms, mfu 11.02%
iter 580: loss 1.8562, time 30.36ms, mfu 11.15%
iter 590: loss 1.8423, time 30.31ms, mfu 11.26%
step 600: train loss 1.7363, val loss 2.1940
saving checkpoint to out-shakespeare-6-384-0.25
iter 600: loss 1.8308, time 248.60ms, mfu 10.28%
iter 610: loss 1.8354, time 18.57ms, mfu 11.26%
iter 620: loss 1.8299, time 30.34ms, mfu 11.36%
iter 630: loss 1.8181, time 31.39ms, mfu 11.41%
iter 640: loss 1.8576, time 31.00ms, mfu 11.47%
step 650: train loss 1.6902, val loss 2.1688
saving checkpoint to out-shakespeare-6-384-0.25
iter 650: loss 1.8187, time 247.50ms, mfu 10.48%
iter 660: loss 1.8182, time 30.82ms, mfu 10.64%
iter 670: loss 1.8134, time 30.84ms, mfu 10.78%
iter 680: loss 1.7880, time 30.67ms, mfu 10.92%
iter 690: loss 1.7757, time 31.31ms, mfu 11.02%
step 700: train loss 1.6889, val loss 2.1555
saving checkpoint to out-shakespeare-6-384-0.25
iter 700: loss 1.7783, time 238.20ms, mfu 10.07%
iter 710: loss 1.7655, time 31.11ms, mfu 10.26%
iter 720: loss 1.7265, time 16.75ms, mfu 11.46%
iter 730: loss 1.7740, time 30.07ms, mfu 11.55%
iter 740: loss 1.7315, time 19.12ms, mfu 12.35%
step 750: train loss 1.6325, val loss 2.1520
saving checkpoint to out-shakespeare-6-384-0.25
iter 750: loss 1.7676, time 246.90ms, mfu 11.26%
iter 760: loss 1.7244, time 29.88ms, mfu 11.38%
iter 770: loss 1.7131, time 30.42ms, mfu 11.47%
iter 780: loss 1.7487, time 16.45ms, mfu 12.59%
iter 790: loss 1.7561, time 30.32ms, mfu 12.56%
step 800: train loss 1.6390, val loss 2.1387
saving checkpoint to out-shakespeare-6-384-0.25
iter 800: loss 1.7031, time 243.33ms, mfu 11.46%
iter 810: loss 1.7064, time 30.79ms, mfu 11.52%
iter 820: loss 1.6971, time 17.96ms, mfu 12.44%
iter 830: loss 1.7291, time 31.53ms, mfu 12.38%
iter 840: loss 1.6903, time 30.31ms, mfu 12.37%
step 850: train loss 1.5837, val loss 2.1323
saving checkpoint to out-shakespeare-6-384-0.25
iter 850: loss 1.6746, time 251.88ms, mfu 11.28%
iter 860: loss 1.6705, time 31.50ms, mfu 11.34%
iter 870: loss 1.6613, time 30.50ms, mfu 11.43%
iter 880: loss 1.6593, time 31.68ms, mfu 11.46%
iter 890: loss 1.6616, time 16.53ms, mfu 12.57%
step 900: train loss 1.5563, val loss 2.0906
saving checkpoint to out-shakespeare-6-384-0.25
iter 900: loss 1.6770, time 249.28ms, mfu 11.46%
iter 910: loss 1.6961, time 31.30ms, mfu 11.50%
iter 920: loss 1.6414, time 30.35ms, mfu 11.58%
iter 930: loss 1.6755, time 20.34ms, mfu 12.26%
iter 940: loss 1.6459, time 31.69ms, mfu 12.21%
step 950: train loss 1.5125, val loss 2.1199
saving checkpoint to out-shakespeare-6-384-0.25
iter 950: loss 1.6364, time 242.33ms, mfu 11.14%
iter 960: loss 1.6151, time 31.62ms, mfu 11.20%
iter 970: loss 1.6399, time 30.94ms, mfu 11.29%
iter 980: loss 1.6228, time 31.58ms, mfu 11.34%
iter 990: loss 1.6657, time 30.68ms, mfu 11.42%
step 1000: train loss 1.5157, val loss 2.1076
saving checkpoint to out-shakespeare-6-384-0.25
iter 1000: loss 1.6237, time 249.13ms, mfu 10.43%
iter 1010: loss 1.6060, time 16.71ms, mfu 11.61%
iter 1020: loss 1.6041, time 30.46ms, mfu 11.68%
iter 1030: loss 1.6204, time 31.54ms, mfu 11.69%
iter 1040: loss 1.5961, time 30.35ms, mfu 11.75%
step 1050: train loss 1.4697, val loss 2.1222
saving checkpoint to out-shakespeare-6-384-0.25
iter 1050: loss 1.5896, time 243.56ms, mfu 10.73%
iter 1060: loss 1.5744, time 31.24ms, mfu 10.85%
iter 1070: loss 1.6147, time 17.15ms, mfu 11.93%
iter 1080: loss 1.5658, time 30.15ms, mfu 11.98%
iter 1090: loss 1.5999, time 29.30ms, mfu 12.05%
step 1100: train loss 1.4578, val loss 2.1157
saving checkpoint to out-shakespeare-6-384-0.25
iter 1100: loss 1.5816, time 251.98ms, mfu 10.99%
iter 1110: loss 1.5691, time 31.62ms, mfu 11.07%
iter 1120: loss 1.5689, time 31.34ms, mfu 11.15%
iter 1130: loss 1.5404, time 30.94ms, mfu 11.24%
iter 1140: loss 1.5188, time 31.45ms, mfu 11.30%
step 1150: train loss 1.4442, val loss 2.0966
saving checkpoint to out-shakespeare-6-384-0.25
iter 1150: loss 1.5642, time 246.69ms, mfu 10.32%
iter 1160: loss 1.5409, time 29.67ms, mfu 10.55%
iter 1170: loss 1.5207, time 30.75ms, mfu 10.70%
iter 1180: loss 1.5164, time 30.71ms, mfu 10.85%
iter 1190: loss 1.5286, time 31.80ms, mfu 10.93%
step 1200: train loss 1.4203, val loss 2.1047
saving checkpoint to out-shakespeare-6-384-0.25
iter 1200: loss 1.5311, time 253.61ms, mfu 9.99%
iter 1210: loss 1.5223, time 31.87ms, mfu 10.16%
iter 1220: loss 1.5105, time 29.81ms, mfu 10.39%
iter 1230: loss 1.5209, time 31.73ms, mfu 10.53%
iter 1240: loss 1.5419, time 31.32ms, mfu 10.66%
step 1250: train loss 1.4064, val loss 2.0785
saving checkpoint to out-shakespeare-6-384-0.25
iter 1250: loss 1.5045, time 248.45ms, mfu 9.75%
iter 1260: loss 1.5119, time 30.95ms, mfu 9.98%
iter 1270: loss 1.4875, time 29.94ms, mfu 10.22%
iter 1280: loss 1.5266, time 17.99ms, mfu 11.27%
iter 1290: loss 1.4912, time 31.32ms, mfu 11.34%
step 1300: train loss 1.3801, val loss 2.0705
saving checkpoint to out-shakespeare-6-384-0.25
iter 1300: loss 1.5056, time 248.36ms, mfu 10.35%
iter 1310: loss 1.5189, time 31.35ms, mfu 10.50%
iter 1320: loss 1.4852, time 30.60ms, mfu 10.67%
iter 1330: loss 1.4758, time 31.63ms, mfu 10.78%
iter 1340: loss 1.4584, time 29.72ms, mfu 10.96%
step 1350: train loss 1.3623, val loss 2.0777
saving checkpoint to out-shakespeare-6-384-0.25
iter 1350: loss 1.4896, time 241.57ms, mfu 10.02%
iter 1360: loss 1.4838, time 30.68ms, mfu 10.23%
iter 1370: loss 1.5073, time 18.33ms, mfu 11.24%
iter 1380: loss 1.4745, time 29.59ms, mfu 11.37%
iter 1390: loss 1.4463, time 31.36ms, mfu 11.43%
step 1400: train loss 1.3524, val loss 2.0980
saving checkpoint to out-shakespeare-6-384-0.25
iter 1400: loss 1.4484, time 251.62ms, mfu 10.43%
iter 1410: loss 1.4917, time 18.00ms, mfu 11.46%
iter 1420: loss 1.4499, time 30.65ms, mfu 11.53%
iter 1430: loss 1.4385, time 17.33ms, mfu 12.53%
iter 1440: loss 1.4387, time 30.42ms, mfu 12.50%
step 1450: train loss 1.3411, val loss 2.1022
saving checkpoint to out-shakespeare-6-384-0.25
iter 1450: loss 1.4405, time 241.64ms, mfu 11.40%
iter 1460: loss 1.4098, time 30.96ms, mfu 11.47%
iter 1470: loss 1.3856, time 31.10ms, mfu 11.52%
iter 1480: loss 1.4393, time 29.50ms, mfu 11.63%
iter 1490: loss 1.4275, time 29.14ms, mfu 11.74%
step 1500: train loss 1.3150, val loss 2.0629
saving checkpoint to out-shakespeare-6-384-0.25
iter 1500: loss 1.4201, time 239.78ms, mfu 10.73%
iter 1510: loss 1.4301, time 31.32ms, mfu 10.84%
iter 1520: loss 1.4175, time 30.23ms, mfu 10.99%
iter 1530: loss 1.3881, time 30.86ms, mfu 11.10%
iter 1540: loss 1.4139, time 29.61ms, mfu 11.25%
step 1550: train loss 1.3178, val loss 2.0484
saving checkpoint to out-shakespeare-6-384-0.25
iter 1550: loss 1.4287, time 250.65ms, mfu 10.27%
iter 1560: loss 1.4372, time 29.80ms, mfu 10.50%
iter 1570: loss 1.3769, time 29.68ms, mfu 10.70%
iter 1580: loss 1.3896, time 30.48ms, mfu 10.85%
iter 1590: loss 1.4078, time 17.00ms, mfu 11.96%
step 1600: train loss 1.2923, val loss 2.0587
saving checkpoint to out-shakespeare-6-384-0.25
iter 1600: loss 1.4086, time 250.46ms, mfu 10.91%
iter 1610: loss 1.4455, time 31.11ms, mfu 11.02%
iter 1620: loss 1.4185, time 30.78ms, mfu 11.13%
iter 1630: loss 1.3906, time 30.04ms, mfu 11.26%
iter 1640: loss 1.3696, time 17.54ms, mfu 12.25%
step 1650: train loss 1.2847, val loss 2.0762
saving checkpoint to out-shakespeare-6-384-0.25
iter 1650: loss 1.3973, time 249.49ms, mfu 11.18%
iter 1660: loss 1.3890, time 16.63ms, mfu 12.30%
iter 1670: loss 1.3835, time 31.49ms, mfu 12.25%
iter 1680: loss 1.3683, time 29.36ms, mfu 12.30%
iter 1690: loss 1.3537, time 31.22ms, mfu 12.26%
step 1700: train loss 1.2644, val loss 2.0672
saving checkpoint to out-shakespeare-6-384-0.25
iter 1700: loss 1.3933, time 240.82ms, mfu 11.19%
iter 1710: loss 1.3157, time 30.29ms, mfu 11.30%
iter 1720: loss 1.3689, time 17.16ms, mfu 12.34%
iter 1730: loss 1.3103, time 30.21ms, mfu 12.34%
iter 1740: loss 1.3675, time 30.36ms, mfu 12.33%
step 1750: train loss 1.2503, val loss 2.0666
saving checkpoint to out-shakespeare-6-384-0.25
iter 1750: loss 1.3531, time 249.29ms, mfu 11.25%
iter 1760: loss 1.3417, time 16.52ms, mfu 12.38%
iter 1770: loss 1.3620, time 29.69ms, mfu 12.40%
iter 1780: loss 1.3781, time 31.68ms, mfu 12.33%
iter 1790: loss 1.3357, time 30.38ms, mfu 12.33%
step 1800: train loss 1.2251, val loss 2.0537
saving checkpoint to out-shakespeare-6-384-0.25
iter 1800: loss 1.3253, time 250.83ms, mfu 11.24%
iter 1810: loss 1.3630, time 17.25ms, mfu 12.28%
iter 1820: loss 1.3214, time 29.50ms, mfu 12.31%
iter 1830: loss 1.3310, time 16.66ms, mfu 13.32%
iter 1840: loss 1.3344, time 30.53ms, mfu 13.21%
step 1850: train loss 1.1990, val loss 2.0432
saving checkpoint to out-shakespeare-6-384-0.25
iter 1850: loss 1.3362, time 242.38ms, mfu 12.04%
iter 1860: loss 1.3443, time 30.54ms, mfu 12.06%
iter 1870: loss 1.3395, time 30.41ms, mfu 12.08%
iter 1880: loss 1.3175, time 30.20ms, mfu 12.10%
iter 1890: loss 1.2976, time 18.12ms, mfu 12.95%
step 1900: train loss 1.1927, val loss 2.0725
saving checkpoint to out-shakespeare-6-384-0.25
iter 1900: loss 1.3313, time 250.55ms, mfu 11.80%
iter 1910: loss 1.3136, time 31.52ms, mfu 11.80%
iter 1920: loss 1.3243, time 30.62ms, mfu 11.84%
iter 1930: loss 1.2917, time 30.35ms, mfu 11.88%
iter 1940: loss 1.3123, time 30.82ms, mfu 11.90%
step 1950: train loss 1.1957, val loss 2.0710
saving checkpoint to out-shakespeare-6-384-0.25
iter 1950: loss 1.2737, time 251.78ms, mfu 10.86%
iter 1960: loss 1.3401, time 29.74ms, mfu 11.03%
iter 1970: loss 1.2764, time 31.17ms, mfu 11.12%
iter 1980: loss 1.2975, time 30.76ms, mfu 11.22%
iter 1990: loss 1.2789, time 30.19ms, mfu 11.33%
step 2000: train loss 1.1745, val loss 2.0520
saving checkpoint to out-shakespeare-6-384-0.25
iter 2000: loss 1.2681, time 243.18ms, mfu 10.35%
iter 2010: loss 1.2869, time 29.54ms, mfu 10.58%
iter 2020: loss 1.2883, time 32.37ms, mfu 10.67%
iter 2030: loss 1.2922, time 30.94ms, mfu 10.81%
iter 2040: loss 1.2624, time 31.10ms, mfu 10.93%
step 2050: train loss 1.1392, val loss 2.0569
saving checkpoint to out-shakespeare-6-384-0.25
iter 2050: loss 1.2728, time 252.23ms, mfu 9.98%
iter 2060: loss 1.2721, time 31.03ms, mfu 10.18%
iter 2070: loss 1.2688, time 29.98ms, mfu 10.41%
iter 2080: loss 1.2770, time 29.95ms, mfu 10.61%
iter 2090: loss 1.2611, time 16.64ms, mfu 11.79%
step 2100: train loss 1.1334, val loss 2.0692
saving checkpoint to out-shakespeare-6-384-0.25
iter 2100: loss 1.2505, time 247.72ms, mfu 10.76%
iter 2110: loss 1.2535, time 31.19ms, mfu 10.88%
iter 2120: loss 1.2422, time 30.47ms, mfu 11.02%
iter 2130: loss 1.2359, time 16.64ms, mfu 12.15%
iter 2140: loss 1.2583, time 30.47ms, mfu 12.16%
step 2150: train loss 1.1188, val loss 2.0976
saving checkpoint to out-shakespeare-6-384-0.25
iter 2150: loss 1.2368, time 243.70ms, mfu 11.10%
iter 2160: loss 1.2456, time 32.20ms, mfu 11.15%
iter 2170: loss 1.2381, time 17.43ms, mfu 12.17%
iter 2180: loss 1.2670, time 30.76ms, mfu 12.16%
iter 2190: loss 1.2714, time 31.06ms, mfu 12.15%
step 2200: train loss 1.1074, val loss 2.0812
saving checkpoint to out-shakespeare-6-384-0.25
iter 2200: loss 1.2477, time 248.60ms, mfu 11.08%
iter 2210: loss 1.2631, time 30.40ms, mfu 11.20%
iter 2220: loss 1.2220, time 30.57ms, mfu 11.30%
iter 2230: loss 1.2851, time 30.89ms, mfu 11.37%
iter 2240: loss 1.2280, time 32.58ms, mfu 11.38%
step 2250: train loss 1.0907, val loss 2.1061
saving checkpoint to out-shakespeare-6-384-0.25
iter 2250: loss 1.2072, time 252.44ms, mfu 10.39%
iter 2260: loss 1.2170, time 18.08ms, mfu 11.41%
iter 2270: loss 1.2415, time 30.18ms, mfu 11.51%
iter 2280: loss 1.2129, time 30.41ms, mfu 11.58%
iter 2290: loss 1.2119, time 30.62ms, mfu 11.64%
step 2300: train loss 1.0695, val loss 2.0705
saving checkpoint to out-shakespeare-6-384-0.25
iter 2300: loss 1.2104, time 246.99ms, mfu 10.63%
iter 2310: loss 1.2275, time 29.67ms, mfu 10.82%
iter 2320: loss 1.2132, time 30.07ms, mfu 10.98%
iter 2330: loss 1.1889, time 31.48ms, mfu 11.06%
iter 2340: loss 1.1972, time 30.45ms, mfu 11.18%
step 2350: train loss 1.0629, val loss 2.1270
saving checkpoint to out-shakespeare-6-384-0.25
iter 2350: loss 1.2030, time 252.34ms, mfu 10.21%
iter 2360: loss 1.1820, time 32.39ms, mfu 10.34%
iter 2370: loss 1.1902, time 31.22ms, mfu 10.50%
iter 2380: loss 1.1891, time 31.01ms, mfu 10.65%
iter 2390: loss 1.1970, time 29.60ms, mfu 10.84%
step 2400: train loss 1.0551, val loss 2.1280
saving checkpoint to out-shakespeare-6-384-0.25
iter 2400: loss 1.1667, time 247.07ms, mfu 9.91%
iter 2410: loss 1.2134, time 29.99ms, mfu 10.16%
iter 2420: loss 1.2018, time 16.89ms, mfu 11.35%
iter 2430: loss 1.1873, time 31.23ms, mfu 11.41%
iter 2440: loss 1.1944, time 17.97ms, mfu 12.34%
step 2450: train loss 1.0187, val loss 2.0917
saving checkpoint to out-shakespeare-6-384-0.25
iter 2450: loss 1.1585, time 244.82ms, mfu 11.26%
iter 2460: loss 1.1396, time 31.16ms, mfu 11.33%
iter 2470: loss 1.1730, time 30.82ms, mfu 11.41%
iter 2480: loss 1.1727, time 29.76ms, mfu 11.52%
iter 2490: loss 1.1439, time 30.66ms, mfu 11.58%
step 2500: train loss 1.0059, val loss 2.1211
saving checkpoint to out-shakespeare-6-384-0.25
iter 2500: loss 1.1557, time 240.65ms, mfu 10.58%
iter 2510: loss 1.1648, time 30.40ms, mfu 10.75%
iter 2520: loss 1.1546, time 31.92ms, mfu 10.84%
iter 2530: loss 1.1492, time 29.65ms, mfu 11.01%
iter 2540: loss 1.1556, time 31.73ms, mfu 11.08%
step 2550: train loss 1.0006, val loss 2.1503
saving checkpoint to out-shakespeare-6-384-0.25
iter 2550: loss 1.1716, time 245.30ms, mfu 10.13%
iter 2560: loss 1.1696, time 31.17ms, mfu 10.31%
iter 2570: loss 1.1401, time 30.07ms, mfu 10.52%
iter 2580: loss 1.1333, time 30.49ms, mfu 10.69%
iter 2590: loss 1.1298, time 18.70ms, mfu 11.61%
step 2600: train loss 0.9829, val loss 2.1246
saving checkpoint to out-shakespeare-6-384-0.25
iter 2600: loss 1.1677, time 248.16ms, mfu 10.60%
iter 2610: loss 1.1292, time 30.50ms, mfu 10.76%
iter 2620: loss 1.1226, time 28.87ms, mfu 10.98%
iter 2630: loss 1.0996, time 29.91ms, mfu 11.13%
iter 2640: loss 1.1336, time 30.71ms, mfu 11.23%
step 2650: train loss 0.9688, val loss 2.1348
saving checkpoint to out-shakespeare-6-384-0.25
iter 2650: loss 1.1229, time 240.90ms, mfu 10.26%
iter 2660: loss 1.1271, time 31.25ms, mfu 10.42%
iter 2670: loss 1.1565, time 29.84ms, mfu 10.63%
iter 2680: loss 1.1348, time 31.88ms, mfu 10.74%
iter 2690: loss 1.1262, time 30.64ms, mfu 10.88%
step 2700: train loss 0.9522, val loss 2.1695
saving checkpoint to out-shakespeare-6-384-0.25
iter 2700: loss 1.1297, time 243.80ms, mfu 9.94%
iter 2710: loss 1.1282, time 31.27ms, mfu 10.14%
iter 2720: loss 1.0803, time 30.30ms, mfu 10.36%
iter 2730: loss 1.0869, time 17.26ms, mfu 11.48%
iter 2740: loss 1.1077, time 30.90ms, mfu 11.54%
step 2750: train loss 0.9406, val loss 2.2031
saving checkpoint to out-shakespeare-6-384-0.25
iter 2750: loss 1.1033, time 252.08ms, mfu 10.53%
iter 2760: loss 1.1276, time 31.44ms, mfu 10.66%
iter 2770: loss 1.0862, time 29.91ms, mfu 10.84%
iter 2780: loss 1.1074, time 18.17ms, mfu 11.81%
iter 2790: loss 1.0810, time 31.41ms, mfu 11.82%
step 2800: train loss 0.9337, val loss 2.1814
saving checkpoint to out-shakespeare-6-384-0.25
iter 2800: loss 1.1022, time 251.59ms, mfu 10.78%
iter 2810: loss 1.0740, time 29.78ms, mfu 10.96%
iter 2820: loss 1.0743, time 31.76ms, mfu 11.03%
iter 2830: loss 1.0574, time 31.82ms, mfu 11.10%
iter 2840: loss 1.0864, time 31.11ms, mfu 11.19%
step 2850: train loss 0.8900, val loss 2.2161
saving checkpoint to out-shakespeare-6-384-0.25
iter 2850: loss 1.0526, time 243.72ms, mfu 10.22%
iter 2860: loss 1.0857, time 30.16ms, mfu 10.44%
iter 2870: loss 1.0770, time 41.06ms, mfu 10.30%
iter 2880: loss 1.0881, time 29.86ms, mfu 10.52%
iter 2890: loss 1.0548, time 30.89ms, mfu 10.67%
step 2900: train loss 0.8839, val loss 2.1985
saving checkpoint to out-shakespeare-6-384-0.25
iter 2900: loss 1.0520, time 248.89ms, mfu 9.75%
iter 2910: loss 1.0554, time 18.21ms, mfu 10.83%
iter 2920: loss 1.0386, time 29.60ms, mfu 11.00%
iter 2930: loss 1.0625, time 30.54ms, mfu 11.12%
iter 2940: loss 1.0684, time 29.23ms, mfu 11.28%
step 2950: train loss 0.8708, val loss 2.2160
saving checkpoint to out-shakespeare-6-384-0.25
iter 2950: loss 1.0315, time 253.33ms, mfu 10.30%
iter 2960: loss 1.0692, time 30.43ms, mfu 10.50%
iter 2970: loss 1.0862, time 31.38ms, mfu 10.63%
iter 2980: loss 1.0428, time 30.26ms, mfu 10.80%
iter 2990: loss 1.0220, time 30.71ms, mfu 10.94%
step 3000: train loss 0.8448, val loss 2.2041
saving checkpoint to out-shakespeare-6-384-0.25
iter 3000: loss 1.0271, time 244.51ms, mfu 9.99%
iter 3010: loss 1.0489, time 29.74ms, mfu 10.25%
iter 3020: loss 1.0513, time 32.44ms, mfu 10.37%
iter 3030: loss 1.0537, time 31.02ms, mfu 10.54%
iter 3040: loss 1.0342, time 31.02ms, mfu 10.68%
step 3050: train loss 0.8325, val loss 2.2309
saving checkpoint to out-shakespeare-6-384-0.25
iter 3050: loss 1.0196, time 238.64ms, mfu 9.77%
iter 3060: loss 1.0161, time 29.67ms, mfu 10.05%
iter 3070: loss 1.0123, time 29.36ms, mfu 10.31%
iter 3080: loss 1.0190, time 30.96ms, mfu 10.49%
iter 3090: loss 1.0004, time 29.99ms, mfu 10.68%
step 3100: train loss 0.8139, val loss 2.2534
saving checkpoint to out-shakespeare-6-384-0.25
iter 3100: loss 1.0272, time 241.64ms, mfu 9.77%
iter 3110: loss 1.0225, time 30.41ms, mfu 10.02%
iter 3120: loss 1.0388, time 29.10ms, mfu 10.29%
iter 3130: loss 1.0219, time 29.92ms, mfu 10.51%
iter 3140: loss 0.9884, time 31.35ms, mfu 10.65%
step 3150: train loss 0.8061, val loss 2.2191
saving checkpoint to out-shakespeare-6-384-0.25
iter 3150: loss 1.0068, time 246.49ms, mfu 9.73%
iter 3160: loss 1.0138, time 29.93ms, mfu 10.01%
iter 3170: loss 1.0143, time 30.47ms, mfu 10.23%
iter 3180: loss 0.9807, time 31.16ms, mfu 10.40%
iter 3190: loss 0.9978, time 31.42ms, mfu 10.55%
step 3200: train loss 0.7913, val loss 2.2429
saving checkpoint to out-shakespeare-6-384-0.25
iter 3200: loss 0.9928, time 249.66ms, mfu 9.64%
iter 3210: loss 0.9878, time 19.00ms, mfu 10.64%
iter 3220: loss 0.9840, time 30.15ms, mfu 10.81%
iter 3230: loss 0.9993, time 17.97ms, mfu 11.80%
iter 3240: loss 0.9801, time 30.55ms, mfu 11.84%
step 3250: train loss 0.7670, val loss 2.2882
saving checkpoint to out-shakespeare-6-384-0.25
iter 3250: loss 0.9539, time 242.80ms, mfu 10.81%
iter 3260: loss 0.9890, time 31.16ms, mfu 10.93%
iter 3270: loss 0.9730, time 16.20ms, mfu 12.13%
iter 3280: loss 0.9770, time 29.97ms, mfu 12.16%
iter 3290: loss 0.9730, time 31.03ms, mfu 12.15%
step 3300: train loss 0.7504, val loss 2.3391
saving checkpoint to out-shakespeare-6-384-0.25
iter 3300: loss 0.9822, time 256.26ms, mfu 11.08%
iter 3310: loss 0.9579, time 31.56ms, mfu 11.15%
iter 3320: loss 0.9617, time 30.40ms, mfu 11.26%
iter 3330: loss 0.9786, time 31.39ms, mfu 11.32%
iter 3340: loss 0.9798, time 30.59ms, mfu 11.41%
step 3350: train loss 0.7333, val loss 2.3154
saving checkpoint to out-shakespeare-6-384-0.25
iter 3350: loss 0.9551, time 250.18ms, mfu 10.42%
iter 3360: loss 0.9562, time 30.63ms, mfu 10.59%
iter 3370: loss 0.9598, time 29.97ms, mfu 10.78%
iter 3380: loss 0.9407, time 32.34ms, mfu 10.85%
iter 3390: loss 0.9423, time 30.10ms, mfu 11.00%
step 3400: train loss 0.7182, val loss 2.3184
saving checkpoint to out-shakespeare-6-384-0.25
iter 3400: loss 0.9332, time 242.42ms, mfu 10.06%
iter 3410: loss 0.9215, time 30.63ms, mfu 10.27%
iter 3420: loss 0.9216, time 16.76ms, mfu 11.46%
iter 3430: loss 0.9525, time 30.34ms, mfu 11.55%
iter 3440: loss 0.9325, time 30.64ms, mfu 11.61%
step 3450: train loss 0.6947, val loss 2.3533
saving checkpoint to out-shakespeare-6-384-0.25
iter 3450: loss 0.9425, time 250.68ms, mfu 10.60%
iter 3460: loss 0.9111, time 16.52ms, mfu 11.79%
iter 3470: loss 0.9243, time 29.58ms, mfu 11.87%
iter 3480: loss 0.9110, time 16.95ms, mfu 12.88%
iter 3490: loss 0.9172, time 30.92ms, mfu 12.80%
step 3500: train loss 0.6739, val loss 2.3865
saving checkpoint to out-shakespeare-6-384-0.25
iter 3500: loss 0.9225, time 241.27ms, mfu 11.67%
iter 3510: loss 0.8949, time 30.36ms, mfu 11.73%
iter 3520: loss 0.9175, time 32.05ms, mfu 11.72%
iter 3530: loss 0.9272, time 31.24ms, mfu 11.74%
iter 3540: loss 0.9078, time 30.37ms, mfu 11.80%
step 3550: train loss 0.6638, val loss 2.4081
saving checkpoint to out-shakespeare-6-384-0.25
iter 3550: loss 0.8828, time 249.90ms, mfu 10.77%
iter 3560: loss 0.8939, time 30.44ms, mfu 10.91%
iter 3570: loss 0.9037, time 29.25ms, mfu 11.10%
iter 3580: loss 0.8896, time 17.28ms, mfu 12.14%
iter 3590: loss 0.8826, time 29.55ms, mfu 12.19%
step 3600: train loss 0.6428, val loss 2.4109
saving checkpoint to out-shakespeare-6-384-0.25
iter 3600: loss 0.8781, time 241.06ms, mfu 11.13%
iter 3610: loss 0.8607, time 31.34ms, mfu 11.20%
iter 3620: loss 0.8658, time 31.31ms, mfu 11.27%
iter 3630: loss 0.8790, time 31.18ms, mfu 11.34%
iter 3640: loss 0.8693, time 18.48ms, mfu 12.22%
step 3650: train loss 0.6312, val loss 2.3728
saving checkpoint to out-shakespeare-6-384-0.25
iter 3650: loss 0.8777, time 248.33ms, mfu 11.15%
iter 3660: loss 0.8726, time 30.97ms, mfu 11.24%
iter 3670: loss 0.8521, time 32.07ms, mfu 11.28%
iter 3680: loss 0.8581, time 30.32ms, mfu 11.38%
iter 3690: loss 0.8651, time 30.57ms, mfu 11.46%
step 3700: train loss 0.6049, val loss 2.4259
saving checkpoint to out-shakespeare-6-384-0.25
iter 3700: loss 0.8563, time 242.75ms, mfu 10.47%
iter 3710: loss 0.8833, time 30.55ms, mfu 10.64%
iter 3720: loss 0.8595, time 18.76ms, mfu 11.56%
iter 3730: loss 0.8681, time 30.38ms, mfu 11.63%
iter 3740: loss 0.8188, time 31.02ms, mfu 11.67%
step 3750: train loss 0.5930, val loss 2.5056
saving checkpoint to out-shakespeare-6-384-0.25
iter 3750: loss 0.8426, time 246.72ms, mfu 10.65%
iter 3760: loss 0.8432, time 32.09ms, mfu 10.75%
iter 3770: loss 0.8597, time 32.50ms, mfu 10.82%
iter 3780: loss 0.8332, time 30.61ms, mfu 10.96%
iter 3790: loss 0.8340, time 30.88ms, mfu 11.07%
step 3800: train loss 0.5775, val loss 2.4836
saving checkpoint to out-shakespeare-6-384-0.25
iter 3800: loss 0.8304, time 251.07ms, mfu 10.11%
iter 3810: loss 0.8444, time 30.00ms, mfu 10.34%
iter 3820: loss 0.8240, time 29.27ms, mfu 10.58%
iter 3830: loss 0.8201, time 30.34ms, mfu 10.75%
iter 3840: loss 0.8216, time 30.76ms, mfu 10.89%
step 3850: train loss 0.5514, val loss 2.4623
saving checkpoint to out-shakespeare-6-384-0.25
iter 3850: loss 0.8159, time 245.92ms, mfu 9.95%
iter 3860: loss 0.8234, time 30.07ms, mfu 10.19%
iter 3870: loss 0.8177, time 31.54ms, mfu 10.36%
iter 3880: loss 0.8156, time 30.45ms, mfu 10.54%
iter 3890: loss 0.8103, time 29.43ms, mfu 10.76%
step 3900: train loss 0.5420, val loss 2.5168
saving checkpoint to out-shakespeare-6-384-0.25
iter 3900: loss 0.8030, time 252.23ms, mfu 9.83%
iter 3910: loss 0.8087, time 28.78ms, mfu 10.14%
iter 3920: loss 0.8079, time 31.09ms, mfu 10.32%
iter 3930: loss 0.8013, time 29.78ms, mfu 10.54%
iter 3940: loss 0.7812, time 29.56ms, mfu 10.75%
step 3950: train loss 0.5252, val loss 2.5641
saving checkpoint to out-shakespeare-6-384-0.25
iter 3950: loss 0.8131, time 244.12ms, mfu 9.83%
iter 3960: loss 0.7858, time 31.23ms, mfu 10.04%
iter 3970: loss 0.7979, time 29.74ms, mfu 10.29%
iter 3980: loss 0.7932, time 30.64ms, mfu 10.47%
iter 3990: loss 0.7909, time 31.87ms, mfu 10.60%
step 4000: train loss 0.5103, val loss 2.5439
saving checkpoint to out-shakespeare-6-384-0.25
iter 4000: loss 0.7702, time 241.63ms, mfu 9.69%
iter 4010: loss 0.7720, time 29.68ms, mfu 9.98%
iter 4020: loss 0.7871, time 31.06ms, mfu 10.18%
iter 4030: loss 0.7802, time 30.68ms, mfu 10.38%
iter 4040: loss 0.7632, time 30.58ms, mfu 10.56%
step 4050: train loss 0.4961, val loss 2.6103
saving checkpoint to out-shakespeare-6-384-0.25
iter 4050: loss 0.7727, time 242.32ms, mfu 9.65%
iter 4060: loss 0.7567, time 29.90ms, mfu 9.94%
iter 4070: loss 0.7437, time 16.60ms, mfu 11.19%
iter 4080: loss 0.7582, time 30.07ms, mfu 11.31%
iter 4090: loss 0.7579, time 17.91ms, mfu 12.26%
step 4100: train loss 0.4714, val loss 2.5972
saving checkpoint to out-shakespeare-6-384-0.25
iter 4100: loss 0.7523, time 245.18ms, mfu 11.18%
iter 4110: loss 0.7653, time 29.89ms, mfu 11.31%
iter 4120: loss 0.7556, time 16.15ms, mfu 12.49%
iter 4130: loss 0.7454, time 30.03ms, mfu 12.48%
iter 4140: loss 0.7355, time 30.40ms, mfu 12.46%
step 4150: train loss 0.4634, val loss 2.6146
saving checkpoint to out-shakespeare-6-384-0.25
iter 4150: loss 0.7485, time 248.83ms, mfu 11.36%
iter 4160: loss 0.7310, time 31.32ms, mfu 11.41%
iter 4170: loss 0.7534, time 30.81ms, mfu 11.48%
iter 4180: loss 0.7142, time 30.77ms, mfu 11.55%
iter 4190: loss 0.7299, time 30.18ms, mfu 11.63%
step 4200: train loss 0.4389, val loss 2.6339
saving checkpoint to out-shakespeare-6-384-0.25
iter 4200: loss 0.7324, time 247.56ms, mfu 10.61%
iter 4210: loss 0.7387, time 17.31ms, mfu 11.71%
iter 4220: loss 0.7424, time 29.64ms, mfu 11.79%
iter 4230: loss 0.7111, time 30.96ms, mfu 11.82%
iter 4240: loss 0.7426, time 30.32ms, mfu 11.86%
step 4250: train loss 0.4284, val loss 2.6145
saving checkpoint to out-shakespeare-6-384-0.25
iter 4250: loss 0.7362, time 252.26ms, mfu 10.82%
iter 4260: loss 0.7198, time 31.22ms, mfu 10.94%
iter 4270: loss 0.7127, time 30.47ms, mfu 11.07%
iter 4280: loss 0.7184, time 19.11ms, mfu 11.91%
iter 4290: loss 0.7034, time 29.54ms, mfu 11.98%
step 4300: train loss 0.4137, val loss 2.6344
saving checkpoint to out-shakespeare-6-384-0.25
iter 4300: loss 0.6981, time 244.75ms, mfu 10.93%
iter 4310: loss 0.7127, time 30.50ms, mfu 11.06%
iter 4320: loss 0.7352, time 31.84ms, mfu 11.13%
iter 4330: loss 0.7164, time 30.66ms, mfu 11.23%
iter 4340: loss 0.7049, time 30.83ms, mfu 11.31%
step 4350: train loss 0.3956, val loss 2.6945
saving checkpoint to out-shakespeare-6-384-0.25
iter 4350: loss 0.6789, time 245.01ms, mfu 10.33%
iter 4360: loss 0.7102, time 30.28ms, mfu 10.53%
iter 4370: loss 0.6887, time 18.10ms, mfu 11.54%
iter 4380: loss 0.6838, time 29.71ms, mfu 11.64%
iter 4390: loss 0.6754, time 16.71ms, mfu 12.70%
step 4400: train loss 0.3859, val loss 2.7290
saving checkpoint to out-shakespeare-6-384-0.25
iter 4400: loss 0.6920, time 244.79ms, mfu 11.59%
iter 4410: loss 0.6680, time 30.51ms, mfu 11.65%
iter 4420: loss 0.6605, time 31.75ms, mfu 11.66%
iter 4430: loss 0.6781, time 31.19ms, mfu 11.69%
iter 4440: loss 0.6550, time 30.17ms, mfu 11.75%
step 4450: train loss 0.3745, val loss 2.7115
saving checkpoint to out-shakespeare-6-384-0.25
iter 4450: loss 0.6504, time 238.80ms, mfu 10.73%
iter 4460: loss 0.6602, time 29.63ms, mfu 10.92%
iter 4470: loss 0.6681, time 31.59ms, mfu 11.01%
iter 4480: loss 0.6626, time 31.05ms, mfu 11.11%
iter 4490: loss 0.6683, time 29.95ms, mfu 11.24%
step 4500: train loss 0.3548, val loss 2.7339
saving checkpoint to out-shakespeare-6-384-0.25
iter 4500: loss 0.6623, time 251.28ms, mfu 10.26%
iter 4510: loss 0.6441, time 16.44ms, mfu 11.50%
iter 4520: loss 0.6763, time 31.30ms, mfu 11.54%
iter 4530: loss 0.6420, time 31.54ms, mfu 11.57%
iter 4540: loss 0.6501, time 30.61ms, mfu 11.63%
step 4550: train loss 0.3507, val loss 2.7757
saving checkpoint to out-shakespeare-6-384-0.25
iter 4550: loss 0.6510, time 250.89ms, mfu 10.62%
iter 4560: loss 0.6532, time 31.15ms, mfu 10.75%
iter 4570: loss 0.6906, time 30.95ms, mfu 10.88%
iter 4580: loss 0.6558, time 31.01ms, mfu 10.99%
iter 4590: loss 0.6579, time 30.40ms, mfu 11.12%
step 4600: train loss 0.3261, val loss 2.8266
saving checkpoint to out-shakespeare-6-384-0.25
iter 4600: loss 0.6304, time 248.41ms, mfu 10.16%
iter 4610: loss 0.6431, time 31.58ms, mfu 10.32%
iter 4620: loss 0.6258, time 31.18ms, mfu 10.48%
iter 4630: loss 0.6262, time 29.93ms, mfu 10.68%
iter 4640: loss 0.6438, time 32.22ms, mfu 10.77%
step 4650: train loss 0.3149, val loss 2.8543
saving checkpoint to out-shakespeare-6-384-0.25
iter 4650: loss 0.6289, time 249.37ms, mfu 9.84%
iter 4660: loss 0.6100, time 31.37ms, mfu 10.05%
iter 4670: loss 0.5971, time 31.02ms, mfu 10.24%
iter 4680: loss 0.6065, time 32.12ms, mfu 10.38%
iter 4690: loss 0.6005, time 30.15ms, mfu 10.58%
step 4700: train loss 0.3124, val loss 2.7904
saving checkpoint to out-shakespeare-6-384-0.25
iter 4700: loss 0.6180, time 247.69ms, mfu 9.67%
iter 4710: loss 0.6028, time 29.75ms, mfu 9.95%
iter 4720: loss 0.6031, time 32.53ms, mfu 10.10%
iter 4730: loss 0.6287, time 31.04ms, mfu 10.29%
iter 4740: loss 0.6066, time 31.48ms, mfu 10.45%
step 4750: train loss 0.2952, val loss 2.8603
saving checkpoint to out-shakespeare-6-384-0.25
iter 4750: loss 0.5934, time 248.74ms, mfu 9.55%
iter 4760: loss 0.5807, time 31.24ms, mfu 9.79%
iter 4770: loss 0.5913, time 30.81ms, mfu 10.02%
iter 4780: loss 0.6031, time 30.77ms, mfu 10.23%
iter 4790: loss 0.5816, time 30.20ms, mfu 10.44%
step 4800: train loss 0.2841, val loss 2.8736
saving checkpoint to out-shakespeare-6-384-0.25
iter 4800: loss 0.5911, time 253.37ms, mfu 9.54%
iter 4810: loss 0.5787, time 30.63ms, mfu 9.81%
iter 4820: loss 0.5718, time 30.60ms, mfu 10.04%
iter 4830: loss 0.5813, time 31.08ms, mfu 10.24%
iter 4840: loss 0.5588, time 30.84ms, mfu 10.42%
step 4850: train loss 0.2652, val loss 2.9501
saving checkpoint to out-shakespeare-6-384-0.25
iter 4850: loss 0.5848, time 240.05ms, mfu 9.54%
iter 4860: loss 0.5712, time 30.59ms, mfu 9.80%
iter 4870: loss 0.5818, time 29.27ms, mfu 10.09%
iter 4880: loss 0.5922, time 29.66ms, mfu 10.34%
iter 4890: loss 0.5549, time 31.05ms, mfu 10.51%
step 4900: train loss 0.2608, val loss 2.9299
saving checkpoint to out-shakespeare-6-384-0.25
iter 4900: loss 0.5617, time 253.18ms, mfu 9.60%
iter 4910: loss 0.5759, time 16.95ms, mfu 10.84%
iter 4920: loss 0.5398, time 30.42ms, mfu 10.98%
iter 4930: loss 0.5400, time 31.63ms, mfu 11.06%
iter 4940: loss 0.5832, time 30.35ms, mfu 11.18%
step 4950: train loss 0.2562, val loss 2.9479
saving checkpoint to out-shakespeare-6-384-0.25
iter 4950: loss 0.5715, time 251.80ms, mfu 10.21%
iter 4960: loss 0.5342, time 30.13ms, mfu 10.43%
iter 4970: loss 0.5482, time 29.92ms, mfu 10.63%
iter 4980: loss 0.5592, time 31.18ms, mfu 10.76%
iter 4990: loss 0.5407, time 30.95ms, mfu 10.89%
step 5000: train loss 0.2521, val loss 2.9852
saving checkpoint to out-shakespeare-6-384-0.25
iter 5000: loss 0.5357, time 251.12ms, mfu 9.95%
iter 5010: loss 0.5474, time 31.00ms, mfu 10.16%
iter 5020: loss 0.5352, time 31.27ms, mfu 10.33%
iter 5030: loss 0.5362, time 29.92ms, mfu 10.54%
iter 5040: loss 0.5456, time 31.60ms, mfu 10.67%
step 5050: train loss 0.2383, val loss 2.9876
saving checkpoint to out-shakespeare-6-384-0.25
iter 5050: loss 0.5543, time 239.12ms, mfu 9.76%
iter 5060: loss 0.5354, time 30.66ms, mfu 10.00%
iter 5070: loss 0.5399, time 30.56ms, mfu 10.22%
iter 5080: loss 0.5100, time 30.95ms, mfu 10.40%
iter 5090: loss 0.5369, time 29.79ms, mfu 10.61%
step 5100: train loss 0.2286, val loss 3.0404
saving checkpoint to out-shakespeare-6-384-0.25
iter 5100: loss 0.5202, time 242.36ms, mfu 9.70%
iter 5110: loss 0.5114, time 30.19ms, mfu 9.97%
iter 5120: loss 0.5243, time 17.42ms, mfu 11.11%
iter 5130: loss 0.5197, time 30.97ms, mfu 11.20%
iter 5140: loss 0.5226, time 16.49ms, mfu 12.34%
step 5150: train loss 0.2207, val loss 3.0699
saving checkpoint to out-shakespeare-6-384-0.25
iter 5150: loss 0.5240, time 246.91ms, mfu 11.26%
iter 5160: loss 0.4894, time 30.79ms, mfu 11.34%
iter 5170: loss 0.5052, time 30.68ms, mfu 11.42%
iter 5180: loss 0.5167, time 30.35ms, mfu 11.51%
iter 5190: loss 0.4934, time 31.57ms, mfu 11.54%
step 5200: train loss 0.2147, val loss 3.0721
saving checkpoint to out-shakespeare-6-384-0.25
iter 5200: loss 0.5074, time 248.79ms, mfu 10.53%
iter 5210: loss 0.4957, time 30.76ms, mfu 10.69%
iter 5220: loss 0.5128, time 30.49ms, mfu 10.84%
iter 5230: loss 0.5069, time 30.47ms, mfu 10.98%
iter 5240: loss 0.5119, time 32.29ms, mfu 11.04%
step 5250: train loss 0.2051, val loss 3.0723
saving checkpoint to out-shakespeare-6-384-0.25
iter 5250: loss 0.4977, time 245.73ms, mfu 10.09%
iter 5260: loss 0.5070, time 29.99ms, mfu 10.32%
iter 5270: loss 0.4909, time 17.03ms, mfu 11.48%
iter 5280: loss 0.4977, time 30.18ms, mfu 11.56%
iter 5290: loss 0.4914, time 17.03ms, mfu 12.60%
step 5300: train loss 0.1988, val loss 3.1213
saving checkpoint to out-shakespeare-6-384-0.25
iter 5300: loss 0.4832, time 246.61ms, mfu 11.49%
iter 5310: loss 0.4871, time 29.87ms, mfu 11.59%
iter 5320: loss 0.4906, time 30.74ms, mfu 11.64%
iter 5330: loss 0.4765, time 29.77ms, mfu 11.73%
iter 5340: loss 0.4733, time 29.52ms, mfu 11.82%
step 5350: train loss 0.1912, val loss 3.1598
saving checkpoint to out-shakespeare-6-384-0.25
iter 5350: loss 0.4882, time 249.88ms, mfu 10.78%
iter 5360: loss 0.4719, time 17.83ms, mfu 11.80%
iter 5370: loss 0.4857, time 31.04ms, mfu 11.82%
iter 5380: loss 0.4828, time 30.23ms, mfu 11.87%
iter 5390: loss 0.4622, time 31.51ms, mfu 11.86%
step 5400: train loss 0.1870, val loss 3.1216
saving checkpoint to out-shakespeare-6-384-0.25
iter 5400: loss 0.4720, time 251.53ms, mfu 10.83%
iter 5410: loss 0.4709, time 17.58ms, mfu 11.86%
iter 5420: loss 0.4696, time 30.64ms, mfu 11.89%
iter 5430: loss 0.4783, time 29.69ms, mfu 11.96%
iter 5440: loss 0.4563, time 30.21ms, mfu 12.00%
step 5450: train loss 0.1769, val loss 3.2148
saving checkpoint to out-shakespeare-6-384-0.25
iter 5450: loss 0.4740, time 249.68ms, mfu 10.95%
iter 5460: loss 0.4547, time 30.99ms, mfu 11.05%
iter 5470: loss 0.4595, time 30.44ms, mfu 11.17%
iter 5480: loss 0.4563, time 29.76ms, mfu 11.31%
iter 5490: loss 0.4408, time 16.42ms, mfu 12.45%
step 5500: train loss 0.1747, val loss 3.1709
saving checkpoint to out-shakespeare-6-384-0.25
iter 5500: loss 0.4525, time 246.18ms, mfu 11.35%
iter 5510: loss 0.4508, time 29.71ms, mfu 11.47%
iter 5520: loss 0.4446, time 17.87ms, mfu 12.41%
iter 5530: loss 0.4420, time 30.54ms, mfu 12.39%
iter 5540: loss 0.4487, time 29.76ms, mfu 12.40%
step 5550: train loss 0.1683, val loss 3.2159
saving checkpoint to out-shakespeare-6-384-0.25
iter 5550: loss 0.4306, time 244.68ms, mfu 11.31%
iter 5560: loss 0.4364, time 29.65ms, mfu 11.44%
iter 5570: loss 0.4435, time 32.23ms, mfu 11.45%
iter 5580: loss 0.4396, time 31.87ms, mfu 11.48%
iter 5590: loss 0.4348, time 31.38ms, mfu 11.52%
step 5600: train loss 0.1572, val loss 3.2964
saving checkpoint to out-shakespeare-6-384-0.25
iter 5600: loss 0.4307, time 244.01ms, mfu 10.52%
iter 5610: loss 0.4486, time 30.16ms, mfu 10.70%
iter 5620: loss 0.4554, time 16.53ms, mfu 11.89%
iter 5630: loss 0.4275, time 30.91ms, mfu 11.90%
iter 5640: loss 0.4384, time 31.38ms, mfu 11.90%
step 5650: train loss 0.1586, val loss 3.2386
saving checkpoint to out-shakespeare-6-384-0.25
iter 5650: loss 0.4176, time 245.80ms, mfu 10.86%
iter 5660: loss 0.4304, time 29.63ms, mfu 11.03%
iter 5670: loss 0.4321, time 15.73ms, mfu 12.30%
iter 5680: loss 0.4113, time 31.58ms, mfu 12.25%
iter 5690: loss 0.4259, time 30.76ms, mfu 12.23%
step 5700: train loss 0.1535, val loss 3.3135
saving checkpoint to out-shakespeare-6-384-0.25
iter 5700: loss 0.4308, time 245.56ms, mfu 11.16%
iter 5710: loss 0.4134, time 30.03ms, mfu 11.29%
iter 5720: loss 0.4308, time 17.49ms, mfu 12.29%
iter 5730: loss 0.4238, time 31.24ms, mfu 12.25%
iter 5740: loss 0.4312, time 16.95ms, mfu 13.23%
step 5750: train loss 0.1495, val loss 3.2274
saving checkpoint to out-shakespeare-6-384-0.25
iter 5750: loss 0.4184, time 245.49ms, mfu 12.05%
iter 5760: loss 0.4027, time 32.10ms, mfu 12.01%
iter 5770: loss 0.4062, time 18.42ms, mfu 12.83%
iter 5780: loss 0.4199, time 30.52ms, mfu 12.77%
iter 5790: loss 0.4027, time 30.99ms, mfu 12.69%
step 5800: train loss 0.1447, val loss 3.3300
saving checkpoint to out-shakespeare-6-384-0.25
iter 5800: loss 0.3994, time 249.74ms, mfu 11.57%
iter 5810: loss 0.3943, time 31.48ms, mfu 11.60%
iter 5820: loss 0.4088, time 30.01ms, mfu 11.68%
iter 5830: loss 0.4096, time 30.85ms, mfu 11.72%
iter 5840: loss 0.4102, time 31.66ms, mfu 11.73%
step 5850: train loss 0.1442, val loss 3.3079
saving checkpoint to out-shakespeare-6-384-0.25
iter 5850: loss 0.3942, time 250.57ms, mfu 10.70%
iter 5860: loss 0.4064, time 32.29ms, mfu 10.79%
iter 5870: loss 0.4055, time 30.34ms, mfu 10.94%
iter 5880: loss 0.3961, time 31.08ms, mfu 11.04%
iter 5890: loss 0.3943, time 30.98ms, mfu 11.14%
step 5900: train loss 0.1390, val loss 3.3124
saving checkpoint to out-shakespeare-6-384-0.25
iter 5900: loss 0.4056, time 249.46ms, mfu 10.18%
iter 5910: loss 0.4018, time 31.21ms, mfu 10.35%
iter 5920: loss 0.3871, time 31.59ms, mfu 10.50%
iter 5930: loss 0.3904, time 30.92ms, mfu 10.65%
iter 5940: loss 0.3892, time 31.02ms, mfu 10.79%
step 5950: train loss 0.1352, val loss 3.3978
saving checkpoint to out-shakespeare-6-384-0.25
iter 5950: loss 0.3847, time 247.93ms, mfu 9.86%
iter 5960: loss 0.3868, time 31.39ms, mfu 10.06%
iter 5970: loss 0.3749, time 30.65ms, mfu 10.27%
iter 5980: loss 0.3782, time 17.50ms, mfu 11.37%
iter 5990: loss 0.3745, time 30.46ms, mfu 11.46%
step 6000: train loss 0.1321, val loss 3.4193
saving checkpoint to out-shakespeare-6-384-0.25
iter 6000: loss 0.3780, time 253.16ms, mfu 10.46%
iter 6010: loss 0.3718, time 30.41ms, mfu 10.64%
iter 6020: loss 0.3825, time 30.21ms, mfu 10.81%
iter 6030: loss 0.3682, time 17.03ms, mfu 11.92%
iter 6040: loss 0.3923, time 30.64ms, mfu 11.94%
step 6050: train loss 0.1281, val loss 3.3901
saving checkpoint to out-shakespeare-6-384-0.25
iter 6050: loss 0.3648, time 239.81ms, mfu 10.90%
iter 6060: loss 0.3755, time 29.44ms, mfu 11.08%
iter 6070: loss 0.3709, time 31.98ms, mfu 11.14%
iter 6080: loss 0.3738, time 30.54ms, mfu 11.24%
iter 6090: loss 0.3709, time 30.57ms, mfu 11.34%
step 6100: train loss 0.1267, val loss 3.4420
saving checkpoint to out-shakespeare-6-384-0.25
iter 6100: loss 0.3758, time 239.10ms, mfu 10.36%
iter 6110: loss 0.3612, time 31.31ms, mfu 10.51%
iter 6120: loss 0.3582, time 29.65ms, mfu 10.72%
iter 6130: loss 0.3832, time 29.23ms, mfu 10.92%
iter 6140: loss 0.3661, time 30.69ms, mfu 11.04%
step 6150: train loss 0.1233, val loss 3.4115
saving checkpoint to out-shakespeare-6-384-0.25
iter 6150: loss 0.3698, time 253.28ms, mfu 10.09%
iter 6160: loss 0.3744, time 17.06ms, mfu 11.26%
iter 6170: loss 0.3618, time 30.72ms, mfu 11.35%
iter 6180: loss 0.3717, time 29.43ms, mfu 11.48%
iter 6190: loss 0.3547, time 29.87ms, mfu 11.58%
step 6200: train loss 0.1225, val loss 3.5229
saving checkpoint to out-shakespeare-6-384-0.25
iter 6200: loss 0.3645, time 238.81ms, mfu 10.58%
iter 6210: loss 0.3703, time 30.06ms, mfu 10.76%
iter 6220: loss 0.3591, time 29.87ms, mfu 10.93%
iter 6230: loss 0.3610, time 18.17ms, mfu 11.89%
iter 6240: loss 0.3520, time 31.25ms, mfu 11.89%
step 6250: train loss 0.1201, val loss 3.5197
saving checkpoint to out-shakespeare-6-384-0.25
iter 6250: loss 0.3508, time 238.45ms, mfu 10.86%
iter 6260: loss 0.3442, time 30.33ms, mfu 11.00%
iter 6270: loss 0.3529, time 30.27ms, mfu 11.13%
iter 6280: loss 0.3361, time 31.01ms, mfu 11.22%
iter 6290: loss 0.3343, time 29.71ms, mfu 11.35%
step 6300: train loss 0.1186, val loss 3.5348
saving checkpoint to out-shakespeare-6-384-0.25
iter 6300: loss 0.3495, time 251.90ms, mfu 10.37%
iter 6310: loss 0.3328, time 16.63ms, mfu 11.57%
iter 6320: loss 0.3347, time 30.12ms, mfu 11.65%
iter 6330: loss 0.3470, time 17.49ms, mfu 12.62%
iter 6340: loss 0.3497, time 29.94ms, mfu 12.60%
step 6350: train loss 0.1130, val loss 3.5841
saving checkpoint to out-shakespeare-6-384-0.25
iter 6350: loss 0.3440, time 241.38ms, mfu 11.49%
iter 6360: loss 0.3415, time 31.23ms, mfu 11.54%
iter 6370: loss 0.3469, time 30.75ms, mfu 11.60%
iter 6380: loss 0.3487, time 18.02ms, mfu 12.50%
iter 6390: loss 0.3333, time 30.01ms, mfu 12.50%
step 6400: train loss 0.1123, val loss 3.5482
saving checkpoint to out-shakespeare-6-384-0.25
iter 6400: loss 0.3350, time 238.84ms, mfu 11.40%
iter 6410: loss 0.3327, time 17.37ms, mfu 12.41%
iter 6420: loss 0.3469, time 31.26ms, mfu 12.36%
iter 6430: loss 0.3289, time 17.47ms, mfu 13.25%
iter 6440: loss 0.3284, time 31.18ms, mfu 13.12%
step 6450: train loss 0.1102, val loss 3.4770
saving checkpoint to out-shakespeare-6-384-0.25
iter 6450: loss 0.3272, time 242.93ms, mfu 11.97%
iter 6460: loss 0.3187, time 30.63ms, mfu 11.99%
iter 6470: loss 0.3310, time 30.71ms, mfu 12.00%
iter 6480: loss 0.3261, time 31.48ms, mfu 11.98%
iter 6490: loss 0.3318, time 31.16ms, mfu 11.98%
step 6500: train loss 0.1082, val loss 3.5693
saving checkpoint to out-shakespeare-6-384-0.25
iter 6500: loss 0.3319, time 242.13ms, mfu 10.94%
iter 6510: loss 0.3213, time 29.87ms, mfu 11.09%
iter 6520: loss 0.3217, time 16.87ms, mfu 12.19%
iter 6530: loss 0.3084, time 29.95ms, mfu 12.22%
iter 6540: loss 0.3162, time 18.94ms, mfu 12.96%
step 6550: train loss 0.1094, val loss 3.5710
saving checkpoint to out-shakespeare-6-384-0.25
iter 6550: loss 0.3151, time 245.64ms, mfu 11.82%
iter 6560: loss 0.3262, time 30.51ms, mfu 11.86%
iter 6570: loss 0.3202, time 16.86ms, mfu 12.88%
iter 6580: loss 0.3267, time 30.39ms, mfu 12.82%
iter 6590: loss 0.3094, time 16.93ms, mfu 13.74%
step 6600: train loss 0.1081, val loss 3.6184
saving checkpoint to out-shakespeare-6-384-0.25
iter 6600: loss 0.3142, time 246.82ms, mfu 12.52%
iter 6610: loss 0.3104, time 31.30ms, mfu 12.46%
iter 6620: loss 0.3206, time 30.43ms, mfu 12.43%
iter 6630: loss 0.3124, time 29.09ms, mfu 12.47%
iter 6640: loss 0.3231, time 29.71ms, mfu 12.48%
step 6650: train loss 0.1049, val loss 3.6320
saving checkpoint to out-shakespeare-6-384-0.25
iter 6650: loss 0.3155, time 247.72ms, mfu 11.38%
iter 6660: loss 0.3099, time 31.16ms, mfu 11.44%
iter 6670: loss 0.3076, time 17.43ms, mfu 12.43%
iter 6680: loss 0.3080, time 30.94ms, mfu 12.39%
iter 6690: loss 0.3063, time 31.26ms, mfu 12.35%
step 6700: train loss 0.1034, val loss 3.6229
saving checkpoint to out-shakespeare-6-384-0.25
iter 6700: loss 0.3220, time 242.21ms, mfu 11.27%
iter 6710: loss 0.3028, time 30.97ms, mfu 11.34%
iter 6720: loss 0.2993, time 30.23ms, mfu 11.44%
iter 6730: loss 0.3085, time 30.20ms, mfu 11.53%
iter 6740: loss 0.3016, time 29.64ms, mfu 11.64%
step 6750: train loss 0.1031, val loss 3.6673
saving checkpoint to out-shakespeare-6-384-0.25
iter 6750: loss 0.3052, time 238.98ms, mfu 10.63%
iter 6760: loss 0.2993, time 31.55ms, mfu 10.75%
iter 6770: loss 0.2983, time 30.76ms, mfu 10.88%
iter 6780: loss 0.3054, time 30.42ms, mfu 11.02%
iter 6790: loss 0.2942, time 31.30ms, mfu 11.11%
step 6800: train loss 0.1009, val loss 3.6990
saving checkpoint to out-shakespeare-6-384-0.25
iter 6800: loss 0.2992, time 241.63ms, mfu 10.15%
iter 6810: loss 0.2996, time 30.80ms, mfu 10.35%
iter 6820: loss 0.3078, time 30.39ms, mfu 10.54%
iter 6830: loss 0.2927, time 30.81ms, mfu 10.69%
iter 6840: loss 0.3033, time 30.45ms, mfu 10.85%
step 6850: train loss 0.0978, val loss 3.7348
saving checkpoint to out-shakespeare-6-384-0.25
iter 6850: loss 0.2838, time 243.76ms, mfu 9.92%
iter 6860: loss 0.2930, time 30.96ms, mfu 10.13%
iter 6870: loss 0.2911, time 29.68ms, mfu 10.37%
iter 6880: loss 0.2864, time 30.75ms, mfu 10.55%
iter 6890: loss 0.2900, time 30.01ms, mfu 10.73%
step 6900: train loss 0.0981, val loss 3.7226
saving checkpoint to out-shakespeare-6-384-0.25
iter 6900: loss 0.2896, time 241.84ms, mfu 9.81%
iter 6910: loss 0.2930, time 32.25ms, mfu 9.99%
iter 6920: loss 0.2949, time 31.50ms, mfu 10.17%
iter 6930: loss 0.2950, time 31.47ms, mfu 10.34%
iter 6940: loss 0.2859, time 31.22ms, mfu 10.50%
step 6950: train loss 0.0995, val loss 3.6975
saving checkpoint to out-shakespeare-6-384-0.25
iter 6950: loss 0.2876, time 241.31ms, mfu 9.60%
iter 6960: loss 0.2924, time 30.20ms, mfu 9.88%
iter 6970: loss 0.2893, time 31.59ms, mfu 10.07%
iter 6980: loss 0.2802, time 30.97ms, mfu 10.26%
iter 6990: loss 0.2915, time 31.53ms, mfu 10.42%
step 7000: train loss 0.0963, val loss 3.6834
saving checkpoint to out-shakespeare-6-384-0.25
iter 7000: loss 0.2823, time 246.96ms, mfu 9.53%
iter 7010: loss 0.2888, time 30.26ms, mfu 9.81%
iter 7020: loss 0.2792, time 30.00ms, mfu 10.07%
iter 7030: loss 0.2732, time 30.08ms, mfu 10.30%
iter 7040: loss 0.2846, time 30.66ms, mfu 10.49%
step 7050: train loss 0.0962, val loss 3.7463
saving checkpoint to out-shakespeare-6-384-0.25
iter 7050: loss 0.2840, time 246.07ms, mfu 9.59%
iter 7060: loss 0.2907, time 30.78ms, mfu 9.84%
iter 7070: loss 0.2722, time 30.91ms, mfu 10.06%
iter 7080: loss 0.2741, time 31.00ms, mfu 10.26%
iter 7090: loss 0.2782, time 19.07ms, mfu 11.19%
step 7100: train loss 0.0952, val loss 3.7873
saving checkpoint to out-shakespeare-6-384-0.25
iter 7100: loss 0.2830, time 246.83ms, mfu 10.22%
iter 7110: loss 0.2737, time 30.08ms, mfu 10.44%
iter 7120: loss 0.2764, time 17.23ms, mfu 11.55%
iter 7130: loss 0.2814, time 29.65ms, mfu 11.66%
iter 7140: loss 0.2759, time 30.38ms, mfu 11.72%
step 7150: train loss 0.0949, val loss 3.7712
saving checkpoint to out-shakespeare-6-384-0.25
iter 7150: loss 0.2718, time 244.66ms, mfu 10.70%
iter 7160: loss 0.2752, time 30.35ms, mfu 10.86%
iter 7170: loss 0.2671, time 29.27ms, mfu 11.04%
iter 7180: loss 0.2793, time 28.70ms, mfu 11.24%
iter 7190: loss 0.2712, time 31.12ms, mfu 11.31%
step 7200: train loss 0.0909, val loss 3.7875
saving checkpoint to out-shakespeare-6-384-0.25
iter 7200: loss 0.2633, time 249.99ms, mfu 10.33%
iter 7210: loss 0.2666, time 31.00ms, mfu 10.50%
iter 7220: loss 0.2848, time 31.00ms, mfu 10.65%
iter 7230: loss 0.2669, time 31.08ms, mfu 10.78%
iter 7240: loss 0.2666, time 31.07ms, mfu 10.90%
step 7250: train loss 0.0917, val loss 3.8499
saving checkpoint to out-shakespeare-6-384-0.25
iter 7250: loss 0.2628, time 249.28ms, mfu 9.96%
iter 7260: loss 0.2694, time 30.93ms, mfu 10.17%
iter 7270: loss 0.2659, time 31.32ms, mfu 10.34%
iter 7280: loss 0.2765, time 30.21ms, mfu 10.54%
iter 7290: loss 0.2521, time 30.37ms, mfu 10.72%
step 7300: train loss 0.0911, val loss 3.8273
saving checkpoint to out-shakespeare-6-384-0.25
iter 7300: loss 0.2555, time 249.09ms, mfu 9.79%
iter 7310: loss 0.2610, time 31.30ms, mfu 10.00%
iter 7320: loss 0.2588, time 30.99ms, mfu 10.21%
iter 7330: loss 0.2635, time 30.33ms, mfu 10.41%
iter 7340: loss 0.2599, time 31.08ms, mfu 10.57%
step 7350: train loss 0.0893, val loss 3.8445
saving checkpoint to out-shakespeare-6-384-0.25
iter 7350: loss 0.2638, time 246.37ms, mfu 9.67%
iter 7360: loss 0.2616, time 30.62ms, mfu 9.92%
iter 7370: loss 0.2588, time 16.14ms, mfu 11.23%
iter 7380: loss 0.2588, time 30.49ms, mfu 11.33%
iter 7390: loss 0.2619, time 17.98ms, mfu 12.27%
step 7400: train loss 0.0889, val loss 3.8765
saving checkpoint to out-shakespeare-6-384-0.25
iter 7400: loss 0.2476, time 246.63ms, mfu 11.20%
iter 7410: loss 0.2562, time 31.04ms, mfu 11.28%
iter 7420: loss 0.2604, time 30.55ms, mfu 11.37%
iter 7430: loss 0.2499, time 30.76ms, mfu 11.44%
iter 7440: loss 0.2575, time 30.92ms, mfu 11.50%
step 7450: train loss 0.0891, val loss 3.8406
saving checkpoint to out-shakespeare-6-384-0.25
iter 7450: loss 0.2633, time 250.48ms, mfu 10.50%
iter 7460: loss 0.2522, time 31.34ms, mfu 10.64%
iter 7470: loss 0.2602, time 31.22ms, mfu 10.77%
iter 7480: loss 0.2621, time 31.05ms, mfu 10.89%
iter 7490: loss 0.2684, time 31.40ms, mfu 10.99%
step 7500: train loss 0.0878, val loss 3.9119
saving checkpoint to out-shakespeare-6-384-0.25
iter 7500: loss 0.2545, time 246.20ms, mfu 10.04%
iter 7510: loss 0.2434, time 31.00ms, mfu 10.24%
iter 7520: loss 0.2506, time 29.51ms, mfu 10.48%
iter 7530: loss 0.2496, time 31.40ms, mfu 10.62%
iter 7540: loss 0.2555, time 30.11ms, mfu 10.79%
step 7550: train loss 0.0880, val loss 3.8646
saving checkpoint to out-shakespeare-6-384-0.25
iter 7550: loss 0.2490, time 242.84ms, mfu 9.87%
iter 7560: loss 0.2438, time 31.00ms, mfu 10.08%
iter 7570: loss 0.2548, time 30.50ms, mfu 10.30%
iter 7580: loss 0.2477, time 31.75ms, mfu 10.44%
iter 7590: loss 0.2487, time 30.37ms, mfu 10.62%
step 7600: train loss 0.0861, val loss 3.8249
saving checkpoint to out-shakespeare-6-384-0.25
iter 7600: loss 0.2385, time 245.25ms, mfu 9.71%
iter 7610: loss 0.2388, time 30.12ms, mfu 9.98%
iter 7620: loss 0.2465, time 18.13ms, mfu 11.04%
iter 7630: loss 0.2389, time 31.37ms, mfu 11.12%
iter 7640: loss 0.2430, time 31.56ms, mfu 11.19%
step 7650: train loss 0.0855, val loss 3.9216
saving checkpoint to out-shakespeare-6-384-0.25
iter 7650: loss 0.2594, time 243.94ms, mfu 10.22%
iter 7660: loss 0.2444, time 29.90ms, mfu 10.45%
iter 7670: loss 0.2439, time 18.20ms, mfu 11.45%
iter 7680: loss 0.2351, time 29.62ms, mfu 11.56%
iter 7690: loss 0.2391, time 16.34ms, mfu 12.69%
step 7700: train loss 0.0853, val loss 3.9313
saving checkpoint to out-shakespeare-6-384-0.25
iter 7700: loss 0.2354, time 245.13ms, mfu 11.57%
iter 7710: loss 0.2370, time 29.66ms, mfu 11.67%
iter 7720: loss 0.2454, time 17.58ms, mfu 12.62%
iter 7730: loss 0.2454, time 30.42ms, mfu 12.58%
iter 7740: loss 0.2365, time 17.06ms, mfu 13.51%
step 7750: train loss 0.0850, val loss 3.9303
saving checkpoint to out-shakespeare-6-384-0.25
iter 7750: loss 0.2317, time 249.75ms, mfu 12.31%
iter 7760: loss 0.2367, time 31.32ms, mfu 12.27%
iter 7770: loss 0.2446, time 30.56ms, mfu 12.26%
iter 7780: loss 0.2318, time 29.59ms, mfu 12.29%
iter 7790: loss 0.2446, time 31.31ms, mfu 12.25%
step 7800: train loss 0.0824, val loss 3.9226
saving checkpoint to out-shakespeare-6-384-0.25
iter 7800: loss 0.2336, time 250.86ms, mfu 11.18%
iter 7810: loss 0.2382, time 31.53ms, mfu 11.24%
iter 7820: loss 0.2484, time 30.37ms, mfu 11.34%
iter 7830: loss 0.2387, time 32.18ms, mfu 11.37%
iter 7840: loss 0.2349, time 29.90ms, mfu 11.48%
step 7850: train loss 0.0818, val loss 3.9187
saving checkpoint to out-shakespeare-6-384-0.25
iter 7850: loss 0.2320, time 252.06ms, mfu 10.48%
iter 7860: loss 0.2336, time 17.14ms, mfu 11.60%
iter 7870: loss 0.2356, time 30.65ms, mfu 11.66%
iter 7880: loss 0.2371, time 29.71ms, mfu 11.75%
iter 7890: loss 0.2383, time 30.08ms, mfu 11.81%
step 7900: train loss 0.0846, val loss 3.8859
saving checkpoint to out-shakespeare-6-384-0.25
iter 7900: loss 0.2404, time 239.59ms, mfu 10.79%
iter 7910: loss 0.2384, time 17.18ms, mfu 11.88%
iter 7920: loss 0.2388, time 32.29ms, mfu 11.84%
iter 7930: loss 0.2352, time 16.56ms, mfu 12.91%
iter 7940: loss 0.2255, time 30.28ms, mfu 12.85%
step 7950: train loss 0.0839, val loss 4.0109
saving checkpoint to out-shakespeare-6-384-0.25
iter 7950: loss 0.2359, time 239.30ms, mfu 11.72%
iter 7960: loss 0.2398, time 17.31ms, mfu 12.70%
iter 7970: loss 0.2358, time 29.84ms, mfu 12.68%
iter 7980: loss 0.2270, time 17.02ms, mfu 13.60%
iter 7990: loss 0.2238, time 29.97ms, mfu 13.48%
step 8000: train loss 0.0808, val loss 3.9867
saving checkpoint to out-shakespeare-6-384-0.25
iter 8000: loss 0.2333, time 250.25ms, mfu 12.28%
iter 8010: loss 0.2318, time 30.98ms, mfu 12.26%
iter 8020: loss 0.2331, time 29.32ms, mfu 12.30%
iter 8030: loss 0.2210, time 30.28ms, mfu 12.30%
iter 8040: loss 0.2137, time 19.53ms, mfu 12.98%
step 8050: train loss 0.0810, val loss 4.0108
saving checkpoint to out-shakespeare-6-384-0.25
iter 8050: loss 0.2283, time 245.08ms, mfu 11.83%
iter 8060: loss 0.2198, time 30.84ms, mfu 11.86%
iter 8070: loss 0.2248, time 30.41ms, mfu 11.90%
iter 8080: loss 0.2256, time 30.89ms, mfu 11.92%
iter 8090: loss 0.2187, time 29.62ms, mfu 11.98%
step 8100: train loss 0.0812, val loss 3.9916
saving checkpoint to out-shakespeare-6-384-0.25
iter 8100: loss 0.2270, time 244.64ms, mfu 10.94%
iter 8110: loss 0.2201, time 29.49ms, mfu 11.11%
iter 8120: loss 0.2364, time 29.78ms, mfu 11.25%
iter 8130: loss 0.2328, time 29.78ms, mfu 11.37%
iter 8140: loss 0.2268, time 33.24ms, mfu 11.36%
step 8150: train loss 0.0788, val loss 4.0171
saving checkpoint to out-shakespeare-6-384-0.25
iter 8150: loss 0.2276, time 243.65ms, mfu 10.37%
iter 8160: loss 0.2223, time 30.30ms, mfu 10.57%
iter 8170: loss 0.2260, time 18.15ms, mfu 11.56%
iter 8180: loss 0.2266, time 30.74ms, mfu 11.62%
iter 8190: loss 0.2209, time 16.95ms, mfu 12.65%
step 8200: train loss 0.0806, val loss 4.0815
saving checkpoint to out-shakespeare-6-384-0.25
iter 8200: loss 0.2245, time 246.69ms, mfu 11.54%
iter 8210: loss 0.2243, time 30.14ms, mfu 11.62%
iter 8220: loss 0.2187, time 31.53ms, mfu 11.64%
iter 8230: loss 0.2180, time 30.06ms, mfu 11.72%
iter 8240: loss 0.2303, time 29.76ms, mfu 11.80%
step 8250: train loss 0.0798, val loss 4.0819
saving checkpoint to out-shakespeare-6-384-0.25
iter 8250: loss 0.2183, time 244.51ms, mfu 10.77%
iter 8260: loss 0.2220, time 29.57ms, mfu 10.95%
iter 8270: loss 0.2216, time 17.64ms, mfu 11.97%
iter 8280: loss 0.2209, time 30.84ms, mfu 11.98%
iter 8290: loss 0.2271, time 31.36ms, mfu 11.97%
step 8300: train loss 0.0783, val loss 4.0699
saving checkpoint to out-shakespeare-6-384-0.25
iter 8300: loss 0.2185, time 243.79ms, mfu 10.93%
iter 8310: loss 0.2235, time 31.12ms, mfu 11.03%
iter 8320: loss 0.2305, time 31.08ms, mfu 11.13%
iter 8330: loss 0.2169, time 30.40ms, mfu 11.24%
iter 8340: loss 0.2257, time 30.90ms, mfu 11.32%
step 8350: train loss 0.0797, val loss 4.0956
saving checkpoint to out-shakespeare-6-384-0.25
iter 8350: loss 0.2199, time 244.94ms, mfu 10.34%
iter 8360: loss 0.2173, time 30.64ms, mfu 10.53%
iter 8370: loss 0.2198, time 30.56ms, mfu 10.69%
iter 8380: loss 0.2166, time 31.38ms, mfu 10.81%
iter 8390: loss 0.2108, time 30.64ms, mfu 10.94%
step 8400: train loss 0.0785, val loss 4.0686
saving checkpoint to out-shakespeare-6-384-0.25
iter 8400: loss 0.2147, time 245.43ms, mfu 10.00%
iter 8410: loss 0.2155, time 30.79ms, mfu 10.21%
iter 8420: loss 0.2127, time 30.98ms, mfu 10.39%
iter 8430: loss 0.2110, time 31.23ms, mfu 10.55%
iter 8440: loss 0.2071, time 30.19ms, mfu 10.73%
step 8450: train loss 0.0771, val loss 4.0637
saving checkpoint to out-shakespeare-6-384-0.25
iter 8450: loss 0.2161, time 243.57ms, mfu 9.81%
iter 8460: loss 0.2032, time 30.69ms, mfu 10.04%
iter 8470: loss 0.2029, time 30.49ms, mfu 10.26%
iter 8480: loss 0.2060, time 30.38ms, mfu 10.46%
iter 8490: loss 0.2064, time 31.29ms, mfu 10.60%
step 8500: train loss 0.0778, val loss 4.1412
saving checkpoint to out-shakespeare-6-384-0.25
iter 8500: loss 0.2080, time 243.33ms, mfu 9.70%
iter 8510: loss 0.2064, time 30.60ms, mfu 9.95%
iter 8520: loss 0.2033, time 30.19ms, mfu 10.18%
iter 8530: loss 0.2102, time 31.55ms, mfu 10.35%
iter 8540: loss 0.2072, time 30.62ms, mfu 10.53%
step 8550: train loss 0.0770, val loss 4.0964
saving checkpoint to out-shakespeare-6-384-0.25
iter 8550: loss 0.2131, time 240.24ms, mfu 9.63%
iter 8560: loss 0.2156, time 31.94ms, mfu 9.84%
iter 8570: loss 0.2183, time 30.59ms, mfu 10.07%
iter 8580: loss 0.2062, time 30.38ms, mfu 10.29%
iter 8590: loss 0.2100, time 30.37ms, mfu 10.49%
step 8600: train loss 0.0766, val loss 4.1578
saving checkpoint to out-shakespeare-6-384-0.25
iter 8600: loss 0.2038, time 238.65ms, mfu 9.59%
iter 8610: loss 0.1995, time 31.69ms, mfu 9.81%
iter 8620: loss 0.2043, time 30.49ms, mfu 10.05%
iter 8630: loss 0.1989, time 31.14ms, mfu 10.24%
iter 8640: loss 0.2130, time 30.50ms, mfu 10.44%
step 8650: train loss 0.0792, val loss 4.1948
saving checkpoint to out-shakespeare-6-384-0.25
iter 8650: loss 0.2115, time 241.87ms, mfu 9.55%
iter 8660: loss 0.2076, time 32.18ms, mfu 9.75%
iter 8670: loss 0.2138, time 28.75ms, mfu 10.07%
iter 8680: loss 0.1932, time 16.88ms, mfu 11.27%
iter 8690: loss 0.1966, time 31.48ms, mfu 11.33%
step 8700: train loss 0.0772, val loss 4.1492
saving checkpoint to out-shakespeare-6-384-0.25
iter 8700: loss 0.2061, time 239.43ms, mfu 10.35%
iter 8710: loss 0.2029, time 31.29ms, mfu 10.51%
iter 8720: loss 0.1888, time 30.61ms, mfu 10.68%
iter 8730: loss 0.2057, time 30.26ms, mfu 10.84%
iter 8740: loss 0.2068, time 30.52ms, mfu 10.98%
step 8750: train loss 0.0769, val loss 4.1567
saving checkpoint to out-shakespeare-6-384-0.25
iter 8750: loss 0.2009, time 251.91ms, mfu 10.03%
iter 8760: loss 0.2023, time 17.45ms, mfu 11.16%
iter 8770: loss 0.2017, time 29.48ms, mfu 11.31%
iter 8780: loss 0.2042, time 17.39ms, mfu 12.32%
iter 8790: loss 0.2032, time 29.96ms, mfu 12.33%
step 8800: train loss 0.0758, val loss 4.1364
saving checkpoint to out-shakespeare-6-384-0.25
iter 8800: loss 0.1904, time 251.23ms, mfu 11.25%
iter 8810: loss 0.1969, time 17.71ms, mfu 12.23%
iter 8820: loss 0.1950, time 29.51ms, mfu 12.27%
iter 8830: loss 0.1898, time 31.04ms, mfu 12.24%
iter 8840: loss 0.1948, time 30.27ms, mfu 12.25%
step 8850: train loss 0.0759, val loss 4.1751
saving checkpoint to out-shakespeare-6-384-0.25
iter 8850: loss 0.2003, time 249.90ms, mfu 11.17%
iter 8860: loss 0.2016, time 31.35ms, mfu 11.24%
iter 8870: loss 0.2000, time 31.66ms, mfu 11.30%
iter 8880: loss 0.1992, time 30.83ms, mfu 11.37%
iter 8890: loss 0.2037, time 30.57ms, mfu 11.46%
step 8900: train loss 0.0765, val loss 4.1654
saving checkpoint to out-shakespeare-6-384-0.25
iter 8900: loss 0.2046, time 247.27ms, mfu 10.46%
iter 8910: loss 0.1959, time 31.31ms, mfu 10.60%
iter 8920: loss 0.1923, time 30.36ms, mfu 10.77%
iter 8930: loss 0.1926, time 30.24ms, mfu 10.93%
iter 8940: loss 0.1922, time 30.76ms, mfu 11.05%
step 8950: train loss 0.0743, val loss 4.1946
saving checkpoint to out-shakespeare-6-384-0.25
iter 8950: loss 0.1944, time 246.10ms, mfu 10.09%
iter 8960: loss 0.1989, time 29.59ms, mfu 10.34%
iter 8970: loss 0.1910, time 30.20ms, mfu 10.54%
iter 8980: loss 0.1977, time 32.07ms, mfu 10.65%
iter 8990: loss 0.1932, time 31.90ms, mfu 10.75%
step 9000: train loss 0.0754, val loss 4.1979
saving checkpoint to out-shakespeare-6-384-0.25
iter 9000: loss 0.1988, time 247.20ms, mfu 9.83%
iter 9010: loss 0.1962, time 30.86ms, mfu 10.05%
iter 9020: loss 0.1899, time 17.91ms, mfu 11.13%
iter 9030: loss 0.1991, time 29.56ms, mfu 11.28%
iter 9040: loss 0.1865, time 32.01ms, mfu 11.31%
step 9050: train loss 0.0732, val loss 4.2682
saving checkpoint to out-shakespeare-6-384-0.25
iter 9050: loss 0.1927, time 247.59ms, mfu 10.33%
iter 9060: loss 0.1937, time 30.51ms, mfu 10.52%
iter 9070: loss 0.1873, time 31.92ms, mfu 10.64%
iter 9080: loss 0.1890, time 31.21ms, mfu 10.77%
iter 9090: loss 0.1931, time 18.03ms, mfu 11.76%
step 9100: train loss 0.0744, val loss 4.2708
saving checkpoint to out-shakespeare-6-384-0.25
iter 9100: loss 0.1860, time 246.30ms, mfu 10.73%
iter 9110: loss 0.1873, time 31.20ms, mfu 10.85%
iter 9120: loss 0.2011, time 31.64ms, mfu 10.95%
iter 9130: loss 0.1795, time 31.54ms, mfu 11.03%
iter 9140: loss 0.1896, time 31.77ms, mfu 11.10%
step 9150: train loss 0.0739, val loss 4.2165
saving checkpoint to out-shakespeare-6-384-0.25
iter 9150: loss 0.1940, time 242.79ms, mfu 10.15%
iter 9160: loss 0.1963, time 31.05ms, mfu 10.33%
iter 9170: loss 0.1832, time 31.08ms, mfu 10.50%
iter 9180: loss 0.1939, time 29.85ms, mfu 10.69%
iter 9190: loss 0.1971, time 29.71ms, mfu 10.88%
step 9200: train loss 0.0737, val loss 4.2498
saving checkpoint to out-shakespeare-6-384-0.25
iter 9200: loss 0.1837, time 241.41ms, mfu 9.95%
iter 9210: loss 0.1881, time 30.24ms, mfu 10.18%
iter 9220: loss 0.1815, time 31.24ms, mfu 10.36%
iter 9230: loss 0.1917, time 31.56ms, mfu 10.50%
iter 9240: loss 0.1915, time 30.87ms, mfu 10.66%
step 9250: train loss 0.0746, val loss 4.2433
saving checkpoint to out-shakespeare-6-384-0.25
iter 9250: loss 0.1897, time 241.34ms, mfu 9.75%
iter 9260: loss 0.1867, time 31.69ms, mfu 9.95%
iter 9270: loss 0.1881, time 28.38ms, mfu 10.27%
iter 9280: loss 0.1901, time 31.37ms, mfu 10.43%
iter 9290: loss 0.1828, time 30.22ms, mfu 10.62%
step 9300: train loss 0.0747, val loss 4.2746
saving checkpoint to out-shakespeare-6-384-0.25
iter 9300: loss 0.1870, time 240.42ms, mfu 9.71%
iter 9310: loss 0.1885, time 31.18ms, mfu 9.94%
iter 9320: loss 0.1851, time 29.41ms, mfu 10.21%
iter 9330: loss 0.1853, time 30.58ms, mfu 10.41%
iter 9340: loss 0.1858, time 32.15ms, mfu 10.53%
step 9350: train loss 0.0742, val loss 4.3159
saving checkpoint to out-shakespeare-6-384-0.25
iter 9350: loss 0.1795, time 251.73ms, mfu 9.62%
iter 9360: loss 0.1838, time 16.44ms, mfu 10.93%
iter 9370: loss 0.1772, time 30.50ms, mfu 11.05%
iter 9380: loss 0.1845, time 16.46ms, mfu 12.21%
iter 9390: loss 0.1895, time 30.60ms, mfu 12.21%
step 9400: train loss 0.0722, val loss 4.2371
saving checkpoint to out-shakespeare-6-384-0.25
iter 9400: loss 0.1926, time 242.25ms, mfu 11.14%
iter 9410: loss 0.1789, time 30.47ms, mfu 11.25%
iter 9420: loss 0.1827, time 32.36ms, mfu 11.28%
iter 9430: loss 0.1776, time 17.00ms, mfu 12.34%
iter 9440: loss 0.1813, time 30.82ms, mfu 12.32%
step 9450: train loss 0.0732, val loss 4.2648
saving checkpoint to out-shakespeare-6-384-0.25
iter 9450: loss 0.1871, time 241.10ms, mfu 11.24%
iter 9460: loss 0.1854, time 31.05ms, mfu 11.32%
iter 9470: loss 0.1899, time 31.01ms, mfu 11.39%
iter 9480: loss 0.1811, time 29.90ms, mfu 11.49%
iter 9490: loss 0.1755, time 16.43ms, mfu 12.61%
step 9500: train loss 0.0735, val loss 4.3255
saving checkpoint to out-shakespeare-6-384-0.25
iter 9500: loss 0.1829, time 245.43ms, mfu 11.50%
iter 9510: loss 0.1856, time 32.01ms, mfu 11.52%
iter 9520: loss 0.1663, time 30.35ms, mfu 11.59%
iter 9530: loss 0.1807, time 32.24ms, mfu 11.59%
iter 9540: loss 0.1853, time 29.69ms, mfu 11.69%
step 9550: train loss 0.0722, val loss 4.2498
saving checkpoint to out-shakespeare-6-384-0.25
iter 9550: loss 0.1832, time 245.40ms, mfu 10.67%
iter 9560: loss 0.1795, time 30.20ms, mfu 10.84%
iter 9570: loss 0.1802, time 30.53ms, mfu 10.97%
iter 9580: loss 0.1701, time 30.90ms, mfu 11.08%
iter 9590: loss 0.1786, time 30.56ms, mfu 11.19%
step 9600: train loss 0.0712, val loss 4.3526
saving checkpoint to out-shakespeare-6-384-0.25
iter 9600: loss 0.1793, time 249.41ms, mfu 10.22%
iter 9610: loss 0.1758, time 30.66ms, mfu 10.42%
iter 9620: loss 0.1767, time 18.20ms, mfu 11.42%
iter 9630: loss 0.1895, time 29.38ms, mfu 11.55%
iter 9640: loss 0.1730, time 31.24ms, mfu 11.59%
step 9650: train loss 0.0720, val loss 4.2849
saving checkpoint to out-shakespeare-6-384-0.25
iter 9650: loss 0.1758, time 244.96ms, mfu 10.58%
iter 9660: loss 0.1763, time 30.57ms, mfu 10.74%
iter 9670: loss 0.1719, time 16.22ms, mfu 11.96%
iter 9680: loss 0.1766, time 30.11ms, mfu 12.00%
iter 9690: loss 0.1835, time 16.13ms, mfu 13.11%
step 9700: train loss 0.0703, val loss 4.2695
saving checkpoint to out-shakespeare-6-384-0.25
iter 9700: loss 0.1759, time 246.96ms, mfu 11.95%
iter 9710: loss 0.1842, time 30.46ms, mfu 11.98%
iter 9720: loss 0.1699, time 31.20ms, mfu 11.98%
iter 9730: loss 0.1802, time 31.39ms, mfu 11.97%
iter 9740: loss 0.1799, time 18.66ms, mfu 12.77%
step 9750: train loss 0.0726, val loss 4.3896
saving checkpoint to out-shakespeare-6-384-0.25
iter 9750: loss 0.1719, time 248.89ms, mfu 11.64%
iter 9760: loss 0.1757, time 31.01ms, mfu 11.68%
iter 9770: loss 0.1694, time 30.17ms, mfu 11.75%
iter 9780: loss 0.1770, time 30.29ms, mfu 11.80%
iter 9790: loss 0.1701, time 30.83ms, mfu 11.83%
step 9800: train loss 0.0722, val loss 4.3161
saving checkpoint to out-shakespeare-6-384-0.25
iter 9800: loss 0.1787, time 248.38ms, mfu 10.80%
iter 9810: loss 0.1704, time 17.68ms, mfu 11.82%
iter 9820: loss 0.1777, time 31.42ms, mfu 11.83%
iter 9830: loss 0.1761, time 31.30ms, mfu 11.84%
iter 9840: loss 0.1738, time 30.30ms, mfu 11.88%
step 9850: train loss 0.0720, val loss 4.3187
saving checkpoint to out-shakespeare-6-384-0.25
iter 9850: loss 0.1692, time 250.74ms, mfu 10.84%
iter 9860: loss 0.1779, time 17.20ms, mfu 11.92%
iter 9870: loss 0.1675, time 30.72ms, mfu 11.95%
iter 9880: loss 0.1731, time 32.12ms, mfu 11.91%
iter 9890: loss 0.1661, time 31.10ms, mfu 11.92%
step 9900: train loss 0.0724, val loss 4.3554
saving checkpoint to out-shakespeare-6-384-0.25
iter 9900: loss 0.1830, time 240.44ms, mfu 10.88%
iter 9910: loss 0.1751, time 30.44ms, mfu 11.02%
iter 9920: loss 0.1670, time 30.16ms, mfu 11.15%
iter 9930: loss 0.1686, time 18.00ms, mfu 12.11%
iter 9940: loss 0.1667, time 30.33ms, mfu 12.12%
step 9950: train loss 0.0721, val loss 4.3417
saving checkpoint to out-shakespeare-6-384-0.25
iter 9950: loss 0.1646, time 251.31ms, mfu 11.06%
iter 9960: loss 0.1796, time 17.10ms, mfu 12.13%
iter 9970: loss 0.1699, time 30.74ms, mfu 12.13%
iter 9980: loss 0.1734, time 30.44ms, mfu 12.14%
iter 9990: loss 0.1769, time 30.93ms, mfu 12.13%
step 10000: train loss 0.0709, val loss 4.4270
saving checkpoint to out-shakespeare-6-384-0.25
iter 10000: loss 0.1747, time 249.78ms, mfu 11.07%
iter 10010: loss 0.1751, time 18.02ms, mfu 12.03%
iter 10020: loss 0.1679, time 30.35ms, mfu 12.06%
iter 10030: loss 0.1617, time 30.82ms, mfu 12.06%
iter 10040: loss 0.1725, time 31.89ms, mfu 12.02%
step 10050: train loss 0.0712, val loss 4.3222
saving checkpoint to out-shakespeare-6-384-0.25
iter 10050: loss 0.1646, time 250.23ms, mfu 10.97%
iter 10060: loss 0.1646, time 16.39ms, mfu 12.14%
iter 10070: loss 0.1689, time 30.77ms, mfu 12.14%
iter 10080: loss 0.1684, time 31.18ms, mfu 12.12%
iter 10090: loss 0.1786, time 31.53ms, mfu 12.09%
step 10100: train loss 0.0704, val loss 4.4033
saving checkpoint to out-shakespeare-6-384-0.25
iter 10100: loss 0.1723, time 250.23ms, mfu 11.03%
iter 10110: loss 0.1748, time 31.65ms, mfu 11.11%
iter 10120: loss 0.1661, time 31.56ms, mfu 11.18%
iter 10130: loss 0.1755, time 30.80ms, mfu 11.27%
iter 10140: loss 0.1700, time 31.59ms, mfu 11.32%
step 10150: train loss 0.0710, val loss 4.4059
saving checkpoint to out-shakespeare-6-384-0.25
iter 10150: loss 0.1691, time 252.85ms, mfu 10.34%
iter 10160: loss 0.1695, time 30.11ms, mfu 10.54%
iter 10170: loss 0.1614, time 31.98ms, mfu 10.65%
iter 10180: loss 0.1682, time 16.59ms, mfu 11.83%
iter 10190: loss 0.1673, time 30.41ms, mfu 11.87%
step 10200: train loss 0.0702, val loss 4.4501
saving checkpoint to out-shakespeare-6-384-0.25
iter 10200: loss 0.1659, time 241.20ms, mfu 10.84%
iter 10210: loss 0.1659, time 30.81ms, mfu 10.97%
iter 10220: loss 0.1640, time 32.15ms, mfu 11.03%
iter 10230: loss 0.1677, time 31.53ms, mfu 11.11%
iter 10240: loss 0.1700, time 30.72ms, mfu 11.21%
step 10250: train loss 0.0733, val loss 4.4159
saving checkpoint to out-shakespeare-6-384-0.25
iter 10250: loss 0.1665, time 244.36ms, mfu 10.24%
iter 10260: loss 0.1692, time 29.95ms, mfu 10.46%
iter 10270: loss 0.1661, time 16.78ms, mfu 11.64%
iter 10280: loss 0.1671, time 29.93ms, mfu 11.72%
iter 10290: loss 0.1683, time 30.34ms, mfu 11.77%
step 10300: train loss 0.0699, val loss 4.4381
saving checkpoint to out-shakespeare-6-384-0.25
iter 10300: loss 0.1662, time 245.73ms, mfu 10.75%
iter 10310: loss 0.1590, time 31.21ms, mfu 10.87%
iter 10320: loss 0.1621, time 18.36ms, mfu 11.81%
iter 10330: loss 0.1635, time 30.71ms, mfu 11.84%
iter 10340: loss 0.1615, time 32.15ms, mfu 11.82%
step 10350: train loss 0.0704, val loss 4.4395
saving checkpoint to out-shakespeare-6-384-0.25
iter 10350: loss 0.1632, time 244.50ms, mfu 10.79%
iter 10360: loss 0.1578, time 29.46ms, mfu 10.97%
iter 10370: loss 0.1612, time 16.65ms, mfu 12.11%
iter 10380: loss 0.1648, time 31.90ms, mfu 12.07%
iter 10390: loss 0.1635, time 31.43ms, mfu 12.05%
step 10400: train loss 0.0690, val loss 4.4329
saving checkpoint to out-shakespeare-6-384-0.25
iter 10400: loss 0.1626, time 242.92ms, mfu 11.00%
iter 10410: loss 0.1620, time 30.36ms, mfu 11.13%
iter 10420: loss 0.1619, time 31.19ms, mfu 11.21%
iter 10430: loss 0.1678, time 30.52ms, mfu 11.31%
iter 10440: loss 0.1640, time 17.67ms, mfu 12.29%
step 10450: train loss 0.0688, val loss 4.4847
saving checkpoint to out-shakespeare-6-384-0.25
iter 10450: loss 0.1601, time 246.29ms, mfu 11.21%
iter 10460: loss 0.1678, time 32.28ms, mfu 11.24%
iter 10470: loss 0.1605, time 31.25ms, mfu 11.31%
iter 10480: loss 0.1539, time 30.66ms, mfu 11.39%
iter 10490: loss 0.1626, time 30.70ms, mfu 11.47%
step 10500: train loss 0.0674, val loss 4.4555
saving checkpoint to out-shakespeare-6-384-0.25
iter 10500: loss 0.1627, time 239.46ms, mfu 10.48%
iter 10510: loss 0.1604, time 29.31ms, mfu 10.70%
iter 10520: loss 0.1596, time 31.44ms, mfu 10.82%
iter 10530: loss 0.1666, time 29.20ms, mfu 11.01%
iter 10540: loss 0.1586, time 30.55ms, mfu 11.13%
step 10550: train loss 0.0675, val loss 4.4625
saving checkpoint to out-shakespeare-6-384-0.25
iter 10550: loss 0.1562, time 239.01ms, mfu 10.17%
iter 10560: loss 0.1568, time 30.76ms, mfu 10.37%
iter 10570: loss 0.1596, time 30.66ms, mfu 10.54%
iter 10580: loss 0.1583, time 30.56ms, mfu 10.71%
iter 10590: loss 0.1538, time 30.32ms, mfu 10.87%
step 10600: train loss 0.0701, val loss 4.5242
saving checkpoint to out-shakespeare-6-384-0.25
iter 10600: loss 0.1603, time 243.20ms, mfu 9.93%
iter 10610: loss 0.1560, time 30.56ms, mfu 10.16%
iter 10620: loss 0.1629, time 30.68ms, mfu 10.36%
iter 10630: loss 0.1602, time 29.08ms, mfu 10.60%
iter 10640: loss 0.1543, time 31.17ms, mfu 10.74%
step 10650: train loss 0.0679, val loss 4.5637
saving checkpoint to out-shakespeare-6-384-0.25
iter 10650: loss 0.1648, time 242.94ms, mfu 9.82%
iter 10660: loss 0.1608, time 32.44ms, mfu 9.99%
iter 10670: loss 0.1669, time 29.37ms, mfu 10.26%
iter 10680: loss 0.1613, time 16.38ms, mfu 11.50%
iter 10690: loss 0.1571, time 31.71ms, mfu 11.53%
step 10700: train loss 0.0684, val loss 4.5415
saving checkpoint to out-shakespeare-6-384-0.25
iter 10700: loss 0.1502, time 250.67ms, mfu 10.53%
iter 10710: loss 0.1657, time 16.53ms, mfu 11.73%
iter 10720: loss 0.1570, time 30.22ms, mfu 11.79%
iter 10730: loss 0.1476, time 17.88ms, mfu 12.69%
iter 10740: loss 0.1578, time 30.24ms, mfu 12.66%
step 10750: train loss 0.0695, val loss 4.5034
saving checkpoint to out-shakespeare-6-384-0.25
iter 10750: loss 0.1613, time 251.72ms, mfu 11.54%
iter 10760: loss 0.1620, time 16.62ms, mfu 12.63%
iter 10770: loss 0.1639, time 31.37ms, mfu 12.55%
iter 10780: loss 0.1558, time 16.15ms, mfu 13.60%
iter 10790: loss 0.1504, time 31.50ms, mfu 13.43%
step 10800: train loss 0.0688, val loss 4.5364
saving checkpoint to out-shakespeare-6-384-0.25
iter 10800: loss 0.1595, time 252.09ms, mfu 12.23%
iter 10810: loss 0.1604, time 16.93ms, mfu 13.21%
iter 10820: loss 0.1497, time 29.71ms, mfu 13.14%
iter 10830: loss 0.1586, time 29.31ms, mfu 13.10%
iter 10840: loss 0.1624, time 29.63ms, mfu 13.05%
step 10850: train loss 0.0694, val loss 4.4849
saving checkpoint to out-shakespeare-6-384-0.25
iter 10850: loss 0.1611, time 237.04ms, mfu 11.90%
iter 10860: loss 0.1519, time 17.17ms, mfu 12.88%
iter 10870: loss 0.1555, time 30.55ms, mfu 12.81%
iter 10880: loss 0.1645, time 17.06ms, mfu 13.71%
iter 10890: loss 0.1506, time 29.92ms, mfu 13.59%
step 10900: train loss 0.0679, val loss 4.5497
saving checkpoint to out-shakespeare-6-384-0.25
iter 10900: loss 0.1517, time 251.11ms, mfu 12.38%
iter 10910: loss 0.1533, time 17.72ms, mfu 13.24%
iter 10920: loss 0.1466, time 30.30ms, mfu 13.15%
iter 10930: loss 0.1500, time 30.76ms, mfu 13.05%
iter 10940: loss 0.1528, time 31.22ms, mfu 12.93%
step 10950: train loss 0.0677, val loss 4.5806
saving checkpoint to out-shakespeare-6-384-0.25
iter 10950: loss 0.1490, time 248.97ms, mfu 11.79%
iter 10960: loss 0.1596, time 31.00ms, mfu 11.81%
iter 10970: loss 0.1520, time 30.28ms, mfu 11.86%
iter 10980: loss 0.1642, time 31.88ms, mfu 11.85%
iter 10990: loss 0.1532, time 20.67ms, mfu 12.46%
step 11000: train loss 0.0678, val loss 4.5008
saving checkpoint to out-shakespeare-6-384-0.25
iter 11000: loss 0.1504, time 250.65ms, mfu 11.37%
iter 11010: loss 0.1540, time 17.00ms, mfu 12.42%
iter 11020: loss 0.1576, time 29.70ms, mfu 12.43%
iter 11030: loss 0.1568, time 31.42ms, mfu 12.38%
iter 11040: loss 0.1529, time 31.30ms, mfu 12.33%
step 11050: train loss 0.0665, val loss 4.5218
saving checkpoint to out-shakespeare-6-384-0.25
iter 11050: loss 0.1558, time 247.01ms, mfu 11.25%
iter 11060: loss 0.1529, time 30.54ms, mfu 11.34%
iter 11070: loss 0.1448, time 30.86ms, mfu 11.42%
iter 11080: loss 0.1508, time 32.16ms, mfu 11.43%
iter 11090: loss 0.1531, time 17.89ms, mfu 12.37%
step 11100: train loss 0.0664, val loss 4.5994
saving checkpoint to out-shakespeare-6-384-0.25
iter 11100: loss 0.1557, time 248.88ms, mfu 11.28%
iter 11110: loss 0.1515, time 30.22ms, mfu 11.39%
iter 11120: loss 0.1592, time 31.38ms, mfu 11.44%
iter 11130: loss 0.1491, time 30.43ms, mfu 11.52%
iter 11140: loss 0.1493, time 29.13ms, mfu 11.65%
step 11150: train loss 0.0664, val loss 4.5277
saving checkpoint to out-shakespeare-6-384-0.25
iter 11150: loss 0.1515, time 251.44ms, mfu 10.63%
iter 11160: loss 0.1529, time 18.59ms, mfu 11.57%
iter 11170: loss 0.1531, time 30.90ms, mfu 11.62%
iter 11180: loss 0.1495, time 30.27ms, mfu 11.69%
iter 11190: loss 0.1597, time 30.55ms, mfu 11.74%
step 11200: train loss 0.0680, val loss 4.5350
saving checkpoint to out-shakespeare-6-384-0.25
iter 11200: loss 0.1546, time 250.12ms, mfu 10.71%
iter 11210: loss 0.1496, time 29.60ms, mfu 10.90%
iter 11220: loss 0.1524, time 29.86ms, mfu 11.06%
iter 11230: loss 0.1427, time 17.05ms, mfu 12.14%
iter 11240: loss 0.1542, time 31.44ms, mfu 12.11%
step 11250: train loss 0.0670, val loss 4.5190
saving checkpoint to out-shakespeare-6-384-0.25
iter 11250: loss 0.1509, time 252.23ms, mfu 11.05%
iter 11260: loss 0.1526, time 31.04ms, mfu 11.14%
iter 11270: loss 0.1493, time 30.23ms, mfu 11.26%
iter 11280: loss 0.1611, time 30.22ms, mfu 11.37%
iter 11290: loss 0.1515, time 31.79ms, mfu 11.40%
step 11300: train loss 0.0665, val loss 4.5249
saving checkpoint to out-shakespeare-6-384-0.25
iter 11300: loss 0.1545, time 248.28ms, mfu 10.41%
iter 11310: loss 0.1495, time 30.86ms, mfu 10.58%
iter 11320: loss 0.1524, time 29.74ms, mfu 10.77%
iter 11330: loss 0.1549, time 30.24ms, mfu 10.93%
iter 11340: loss 0.1487, time 31.36ms, mfu 11.02%
step 11350: train loss 0.0673, val loss 4.5979
saving checkpoint to out-shakespeare-6-384-0.25
iter 11350: loss 0.1522, time 250.31ms, mfu 10.07%
iter 11360: loss 0.1489, time 17.35ms, mfu 11.21%
iter 11370: loss 0.1555, time 30.26ms, mfu 11.32%
iter 11380: loss 0.1438, time 29.04ms, mfu 11.47%
iter 11390: loss 0.1487, time 31.54ms, mfu 11.51%
step 11400: train loss 0.0673, val loss 4.5514
saving checkpoint to out-shakespeare-6-384-0.25
iter 11400: loss 0.1490, time 239.48ms, mfu 10.51%
iter 11410: loss 0.1445, time 30.47ms, mfu 10.68%
iter 11420: loss 0.1535, time 31.21ms, mfu 10.81%
iter 11430: loss 0.1478, time 29.73ms, mfu 10.98%
iter 11440: loss 0.1462, time 30.26ms, mfu 11.11%
step 11450: train loss 0.0673, val loss 4.5678
saving checkpoint to out-shakespeare-6-384-0.25
iter 11450: loss 0.1441, time 238.89ms, mfu 10.16%
iter 11460: loss 0.1445, time 30.32ms, mfu 10.37%
iter 11470: loss 0.1469, time 31.67ms, mfu 10.51%
iter 11480: loss 0.1474, time 18.07ms, mfu 11.52%
iter 11490: loss 0.1448, time 30.40ms, mfu 11.60%
step 11500: train loss 0.0670, val loss 4.5344
saving checkpoint to out-shakespeare-6-384-0.25
iter 11500: loss 0.1449, time 238.80ms, mfu 10.59%
iter 11510: loss 0.1477, time 30.29ms, mfu 10.76%
iter 11520: loss 0.1447, time 29.74ms, mfu 10.94%
iter 11530: loss 0.1442, time 16.73ms, mfu 12.07%
iter 11540: loss 0.1391, time 29.77ms, mfu 12.12%
step 11550: train loss 0.0670, val loss 4.6729
saving checkpoint to out-shakespeare-6-384-0.25
iter 11550: loss 0.1434, time 240.44ms, mfu 11.06%
iter 11560: loss 0.1476, time 30.51ms, mfu 11.18%
iter 11570: loss 0.1525, time 30.89ms, mfu 11.26%
iter 11580: loss 0.1466, time 17.14ms, mfu 12.31%
iter 11590: loss 0.1549, time 30.29ms, mfu 12.31%
step 11600: train loss 0.0653, val loss 4.5985
saving checkpoint to out-shakespeare-6-384-0.25
iter 11600: loss 0.1425, time 239.34ms, mfu 11.24%
iter 11610: loss 0.1457, time 30.60ms, mfu 11.33%
iter 11620: loss 0.1466, time 31.09ms, mfu 11.40%
iter 11630: loss 0.1441, time 31.10ms, mfu 11.45%
iter 11640: loss 0.1485, time 30.39ms, mfu 11.53%
step 11650: train loss 0.0666, val loss 4.6561
saving checkpoint to out-shakespeare-6-384-0.25
iter 11650: loss 0.1437, time 243.28ms, mfu 10.53%
iter 11660: loss 0.1457, time 31.23ms, mfu 10.67%
iter 11670: loss 0.1444, time 16.63ms, mfu 11.85%
iter 11680: loss 0.1413, time 31.09ms, mfu 11.86%
iter 11690: loss 0.1464, time 17.62ms, mfu 12.79%
step 11700: train loss 0.0659, val loss 4.5262
saving checkpoint to out-shakespeare-6-384-0.25
iter 11700: loss 0.1435, time 243.20ms, mfu 11.66%
iter 11710: loss 0.1501, time 28.46ms, mfu 11.81%
iter 11720: loss 0.1409, time 31.51ms, mfu 11.81%
iter 11730: loss 0.1428, time 30.02ms, mfu 11.87%
iter 11740: loss 0.1407, time 16.83ms, mfu 12.90%
step 11750: train loss 0.0668, val loss 4.6765
saving checkpoint to out-shakespeare-6-384-0.25
iter 11750: loss 0.1401, time 248.34ms, mfu 11.76%
iter 11760: loss 0.1419, time 31.37ms, mfu 11.77%
iter 11770: loss 0.1449, time 30.67ms, mfu 11.81%
iter 11780: loss 0.1483, time 30.24ms, mfu 11.86%
iter 11790: loss 0.1429, time 17.13ms, mfu 12.85%
step 11800: train loss 0.0661, val loss 4.6228
saving checkpoint to out-shakespeare-6-384-0.25
iter 11800: loss 0.1451, time 249.11ms, mfu 11.71%
iter 11810: loss 0.1397, time 30.97ms, mfu 11.74%
iter 11820: loss 0.1446, time 30.63ms, mfu 11.79%
iter 11830: loss 0.1431, time 17.78ms, mfu 12.70%
iter 11840: loss 0.1510, time 30.75ms, mfu 12.65%
step 11850: train loss 0.0672, val loss 4.6649
saving checkpoint to out-shakespeare-6-384-0.25
iter 11850: loss 0.1403, time 251.11ms, mfu 11.53%
iter 11860: loss 0.1401, time 17.43ms, mfu 12.51%
iter 11870: loss 0.1433, time 30.02ms, mfu 12.50%
iter 11880: loss 0.1487, time 17.12ms, mfu 13.43%
iter 11890: loss 0.1470, time 30.42ms, mfu 13.31%
step 11900: train loss 0.0644, val loss 4.6649
saving checkpoint to out-shakespeare-6-384-0.25
iter 11900: loss 0.1355, time 252.54ms, mfu 12.13%
iter 11910: loss 0.1391, time 30.26ms, mfu 12.15%
iter 11920: loss 0.1428, time 30.63ms, mfu 12.15%
iter 11930: loss 0.1453, time 31.93ms, mfu 12.10%
iter 11940: loss 0.1430, time 30.29ms, mfu 12.12%
step 11950: train loss 0.0667, val loss 4.6168
saving checkpoint to out-shakespeare-6-384-0.25
iter 11950: loss 0.1477, time 250.67ms, mfu 11.06%
iter 11960: loss 0.1397, time 18.39ms, mfu 11.98%
iter 11970: loss 0.1352, time 30.36ms, mfu 12.01%
iter 11980: loss 0.1440, time 18.24ms, mfu 12.85%
iter 11990: loss 0.1389, time 29.51ms, mfu 12.83%
step 12000: train loss 0.0659, val loss 4.6776
saving checkpoint to out-shakespeare-6-384-0.25
iter 12000: loss 0.1413, time 239.82ms, mfu 11.70%
iter 12010: loss 0.1381, time 31.01ms, mfu 11.73%
iter 12020: loss 0.1385, time 30.70ms, mfu 11.77%
iter 12030: loss 0.1405, time 19.24ms, mfu 12.53%
iter 12040: loss 0.1425, time 31.22ms, mfu 12.47%
step 12050: train loss 0.0658, val loss 4.6760
saving checkpoint to out-shakespeare-6-384-0.25
iter 12050: loss 0.1404, time 241.74ms, mfu 11.38%
iter 12060: loss 0.1378, time 31.26ms, mfu 11.43%
iter 12070: loss 0.1417, time 30.67ms, mfu 11.51%
iter 12080: loss 0.1416, time 29.72ms, mfu 11.61%
iter 12090: loss 0.1360, time 29.44ms, mfu 11.71%
step 12100: train loss 0.0653, val loss 4.6407
saving checkpoint to out-shakespeare-6-384-0.25
iter 12100: loss 0.1395, time 240.37ms, mfu 10.70%
iter 12110: loss 0.1406, time 31.45ms, mfu 10.81%
iter 12120: loss 0.1434, time 29.60ms, mfu 10.99%
iter 12130: loss 0.1484, time 18.85ms, mfu 11.87%
iter 12140: loss 0.1357, time 30.58ms, mfu 11.90%
step 12150: train loss 0.0654, val loss 4.6884
saving checkpoint to out-shakespeare-6-384-0.25
iter 12150: loss 0.1447, time 238.65ms, mfu 10.87%
iter 12160: loss 0.1399, time 31.48ms, mfu 10.96%
iter 12170: loss 0.1328, time 30.83ms, mfu 11.08%
iter 12180: loss 0.1454, time 32.46ms, mfu 11.12%
iter 12190: loss 0.1354, time 29.83ms, mfu 11.25%
step 12200: train loss 0.0646, val loss 4.7280
saving checkpoint to out-shakespeare-6-384-0.25
iter 12200: loss 0.1336, time 242.50ms, mfu 10.28%
iter 12210: loss 0.1397, time 31.36ms, mfu 10.44%
iter 12220: loss 0.1420, time 31.39ms, mfu 10.58%
iter 12230: loss 0.1403, time 30.34ms, mfu 10.75%
iter 12240: loss 0.1423, time 30.27ms, mfu 10.91%
step 12250: train loss 0.0646, val loss 4.7290
saving checkpoint to out-shakespeare-6-384-0.25
iter 12250: loss 0.1319, time 241.35ms, mfu 9.97%
iter 12260: loss 0.1405, time 30.49ms, mfu 10.20%
iter 12270: loss 0.1373, time 17.86ms, mfu 11.26%
iter 12280: loss 0.1402, time 31.21ms, mfu 11.33%
iter 12290: loss 0.1373, time 30.18ms, mfu 11.43%
step 12300: train loss 0.0646, val loss 4.6435
saving checkpoint to out-shakespeare-6-384-0.25
iter 12300: loss 0.1360, time 242.49ms, mfu 10.44%
iter 12310: loss 0.1334, time 30.87ms, mfu 10.61%
iter 12320: loss 0.1360, time 31.62ms, mfu 10.72%
iter 12330: loss 0.1404, time 31.11ms, mfu 10.85%
iter 12340: loss 0.1364, time 30.88ms, mfu 10.97%
step 12350: train loss 0.0646, val loss 4.7096
saving checkpoint to out-shakespeare-6-384-0.25
iter 12350: loss 0.1409, time 249.62ms, mfu 10.02%
iter 12360: loss 0.1366, time 30.23ms, mfu 10.25%
iter 12370: loss 0.1299, time 30.49ms, mfu 10.45%
iter 12380: loss 0.1327, time 29.42ms, mfu 10.67%
iter 12390: loss 0.1301, time 30.12ms, mfu 10.84%
step 12400: train loss 0.0642, val loss 4.6934
saving checkpoint to out-shakespeare-6-384-0.25
iter 12400: loss 0.1409, time 241.10ms, mfu 9.91%
iter 12410: loss 0.1436, time 31.36ms, mfu 10.11%
iter 12420: loss 0.1432, time 30.27ms, mfu 10.33%
iter 12430: loss 0.1283, time 30.45ms, mfu 10.52%
iter 12440: loss 0.1322, time 31.61ms, mfu 10.65%
step 12450: train loss 0.0649, val loss 4.7799
saving checkpoint to out-shakespeare-6-384-0.25
iter 12450: loss 0.1367, time 243.34ms, mfu 9.74%
iter 12460: loss 0.1426, time 30.09ms, mfu 10.00%
iter 12470: loss 0.1388, time 16.08ms, mfu 11.32%
iter 12480: loss 0.1355, time 30.23ms, mfu 11.42%
iter 12490: loss 0.1339, time 30.25ms, mfu 11.51%
step 12500: train loss 0.0625, val loss 4.6760
saving checkpoint to out-shakespeare-6-384-0.25
iter 12500: loss 0.1306, time 246.71ms, mfu 10.51%
iter 12510: loss 0.1387, time 31.16ms, mfu 10.65%
iter 12520: loss 0.1371, time 30.78ms, mfu 10.80%
iter 12530: loss 0.1314, time 30.60ms, mfu 10.94%
iter 12540: loss 0.1382, time 31.07ms, mfu 11.04%
step 12550: train loss 0.0650, val loss 4.7839
saving checkpoint to out-shakespeare-6-384-0.25
iter 12550: loss 0.1303, time 250.60ms, mfu 10.09%
iter 12560: loss 0.1390, time 19.04ms, mfu 11.04%
iter 12570: loss 0.1393, time 30.97ms, mfu 11.13%
iter 12580: loss 0.1347, time 17.26ms, mfu 12.18%
iter 12590: loss 0.1349, time 31.56ms, mfu 12.14%
step 12600: train loss 0.0643, val loss 4.7468
saving checkpoint to out-shakespeare-6-384-0.25
iter 12600: loss 0.1363, time 250.38ms, mfu 11.08%
iter 12610: loss 0.1346, time 16.85ms, mfu 12.18%
iter 12620: loss 0.1333, time 30.56ms, mfu 12.18%
iter 12630: loss 0.1349, time 30.90ms, mfu 12.17%
iter 12640: loss 0.1316, time 30.61ms, mfu 12.17%
step 12650: train loss 0.0633, val loss 4.7163
saving checkpoint to out-shakespeare-6-384-0.25
iter 12650: loss 0.1360, time 241.23ms, mfu 11.11%
iter 12660: loss 0.1327, time 30.75ms, mfu 11.21%
iter 12670: loss 0.1345, time 30.66ms, mfu 11.30%
iter 12680: loss 0.1371, time 30.49ms, mfu 11.39%
iter 12690: loss 0.1324, time 31.51ms, mfu 11.44%
step 12700: train loss 0.0647, val loss 4.8015
saving checkpoint to out-shakespeare-6-384-0.25
iter 12700: loss 0.1382, time 246.71ms, mfu 10.45%
iter 12710: loss 0.1302, time 30.56ms, mfu 10.62%
iter 12720: loss 0.1366, time 31.52ms, mfu 10.74%
iter 12730: loss 0.1310, time 31.23ms, mfu 10.86%
iter 12740: loss 0.1306, time 17.51ms, mfu 11.90%
step 12750: train loss 0.0647, val loss 4.7358
saving checkpoint to out-shakespeare-6-384-0.25
iter 12750: loss 0.1306, time 246.12ms, mfu 10.86%
iter 12760: loss 0.1353, time 31.34ms, mfu 10.97%
iter 12770: loss 0.1315, time 31.38ms, mfu 11.06%
iter 12780: loss 0.1302, time 31.22ms, mfu 11.14%
iter 12790: loss 0.1332, time 17.34ms, mfu 12.18%
step 12800: train loss 0.0632, val loss 4.7339
saving checkpoint to out-shakespeare-6-384-0.25
iter 12800: loss 0.1299, time 244.17ms, mfu 11.11%
iter 12810: loss 0.1351, time 29.64ms, mfu 11.26%
iter 12820: loss 0.1301, time 18.68ms, mfu 12.13%
iter 12830: loss 0.1329, time 31.17ms, mfu 12.11%
iter 12840: loss 0.1335, time 30.51ms, mfu 12.12%
step 12850: train loss 0.0641, val loss 4.7991
saving checkpoint to out-shakespeare-6-384-0.25
iter 12850: loss 0.1295, time 240.72ms, mfu 11.06%
iter 12860: loss 0.1403, time 16.79ms, mfu 12.18%
iter 12870: loss 0.1307, time 30.26ms, mfu 12.19%
iter 12880: loss 0.1359, time 17.23ms, mfu 13.13%
iter 12890: loss 0.1328, time 30.27ms, mfu 13.05%
step 12900: train loss 0.0639, val loss 4.7002
saving checkpoint to out-shakespeare-6-384-0.25
iter 12900: loss 0.1250, time 240.47ms, mfu 11.90%
iter 12910: loss 0.1334, time 31.69ms, mfu 11.89%
iter 12920: loss 0.1348, time 30.41ms, mfu 11.92%
iter 12930: loss 0.1269, time 30.75ms, mfu 11.94%
iter 12940: loss 0.1291, time 29.08ms, mfu 12.03%
step 12950: train loss 0.0637, val loss 4.7453
saving checkpoint to out-shakespeare-6-384-0.25
iter 12950: loss 0.1330, time 241.81ms, mfu 10.98%
iter 12960: loss 0.1322, time 30.30ms, mfu 11.11%
iter 12970: loss 0.1309, time 30.52ms, mfu 11.22%
iter 12980: loss 0.1298, time 31.15ms, mfu 11.30%
iter 12990: loss 0.1347, time 31.08ms, mfu 11.37%
step 13000: train loss 0.0632, val loss 4.7739
saving checkpoint to out-shakespeare-6-384-0.25
iter 13000: loss 0.1323, time 238.00ms, mfu 10.39%
iter 13010: loss 0.1326, time 16.66ms, mfu 11.58%
iter 13020: loss 0.1300, time 30.15ms, mfu 11.66%
iter 13030: loss 0.1394, time 17.83ms, mfu 12.59%
iter 13040: loss 0.1330, time 29.63ms, mfu 12.58%
step 13050: train loss 0.0642, val loss 4.8371
saving checkpoint to out-shakespeare-6-384-0.25
iter 13050: loss 0.1368, time 239.50ms, mfu 11.48%
iter 13060: loss 0.1327, time 30.13ms, mfu 11.57%
iter 13070: loss 0.1320, time 30.57ms, mfu 11.63%
iter 13080: loss 0.1312, time 32.26ms, mfu 11.62%
iter 13090: loss 0.1347, time 30.10ms, mfu 11.70%
step 13100: train loss 0.0633, val loss 4.8298
saving checkpoint to out-shakespeare-6-384-0.25
iter 13100: loss 0.1370, time 240.73ms, mfu 10.68%
iter 13110: loss 0.1262, time 30.36ms, mfu 10.84%
