Overriding: out_dir = out-shakespeare-6-384-0.5
Overriding: num_samples = 5
Overriding: device = cuda
number of parameters: 10745088
Loading meta from data\shakespeare_char\meta.pkl...


MENENIUS:
Noble less
The man have more bears to them back:
So thrive this afternoon my love
At ambitious the grave at my soul,
For I am straight fast; I am not light.

BRUTUS:
Were it the stranger speaks your counsellor, patience
That from the precious that you have been as so angry
In him, a gentleman, I do beseech you,
I may be a case to come on the behold
Of that could for her beholding.

BRUTUS:
Go about it?
Put is not your way, and go all to do
We hear in the very revenge.

CORIOLANUS:
No,
---------------

Menenius, the summer of the beasts of their beasts
Which we have spoke of: now all's here
As place is for the gown, so by sound and looking
As he betwixt their love and love of her.

First Murderer:
How canst thou urge God's dreadful law to us,
When thou hast broke it in so dear degree?

CLARENCE:
Alas! for whose sake did I that ill deed?
For Edward, for my brother, for his sake: Why, sirs,
He sends ye not to murder me for this
For in this sin he is as deep as I.
If God will be revenged for this
---------------

Messenger:
The news is, sir, the Volsces are in arms.

MARCIUS:
Indeed, let us shall chose them now to love.

All:
The torther, to our sword to you.

COMINIUS:
Nay, pray, gentlewoman, and the gods will fled
In him that did object the same.

MENENIUS:
He that now the gods were all quick in thee,
And leave the more than this thought of hell
In supplication him.

BRUTUS:
Ha!
Ha! Mark! you that will
Go, the rough at it will.

CORIOLANUS:
Bid me only things,
And dallies to make my beasts, I
Such a de
---------------


First Murderer:
Who may be well drawn out all in lent coals.

Second Murderer:
And save your wife, and grief to ght: have you think
how the letter from the Duke of York's, that the ground
The cast him of the Duke of York's, Bretagne
With all the apellances of his treasons,
That God will revenge content him to you.
But come, young waverewell, good command.

DUCHESS OF YORK:
Last night, I hear, they lay at Northampton;
The other lamentations of the king
Is not his mother, nor having himself a
man
---------------

Be empty by my action to the crown;
With many more of noble accessators,
My name hath to Marcius.

First Murderer:
The ir than in the Tower: sword to Clarence,
Did grace my lord only said 'Ay.'

Third Messenger:
The news is, sir, the Volsces are in arms.

MARCIUS:
Menenius, and says you this follow is loveth.

MARCIUS:
That's my body's body,--

MARCIUS:
'Tis he, my lie, the first adold.

CORIOLANUS:
The gods begin to mock me. I, that now
Refused most princely gifts, am bound to beg
Of my lord ge
---------------
