Overriding: out_dir = out-shakespeare-4-256-1
Overriding: num_samples = 5
Overriding: device = cuda
number of parameters: 3230208
Loading meta from data\shakespeare_char\meta.pkl...


ANGELO:
And come, where you have seember, and and rudge
Be give her banished with her back that a end.

HENRY BOLINGBROKE:
When what to that I comme well me,
Which every commfortHer, throws, and the nextrice
That else no me of the march in the princes
Where your name or of this loss more world that
To Willl what evil so of my curt, and shore
And of my hourself king thrust for the great of thee know
And that Prisued Sometand our hasted discation.
Who shalt this honour and tell repts off my clow,
---------------

Men part, being my see, that you so a change.

DUKE OF YORK:
Art, we would I have not us bod, whom comforty.

SICINIUS:
I may as you are as thou ever when move maded and
Less'd in me by some so upon the cread.

LEONTES:
Come; as now the vilude of is our house,
Have with were but we me to my houmand more.

NORTHUMBERLAND:
The king and leaving
My prove in the eatty fearful of the deter not the summper
And and with of a compless.

ESCALUS:
He shall hat the words watch the own the seems;
To know our
---------------

Me royal brows a fair of the compand.
My lord, how sping for of and that house and
As the sweet we is for worthy by heavy I thee,
How would was a bear want be but I have a cannot do may
And say be know doth only my breforeing brother.

BUCKINGHAM:
I did that stand for Henry faments,
That where come consulject the vow throught?

Second Muscian:
This caper belother on the worn and himself:
He was not but no to the lave boe a hold.

GLOUCESTER:
Good with tender the queen as yet of Richard:
What we 
---------------

The should knows upon poor the gentleman: but of a-
I scannot to the enemines, sir,
Shall I am be my lord.

CLARENCE:
Thy party the city of Warwick arwick. The live should do ath
In the house more of Pageter, the have blood of lest,
And long me with I have provect to of more
As off that you three we to fair a gain.

KING RICHARD III:
A like he putice of him, and was with winto.

GLOUCESTER:
My lord, which and my and to such flance, sir, pardone
Which not whom for and a such to mean and who an we
---------------

Be every believe, her lords your comes in my father
That me, so the dead me to thee both recting do.
Citizen:
You love to countent in enver be and wish,
To they sinking the crown never of the dead that
Thy could please his most noble them that wich
I no dubt chamed who lamb'd be the beartars
To England's her which not make out in his soun.

Clown:
Let's honour.

DUKE VINCENTIO:
Well, so I have parthough may lady me?

CORIOLANUS:
No go pardon,
Is in a your just of sleep princes.

ROMEO:
The see b
---------------
