Overriding config with C:\VS-CODE-UNI-OS\advanced-nlp-17\nanoGPT\config\train-shakespeare-char-4-256-1.py:

# Baseline configuration
out_dir = 'out-shakespeare-4-256-1'
eval_interval = 50
eval_iters = 5
log_interval = 10
always_save_checkpoint = True
init_from = 'scratch'
wandb_log = False
wandb_project = 'nanoGPT-assignment'
wandb_run_name = 'baseline'
dataset = 'shakespeare_char'
gradient_accumulation_steps = 1
batch_size = 64
block_size = 256
n_layer = 4
n_head = 4
n_embd = 256
dropout = 0.2
learning_rate = 1e-3
max_iters = 3944.0
lr_decay_iters = 100
min_lr = 1e-4
beta2 = 0.99
warmup_iters = 200
weight_decay = 1e-1
device = 'cuda'
compile = False 

tokens per iteration will be: 16,384
found vocab_size = 65 (inside data\shakespeare_char\meta.pkl)
Initializing a new model from scratch
number of parameters: 3230208
num decayed parameter tensors: 18, with 3,227,904 parameters
num non-decayed parameter tensors: 9, with 2,304 parameters
using fused AdamW: True
step 0: train loss 4.2324, val loss 4.2342
iter 0: loss 4.2301, time 209.04ms, mfu -100.00%
iter 10: loss 3.5378, time 4.78ms, mfu 24.31%
iter 20: loss 3.1685, time 14.23ms, mfu 22.70%
iter 30: loss 2.8911, time 15.09ms, mfu 21.20%
iter 40: loss 2.7739, time 4.18ms, mfu 21.86%
step 50: train loss 2.6342, val loss 2.6303
saving checkpoint to out-shakespeare-4-256-1
iter 50: loss 2.6619, time 113.43ms, mfu 19.77%
iter 60: loss 2.5911, time 20.18ms, mfu 18.37%
iter 70: loss 2.5622, time 10.27ms, mfu 17.67%
iter 80: loss 2.5456, time 21.19ms, mfu 16.45%
iter 90: loss 2.5232, time 6.14ms, mfu 16.70%
step 100: train loss 2.5119, val loss 2.5056
saving checkpoint to out-shakespeare-4-256-1
iter 100: loss 2.5150, time 110.76ms, mfu 15.13%
iter 110: loss 2.5058, time 5.00ms, mfu 15.94%
iter 120: loss 2.5153, time 21.18ms, mfu 14.90%
iter 130: loss 2.4964, time 9.89ms, mfu 14.58%
iter 140: loss 2.4950, time 22.88ms, mfu 13.63%
step 150: train loss 2.4415, val loss 2.4519
saving checkpoint to out-shakespeare-4-256-1
iter 150: loss 2.4699, time 112.57ms, mfu 12.37%
iter 160: loss 2.4607, time 11.09ms, mfu 12.18%
iter 170: loss 2.4613, time 5.12ms, mfu 13.24%
iter 180: loss 2.4487, time 13.42ms, mfu 12.78%
iter 190: loss 2.4577, time 14.60ms, mfu 12.30%
step 200: train loss 2.4087, val loss 2.4121
saving checkpoint to out-shakespeare-4-256-1
iter 200: loss 2.4408, time 108.62ms, mfu 11.18%
iter 210: loss 2.4255, time 11.65ms, mfu 11.06%
iter 220: loss 2.3970, time 11.23ms, mfu 10.98%
iter 230: loss 2.4202, time 14.48ms, mfu 10.69%
iter 240: loss 2.4111, time 14.51ms, mfu 10.42%
step 250: train loss 2.3560, val loss 2.3845
saving checkpoint to out-shakespeare-4-256-1
iter 250: loss 2.4009, time 109.36ms, mfu 9.49%
iter 260: loss 2.3977, time 11.73ms, mfu 9.53%
iter 270: loss 2.3817, time 10.50ms, mfu 9.68%
iter 280: loss 2.3764, time 11.08ms, mfu 9.76%
iter 290: loss 2.3874, time 16.64ms, mfu 9.48%
step 300: train loss 2.3251, val loss 2.3534
saving checkpoint to out-shakespeare-4-256-1
iter 300: loss 2.3860, time 110.46ms, mfu 8.64%
iter 310: loss 2.3594, time 11.19ms, mfu 8.82%
iter 320: loss 2.3728, time 5.08ms, mfu 10.22%
iter 330: loss 2.3670, time 5.11ms, mfu 11.47%
iter 340: loss 2.3781, time 9.87ms, mfu 11.50%
step 350: train loss 2.2887, val loss 2.3261
saving checkpoint to out-shakespeare-4-256-1
iter 350: loss 2.3561, time 110.32ms, mfu 10.46%
iter 360: loss 2.3638, time 10.32ms, mfu 10.54%
iter 370: loss 2.3475, time 22.10ms, mfu 10.01%
iter 380: loss 2.3622, time 6.06ms, mfu 10.93%
iter 390: loss 2.3410, time 10.26ms, mfu 10.97%
step 400: train loss 2.2678, val loss 2.3009
saving checkpoint to out-shakespeare-4-256-1
iter 400: loss 2.3339, time 112.00ms, mfu 9.98%
iter 410: loss 2.3305, time 20.53ms, mfu 9.54%
iter 420: loss 2.3446, time 20.13ms, mfu 9.17%
iter 430: loss 2.3190, time 21.24ms, mfu 8.80%
iter 440: loss 2.3154, time 22.67ms, mfu 8.43%
step 450: train loss 2.2365, val loss 2.2830
saving checkpoint to out-shakespeare-4-256-1
iter 450: loss 2.2853, time 112.55ms, mfu 7.69%
iter 460: loss 2.3124, time 22.50ms, mfu 7.44%
iter 470: loss 2.3233, time 20.39ms, mfu 7.26%
iter 480: loss 2.3105, time 10.09ms, mfu 7.69%
iter 490: loss 2.2930, time 5.23ms, mfu 9.14%
step 500: train loss 2.2267, val loss 2.2529
saving checkpoint to out-shakespeare-4-256-1
iter 500: loss 2.2919, time 110.90ms, mfu 8.33%
iter 510: loss 2.2910, time 4.00ms, mfu 10.40%
iter 520: loss 2.3131, time 21.21ms, mfu 9.91%
iter 530: loss 2.2956, time 9.32ms, mfu 10.17%
iter 540: loss 2.2922, time 19.75ms, mfu 9.74%
step 550: train loss 2.1875, val loss 2.2356
saving checkpoint to out-shakespeare-4-256-1
iter 550: loss 2.2963, time 111.58ms, mfu 8.87%
iter 560: loss 2.2750, time 14.49ms, mfu 8.78%
iter 570: loss 2.2712, time 4.17ms, mfu 10.69%
iter 580: loss 2.2615, time 20.97ms, mfu 10.18%
iter 590: loss 2.2345, time 9.47ms, mfu 10.39%
step 600: train loss 2.1703, val loss 2.2157
saving checkpoint to out-shakespeare-4-256-1
iter 600: loss 2.2546, time 111.10ms, mfu 9.45%
iter 610: loss 2.2524, time 18.99ms, mfu 9.12%
iter 620: loss 2.2535, time 14.81ms, mfu 8.99%
iter 630: loss 2.2552, time 14.82ms, mfu 8.88%
iter 640: loss 2.2181, time 21.11ms, mfu 8.54%
step 650: train loss 2.1373, val loss 2.1943
saving checkpoint to out-shakespeare-4-256-1
iter 650: loss 2.2169, time 113.93ms, mfu 7.79%
iter 660: loss 2.2533, time 10.77ms, mfu 8.09%
iter 670: loss 2.2441, time 11.40ms, mfu 8.30%
iter 680: loss 2.2312, time 14.52ms, mfu 8.27%
iter 690: loss 2.2321, time 5.00ms, mfu 9.77%
step 700: train loss 2.1172, val loss 2.1717
saving checkpoint to out-shakespeare-4-256-1
iter 700: loss 2.2217, time 113.46ms, mfu 8.89%
iter 710: loss 2.2065, time 10.90ms, mfu 9.07%
iter 720: loss 2.1939, time 16.19ms, mfu 8.88%
iter 730: loss 2.2003, time 15.19ms, mfu 8.76%
iter 740: loss 2.1868, time 5.10ms, mfu 10.16%
step 750: train loss 2.0814, val loss 2.1385
saving checkpoint to out-shakespeare-4-256-1
iter 750: loss 2.1777, time 111.32ms, mfu 9.25%
iter 760: loss 2.1837, time 22.18ms, mfu 8.85%
iter 770: loss 2.1887, time 10.25ms, mfu 9.10%
iter 780: loss 2.2131, time 11.86ms, mfu 9.17%
iter 790: loss 2.1701, time 10.12ms, mfu 9.40%
step 800: train loss 2.0565, val loss 2.1182
saving checkpoint to out-shakespeare-4-256-1
iter 800: loss 2.1739, time 109.84ms, mfu 8.57%
iter 810: loss 2.1615, time 6.26ms, mfu 9.57%
iter 820: loss 2.1356, time 11.03ms, mfu 9.66%
iter 830: loss 2.1701, time 21.64ms, mfu 9.24%
iter 840: loss 2.1761, time 5.00ms, mfu 10.64%
step 850: train loss 2.0247, val loss 2.1103
saving checkpoint to out-shakespeare-4-256-1
iter 850: loss 2.1563, time 111.85ms, mfu 9.68%
iter 860: loss 2.1250, time 14.10ms, mfu 9.53%
iter 870: loss 2.1340, time 14.68ms, mfu 9.37%
iter 880: loss 2.1340, time 10.99ms, mfu 9.49%
iter 890: loss 2.1537, time 21.21ms, mfu 9.09%
step 900: train loss 2.0113, val loss 2.0838
saving checkpoint to out-shakespeare-4-256-1
iter 900: loss 2.1337, time 110.90ms, mfu 8.29%
iter 910: loss 2.1254, time 9.29ms, mfu 8.71%
iter 920: loss 2.1201, time 12.35ms, mfu 8.78%
iter 930: loss 2.1114, time 5.00ms, mfu 10.23%
iter 940: loss 2.0802, time 13.36ms, mfu 10.07%
step 950: train loss 1.9775, val loss 2.0858
saving checkpoint to out-shakespeare-4-256-1
iter 950: loss 2.0888, time 109.65ms, mfu 9.17%
iter 960: loss 2.0676, time 11.20ms, mfu 9.29%
iter 970: loss 2.0913, time 12.98ms, mfu 9.26%
iter 980: loss 2.1136, time 12.53ms, mfu 9.26%
iter 990: loss 2.0917, time 5.05ms, mfu 10.63%
step 1000: train loss 1.9462, val loss 2.0453
saving checkpoint to out-shakespeare-4-256-1
iter 1000: loss 2.0749, time 110.33ms, mfu 9.68%
iter 1010: loss 2.0797, time 6.64ms, mfu 10.46%
iter 1020: loss 2.0918, time 11.02ms, mfu 10.47%
iter 1030: loss 2.0752, time 13.08ms, mfu 10.31%
iter 1040: loss 2.0530, time 11.24ms, mfu 10.31%
step 1050: train loss 1.9380, val loss 2.0535
saving checkpoint to out-shakespeare-4-256-1
iter 1050: loss 2.0762, time 109.91ms, mfu 9.39%
iter 1060: loss 2.0613, time 22.59ms, mfu 8.96%
iter 1070: loss 2.0385, time 9.30ms, mfu 9.32%
iter 1080: loss 2.0188, time 11.22ms, mfu 9.42%
iter 1090: loss 2.0579, time 10.25ms, mfu 9.61%
step 1100: train loss 1.9187, val loss 2.0127
saving checkpoint to out-shakespeare-4-256-1
iter 1100: loss 2.0182, time 110.63ms, mfu 8.76%
iter 1110: loss 2.0270, time 10.59ms, mfu 8.98%
iter 1120: loss 2.0354, time 21.50ms, mfu 8.62%
iter 1130: loss 2.0102, time 6.12ms, mfu 9.66%
iter 1140: loss 2.0305, time 12.55ms, mfu 9.62%
step 1150: train loss 1.9079, val loss 2.0087
saving checkpoint to out-shakespeare-4-256-1
iter 1150: loss 2.0536, time 110.93ms, mfu 8.76%
iter 1160: loss 2.0618, time 20.66ms, mfu 8.45%
iter 1170: loss 2.0573, time 21.34ms, mfu 8.15%
iter 1180: loss 2.0387, time 12.62ms, mfu 8.26%
iter 1190: loss 1.9852, time 21.81ms, mfu 7.96%
step 1200: train loss 1.8809, val loss 2.0044
saving checkpoint to out-shakespeare-4-256-1
iter 1200: loss 2.0112, time 110.98ms, mfu 7.27%
iter 1210: loss 2.0000, time 5.12ms, mfu 8.81%
iter 1220: loss 2.0153, time 16.44ms, mfu 8.64%
iter 1230: loss 2.0146, time 14.53ms, mfu 8.58%
iter 1240: loss 1.9758, time 6.11ms, mfu 9.62%
step 1250: train loss 1.8650, val loss 1.9775
saving checkpoint to out-shakespeare-4-256-1
iter 1250: loss 2.0164, time 109.85ms, mfu 8.77%
iter 1260: loss 1.9707, time 15.42ms, mfu 8.64%
iter 1270: loss 1.9732, time 14.43ms, mfu 8.58%
iter 1280: loss 1.9849, time 16.02ms, mfu 8.45%
iter 1290: loss 1.9832, time 20.02ms, mfu 8.19%
step 1300: train loss 1.8326, val loss 1.9677
saving checkpoint to out-shakespeare-4-256-1
iter 1300: loss 1.9792, time 112.58ms, mfu 7.47%
iter 1310: loss 1.9851, time 11.32ms, mfu 7.75%
iter 1320: loss 1.9720, time 4.60ms, mfu 9.50%
iter 1330: loss 1.9798, time 13.51ms, mfu 9.41%
iter 1340: loss 1.9348, time 5.00ms, mfu 10.79%
step 1350: train loss 1.8186, val loss 1.9384
saving checkpoint to out-shakespeare-4-256-1
iter 1350: loss 1.9740, time 110.64ms, mfu 9.82%
iter 1360: loss 1.9727, time 21.20ms, mfu 9.39%
iter 1370: loss 1.9589, time 9.62ms, mfu 9.66%
iter 1380: loss 1.9567, time 9.60ms, mfu 9.90%
iter 1390: loss 1.9709, time 11.32ms, mfu 9.94%
step 1400: train loss 1.8068, val loss 1.9457
saving checkpoint to out-shakespeare-4-256-1
iter 1400: loss 1.9766, time 109.85ms, mfu 9.05%
iter 1410: loss 1.9379, time 21.61ms, mfu 8.68%
iter 1420: loss 1.9472, time 5.40ms, mfu 9.97%
iter 1430: loss 1.9532, time 5.60ms, mfu 11.04%
iter 1440: loss 1.9521, time 11.09ms, mfu 10.99%
step 1450: train loss 1.7984, val loss 1.9397
saving checkpoint to out-shakespeare-4-256-1
iter 1450: loss 1.9231, time 112.87ms, mfu 9.99%
iter 1460: loss 1.9319, time 16.37ms, mfu 9.70%
iter 1470: loss 1.9412, time 6.58ms, mfu 10.50%
iter 1480: loss 1.9261, time 11.15ms, mfu 10.49%
iter 1490: loss 1.8924, time 10.51ms, mfu 10.55%
step 1500: train loss 1.7853, val loss 1.9283
saving checkpoint to out-shakespeare-4-256-1
iter 1500: loss 1.9109, time 112.57ms, mfu 9.59%
iter 1510: loss 1.9252, time 4.61ms, mfu 11.16%
iter 1520: loss 1.9336, time 13.91ms, mfu 10.88%
iter 1530: loss 1.9137, time 15.49ms, mfu 10.54%
iter 1540: loss 1.9010, time 16.14ms, mfu 10.21%
step 1550: train loss 1.7772, val loss 1.9193
saving checkpoint to out-shakespeare-4-256-1
iter 1550: loss 1.9248, time 114.73ms, mfu 9.29%
iter 1560: loss 1.9287, time 11.29ms, mfu 9.39%
iter 1570: loss 1.8775, time 11.37ms, mfu 9.47%
iter 1580: loss 1.9032, time 9.16ms, mfu 9.79%
iter 1590: loss 1.8983, time 11.56ms, mfu 9.82%
step 1600: train loss 1.7441, val loss 1.9168
saving checkpoint to out-shakespeare-4-256-1
iter 1600: loss 1.9032, time 109.99ms, mfu 8.94%
iter 1610: loss 1.9229, time 7.90ms, mfu 9.52%
iter 1620: loss 1.8812, time 22.11ms, mfu 9.09%
iter 1630: loss 1.8904, time 8.14ms, mfu 9.61%
iter 1640: loss 1.9000, time 21.31ms, mfu 9.20%
step 1650: train loss 1.7457, val loss 1.9035
saving checkpoint to out-shakespeare-4-256-1
iter 1650: loss 1.8550, time 109.50ms, mfu 8.38%
iter 1660: loss 1.8722, time 22.04ms, mfu 8.07%
iter 1670: loss 1.8745, time 20.18ms, mfu 7.84%
iter 1680: loss 1.8610, time 21.62ms, mfu 7.59%
iter 1690: loss 1.8836, time 20.40ms, mfu 7.40%
step 1700: train loss 1.7440, val loss 1.9076
saving checkpoint to out-shakespeare-4-256-1
iter 1700: loss 1.8867, time 111.97ms, mfu 6.77%
iter 1710: loss 1.8899, time 14.90ms, mfu 6.87%
iter 1720: loss 1.8680, time 14.31ms, mfu 7.00%
iter 1730: loss 1.8395, time 5.25ms, mfu 8.51%
iter 1740: loss 1.8770, time 5.00ms, mfu 9.98%
step 1750: train loss 1.7275, val loss 1.8866
saving checkpoint to out-shakespeare-4-256-1
iter 1750: loss 1.8282, time 113.26ms, mfu 9.09%
iter 1760: loss 1.8669, time 13.37ms, mfu 9.05%
iter 1770: loss 1.8393, time 13.67ms, mfu 8.99%
iter 1780: loss 1.8335, time 15.42ms, mfu 8.85%
iter 1790: loss 1.8682, time 15.80ms, mfu 8.70%
step 1800: train loss 1.7019, val loss 1.8714
saving checkpoint to out-shakespeare-4-256-1
iter 1800: loss 1.8596, time 112.44ms, mfu 7.93%
iter 1810: loss 1.8782, time 16.36ms, mfu 7.85%
iter 1820: loss 1.8663, time 5.14ms, mfu 9.33%
iter 1830: loss 1.8336, time 15.71ms, mfu 9.13%
iter 1840: loss 1.8360, time 15.27ms, mfu 8.98%
step 1850: train loss 1.7178, val loss 1.8656
saving checkpoint to out-shakespeare-4-256-1
iter 1850: loss 1.8489, time 114.23ms, mfu 8.19%
iter 1860: loss 1.8465, time 13.39ms, mfu 8.24%
iter 1870: loss 1.8690, time 5.14ms, mfu 9.68%
iter 1880: loss 1.8055, time 11.37ms, mfu 9.73%
iter 1890: loss 1.8586, time 13.60ms, mfu 9.61%
step 1900: train loss 1.7011, val loss 1.8627
saving checkpoint to out-shakespeare-4-256-1
iter 1900: loss 1.8363, time 111.49ms, mfu 8.75%
iter 1910: loss 1.8219, time 10.39ms, mfu 9.00%
iter 1920: loss 1.8465, time 9.08ms, mfu 9.38%
iter 1930: loss 1.8087, time 11.66ms, mfu 9.44%
iter 1940: loss 1.8162, time 11.62ms, mfu 9.49%
step 1950: train loss 1.6891, val loss 1.8669
saving checkpoint to out-shakespeare-4-256-1
iter 1950: loss 1.8250, time 110.10ms, mfu 8.65%
iter 1960: loss 1.8013, time 21.53ms, mfu 8.32%
iter 1970: loss 1.8137, time 5.00ms, mfu 9.82%
iter 1980: loss 1.7871, time 10.18ms, mfu 9.98%
iter 1990: loss 1.7976, time 6.15ms, mfu 10.87%
step 2000: train loss 1.6765, val loss 1.8265
saving checkpoint to out-shakespeare-4-256-1
iter 2000: loss 1.8015, time 112.44ms, mfu 9.89%
iter 2010: loss 1.7901, time 5.00ms, mfu 11.22%
iter 2020: loss 1.8019, time 20.74ms, mfu 10.66%
iter 2030: loss 1.8297, time 11.41ms, mfu 10.61%
iter 2040: loss 1.8260, time 10.02ms, mfu 10.71%
step 2050: train loss 1.6605, val loss 1.8563
saving checkpoint to out-shakespeare-4-256-1
iter 2050: loss 1.8476, time 113.04ms, mfu 9.74%
iter 2060: loss 1.7946, time 11.41ms, mfu 9.79%
iter 2070: loss 1.8313, time 10.81ms, mfu 9.88%
iter 2080: loss 1.7588, time 18.06ms, mfu 9.54%
iter 2090: loss 1.7932, time 15.02ms, mfu 9.36%
step 2100: train loss 1.6665, val loss 1.8404
saving checkpoint to out-shakespeare-4-256-1
iter 2100: loss 1.8259, time 109.01ms, mfu 8.53%
iter 2110: loss 1.7838, time 13.44ms, mfu 8.54%
iter 2120: loss 1.7840, time 12.29ms, mfu 8.63%
iter 2130: loss 1.7812, time 5.00ms, mfu 10.09%
iter 2140: loss 1.7628, time 12.45ms, mfu 10.02%
step 2150: train loss 1.6574, val loss 1.8138
saving checkpoint to out-shakespeare-4-256-1
iter 2150: loss 1.7779, time 108.67ms, mfu 9.12%
iter 2160: loss 1.7655, time 20.44ms, mfu 8.78%
iter 2170: loss 1.7711, time 23.00ms, mfu 8.41%
iter 2180: loss 1.8042, time 8.24ms, mfu 8.98%
iter 2190: loss 1.7907, time 21.84ms, mfu 8.61%
step 2200: train loss 1.6482, val loss 1.8294
saving checkpoint to out-shakespeare-4-256-1
iter 2200: loss 1.7566, time 109.89ms, mfu 7.86%
iter 2210: loss 1.7730, time 13.59ms, mfu 7.93%
iter 2220: loss 1.7802, time 14.46ms, mfu 7.94%
iter 2230: loss 1.7798, time 14.54ms, mfu 7.94%
iter 2240: loss 1.7782, time 14.41ms, mfu 7.95%
step 2250: train loss 1.6385, val loss 1.8230
saving checkpoint to out-shakespeare-4-256-1
iter 2250: loss 1.7778, time 111.14ms, mfu 7.26%
iter 2260: loss 1.7397, time 13.40ms, mfu 7.40%
iter 2270: loss 1.7559, time 10.15ms, mfu 7.81%
iter 2280: loss 1.7846, time 5.14ms, mfu 9.29%
iter 2290: loss 1.7533, time 12.22ms, mfu 9.31%
step 2300: train loss 1.6236, val loss 1.7899
saving checkpoint to out-shakespeare-4-256-1
iter 2300: loss 1.7346, time 108.38ms, mfu 8.49%
iter 2310: loss 1.7682, time 7.93ms, mfu 9.10%
iter 2320: loss 1.7401, time 9.09ms, mfu 9.47%
iter 2330: loss 1.7852, time 9.21ms, mfu 9.79%
iter 2340: loss 1.7489, time 10.25ms, mfu 9.94%
step 2350: train loss 1.6398, val loss 1.7899
saving checkpoint to out-shakespeare-4-256-1
iter 2350: loss 1.7891, time 110.40ms, mfu 9.05%
iter 2360: loss 1.7089, time 21.79ms, mfu 8.68%
iter 2370: loss 1.7545, time 22.71ms, mfu 8.32%
iter 2380: loss 1.7234, time 6.43ms, mfu 9.30%
iter 2390: loss 1.7366, time 11.36ms, mfu 9.39%
step 2400: train loss 1.6294, val loss 1.7933
saving checkpoint to out-shakespeare-4-256-1
iter 2400: loss 1.7507, time 110.27ms, mfu 8.56%
iter 2410: loss 1.7391, time 21.23ms, mfu 8.25%
iter 2420: loss 1.7652, time 5.00ms, mfu 9.75%
iter 2430: loss 1.7390, time 8.24ms, mfu 10.19%
iter 2440: loss 1.7610, time 6.23ms, mfu 11.03%
step 2450: train loss 1.6233, val loss 1.7825
saving checkpoint to out-shakespeare-4-256-1
iter 2450: loss 1.6971, time 112.98ms, mfu 10.03%
iter 2460: loss 1.7391, time 21.23ms, mfu 9.58%
iter 2470: loss 1.7351, time 19.85ms, mfu 9.20%
iter 2480: loss 1.7245, time 21.83ms, mfu 8.82%
iter 2490: loss 1.7506, time 7.64ms, mfu 9.46%
step 2500: train loss 1.6007, val loss 1.7776
saving checkpoint to out-shakespeare-4-256-1
iter 2500: loss 1.7603, time 112.39ms, mfu 8.61%
iter 2510: loss 1.7175, time 13.41ms, mfu 8.62%
iter 2520: loss 1.7189, time 13.54ms, mfu 8.62%
iter 2530: loss 1.7512, time 15.48ms, mfu 8.50%
iter 2540: loss 1.7755, time 15.43ms, mfu 8.41%
step 2550: train loss 1.6069, val loss 1.7740
saving checkpoint to out-shakespeare-4-256-1
iter 2550: loss 1.7350, time 114.54ms, mfu 7.67%
iter 2560: loss 1.7186, time 12.74ms, mfu 7.81%
iter 2570: loss 1.6943, time 11.41ms, mfu 8.05%
iter 2580: loss 1.7270, time 12.34ms, mfu 8.19%
iter 2590: loss 1.7366, time 11.19ms, mfu 8.41%
step 2600: train loss 1.5735, val loss 1.7706
saving checkpoint to out-shakespeare-4-256-1
iter 2600: loss 1.7133, time 110.29ms, mfu 7.67%
iter 2610: loss 1.7418, time 10.62ms, mfu 8.00%
iter 2620: loss 1.7217, time 10.70ms, mfu 8.29%
iter 2630: loss 1.7438, time 11.58ms, mfu 8.46%
iter 2640: loss 1.7227, time 13.44ms, mfu 8.48%
step 2650: train loss 1.5764, val loss 1.7724
saving checkpoint to out-shakespeare-4-256-1
iter 2650: loss 1.7266, time 111.58ms, mfu 7.74%
iter 2660: loss 1.7146, time 20.85ms, mfu 7.52%
iter 2670: loss 1.7324, time 7.42ms, mfu 8.34%
iter 2680: loss 1.7102, time 9.54ms, mfu 8.72%
iter 2690: loss 1.7223, time 7.07ms, mfu 9.49%
step 2700: train loss 1.5729, val loss 1.7565
saving checkpoint to out-shakespeare-4-256-1
iter 2700: loss 1.7230, time 111.70ms, mfu 8.65%
iter 2710: loss 1.7064, time 5.08ms, mfu 10.07%
iter 2720: loss 1.7094, time 16.45ms, mfu 9.77%
iter 2730: loss 1.6931, time 5.00ms, mfu 11.12%
iter 2740: loss 1.7148, time 10.58ms, mfu 11.10%
step 2750: train loss 1.5772, val loss 1.7500
saving checkpoint to out-shakespeare-4-256-1
iter 2750: loss 1.7006, time 111.26ms, mfu 10.10%
iter 2760: loss 1.6959, time 11.25ms, mfu 10.12%
iter 2770: loss 1.6894, time 12.72ms, mfu 10.02%
iter 2780: loss 1.7103, time 14.93ms, mfu 9.80%
iter 2790: loss 1.7093, time 14.26ms, mfu 9.63%
step 2800: train loss 1.5693, val loss 1.7596
saving checkpoint to out-shakespeare-4-256-1
iter 2800: loss 1.6900, time 114.53ms, mfu 8.77%
iter 2810: loss 1.6659, time 11.84ms, mfu 8.88%
iter 2820: loss 1.7081, time 4.00ms, mfu 10.89%
iter 2830: loss 1.6661, time 15.47ms, mfu 10.56%
iter 2840: loss 1.7199, time 16.01ms, mfu 10.23%
step 2850: train loss 1.5680, val loss 1.7477
saving checkpoint to out-shakespeare-4-256-1
iter 2850: loss 1.6890, time 109.23ms, mfu 9.31%
iter 2860: loss 1.6535, time 13.90ms, mfu 9.22%
iter 2870: loss 1.6730, time 9.85ms, mfu 9.47%
iter 2880: loss 1.6913, time 11.96ms, mfu 9.50%
iter 2890: loss 1.6857, time 10.93ms, mfu 9.61%
step 2900: train loss 1.5483, val loss 1.7540
saving checkpoint to out-shakespeare-4-256-1
iter 2900: loss 1.6749, time 108.72ms, mfu 8.76%
iter 2910: loss 1.7159, time 10.14ms, mfu 9.03%
iter 2920: loss 1.7102, time 6.61ms, mfu 9.88%
iter 2930: loss 1.6703, time 11.55ms, mfu 9.90%
iter 2940: loss 1.6774, time 12.29ms, mfu 9.86%
step 2950: train loss 1.5524, val loss 1.7255
saving checkpoint to out-shakespeare-4-256-1
iter 2950: loss 1.6654, time 112.16ms, mfu 8.98%
iter 2960: loss 1.6833, time 20.53ms, mfu 8.64%
iter 2970: loss 1.6617, time 20.12ms, mfu 8.36%
iter 2980: loss 1.6488, time 8.84ms, mfu 8.84%
iter 2990: loss 1.6658, time 22.00ms, mfu 8.48%
step 3000: train loss 1.5547, val loss 1.7322
saving checkpoint to out-shakespeare-4-256-1
iter 3000: loss 1.6984, time 112.70ms, mfu 7.74%
iter 3010: loss 1.7005, time 20.27ms, mfu 7.54%
iter 3020: loss 1.6845, time 21.19ms, mfu 7.33%
iter 3030: loss 1.6634, time 20.56ms, mfu 7.16%
iter 3040: loss 1.6803, time 7.53ms, mfu 7.99%
step 3050: train loss 1.5280, val loss 1.7302
saving checkpoint to out-shakespeare-4-256-1
iter 3050: loss 1.6510, time 112.26ms, mfu 7.30%
iter 3060: loss 1.6637, time 18.93ms, mfu 7.18%
iter 3070: loss 1.6692, time 6.01ms, mfu 8.40%
iter 3080: loss 1.6930, time 19.92ms, mfu 8.14%
iter 3090: loss 1.6462, time 10.28ms, mfu 8.46%
step 3100: train loss 1.5218, val loss 1.7053
saving checkpoint to out-shakespeare-4-256-1
iter 3100: loss 1.6806, time 110.78ms, mfu 7.72%
iter 3110: loss 1.6625, time 11.19ms, mfu 7.98%
iter 3120: loss 1.6264, time 11.88ms, mfu 8.16%
iter 3130: loss 1.6682, time 5.16ms, mfu 9.60%
iter 3140: loss 1.6499, time 13.92ms, mfu 9.48%
step 3150: train loss 1.5122, val loss 1.7247
saving checkpoint to out-shakespeare-4-256-1
iter 3150: loss 1.6561, time 111.08ms, mfu 8.63%
iter 3160: loss 1.6453, time 11.91ms, mfu 8.74%
iter 3170: loss 1.6732, time 10.26ms, mfu 9.00%
iter 3180: loss 1.6727, time 11.80ms, mfu 9.09%
iter 3190: loss 1.6691, time 5.11ms, mfu 10.46%
step 3200: train loss 1.5313, val loss 1.7091
saving checkpoint to out-shakespeare-4-256-1
iter 3200: loss 1.6576, time 110.80ms, mfu 9.52%
iter 3210: loss 1.6602, time 13.10ms, mfu 9.45%
iter 3220: loss 1.6752, time 11.52ms, mfu 9.52%
iter 3230: loss 1.6395, time 10.60ms, mfu 9.66%
iter 3240: loss 1.6880, time 7.15ms, mfu 10.32%
step 3250: train loss 1.5240, val loss 1.6912
saving checkpoint to out-shakespeare-4-256-1
iter 3250: loss 1.6515, time 110.10ms, mfu 9.39%
iter 3260: loss 1.6340, time 22.86ms, mfu 8.96%
iter 3270: loss 1.6460, time 5.40ms, mfu 10.22%
iter 3280: loss 1.6605, time 10.95ms, mfu 10.26%
iter 3290: loss 1.6078, time 12.16ms, mfu 10.19%
step 3300: train loss 1.4959, val loss 1.7103
saving checkpoint to out-shakespeare-4-256-1
iter 3300: loss 1.6579, time 111.17ms, mfu 9.28%
iter 3310: loss 1.6528, time 8.98ms, mfu 9.64%
iter 3320: loss 1.5853, time 8.95ms, mfu 9.98%
iter 3330: loss 1.6599, time 21.43ms, mfu 9.52%
iter 3340: loss 1.6385, time 8.15ms, mfu 9.99%
step 3350: train loss 1.5126, val loss 1.7072
saving checkpoint to out-shakespeare-4-256-1
iter 3350: loss 1.6226, time 109.34ms, mfu 9.10%
iter 3360: loss 1.6509, time 16.15ms, mfu 8.91%
iter 3370: loss 1.6181, time 15.48ms, mfu 8.77%
iter 3380: loss 1.6405, time 5.00ms, mfu 10.22%
iter 3390: loss 1.6384, time 9.67ms, mfu 10.40%
step 3400: train loss 1.4881, val loss 1.7095
saving checkpoint to out-shakespeare-4-256-1
iter 3400: loss 1.6515, time 113.22ms, mfu 9.46%
iter 3410: loss 1.6504, time 14.51ms, mfu 9.32%
iter 3420: loss 1.6443, time 15.55ms, mfu 9.13%
iter 3430: loss 1.6125, time 14.13ms, mfu 9.04%
iter 3440: loss 1.6439, time 20.28ms, mfu 8.71%
step 3450: train loss 1.4957, val loss 1.6909
saving checkpoint to out-shakespeare-4-256-1
iter 3450: loss 1.6278, time 113.38ms, mfu 7.94%
iter 3460: loss 1.6129, time 11.31ms, mfu 8.18%
iter 3470: loss 1.6339, time 14.61ms, mfu 8.15%
iter 3480: loss 1.6294, time 14.85ms, mfu 8.12%
iter 3490: loss 1.6479, time 14.73ms, mfu 8.10%
step 3500: train loss 1.4820, val loss 1.7187
saving checkpoint to out-shakespeare-4-256-1
iter 3500: loss 1.6399, time 110.73ms, mfu 7.39%
iter 3510: loss 1.6370, time 10.26ms, mfu 7.79%
iter 3520: loss 1.5745, time 10.70ms, mfu 8.09%
iter 3530: loss 1.6402, time 5.42ms, mfu 9.43%
iter 3540: loss 1.6183, time 15.28ms, mfu 9.25%
step 3550: train loss 1.4878, val loss 1.6997
saving checkpoint to out-shakespeare-4-256-1
iter 3550: loss 1.6550, time 110.67ms, mfu 8.43%
iter 3560: loss 1.5905, time 11.32ms, mfu 8.61%
iter 3570: loss 1.6023, time 9.93ms, mfu 8.92%
iter 3580: loss 1.6177, time 11.28ms, mfu 9.06%
iter 3590: loss 1.6136, time 12.27ms, mfu 9.10%
step 3600: train loss 1.4799, val loss 1.6981
saving checkpoint to out-shakespeare-4-256-1
iter 3600: loss 1.6254, time 114.27ms, mfu 8.29%
iter 3610: loss 1.6338, time 14.78ms, mfu 8.25%
iter 3620: loss 1.6133, time 17.11ms, mfu 8.10%
iter 3630: loss 1.6310, time 12.20ms, mfu 8.25%
iter 3640: loss 1.6307, time 5.97ms, mfu 9.37%
step 3650: train loss 1.4793, val loss 1.6952
saving checkpoint to out-shakespeare-4-256-1
iter 3650: loss 1.6202, time 115.93ms, mfu 8.53%
iter 3660: loss 1.6033, time 15.07ms, mfu 8.45%
iter 3670: loss 1.6054, time 18.32ms, mfu 8.24%
iter 3680: loss 1.6442, time 9.46ms, mfu 8.64%
iter 3690: loss 1.6318, time 10.33ms, mfu 8.90%
step 3700: train loss 1.4619, val loss 1.6756
saving checkpoint to out-shakespeare-4-256-1
iter 3700: loss 1.5945, time 112.72ms, mfu 8.12%
iter 3710: loss 1.6507, time 6.11ms, mfu 9.21%
iter 3720: loss 1.5820, time 22.58ms, mfu 8.80%
iter 3730: loss 1.6178, time 5.00ms, mfu 10.25%
iter 3740: loss 1.5963, time 22.56ms, mfu 9.74%
step 3750: train loss 1.4583, val loss 1.6714
saving checkpoint to out-shakespeare-4-256-1
iter 3750: loss 1.5937, time 111.59ms, mfu 8.87%
iter 3760: loss 1.6178, time 14.58ms, mfu 8.78%
iter 3770: loss 1.5755, time 19.95ms, mfu 8.48%
iter 3780: loss 1.6048, time 9.33ms, mfu 8.88%
iter 3790: loss 1.6121, time 11.15ms, mfu 9.04%
step 3800: train loss 1.4820, val loss 1.6531
saving checkpoint to out-shakespeare-4-256-1
iter 3800: loss 1.5889, time 113.99ms, mfu 8.23%
iter 3810: loss 1.5867, time 4.10ms, mfu 10.24%
iter 3820: loss 1.5852, time 11.79ms, mfu 10.20%
iter 3830: loss 1.5956, time 15.26ms, mfu 9.94%
iter 3840: loss 1.6035, time 20.65ms, mfu 9.51%
step 3850: train loss 1.4628, val loss 1.6632
saving checkpoint to out-shakespeare-4-256-1
iter 3850: loss 1.6065, time 109.65ms, mfu 8.67%
iter 3860: loss 1.5495, time 11.01ms, mfu 8.86%
iter 3870: loss 1.6198, time 11.10ms, mfu 9.02%
iter 3880: loss 1.6088, time 5.84ms, mfu 10.11%
iter 3890: loss 1.6069, time 8.14ms, mfu 10.53%
step 3900: train loss 1.4760, val loss 1.6790
saving checkpoint to out-shakespeare-4-256-1
iter 3900: loss 1.5730, time 111.01ms, mfu 9.58%
iter 3910: loss 1.5792, time 10.41ms, mfu 9.74%
iter 3920: loss 1.5633, time 22.34ms, mfu 9.28%
iter 3930: loss 1.5981, time 22.15ms, mfu 8.88%
iter 3940: loss 1.6244, time 20.86ms, mfu 8.55%
