Overriding: out_dir = out-shakespeare-2-128-0.125
Overriding: num_samples = 5
Overriding: device = cuda
number of parameters: 434944
Loading meta from data\shakespeare_char\meta.pkl...

ANCIxbek tridcowi,
The on, bth

Hire manbe t e anthO-3 me calatanhe ar hthar usqor he.thar dXlas ane awice me thanstarom orou 
Yowhs, tof is h be t il ndill,,

3 iree sen cin lat Hetid ov ts, ane t n nghire transesel lind te he thule ce hiry pther aiss hewty mellinUSIRIBoupetelavle homerll, d methakleo Windo whd Ceiib3e the m dourive we hhire s poousowere te

ANk hanterthirf s t; iris we:

E, e male onth, af Prere m So .
r f buur!
Ke yd&isar adaal the E' t thiuin cs k aaraney vey ts chan t ce wi
---------------

MOQEEYIUPke mary.
You cont w tha sora an hse me nouns the te mrtand ; s me cin with thetibod, wiourco f somatssthecas l.
T
IEA s we t peintherse e pand he movetLIZed as c toros cok he t s.


Po ume he te feRUSate :
Whet CINI;sasundisthen idhe t n,e, xon torethe beakes agheravENINIUS: s s withe ml nFond t s wlle nonthive, mces hIUSerhe d.
MLurd po venGenond Ce?
Fy
S:
BIUS:ou tiusorthe nofen e se me wiportheou whanothanorthers, seENBllellke touns h O
Fore abed twat d tive wout ir f an;

-Ckee toue
---------------

MTI3ond we boforealeir cQuw nne whe when tcouve,,d cer t ttanof anon bacen or, ande se, mesev minds se te woriingin ire touitger Whou wowhereche  ber be
He b wo enInire ta theint co mas ind yan be ke imist menat mlinor weeire biwmenhisellllle e wo I, indtha Xet hey wilHe weertmoThelllslou!. the olire e t jera t f t wothMqu thhe ar hes mas, h n t ih c; d h.
Wbtir Whe thlll s ve cheras bend s
Gar nvonbust t tot coml ve bae s hor meale itan nu t om The erte y, d lelege fins yie ouths arr wholers e

---------------

The sm s ookes souk h pederars, es s;
RI
Bb t olkaveresce m:
CT!
Yensee tiwherese w
S:

Ben areve w wac driniran dere tr hpa&en thin.
T
'.
Fed seson r the. ar tithear IAIgisthathe couf mhir, bmoaas o'Png, thisese hawate hernd en:
BRI w flenUS:

P t than:
Hr ces cilt, onert, l,
.ollatealhe uat r thean cof fowalo' ouorat bur th honeroner lind he punint g arouto the arourer:
Anous n: as, t y pmour,

NI,
IALIse t mJoan dthVUSENI tho, J s PR patfonit brifo sd wh'ed goun hee s t we he h henide ou
Mare
---------------

B; e lane kl that his tome thanet citinorirene Gramo ngoKi f sstou s,e,
Ave t hte e bd
Bir cther d .
Cisenookaave I't he l Se fZo pineetowed amand e
S:
Toofouse sis is ith y re
Thne hein be d ym o thandolyououre h mand hre thith t:
3ore,
LINII
3, s



Pnd mencsadad whore men uUSe gs y areased piune ad heyherawhe a;
Se maar tu ourel hasd ne y, d s oreveke c$s maa mers, yo g t to he vous be rers pan.
&e f mareraonon nof marolllrs ahe thir woorowait ty wy:
Jr he wek slle fnfuoues mostobquthansse t 
---------------
