Overriding config with C:\VS-CODE-UNI-OS\advanced-nlp-17\nanoGPT\config\train-shakespeare-char-2-128-0.125.py:

# Baseline configuration
out_dir = 'out-shakespeare-2-128-0.125'
eval_interval = 50
eval_iters = 5
log_interval = 10
always_save_checkpoint = True
init_from = 'scratch'
wandb_log = False
wandb_project = 'nanoGPT-assignment'
wandb_run_name = 'baseline'
dataset = 'shakespeare_char'
gradient_accumulation_steps = 1
batch_size = 64
block_size = 256
n_layer = 2
n_head = 2
n_embd = 128
dropout = 0.2
learning_rate = 1e-3
max_iters = 146.0
lr_decay_iters = 100
min_lr = 1e-4
beta2 = 0.99
warmup_iters = 200
weight_decay = 1e-1
device = 'cuda'
compile = False 

tokens per iteration will be: 16,384
found vocab_size = 65 (inside data\shakespeare_char\meta.pkl)
Initializing a new model from scratch
number of parameters: 434944
num decayed parameter tensors: 10, with 434,304 parameters
num non-decayed parameter tensors: 5, with 640 parameters
using fused AdamW: True
step 0: train loss 4.1897, val loss 4.1843
iter 0: loss 4.1888, time 191.10ms, mfu -100.00%
iter 10: loss 4.0044, time 4.00ms, mfu 4.20%
iter 20: loss 3.7191, time 4.00ms, mfu 4.20%
iter 30: loss 3.5744, time 3.43ms, mfu 4.27%
iter 40: loss 3.4179, time 3.33ms, mfu 4.35%
step 50: train loss 3.1614, val loss 3.2048
saving checkpoint to out-shakespeare-2-128-0.125
iter 50: loss 3.2288, time 32.37ms, mfu 3.96%
iter 60: loss 3.0334, time 3.00ms, mfu 4.13%
iter 70: loss 2.8772, time 4.11ms, mfu 4.12%
iter 80: loss 2.7728, time 5.80ms, mfu 4.00%
iter 90: loss 2.6877, time 4.16ms, mfu 4.00%
step 100: train loss 2.5854, val loss 2.7019
saving checkpoint to out-shakespeare-2-128-0.125
iter 100: loss 2.6350, time 31.26ms, mfu 3.66%
iter 110: loss 2.5673, time 4.00ms, mfu 3.71%
iter 120: loss 2.5272, time 4.00ms, mfu 3.76%
iter 130: loss 2.5237, time 4.00ms, mfu 3.80%
iter 140: loss 2.4890, time 3.00ms, mfu 3.98%
