Overriding: out_dir = out-shakespeare-5-320-0.125
Overriding: num_samples = 5
Overriding: device = cuda
number of parameters: 6250240
Loading meta from data\shakespeare_char\meta.pkl...


CORIOLANUS:
I will not seal your knowledge with showing them. I
will make much of your voices, and sow you are,
That it should be look'd to do: come.

AUFIDIUS:
The town is ta'en!

First Soldier:
'Twill be deliver'd back on good condition.

AUFIDIUS:
Condition!
I would I were a Roman; for I cannot,
Being a Volsce, be that I am. Condition!
What good condition can a treaty find
I' the part that is at mercy? Five times, Marcius,
I have fought with thee: so often hast thou beat me,
And wouldst do s
---------------

Menenius, you shall find some we have nemy forth.

CORIOLANUS:
God-den them thy were in ches,
That common more voices.

MENENIUS:
He has done, ever with you.

CORIOLANUS:
Your horror's pardon:
I had rather have my wounds to heal again
Than hear say how I got them.

BRUTUS:
Sir, I hope
My words disbench'd you not.

CORIOLANUS:
No, sir: yet oft,
When blows have made me stay, I fled from words.
You soothed not, therefore hurt not: but
your people,
I love they weigh they weigh.

MENENIUS:
Pray now, 
---------------

Menenius, you will approbation, and the least
If he be public of more action.

BRUTUS:
So it man be one o' the more itch.

SICINIUS:
Pass no further.

BRUTUS:
Say, you ne'er had done't--
Harp on that still--but by our putting on;
And presently, when you have drawn your number,
Repair to the Capitol.

All:
We will so: almost all
Repent in their election.

BRUTUS:
Let them go on;
This mutiny were better put in hazard,
Than stay, past doubt, for greater:
If, as his nature is, he fall in rage
With t
---------------

eet should be look'd to and say an old
the treason in the eyes, that he people
We do praise request you know the city,
Let us of the noble thy people's banish'd,
And we their hands.

COMINIUS:
Hang 'em!
They said they were an-hungry; sigh'd forth proverbs,
That hunger broke stone walls, that dogs must eat,
That meat was made for mouths, that the gods sent not
Corn for the rich men only: with these shreds
They vented their complainings; which being answer'd,
And a petition granted them, a strange
---------------

Be every man this forth
A cause for thy repeal, we shall not send
O'er the vast world to seek a single man,
And lose advantage, which doth ever cool
I' the absence of the needer.

CORIOLANUS:
Fare ye well:
Thou hast years upon thee; and thou art too ent us.

First Citizen:
I they great toe?

MENENIUS:
For that, being one o' the lowest, basest, poorest,
Of this most wise rebellion, thou go'st foremost:
Thou rascal, that art worst in blood to run,
Lead'st first to win some vantage.
But make you re
---------------
