Overriding config with C:\VS-CODE-UNI-OS\advanced-nlp-17\nanoGPT\config\train-shakespeare-char-5-320-0.125.py:

# Baseline configuration
out_dir = 'out-shakespeare-5-320-0.125'
eval_interval = 50
eval_iters = 5
log_interval = 10
always_save_checkpoint = True
init_from = 'scratch'
wandb_log = False
wandb_project = 'nanoGPT-assignment'
wandb_run_name = 'baseline'
dataset = 'shakespeare_char'
gradient_accumulation_steps = 1
batch_size = 64
block_size = 256
n_layer = 5
n_head = 5
n_embd = 320
dropout = 0.2
learning_rate = 1e-3
max_iters = 7630.0
lr_decay_iters = 100
min_lr = 1e-4
beta2 = 0.99
warmup_iters = 200
weight_decay = 1e-1
device = 'cuda'
compile = False 

tokens per iteration will be: 16,384
found vocab_size = 65 (inside data\shakespeare_char\meta.pkl)
Initializing a new model from scratch
number of parameters: 6250240
num decayed parameter tensors: 22, with 6,246,720 parameters
num non-decayed parameter tensors: 11, with 3,520 parameters
using fused AdamW: True
step 0: train loss 4.2555, val loss 4.2545
iter 0: loss 4.2514, time 241.94ms, mfu -100.00%
iter 10: loss 3.4207, time 17.61ms, mfu 12.50%
iter 20: loss 2.9655, time 15.30ms, mfu 12.69%
iter 30: loss 2.7042, time 15.36ms, mfu 12.85%
iter 40: loss 2.5891, time 28.33ms, mfu 12.35%
step 50: train loss 2.4827, val loss 2.6519
saving checkpoint to out-shakespeare-5-320-0.125
iter 50: loss 2.5289, time 170.46ms, mfu 11.24%
iter 60: loss 2.4683, time 28.81ms, mfu 10.88%
iter 70: loss 2.4317, time 25.66ms, mfu 10.65%
iter 80: loss 2.4269, time 15.91ms, mfu 10.97%
iter 90: loss 2.4259, time 18.00ms, mfu 11.09%
step 100: train loss 2.3889, val loss 2.6232
saving checkpoint to out-shakespeare-5-320-0.125
iter 100: loss 2.4108, time 178.81ms, mfu 10.11%
iter 110: loss 2.3853, time 19.41ms, mfu 10.23%
iter 120: loss 2.3652, time 25.89ms, mfu 10.06%
iter 130: loss 2.3700, time 15.61ms, mfu 10.46%
iter 140: loss 2.3718, time 16.69ms, mfu 10.74%
step 150: train loss 2.3260, val loss 2.6248
saving checkpoint to out-shakespeare-5-320-0.125
iter 150: loss 2.3566, time 178.39ms, mfu 9.79%
iter 160: loss 2.3213, time 16.48ms, mfu 10.14%
iter 170: loss 2.3199, time 18.64ms, mfu 10.31%
iter 180: loss 2.3021, time 15.13ms, mfu 10.73%
iter 190: loss 2.2544, time 17.00ms, mfu 10.96%
step 200: train loss 2.2011, val loss 2.5592
saving checkpoint to out-shakespeare-5-320-0.125
iter 200: loss 2.2501, time 175.09ms, mfu 9.99%
iter 210: loss 2.2172, time 15.61ms, mfu 10.40%
iter 220: loss 2.2024, time 16.69ms, mfu 10.68%
iter 230: loss 2.1806, time 18.28ms, mfu 10.81%
iter 240: loss 2.2115, time 26.65ms, mfu 10.56%
step 250: train loss 2.0911, val loss 2.4887
saving checkpoint to out-shakespeare-5-320-0.125
iter 250: loss 2.1707, time 176.11ms, mfu 9.63%
iter 260: loss 2.1704, time 16.22ms, mfu 10.02%
iter 270: loss 2.1674, time 17.63ms, mfu 10.27%
iter 280: loss 2.1679, time 14.70ms, mfu 10.74%
iter 290: loss 2.1360, time 16.80ms, mfu 10.98%
step 300: train loss 2.0466, val loss 2.4792
saving checkpoint to out-shakespeare-5-320-0.125
iter 300: loss 2.1963, time 177.29ms, mfu 10.00%
iter 310: loss 2.1420, time 16.62ms, mfu 10.33%
iter 320: loss 2.1288, time 18.73ms, mfu 10.47%
iter 330: loss 2.1193, time 26.31ms, mfu 10.26%
iter 340: loss 2.0735, time 15.80ms, mfu 10.63%
step 350: train loss 1.9894, val loss 2.4444
saving checkpoint to out-shakespeare-5-320-0.125
iter 350: loss 2.1013, time 177.36ms, mfu 9.69%
iter 360: loss 2.0714, time 16.29ms, mfu 10.07%
iter 370: loss 2.0874, time 16.85ms, mfu 10.37%
iter 380: loss 2.0736, time 29.18ms, mfu 10.09%
iter 390: loss 2.0670, time 16.57ms, mfu 10.41%
step 400: train loss 1.9388, val loss 2.4298
saving checkpoint to out-shakespeare-5-320-0.125
iter 400: loss 2.0634, time 174.55ms, mfu 9.49%
iter 410: loss 2.0758, time 15.17ms, mfu 10.00%
iter 420: loss 2.0340, time 29.75ms, mfu 9.74%
iter 430: loss 2.0331, time 29.36ms, mfu 9.51%
iter 440: loss 2.0469, time 15.56ms, mfu 9.98%
step 450: train loss 1.9028, val loss 2.4027
saving checkpoint to out-shakespeare-5-320-0.125
iter 450: loss 2.0156, time 175.75ms, mfu 9.10%
iter 460: loss 1.9824, time 15.97ms, mfu 9.57%
iter 470: loss 1.9738, time 17.51ms, mfu 9.87%
iter 480: loss 2.0501, time 29.33ms, mfu 9.64%
iter 490: loss 1.9039, time 15.61ms, mfu 10.08%
step 500: train loss 1.8778, val loss 2.4065
saving checkpoint to out-shakespeare-5-320-0.125
iter 500: loss 1.9888, time 172.90ms, mfu 9.20%
iter 510: loss 1.9916, time 15.33ms, mfu 9.72%
iter 520: loss 1.9932, time 30.38ms, mfu 9.47%
iter 530: loss 1.9772, time 27.52ms, mfu 9.32%
iter 540: loss 1.9807, time 15.28ms, mfu 9.83%
step 550: train loss 1.8261, val loss 2.3691
saving checkpoint to out-shakespeare-5-320-0.125
iter 550: loss 1.9763, time 181.16ms, mfu 8.97%
iter 560: loss 1.9402, time 15.64ms, mfu 9.48%
iter 570: loss 1.9092, time 29.69ms, mfu 9.28%
iter 580: loss 1.8837, time 15.24ms, mfu 9.79%
iter 590: loss 1.9315, time 17.61ms, mfu 10.06%
step 600: train loss 1.7804, val loss 2.3480
saving checkpoint to out-shakespeare-5-320-0.125
iter 600: loss 1.9007, time 165.69ms, mfu 9.19%
iter 610: loss 1.8909, time 16.50ms, mfu 9.61%
iter 620: loss 1.9169, time 18.05ms, mfu 9.86%
iter 630: loss 1.9124, time 14.49ms, mfu 10.40%
iter 640: loss 1.9018, time 15.24ms, mfu 10.80%
step 650: train loss 1.7501, val loss 2.3219
saving checkpoint to out-shakespeare-5-320-0.125
iter 650: loss 1.8781, time 177.08ms, mfu 9.85%
iter 660: loss 1.8996, time 16.63ms, mfu 10.19%
iter 670: loss 1.8521, time 28.97ms, mfu 9.93%
iter 680: loss 1.8759, time 25.92ms, mfu 9.78%
iter 690: loss 1.8414, time 15.55ms, mfu 10.22%
step 700: train loss 1.7179, val loss 2.3343
saving checkpoint to out-shakespeare-5-320-0.125
iter 700: loss 1.8293, time 176.90ms, mfu 9.32%
iter 710: loss 1.8518, time 15.39ms, mfu 9.82%
iter 720: loss 1.8237, time 18.13ms, mfu 10.05%
iter 730: loss 1.8284, time 17.08ms, mfu 10.34%
iter 740: loss 1.8388, time 15.91ms, mfu 10.69%
step 750: train loss 1.6797, val loss 2.2946
saving checkpoint to out-shakespeare-5-320-0.125
iter 750: loss 1.8016, time 178.50ms, mfu 9.74%
iter 760: loss 1.8077, time 15.53ms, mfu 10.19%
iter 770: loss 1.8121, time 18.39ms, mfu 10.37%
iter 780: loss 1.7856, time 18.00ms, mfu 10.55%
iter 790: loss 1.8008, time 14.71ms, mfu 10.99%
step 800: train loss 1.6492, val loss 2.2847
saving checkpoint to out-shakespeare-5-320-0.125
iter 800: loss 1.8051, time 172.08ms, mfu 10.02%
iter 810: loss 1.7869, time 7.00ms, mfu 12.16%
iter 820: loss 1.7923, time 14.84ms, mfu 12.43%
iter 830: loss 1.7995, time 15.37ms, mfu 12.62%
iter 840: loss 1.7880, time 16.51ms, mfu 12.69%
step 850: train loss 1.6303, val loss 2.2945
saving checkpoint to out-shakespeare-5-320-0.125
iter 850: loss 1.7928, time 177.86ms, mfu 11.55%
iter 860: loss 1.7310, time 16.51ms, mfu 11.73%
iter 870: loss 1.7469, time 15.57ms, mfu 11.97%
iter 880: loss 1.7264, time 17.52ms, mfu 12.03%
iter 890: loss 1.7379, time 28.83ms, mfu 11.59%
step 900: train loss 1.6041, val loss 2.2587
saving checkpoint to out-shakespeare-5-320-0.125
iter 900: loss 1.7420, time 180.12ms, mfu 10.55%
iter 910: loss 1.7052, time 16.12ms, mfu 10.86%
iter 920: loss 1.7501, time 16.68ms, mfu 11.10%
iter 930: loss 1.7345, time 18.54ms, mfu 11.17%
iter 940: loss 1.7433, time 27.55ms, mfu 10.86%
step 950: train loss 1.5725, val loss 2.2649
saving checkpoint to out-shakespeare-5-320-0.125
iter 950: loss 1.7203, time 171.91ms, mfu 9.90%
iter 960: loss 1.6787, time 18.41ms, mfu 10.10%
iter 970: loss 1.6954, time 16.64ms, mfu 10.42%
iter 980: loss 1.7096, time 16.24ms, mfu 10.73%
iter 990: loss 1.6930, time 18.12ms, mfu 10.87%
step 1000: train loss 1.5712, val loss 2.2483
saving checkpoint to out-shakespeare-5-320-0.125
iter 1000: loss 1.6822, time 177.34ms, mfu 9.91%
iter 1010: loss 1.7093, time 15.73ms, mfu 10.32%
iter 1020: loss 1.6913, time 16.50ms, mfu 10.62%
iter 1030: loss 1.6884, time 18.71ms, mfu 10.73%
iter 1040: loss 1.6497, time 28.58ms, mfu 10.43%
step 1050: train loss 1.5318, val loss 2.2591
saving checkpoint to out-shakespeare-5-320-0.125
iter 1050: loss 1.7024, time 171.94ms, mfu 9.52%
iter 1060: loss 1.6520, time 28.84ms, mfu 9.33%
iter 1070: loss 1.6591, time 15.62ms, mfu 9.81%
iter 1080: loss 1.6551, time 15.91ms, mfu 10.21%
iter 1090: loss 1.6368, time 29.54ms, mfu 9.93%
step 1100: train loss 1.5002, val loss 2.2608
saving checkpoint to out-shakespeare-5-320-0.125
iter 1100: loss 1.6620, time 171.62ms, mfu 9.07%
iter 1110: loss 1.6545, time 15.89ms, mfu 9.55%
iter 1120: loss 1.6070, time 16.91ms, mfu 9.89%
iter 1130: loss 1.6375, time 29.25ms, mfu 9.66%
iter 1140: loss 1.6389, time 28.21ms, mfu 9.47%
step 1150: train loss 1.4854, val loss 2.2822
saving checkpoint to out-shakespeare-5-320-0.125
iter 1150: loss 1.6076, time 172.31ms, mfu 8.65%
iter 1160: loss 1.6259, time 16.44ms, mfu 9.13%
iter 1170: loss 1.6113, time 15.54ms, mfu 9.63%
iter 1180: loss 1.5947, time 17.94ms, mfu 9.89%
iter 1190: loss 1.6215, time 16.04ms, mfu 10.28%
step 1200: train loss 1.4501, val loss 2.2376
saving checkpoint to out-shakespeare-5-320-0.125
iter 1200: loss 1.5915, time 174.05ms, mfu 9.38%
iter 1210: loss 1.5840, time 15.56ms, mfu 9.85%
iter 1220: loss 1.6405, time 16.85ms, mfu 10.17%
iter 1230: loss 1.5808, time 28.19ms, mfu 9.94%
iter 1240: loss 1.6213, time 17.09ms, mfu 10.23%
step 1250: train loss 1.4481, val loss 2.2765
saving checkpoint to out-shakespeare-5-320-0.125
iter 1250: loss 1.6202, time 178.73ms, mfu 9.33%
iter 1260: loss 1.5762, time 15.21ms, mfu 9.85%
iter 1270: loss 1.5789, time 18.04ms, mfu 10.08%
iter 1280: loss 1.5817, time 15.14ms, mfu 10.53%
iter 1290: loss 1.5644, time 15.15ms, mfu 10.93%
step 1300: train loss 1.4212, val loss 2.2095
saving checkpoint to out-shakespeare-5-320-0.125
iter 1300: loss 1.5651, time 179.58ms, mfu 9.96%
iter 1310: loss 1.5580, time 29.47ms, mfu 9.71%
iter 1320: loss 1.5621, time 16.90ms, mfu 10.04%
iter 1330: loss 1.5557, time 16.46ms, mfu 10.37%
iter 1340: loss 1.5455, time 17.81ms, mfu 10.57%
step 1350: train loss 1.4180, val loss 2.2548
saving checkpoint to out-shakespeare-5-320-0.125
iter 1350: loss 1.5315, time 179.93ms, mfu 9.64%
iter 1360: loss 1.5363, time 17.83ms, mfu 9.91%
iter 1370: loss 1.5458, time 27.13ms, mfu 9.73%
iter 1380: loss 1.5414, time 15.38ms, mfu 10.19%
iter 1390: loss 1.5312, time 18.86ms, mfu 10.34%
step 1400: train loss 1.3962, val loss 2.2608
saving checkpoint to out-shakespeare-5-320-0.125
iter 1400: loss 1.5484, time 170.50ms, mfu 9.43%
iter 1410: loss 1.5126, time 16.15ms, mfu 9.85%
iter 1420: loss 1.5131, time 16.47ms, mfu 10.20%
iter 1430: loss 1.5568, time 27.14ms, mfu 9.99%
iter 1440: loss 1.5091, time 15.58ms, mfu 10.41%
step 1450: train loss 1.3709, val loss 2.2522
saving checkpoint to out-shakespeare-5-320-0.125
iter 1450: loss 1.5557, time 176.14ms, mfu 9.49%
iter 1460: loss 1.5442, time 16.73ms, mfu 9.86%
iter 1470: loss 1.4960, time 30.34ms, mfu 9.60%
iter 1480: loss 1.5099, time 15.29ms, mfu 10.08%
iter 1490: loss 1.5144, time 16.14ms, mfu 10.44%
step 1500: train loss 1.3524, val loss 2.2370
saving checkpoint to out-shakespeare-5-320-0.125
iter 1500: loss 1.5101, time 178.69ms, mfu 9.52%
iter 1510: loss 1.4910, time 18.74ms, mfu 9.74%
iter 1520: loss 1.5007, time 16.76ms, mfu 10.08%
iter 1530: loss 1.5199, time 15.78ms, mfu 10.47%
iter 1540: loss 1.4779, time 28.55ms, mfu 10.19%
step 1550: train loss 1.3265, val loss 2.2288
saving checkpoint to out-shakespeare-5-320-0.125
iter 1550: loss 1.4933, time 169.96ms, mfu 9.30%
iter 1560: loss 1.5097, time 15.39ms, mfu 9.80%
iter 1570: loss 1.4839, time 16.39ms, mfu 10.16%
iter 1580: loss 1.4647, time 17.78ms, mfu 10.39%
iter 1590: loss 1.4475, time 15.21ms, mfu 10.80%
step 1600: train loss 1.3075, val loss 2.2423
saving checkpoint to out-shakespeare-5-320-0.125
iter 1600: loss 1.4347, time 175.67ms, mfu 9.84%
iter 1610: loss 1.4438, time 15.43ms, mfu 10.28%
iter 1620: loss 1.4604, time 16.08ms, mfu 10.62%
iter 1630: loss 1.4517, time 18.11ms, mfu 10.78%
iter 1640: loss 1.4644, time 25.95ms, mfu 10.55%
step 1650: train loss 1.2832, val loss 2.2288
saving checkpoint to out-shakespeare-5-320-0.125
iter 1650: loss 1.4233, time 173.00ms, mfu 9.62%
iter 1660: loss 1.4657, time 15.85ms, mfu 10.05%
iter 1670: loss 1.4468, time 16.38ms, mfu 10.39%
iter 1680: loss 1.4664, time 29.60ms, mfu 10.09%
iter 1690: loss 1.4400, time 15.87ms, mfu 10.47%
step 1700: train loss 1.2831, val loss 2.2459
saving checkpoint to out-shakespeare-5-320-0.125
iter 1700: loss 1.4461, time 179.56ms, mfu 9.55%
iter 1710: loss 1.4450, time 29.13ms, mfu 9.35%
iter 1720: loss 1.4636, time 15.58ms, mfu 9.83%
iter 1730: loss 1.4666, time 15.03ms, mfu 10.31%
iter 1740: loss 1.4238, time 17.42ms, mfu 10.54%
step 1750: train loss 1.2619, val loss 2.2292
saving checkpoint to out-shakespeare-5-320-0.125
iter 1750: loss 1.4045, time 181.80ms, mfu 9.61%
iter 1760: loss 1.3736, time 16.82ms, mfu 9.96%
iter 1770: loss 1.4167, time 15.73ms, mfu 10.36%
iter 1780: loss 1.4102, time 28.46ms, mfu 10.10%
iter 1790: loss 1.4509, time 17.46ms, mfu 10.35%
step 1800: train loss 1.2567, val loss 2.2667
saving checkpoint to out-shakespeare-5-320-0.125
iter 1800: loss 1.4398, time 174.03ms, mfu 9.44%
iter 1810: loss 1.3947, time 15.47ms, mfu 9.92%
iter 1820: loss 1.3473, time 18.71ms, mfu 10.10%
iter 1830: loss 1.4287, time 15.82ms, mfu 10.48%
iter 1840: loss 1.3881, time 19.01ms, mfu 10.59%
step 1850: train loss 1.2276, val loss 2.2757
saving checkpoint to out-shakespeare-5-320-0.125
iter 1850: loss 1.3723, time 169.78ms, mfu 9.66%
iter 1860: loss 1.3823, time 15.93ms, mfu 10.08%
iter 1870: loss 1.4216, time 16.54ms, mfu 10.40%
iter 1880: loss 1.3743, time 27.79ms, mfu 10.16%
iter 1890: loss 1.3974, time 16.39ms, mfu 10.48%
step 1900: train loss 1.2227, val loss 2.2855
saving checkpoint to out-shakespeare-5-320-0.125
iter 1900: loss 1.4148, time 176.21ms, mfu 9.56%
iter 1910: loss 1.3631, time 30.44ms, mfu 9.33%
iter 1920: loss 1.4255, time 16.42ms, mfu 9.74%
iter 1930: loss 1.3533, time 18.01ms, mfu 9.98%
iter 1940: loss 1.4066, time 16.83ms, mfu 10.29%
step 1950: train loss 1.2003, val loss 2.2426
saving checkpoint to out-shakespeare-5-320-0.125
iter 1950: loss 1.3713, time 176.05ms, mfu 9.39%
iter 1960: loss 1.3646, time 17.28ms, mfu 9.72%
iter 1970: loss 1.3748, time 26.26ms, mfu 9.59%
iter 1980: loss 1.4181, time 15.61ms, mfu 10.04%
iter 1990: loss 1.3529, time 28.89ms, mfu 9.80%
step 2000: train loss 1.1675, val loss 2.2955
saving checkpoint to out-shakespeare-5-320-0.125
iter 2000: loss 1.3537, time 169.91ms, mfu 8.95%
iter 2010: loss 1.3739, time 15.44ms, mfu 9.48%
iter 2020: loss 1.3706, time 15.59ms, mfu 9.94%
iter 2030: loss 1.3278, time 30.00ms, mfu 9.68%
iter 2040: loss 1.3905, time 16.74ms, mfu 10.03%
step 2050: train loss 1.1824, val loss 2.2958
saving checkpoint to out-shakespeare-5-320-0.125
iter 2050: loss 1.3200, time 174.24ms, mfu 9.15%
iter 2060: loss 1.2994, time 15.93ms, mfu 9.62%
iter 2070: loss 1.3290, time 18.50ms, mfu 9.85%
iter 2080: loss 1.3262, time 27.01ms, mfu 9.68%
iter 2090: loss 1.3503, time 16.00ms, mfu 10.09%
step 2100: train loss 1.1545, val loss 2.3267
saving checkpoint to out-shakespeare-5-320-0.125
iter 2100: loss 1.2909, time 175.12ms, mfu 9.20%
iter 2110: loss 1.3153, time 17.56ms, mfu 9.54%
iter 2120: loss 1.2823, time 27.55ms, mfu 9.38%
iter 2130: loss 1.3000, time 15.09ms, mfu 9.90%
iter 2140: loss 1.3247, time 18.42ms, mfu 10.11%
step 2150: train loss 1.1266, val loss 2.2919
saving checkpoint to out-shakespeare-5-320-0.125
iter 2150: loss 1.2998, time 179.13ms, mfu 9.22%
iter 2160: loss 1.3144, time 17.99ms, mfu 9.52%
iter 2170: loss 1.3074, time 15.87ms, mfu 9.96%
iter 2180: loss 1.2933, time 17.99ms, mfu 10.18%
iter 2190: loss 1.3416, time 25.41ms, mfu 10.03%
step 2200: train loss 1.1204, val loss 2.2911
saving checkpoint to out-shakespeare-5-320-0.125
iter 2200: loss 1.2522, time 177.98ms, mfu 9.15%
iter 2210: loss 1.2555, time 15.29ms, mfu 9.68%
iter 2220: loss 1.3051, time 29.02ms, mfu 9.47%
iter 2230: loss 1.2722, time 16.01ms, mfu 9.90%
iter 2240: loss 1.2500, time 28.60ms, mfu 9.68%
step 2250: train loss 1.0809, val loss 2.3312
saving checkpoint to out-shakespeare-5-320-0.125
iter 2250: loss 1.3049, time 172.16ms, mfu 8.84%
iter 2260: loss 1.2965, time 26.89ms, mfu 8.77%
iter 2270: loss 1.2739, time 17.59ms, mfu 9.15%
iter 2280: loss 1.2983, time 29.99ms, mfu 8.97%
iter 2290: loss 1.2767, time 14.86ms, mfu 9.55%
step 2300: train loss 1.0677, val loss 2.3181
saving checkpoint to out-shakespeare-5-320-0.125
iter 2300: loss 1.3006, time 177.39ms, mfu 8.72%
iter 2310: loss 1.2629, time 17.81ms, mfu 9.08%
iter 2320: loss 1.2665, time 27.68ms, mfu 8.97%
iter 2330: loss 1.2501, time 15.60ms, mfu 9.49%
iter 2340: loss 1.2690, time 15.84ms, mfu 9.93%
step 2350: train loss 1.0598, val loss 2.3523
saving checkpoint to out-shakespeare-5-320-0.125
iter 2350: loss 1.2117, time 166.21ms, mfu 9.07%
iter 2360: loss 1.2266, time 18.59ms, mfu 9.34%
iter 2370: loss 1.2283, time 27.24ms, mfu 9.22%
iter 2380: loss 1.2438, time 15.35ms, mfu 9.73%
iter 2390: loss 1.2546, time 16.70ms, mfu 10.08%
step 2400: train loss 1.0165, val loss 2.3705
saving checkpoint to out-shakespeare-5-320-0.125
iter 2400: loss 1.2649, time 177.21ms, mfu 9.19%
iter 2410: loss 1.2361, time 16.81ms, mfu 9.58%
iter 2420: loss 1.2339, time 16.48ms, mfu 9.96%
iter 2430: loss 1.2560, time 15.13ms, mfu 10.42%
iter 2440: loss 1.2268, time 30.06ms, mfu 10.11%
step 2450: train loss 1.0245, val loss 2.3828
saving checkpoint to out-shakespeare-5-320-0.125
iter 2450: loss 1.1919, time 182.46ms, mfu 9.22%
iter 2460: loss 1.1831, time 15.76ms, mfu 9.69%
iter 2470: loss 1.2093, time 16.72ms, mfu 10.04%
iter 2480: loss 1.2144, time 17.73ms, mfu 10.28%
iter 2490: loss 1.2239, time 16.65ms, mfu 10.57%
step 2500: train loss 0.9875, val loss 2.3860
saving checkpoint to out-shakespeare-5-320-0.125
iter 2500: loss 1.2271, time 174.64ms, mfu 9.64%
iter 2510: loss 1.1925, time 14.94ms, mfu 10.15%
iter 2520: loss 1.1958, time 16.32ms, mfu 10.49%
iter 2530: loss 1.2037, time 28.27ms, mfu 10.22%
iter 2540: loss 1.2074, time 15.90ms, mfu 10.58%
step 2550: train loss 0.9724, val loss 2.3352
saving checkpoint to out-shakespeare-5-320-0.125
iter 2550: loss 1.1937, time 174.59ms, mfu 9.65%
iter 2560: loss 1.1976, time 15.27ms, mfu 10.12%
iter 2570: loss 1.1767, time 15.89ms, mfu 10.50%
iter 2580: loss 1.1629, time 19.05ms, mfu 10.60%
iter 2590: loss 1.1834, time 16.18ms, mfu 10.90%
step 2600: train loss 0.9539, val loss 2.4074
saving checkpoint to out-shakespeare-5-320-0.125
iter 2600: loss 1.1668, time 176.39ms, mfu 9.94%
iter 2610: loss 1.1729, time 16.26ms, mfu 10.30%
iter 2620: loss 1.1638, time 18.36ms, mfu 10.47%
iter 2630: loss 1.1838, time 28.49ms, mfu 10.19%
iter 2640: loss 1.1622, time 17.50ms, mfu 10.43%
step 2650: train loss 0.9230, val loss 2.4084
saving checkpoint to out-shakespeare-5-320-0.125
iter 2650: loss 1.1331, time 176.01ms, mfu 9.51%
iter 2660: loss 1.1478, time 16.98ms, mfu 9.86%
iter 2670: loss 1.1618, time 28.17ms, mfu 9.65%
iter 2680: loss 1.1575, time 15.69ms, mfu 10.09%
iter 2690: loss 1.1688, time 16.89ms, mfu 10.39%
step 2700: train loss 0.9119, val loss 2.4388
saving checkpoint to out-shakespeare-5-320-0.125
iter 2700: loss 1.1743, time 178.80ms, mfu 9.47%
iter 2710: loss 1.1546, time 16.72ms, mfu 9.84%
iter 2720: loss 1.1382, time 16.24ms, mfu 10.21%
iter 2730: loss 1.1346, time 14.65ms, mfu 10.69%
iter 2740: loss 1.1187, time 16.56ms, mfu 10.95%
step 2750: train loss 0.9042, val loss 2.4247
saving checkpoint to out-shakespeare-5-320-0.125
iter 2750: loss 1.1393, time 179.36ms, mfu 9.98%
iter 2760: loss 1.1255, time 30.57ms, mfu 9.70%
iter 2770: loss 1.1421, time 26.53ms, mfu 9.56%
iter 2780: loss 1.1162, time 15.04ms, mfu 10.07%
iter 2790: loss 1.1120, time 18.48ms, mfu 10.25%
step 2800: train loss 0.8683, val loss 2.4611
saving checkpoint to out-shakespeare-5-320-0.125
iter 2800: loss 1.1319, time 168.50ms, mfu 9.36%
iter 2810: loss 1.1161, time 29.33ms, mfu 9.17%
iter 2820: loss 1.1091, time 15.76ms, mfu 9.65%
iter 2830: loss 1.1336, time 14.71ms, mfu 10.19%
iter 2840: loss 1.1162, time 17.96ms, mfu 10.39%
step 2850: train loss 0.8484, val loss 2.4347
saving checkpoint to out-shakespeare-5-320-0.125
iter 2850: loss 1.0822, time 169.74ms, mfu 9.48%
iter 2860: loss 1.0999, time 27.48ms, mfu 9.34%
iter 2870: loss 1.0954, time 26.23ms, mfu 9.24%
iter 2880: loss 1.1145, time 16.52ms, mfu 9.65%
iter 2890: loss 1.0973, time 16.02ms, mfu 10.06%
step 2900: train loss 0.8343, val loss 2.4645
saving checkpoint to out-shakespeare-5-320-0.125
iter 2900: loss 1.0634, time 179.28ms, mfu 9.18%
iter 2910: loss 1.0918, time 18.77ms, mfu 9.43%
iter 2920: loss 1.0916, time 16.59ms, mfu 9.82%
iter 2930: loss 1.0601, time 16.16ms, mfu 10.20%
iter 2940: loss 1.0730, time 30.12ms, mfu 9.91%
step 2950: train loss 0.8075, val loss 2.5014
saving checkpoint to out-shakespeare-5-320-0.125
iter 2950: loss 1.0752, time 169.79ms, mfu 9.05%
iter 2960: loss 1.0827, time 27.12ms, mfu 8.95%
iter 2970: loss 1.0726, time 15.63ms, mfu 9.47%
iter 2980: loss 1.0198, time 17.19ms, mfu 9.80%
iter 2990: loss 1.0532, time 17.08ms, mfu 10.11%
step 3000: train loss 0.7915, val loss 2.4949
saving checkpoint to out-shakespeare-5-320-0.125
iter 3000: loss 1.0564, time 172.97ms, mfu 9.23%
iter 3010: loss 1.0415, time 16.30ms, mfu 9.65%
iter 3020: loss 1.0517, time 16.59ms, mfu 10.02%
iter 3030: loss 1.0340, time 27.06ms, mfu 9.83%
iter 3040: loss 1.0225, time 16.99ms, mfu 10.14%
step 3050: train loss 0.7708, val loss 2.5513
saving checkpoint to out-shakespeare-5-320-0.125
iter 3050: loss 1.0565, time 177.41ms, mfu 9.25%
iter 3060: loss 1.0439, time 16.45ms, mfu 9.66%
iter 3070: loss 1.0159, time 15.91ms, mfu 10.08%
iter 3080: loss 1.0295, time 19.67ms, mfu 10.19%
iter 3090: loss 1.0345, time 14.77ms, mfu 10.66%
step 3100: train loss 0.7453, val loss 2.5494
saving checkpoint to out-shakespeare-5-320-0.125
iter 3100: loss 1.0301, time 174.92ms, mfu 9.72%
iter 3110: loss 1.0345, time 15.90ms, mfu 10.13%
iter 3120: loss 1.0189, time 28.44ms, mfu 9.90%
iter 3130: loss 1.0303, time 27.09ms, mfu 9.72%
iter 3140: loss 1.0050, time 16.29ms, mfu 10.10%
step 3150: train loss 0.7300, val loss 2.5822
saving checkpoint to out-shakespeare-5-320-0.125
iter 3150: loss 1.0130, time 174.91ms, mfu 9.21%
iter 3160: loss 0.9950, time 16.71ms, mfu 9.61%
iter 3170: loss 0.9926, time 28.43ms, mfu 9.42%
iter 3180: loss 1.0199, time 15.33ms, mfu 9.92%
iter 3190: loss 0.9897, time 15.91ms, mfu 10.31%
step 3200: train loss 0.7131, val loss 2.5936
saving checkpoint to out-shakespeare-5-320-0.125
iter 3200: loss 1.0150, time 166.26ms, mfu 9.41%
iter 3210: loss 1.0010, time 17.38ms, mfu 9.74%
iter 3220: loss 0.9679, time 29.45ms, mfu 9.51%
iter 3230: loss 0.9872, time 16.48ms, mfu 9.90%
iter 3240: loss 0.9749, time 16.43ms, mfu 10.25%
step 3250: train loss 0.6883, val loss 2.6140
saving checkpoint to out-shakespeare-5-320-0.125
iter 3250: loss 0.9658, time 180.25ms, mfu 9.34%
iter 3260: loss 0.9623, time 16.81ms, mfu 9.72%
iter 3270: loss 0.9671, time 26.62ms, mfu 9.57%
iter 3280: loss 0.9394, time 15.58ms, mfu 10.03%
iter 3290: loss 0.9669, time 15.48ms, mfu 10.45%
step 3300: train loss 0.6650, val loss 2.6108
saving checkpoint to out-shakespeare-5-320-0.125
iter 3300: loss 0.9249, time 178.43ms, mfu 9.53%
iter 3310: loss 0.9549, time 18.07ms, mfu 9.79%
iter 3320: loss 0.9699, time 26.32ms, mfu 9.65%
iter 3330: loss 0.9548, time 16.73ms, mfu 10.00%
iter 3340: loss 0.9145, time 30.05ms, mfu 9.73%
step 3350: train loss 0.6441, val loss 2.6362
saving checkpoint to out-shakespeare-5-320-0.125
iter 3350: loss 0.9365, time 178.37ms, mfu 8.88%
iter 3360: loss 0.9490, time 28.79ms, mfu 8.76%
iter 3370: loss 0.9365, time 16.50ms, mfu 9.22%
iter 3380: loss 0.9429, time 15.87ms, mfu 9.68%
iter 3390: loss 0.9192, time 17.41ms, mfu 9.98%
step 3400: train loss 0.6324, val loss 2.6667
saving checkpoint to out-shakespeare-5-320-0.125
iter 3400: loss 0.9167, time 177.77ms, mfu 9.11%
iter 3410: loss 0.9136, time 16.12ms, mfu 9.56%
iter 3420: loss 0.9451, time 26.90ms, mfu 9.42%
iter 3430: loss 0.9113, time 16.36ms, mfu 9.83%
iter 3440: loss 0.9088, time 17.48ms, mfu 10.10%
step 3450: train loss 0.6022, val loss 2.7242
saving checkpoint to out-shakespeare-5-320-0.125
iter 3450: loss 0.9212, time 170.15ms, mfu 9.22%
iter 3460: loss 0.8878, time 26.34ms, mfu 9.14%
iter 3470: loss 0.8989, time 16.31ms, mfu 9.57%
iter 3480: loss 0.9346, time 15.96ms, mfu 10.00%
iter 3490: loss 0.8987, time 18.36ms, mfu 10.19%
step 3500: train loss 0.5848, val loss 2.6994
saving checkpoint to out-shakespeare-5-320-0.125
iter 3500: loss 0.8970, time 171.31ms, mfu 9.30%
iter 3510: loss 0.8969, time 26.64ms, mfu 9.20%
iter 3520: loss 0.8851, time 16.42ms, mfu 9.62%
iter 3530: loss 0.8846, time 19.01ms, mfu 9.82%
iter 3540: loss 0.8851, time 15.47ms, mfu 10.26%
step 3550: train loss 0.5611, val loss 2.7584
saving checkpoint to out-shakespeare-5-320-0.125
iter 3550: loss 0.8546, time 171.45ms, mfu 9.36%
iter 3560: loss 0.8945, time 26.33ms, mfu 9.26%
iter 3570: loss 0.8802, time 16.96ms, mfu 9.63%
iter 3580: loss 0.8627, time 16.83ms, mfu 9.98%
iter 3590: loss 0.8849, time 6.17ms, mfu 12.55%
step 3600: train loss 0.5385, val loss 2.7210
saving checkpoint to out-shakespeare-5-320-0.125
iter 3600: loss 0.8661, time 168.78ms, mfu 11.42%
iter 3610: loss 0.8681, time 14.20ms, mfu 11.83%
iter 3620: loss 0.8650, time 15.64ms, mfu 12.05%
iter 3630: loss 0.8430, time 14.21ms, mfu 12.40%
iter 3640: loss 0.8568, time 29.96ms, mfu 11.89%
step 3650: train loss 0.5254, val loss 2.7264
saving checkpoint to out-shakespeare-5-320-0.125
iter 3650: loss 0.8516, time 169.50ms, mfu 10.83%
iter 3660: loss 0.8606, time 27.82ms, mfu 10.54%
iter 3670: loss 0.8317, time 16.89ms, mfu 10.79%
iter 3680: loss 0.8678, time 15.95ms, mfu 11.09%
iter 3690: loss 0.8210, time 27.49ms, mfu 10.78%
step 3700: train loss 0.5058, val loss 2.7641
saving checkpoint to out-shakespeare-5-320-0.125
iter 3700: loss 0.8181, time 172.22ms, mfu 9.83%
iter 3710: loss 0.8330, time 28.70ms, mfu 9.62%
iter 3720: loss 0.8241, time 17.07ms, mfu 9.95%
iter 3730: loss 0.8096, time 15.86ms, mfu 10.34%
iter 3740: loss 0.8179, time 29.28ms, mfu 10.06%
step 3750: train loss 0.4775, val loss 2.8393
saving checkpoint to out-shakespeare-5-320-0.125
iter 3750: loss 0.8351, time 171.84ms, mfu 9.18%
iter 3760: loss 0.8162, time 27.90ms, mfu 9.05%
iter 3770: loss 0.8143, time 17.29ms, mfu 9.42%
iter 3780: loss 0.8062, time 16.26ms, mfu 9.83%
iter 3790: loss 0.7988, time 28.64ms, mfu 9.62%
step 3800: train loss 0.4635, val loss 2.8253
saving checkpoint to out-shakespeare-5-320-0.125
iter 3800: loss 0.8018, time 172.92ms, mfu 8.78%
iter 3810: loss 0.7887, time 16.16ms, mfu 9.27%
iter 3820: loss 0.7872, time 15.90ms, mfu 9.72%
iter 3830: loss 0.8040, time 18.17ms, mfu 9.96%
iter 3840: loss 0.7829, time 26.90ms, mfu 9.79%
step 3850: train loss 0.4432, val loss 2.8811
saving checkpoint to out-shakespeare-5-320-0.125
iter 3850: loss 0.7882, time 173.57ms, mfu 8.93%
iter 3860: loss 0.7687, time 15.77ms, mfu 9.44%
iter 3870: loss 0.7956, time 16.42ms, mfu 9.83%
iter 3880: loss 0.7804, time 18.09ms, mfu 10.07%
iter 3890: loss 0.7558, time 16.45ms, mfu 10.40%
step 3900: train loss 0.4341, val loss 2.9036
saving checkpoint to out-shakespeare-5-320-0.125
iter 3900: loss 0.7681, time 174.44ms, mfu 9.49%
iter 3910: loss 0.7764, time 15.34ms, mfu 9.97%
iter 3920: loss 0.7585, time 16.35ms, mfu 10.32%
iter 3930: loss 0.7787, time 27.50ms, mfu 10.09%
iter 3940: loss 0.7473, time 15.59ms, mfu 10.49%
step 3950: train loss 0.4111, val loss 2.9573
saving checkpoint to out-shakespeare-5-320-0.125
iter 3950: loss 0.7403, time 176.91ms, mfu 9.57%
iter 3960: loss 0.7372, time 15.28ms, mfu 10.05%
iter 3970: loss 0.7522, time 15.60ms, mfu 10.46%
iter 3980: loss 0.7437, time 28.55ms, mfu 10.19%
iter 3990: loss 0.7619, time 15.52ms, mfu 10.58%
step 4000: train loss 0.4048, val loss 2.9851
saving checkpoint to out-shakespeare-5-320-0.125
iter 4000: loss 0.7377, time 175.47ms, mfu 9.65%
iter 4010: loss 0.7458, time 16.97ms, mfu 9.98%
iter 4020: loss 0.7334, time 17.80ms, mfu 10.22%
iter 4030: loss 0.7491, time 26.25ms, mfu 10.04%
iter 4040: loss 0.7409, time 16.85ms, mfu 10.34%
step 4050: train loss 0.3862, val loss 2.9510
saving checkpoint to out-shakespeare-5-320-0.125
iter 4050: loss 0.7271, time 179.17ms, mfu 9.43%
iter 4060: loss 0.7245, time 16.62ms, mfu 9.81%
iter 4070: loss 0.6886, time 18.38ms, mfu 10.03%
iter 4080: loss 0.7058, time 28.45ms, mfu 9.80%
iter 4090: loss 0.7152, time 16.26ms, mfu 10.17%
step 4100: train loss 0.3613, val loss 3.0190
saving checkpoint to out-shakespeare-5-320-0.125
iter 4100: loss 0.7235, time 174.76ms, mfu 9.28%
iter 4110: loss 0.7268, time 16.01ms, mfu 9.73%
iter 4120: loss 0.7193, time 15.59ms, mfu 10.17%
iter 4130: loss 0.7052, time 18.12ms, mfu 10.37%
iter 4140: loss 0.7157, time 26.75ms, mfu 10.15%
step 4150: train loss 0.3469, val loss 3.0049
saving checkpoint to out-shakespeare-5-320-0.125
iter 4150: loss 0.7152, time 173.39ms, mfu 9.26%
iter 4160: loss 0.6939, time 15.38ms, mfu 9.77%
iter 4170: loss 0.6800, time 29.98ms, mfu 9.53%
iter 4180: loss 0.6598, time 14.45ms, mfu 10.10%
iter 4190: loss 0.6974, time 16.18ms, mfu 10.45%
step 4200: train loss 0.3411, val loss 3.0251
saving checkpoint to out-shakespeare-5-320-0.125
iter 4200: loss 0.6914, time 178.53ms, mfu 9.53%
iter 4210: loss 0.7014, time 16.15ms, mfu 9.94%
iter 4220: loss 0.6742, time 28.09ms, mfu 9.73%
iter 4230: loss 0.7022, time 16.31ms, mfu 10.10%
iter 4240: loss 0.6850, time 14.62ms, mfu 10.60%
step 4250: train loss 0.3242, val loss 3.0503
saving checkpoint to out-shakespeare-5-320-0.125
iter 4250: loss 0.6580, time 178.99ms, mfu 9.66%
iter 4260: loss 0.6823, time 18.73ms, mfu 9.87%
iter 4270: loss 0.6756, time 27.31ms, mfu 9.69%
iter 4280: loss 0.6613, time 15.49ms, mfu 10.14%
iter 4290: loss 0.6510, time 29.99ms, mfu 9.86%
step 4300: train loss 0.3102, val loss 3.1073
saving checkpoint to out-shakespeare-5-320-0.125
iter 4300: loss 0.6483, time 177.51ms, mfu 9.00%
iter 4310: loss 0.6489, time 17.88ms, mfu 9.33%
iter 4320: loss 0.6594, time 16.27ms, mfu 9.75%
iter 4330: loss 0.6476, time 15.93ms, mfu 10.16%
iter 4340: loss 0.6509, time 15.97ms, mfu 10.52%
step 4350: train loss 0.2894, val loss 3.0564
saving checkpoint to out-shakespeare-5-320-0.125
iter 4350: loss 0.6336, time 178.85ms, mfu 9.59%
iter 4360: loss 0.6285, time 17.26ms, mfu 9.91%
iter 4370: loss 0.6450, time 27.28ms, mfu 9.73%
iter 4380: loss 0.6559, time 16.55ms, mfu 10.08%
iter 4390: loss 0.6268, time 16.46ms, mfu 10.41%
step 4400: train loss 0.2765, val loss 3.1601
saving checkpoint to out-shakespeare-5-320-0.125
iter 4400: loss 0.6068, time 167.15ms, mfu 9.50%
iter 4410: loss 0.6352, time 17.20ms, mfu 9.83%
iter 4420: loss 0.6157, time 15.75ms, mfu 10.25%
iter 4430: loss 0.6122, time 16.19ms, mfu 10.58%
iter 4440: loss 0.6247, time 29.43ms, mfu 10.27%
step 4450: train loss 0.2701, val loss 3.1572
saving checkpoint to out-shakespeare-5-320-0.125
iter 4450: loss 0.6285, time 171.39ms, mfu 9.37%
iter 4460: loss 0.6144, time 28.91ms, mfu 9.20%
iter 4470: loss 0.6129, time 15.13ms, mfu 9.73%
iter 4480: loss 0.5994, time 13.85ms, mfu 10.35%
iter 4490: loss 0.5977, time 27.80ms, mfu 10.11%
step 4500: train loss 0.2554, val loss 3.1982
saving checkpoint to out-shakespeare-5-320-0.125
iter 4500: loss 0.5916, time 173.08ms, mfu 9.22%
iter 4510: loss 0.6289, time 16.08ms, mfu 9.67%
iter 4520: loss 0.5993, time 15.85ms, mfu 10.09%
iter 4530: loss 0.5943, time 17.91ms, mfu 10.31%
iter 4540: loss 0.6230, time 16.52ms, mfu 10.61%
step 4550: train loss 0.2521, val loss 3.1918
saving checkpoint to out-shakespeare-5-320-0.125
iter 4550: loss 0.5933, time 174.83ms, mfu 9.68%
iter 4560: loss 0.5736, time 26.03ms, mfu 9.56%
iter 4570: loss 0.5776, time 16.11ms, mfu 9.97%
iter 4580: loss 0.5882, time 18.61ms, mfu 10.15%
iter 4590: loss 0.5591, time 26.48ms, mfu 9.97%
step 4600: train loss 0.2376, val loss 3.2296
saving checkpoint to out-shakespeare-5-320-0.125
iter 4600: loss 0.5844, time 173.83ms, mfu 9.10%
iter 4610: loss 0.5849, time 17.05ms, mfu 9.48%
iter 4620: loss 0.5671, time 15.95ms, mfu 9.91%
iter 4630: loss 0.5639, time 29.14ms, mfu 9.68%
iter 4640: loss 0.5683, time 15.98ms, mfu 10.09%
step 4650: train loss 0.2203, val loss 3.2600
saving checkpoint to out-shakespeare-5-320-0.125
iter 4650: loss 0.5458, time 171.08ms, mfu 9.21%
iter 4660: loss 0.5550, time 16.40ms, mfu 9.63%
iter 4670: loss 0.5801, time 15.97ms, mfu 10.04%
iter 4680: loss 0.5576, time 17.91ms, mfu 10.27%
iter 4690: loss 0.5497, time 17.02ms, mfu 10.53%
step 4700: train loss 0.2193, val loss 3.3074
saving checkpoint to out-shakespeare-5-320-0.125
iter 4700: loss 0.5442, time 173.98ms, mfu 9.61%
iter 4710: loss 0.5536, time 15.76ms, mfu 10.04%
iter 4720: loss 0.5415, time 18.97ms, mfu 10.20%
iter 4730: loss 0.5685, time 27.47ms, mfu 9.98%
iter 4740: loss 0.5431, time 16.41ms, mfu 10.33%
step 4750: train loss 0.2066, val loss 3.3650
saving checkpoint to out-shakespeare-5-320-0.125
iter 4750: loss 0.5426, time 176.68ms, mfu 9.42%
iter 4760: loss 0.5529, time 15.96ms, mfu 9.86%
iter 4770: loss 0.5342, time 26.52ms, mfu 9.70%
iter 4780: loss 0.5458, time 16.20ms, mfu 10.09%
iter 4790: loss 0.5342, time 16.53ms, mfu 10.41%
step 4800: train loss 0.2026, val loss 3.2985
saving checkpoint to out-shakespeare-5-320-0.125
iter 4800: loss 0.5423, time 177.99ms, mfu 9.49%
iter 4810: loss 0.5374, time 29.90ms, mfu 9.28%
iter 4820: loss 0.5317, time 28.20ms, mfu 9.13%
iter 4830: loss 0.5376, time 15.96ms, mfu 9.60%
iter 4840: loss 0.5388, time 29.14ms, mfu 9.40%
step 4850: train loss 0.1929, val loss 3.3886
saving checkpoint to out-shakespeare-5-320-0.125
iter 4850: loss 0.5228, time 169.40ms, mfu 8.59%
iter 4860: loss 0.5072, time 18.59ms, mfu 8.91%
iter 4870: loss 0.5294, time 26.20ms, mfu 8.86%
iter 4880: loss 0.5210, time 15.64ms, mfu 9.38%
iter 4890: loss 0.5069, time 15.69ms, mfu 9.85%
step 4900: train loss 0.1865, val loss 3.3961
saving checkpoint to out-shakespeare-5-320-0.125
iter 4900: loss 0.5109, time 179.39ms, mfu 8.99%
iter 4910: loss 0.4885, time 5.00ms, mfu 12.49%
iter 4920: loss 0.5098, time 15.88ms, mfu 12.63%
iter 4930: loss 0.4901, time 17.35ms, mfu 12.64%
iter 4940: loss 0.5165, time 29.37ms, mfu 12.12%
step 4950: train loss 0.1809, val loss 3.3980
saving checkpoint to out-shakespeare-5-320-0.125
iter 4950: loss 0.4952, time 179.12ms, mfu 11.03%
iter 4960: loss 0.5027, time 17.71ms, mfu 11.17%
iter 4970: loss 0.5003, time 16.40ms, mfu 11.40%
iter 4980: loss 0.5027, time 17.06ms, mfu 11.55%
iter 4990: loss 0.4988, time 29.28ms, mfu 11.15%
step 5000: train loss 0.1744, val loss 3.4454
saving checkpoint to out-shakespeare-5-320-0.125
iter 5000: loss 0.5039, time 170.41ms, mfu 10.16%
iter 5010: loss 0.4881, time 29.99ms, mfu 9.88%
iter 5020: loss 0.4878, time 16.35ms, mfu 10.24%
iter 5030: loss 0.4789, time 29.67ms, mfu 9.96%
iter 5040: loss 0.4921, time 26.76ms, mfu 9.78%
step 5050: train loss 0.1637, val loss 3.4715
saving checkpoint to out-shakespeare-5-320-0.125
iter 5050: loss 0.4715, time 172.53ms, mfu 8.93%
iter 5060: loss 0.4641, time 15.74ms, mfu 9.44%
iter 5070: loss 0.4672, time 17.09ms, mfu 9.78%
iter 5080: loss 0.4773, time 17.16ms, mfu 10.09%
iter 5090: loss 0.4768, time 6.16ms, mfu 12.65%
step 5100: train loss 0.1648, val loss 3.4944
saving checkpoint to out-shakespeare-5-320-0.125
iter 5100: loss 0.4803, time 170.55ms, mfu 11.52%
iter 5110: loss 0.4464, time 26.98ms, mfu 11.18%
iter 5120: loss 0.4680, time 15.30ms, mfu 11.50%
iter 5130: loss 0.4721, time 16.96ms, mfu 11.65%
iter 5140: loss 0.4557, time 28.03ms, mfu 11.27%
step 5150: train loss 0.1601, val loss 3.4568
saving checkpoint to out-shakespeare-5-320-0.125
iter 5150: loss 0.4634, time 173.43ms, mfu 10.27%
iter 5160: loss 0.4457, time 15.28ms, mfu 10.68%
iter 5170: loss 0.4751, time 16.24ms, mfu 10.97%
iter 5180: loss 0.4455, time 29.17ms, mfu 10.63%
iter 5190: loss 0.4773, time 16.07ms, mfu 10.94%
step 5200: train loss 0.1532, val loss 3.5789
saving checkpoint to out-shakespeare-5-320-0.125
iter 5200: loss 0.4521, time 173.50ms, mfu 9.97%
iter 5210: loss 0.4557, time 14.77ms, mfu 10.46%
iter 5220: loss 0.4394, time 15.67ms, mfu 10.82%
iter 5230: loss 0.4508, time 15.82ms, mfu 11.13%
iter 5240: loss 0.4357, time 26.31ms, mfu 10.85%
step 5250: train loss 0.1453, val loss 3.5885
saving checkpoint to out-shakespeare-5-320-0.125
iter 5250: loss 0.4440, time 170.82ms, mfu 9.90%
iter 5260: loss 0.4498, time 27.09ms, mfu 9.72%
iter 5270: loss 0.4570, time 14.66ms, mfu 10.25%
iter 5280: loss 0.4369, time 15.78ms, mfu 10.62%
iter 5290: loss 0.4431, time 27.33ms, mfu 10.36%
step 5300: train loss 0.1421, val loss 3.6210
saving checkpoint to out-shakespeare-5-320-0.125
iter 5300: loss 0.4315, time 172.79ms, mfu 9.46%
iter 5310: loss 0.4534, time 16.63ms, mfu 9.83%
iter 5320: loss 0.4242, time 15.94ms, mfu 10.23%
iter 5330: loss 0.4420, time 16.11ms, mfu 10.58%
iter 5340: loss 0.4207, time 28.81ms, mfu 10.28%
step 5350: train loss 0.1386, val loss 3.6078
saving checkpoint to out-shakespeare-5-320-0.125
iter 5350: loss 0.4454, time 171.23ms, mfu 9.38%
iter 5360: loss 0.4292, time 14.53ms, mfu 9.96%
iter 5370: loss 0.4230, time 15.35ms, mfu 10.40%
iter 5380: loss 0.4107, time 15.47ms, mfu 10.78%
iter 5390: loss 0.4242, time 27.42ms, mfu 10.51%
step 5400: train loss 0.1361, val loss 3.5888
saving checkpoint to out-shakespeare-5-320-0.125
iter 5400: loss 0.4148, time 172.58ms, mfu 9.58%
iter 5410: loss 0.4112, time 15.33ms, mfu 10.06%
iter 5420: loss 0.4134, time 16.60ms, mfu 10.38%
iter 5430: loss 0.4212, time 15.73ms, mfu 10.74%
iter 5440: loss 0.4110, time 15.41ms, mfu 11.10%
step 5450: train loss 0.1315, val loss 3.7007
saving checkpoint to out-shakespeare-5-320-0.125
iter 5450: loss 0.4135, time 176.71ms, mfu 10.11%
iter 5460: loss 0.4079, time 15.83ms, mfu 10.49%
iter 5470: loss 0.4212, time 16.56ms, mfu 10.77%
iter 5480: loss 0.4030, time 26.65ms, mfu 10.52%
iter 5490: loss 0.4010, time 16.46ms, mfu 10.81%
step 5500: train loss 0.1298, val loss 3.6534
saving checkpoint to out-shakespeare-5-320-0.125
iter 5500: loss 0.4098, time 175.64ms, mfu 9.85%
iter 5510: loss 0.4089, time 16.66ms, mfu 10.19%
iter 5520: loss 0.3994, time 28.49ms, mfu 9.94%
iter 5530: loss 0.3931, time 16.10ms, mfu 10.31%
iter 5540: loss 0.3899, time 17.10ms, mfu 10.57%
step 5550: train loss 0.1249, val loss 3.7226
saving checkpoint to out-shakespeare-5-320-0.125
iter 5550: loss 0.3964, time 177.29ms, mfu 9.64%
iter 5560: loss 0.3990, time 16.47ms, mfu 10.01%
iter 5570: loss 0.3956, time 19.23ms, mfu 10.15%
iter 5580: loss 0.3974, time 15.65ms, mfu 10.55%
iter 5590: loss 0.3900, time 17.51ms, mfu 10.75%
step 5600: train loss 0.1242, val loss 3.6951
saving checkpoint to out-shakespeare-5-320-0.125
iter 5600: loss 0.3813, time 179.46ms, mfu 9.80%
iter 5610: loss 0.3946, time 29.56ms, mfu 9.56%
iter 5620: loss 0.3899, time 15.41ms, mfu 10.03%
iter 5630: loss 0.3831, time 14.95ms, mfu 10.50%
iter 5640: loss 0.3909, time 5.27ms, mfu 13.63%
step 5650: train loss 0.1211, val loss 3.7695
saving checkpoint to out-shakespeare-5-320-0.125
iter 5650: loss 0.3862, time 172.34ms, mfu 12.39%
iter 5660: loss 0.3738, time 15.71ms, mfu 12.55%
iter 5670: loss 0.3886, time 16.56ms, mfu 12.63%
iter 5680: loss 0.3781, time 28.95ms, mfu 12.13%
iter 5690: loss 0.3685, time 15.76ms, mfu 12.31%
step 5700: train loss 0.1176, val loss 3.7436
saving checkpoint to out-shakespeare-5-320-0.125
iter 5700: loss 0.3805, time 173.63ms, mfu 11.21%
iter 5710: loss 0.3671, time 16.76ms, mfu 11.40%
iter 5720: loss 0.3825, time 16.75ms, mfu 11.57%
iter 5730: loss 0.3915, time 30.19ms, mfu 11.15%
iter 5740: loss 0.3720, time 15.59ms, mfu 11.44%
step 5750: train loss 0.1147, val loss 3.7970
saving checkpoint to out-shakespeare-5-320-0.125
iter 5750: loss 0.3774, time 174.64ms, mfu 10.42%
iter 5760: loss 0.3606, time 15.63ms, mfu 10.79%
iter 5770: loss 0.3722, time 17.15ms, mfu 11.00%
iter 5780: loss 0.3705, time 16.38ms, mfu 11.24%
iter 5790: loss 0.3582, time 27.58ms, mfu 10.91%
step 5800: train loss 0.1121, val loss 3.8054
saving checkpoint to out-shakespeare-5-320-0.125
iter 5800: loss 0.3710, time 172.43ms, mfu 9.95%
iter 5810: loss 0.3703, time 15.52ms, mfu 10.37%
iter 5820: loss 0.3664, time 15.61ms, mfu 10.75%
iter 5830: loss 0.3616, time 17.10ms, mfu 10.96%
iter 5840: loss 0.3528, time 14.95ms, mfu 11.34%
step 5850: train loss 0.1087, val loss 3.8339
saving checkpoint to out-shakespeare-5-320-0.125
iter 5850: loss 0.3591, time 172.81ms, mfu 10.33%
iter 5860: loss 0.3599, time 15.54ms, mfu 10.71%
iter 5870: loss 0.3455, time 16.82ms, mfu 10.95%
iter 5880: loss 0.3496, time 19.13ms, mfu 11.01%
iter 5890: loss 0.3675, time 15.67ms, mfu 11.31%
step 5900: train loss 0.1101, val loss 3.8300
saving checkpoint to out-shakespeare-5-320-0.125
iter 5900: loss 0.3416, time 173.65ms, mfu 10.31%
iter 5910: loss 0.3489, time 16.11ms, mfu 10.64%
iter 5920: loss 0.3455, time 15.87ms, mfu 10.97%
iter 5930: loss 0.3494, time 19.98ms, mfu 10.97%
iter 5940: loss 0.3443, time 15.65ms, mfu 11.28%
step 5950: train loss 0.1066, val loss 3.8587
saving checkpoint to out-shakespeare-5-320-0.125
iter 5950: loss 0.3563, time 173.47ms, mfu 10.28%
iter 5960: loss 0.3426, time 15.37ms, mfu 10.68%
iter 5970: loss 0.3550, time 16.98ms, mfu 10.91%
iter 5980: loss 0.3399, time 16.92ms, mfu 11.12%
iter 5990: loss 0.3463, time 16.79ms, mfu 11.32%
step 6000: train loss 0.1044, val loss 3.8768
saving checkpoint to out-shakespeare-5-320-0.125
iter 6000: loss 0.3438, time 176.10ms, mfu 10.31%
iter 6010: loss 0.3410, time 16.05ms, mfu 10.65%
iter 6020: loss 0.3298, time 16.85ms, mfu 10.90%
iter 6030: loss 0.3268, time 28.48ms, mfu 10.58%
iter 6040: loss 0.3328, time 14.30ms, mfu 11.06%
step 6050: train loss 0.1032, val loss 3.9060
saving checkpoint to out-shakespeare-5-320-0.125
iter 6050: loss 0.3428, time 175.22ms, mfu 10.08%
iter 6060: loss 0.3288, time 15.47ms, mfu 10.50%
iter 6070: loss 0.3386, time 16.88ms, mfu 10.75%
iter 6080: loss 0.3389, time 16.45ms, mfu 11.01%
iter 6090: loss 0.3395, time 15.97ms, mfu 11.29%
step 6100: train loss 0.1011, val loss 3.9785
saving checkpoint to out-shakespeare-5-320-0.125
iter 6100: loss 0.3275, time 176.68ms, mfu 10.29%
iter 6110: loss 0.3231, time 16.73ms, mfu 10.57%
iter 6120: loss 0.3225, time 18.00ms, mfu 10.74%
iter 6130: loss 0.3202, time 15.42ms, mfu 11.09%
iter 6140: loss 0.3075, time 15.63ms, mfu 11.39%
step 6150: train loss 0.0997, val loss 3.9196
saving checkpoint to out-shakespeare-5-320-0.125
iter 6150: loss 0.3265, time 178.55ms, mfu 10.38%
iter 6160: loss 0.3269, time 16.13ms, mfu 10.70%
iter 6170: loss 0.3224, time 15.00ms, mfu 11.10%
iter 6180: loss 0.3373, time 15.48ms, mfu 11.41%
iter 6190: loss 0.3232, time 16.18ms, mfu 11.63%
step 6200: train loss 0.0981, val loss 3.9548
saving checkpoint to out-shakespeare-5-320-0.125
iter 6200: loss 0.3143, time 178.47ms, mfu 10.59%
iter 6210: loss 0.3119, time 16.45ms, mfu 10.87%
iter 6220: loss 0.3168, time 28.75ms, mfu 10.55%
iter 6230: loss 0.3077, time 17.01ms, mfu 10.79%
iter 6240: loss 0.3096, time 16.09ms, mfu 11.08%
step 6250: train loss 0.0982, val loss 3.9523
saving checkpoint to out-shakespeare-5-320-0.125
iter 6250: loss 0.3162, time 176.73ms, mfu 10.10%
iter 6260: loss 0.3299, time 16.96ms, mfu 10.38%
iter 6270: loss 0.3143, time 27.67ms, mfu 10.14%
iter 6280: loss 0.3110, time 16.64ms, mfu 10.45%
iter 6290: loss 0.3125, time 15.60ms, mfu 10.82%
step 6300: train loss 0.0959, val loss 4.0535
saving checkpoint to out-shakespeare-5-320-0.125
iter 6300: loss 0.3169, time 177.82ms, mfu 9.86%
iter 6310: loss 0.3124, time 16.51ms, mfu 10.21%
iter 6320: loss 0.3039, time 29.52ms, mfu 9.93%
iter 6330: loss 0.3038, time 16.11ms, mfu 10.31%
iter 6340: loss 0.3073, time 15.09ms, mfu 10.73%
step 6350: train loss 0.0944, val loss 4.0058
saving checkpoint to out-shakespeare-5-320-0.125
iter 6350: loss 0.3145, time 178.26ms, mfu 9.78%
iter 6360: loss 0.2963, time 15.62ms, mfu 10.21%
iter 6370: loss 0.3096, time 28.38ms, mfu 9.97%
iter 6380: loss 0.2941, time 15.59ms, mfu 10.38%
iter 6390: loss 0.3016, time 16.36ms, mfu 10.69%
step 6400: train loss 0.0928, val loss 4.1030
saving checkpoint to out-shakespeare-5-320-0.125
iter 6400: loss 0.2932, time 179.14ms, mfu 9.75%
iter 6410: loss 0.2988, time 30.41ms, mfu 9.49%
iter 6420: loss 0.2960, time 16.45ms, mfu 9.88%
iter 6430: loss 0.3121, time 15.04ms, mfu 10.36%
iter 6440: loss 0.2954, time 16.95ms, mfu 10.62%
step 6450: train loss 0.0921, val loss 4.0339
saving checkpoint to out-shakespeare-5-320-0.125
iter 6450: loss 0.3056, time 177.58ms, mfu 9.68%
iter 6460: loss 0.2960, time 16.07ms, mfu 10.09%
iter 6470: loss 0.2841, time 29.93ms, mfu 9.81%
iter 6480: loss 0.2883, time 15.94ms, mfu 10.21%
iter 6490: loss 0.2918, time 15.88ms, mfu 10.58%
step 6500: train loss 0.0910, val loss 4.0160
saving checkpoint to out-shakespeare-5-320-0.125
iter 6500: loss 0.2890, time 176.73ms, mfu 9.64%
iter 6510: loss 0.2763, time 15.97ms, mfu 10.06%
iter 6520: loss 0.2916, time 17.58ms, mfu 10.30%
iter 6530: loss 0.3008, time 14.31ms, mfu 10.81%
iter 6540: loss 0.2955, time 16.41ms, mfu 11.07%
step 6550: train loss 0.0900, val loss 4.1035
saving checkpoint to out-shakespeare-5-320-0.125
iter 6550: loss 0.2851, time 178.02ms, mfu 10.09%
iter 6560: loss 0.2775, time 17.21ms, mfu 10.36%
iter 6570: loss 0.2901, time 15.19ms, mfu 10.77%
iter 6580: loss 0.2877, time 15.99ms, mfu 11.07%
iter 6590: loss 0.3017, time 17.07ms, mfu 11.25%
step 6600: train loss 0.0891, val loss 4.0266
saving checkpoint to out-shakespeare-5-320-0.125
iter 6600: loss 0.2837, time 179.29ms, mfu 10.25%
iter 6610: loss 0.2896, time 16.64ms, mfu 10.55%
iter 6620: loss 0.2880, time 27.81ms, mfu 10.29%
iter 6630: loss 0.2853, time 16.52ms, mfu 10.59%
iter 6640: loss 0.2824, time 16.31ms, mfu 10.88%
step 6650: train loss 0.0874, val loss 4.1623
saving checkpoint to out-shakespeare-5-320-0.125
iter 6650: loss 0.2801, time 179.12ms, mfu 9.92%
iter 6660: loss 0.2692, time 31.45ms, mfu 9.63%
iter 6670: loss 0.2731, time 18.17ms, mfu 9.87%
iter 6680: loss 0.2865, time 24.63ms, mfu 9.78%
iter 6690: loss 0.2736, time 15.32ms, mfu 10.24%
step 6700: train loss 0.0890, val loss 4.1515
saving checkpoint to out-shakespeare-5-320-0.125
iter 6700: loss 0.2799, time 180.37ms, mfu 9.34%
iter 6710: loss 0.2765, time 30.51ms, mfu 9.13%
iter 6720: loss 0.2711, time 5.00ms, mfu 12.62%
iter 6730: loss 0.2691, time 16.11ms, mfu 12.72%
iter 6740: loss 0.2803, time 16.86ms, mfu 12.76%
step 6750: train loss 0.0854, val loss 4.1251
saving checkpoint to out-shakespeare-5-320-0.125
iter 6750: loss 0.2757, time 177.08ms, mfu 11.60%
iter 6760: loss 0.2862, time 16.37ms, mfu 11.79%
iter 6770: loss 0.2615, time 6.37ms, mfu 14.07%
iter 6780: loss 0.2819, time 16.30ms, mfu 14.01%
iter 6790: loss 0.2661, time 15.43ms, mfu 14.04%
step 6800: train loss 0.0865, val loss 4.2382
saving checkpoint to out-shakespeare-5-320-0.125
iter 6800: loss 0.2729, time 177.36ms, mfu 12.76%
iter 6810: loss 0.2686, time 17.21ms, mfu 12.76%
iter 6820: loss 0.2695, time 18.89ms, mfu 12.65%
iter 6830: loss 0.2611, time 15.39ms, mfu 12.82%
iter 6840: loss 0.2787, time 16.74ms, mfu 12.85%
step 6850: train loss 0.0871, val loss 4.2102
saving checkpoint to out-shakespeare-5-320-0.125
iter 6850: loss 0.2611, time 179.83ms, mfu 11.69%
iter 6860: loss 0.2587, time 16.80ms, mfu 11.83%
iter 6870: loss 0.2716, time 28.31ms, mfu 11.42%
iter 6880: loss 0.2652, time 15.86ms, mfu 11.67%
iter 6890: loss 0.2650, time 15.47ms, mfu 11.93%
step 6900: train loss 0.0835, val loss 4.2120
saving checkpoint to out-shakespeare-5-320-0.125
iter 6900: loss 0.2662, time 177.52ms, mfu 10.86%
iter 6910: loss 0.2599, time 15.29ms, mfu 11.21%
iter 6920: loss 0.2669, time 14.65ms, mfu 11.59%
iter 6930: loss 0.2719, time 15.70ms, mfu 11.84%
iter 6940: loss 0.2643, time 18.08ms, mfu 11.87%
step 6950: train loss 0.0867, val loss 4.2356
saving checkpoint to out-shakespeare-5-320-0.125
iter 6950: loss 0.2644, time 178.38ms, mfu 10.81%
iter 6960: loss 0.2682, time 18.85ms, mfu 10.89%
iter 6970: loss 0.2707, time 15.00ms, mfu 11.27%
iter 6980: loss 0.2531, time 28.94ms, mfu 10.91%
iter 6990: loss 0.2646, time 27.50ms, mfu 10.62%
step 7000: train loss 0.0824, val loss 4.1778
saving checkpoint to out-shakespeare-5-320-0.125
iter 7000: loss 0.2624, time 174.76ms, mfu 9.68%
iter 7010: loss 0.2546, time 16.75ms, mfu 10.03%
iter 7020: loss 0.2599, time 16.26ms, mfu 10.38%
iter 7030: loss 0.2558, time 17.98ms, mfu 10.57%
iter 7040: loss 0.2573, time 15.15ms, mfu 10.96%
step 7050: train loss 0.0826, val loss 4.2066
saving checkpoint to out-shakespeare-5-320-0.125
iter 7050: loss 0.2596, time 175.86ms, mfu 9.99%
iter 7060: loss 0.2617, time 14.50ms, mfu 10.51%
iter 7070: loss 0.2634, time 17.37ms, mfu 10.73%
iter 7080: loss 0.2537, time 15.09ms, mfu 11.11%
iter 7090: loss 0.2637, time 15.81ms, mfu 11.39%
step 7100: train loss 0.0804, val loss 4.2106
saving checkpoint to out-shakespeare-5-320-0.125
iter 7100: loss 0.2565, time 177.28ms, mfu 10.38%
iter 7110: loss 0.2530, time 16.46ms, mfu 10.68%
iter 7120: loss 0.2457, time 16.43ms, mfu 10.95%
iter 7130: loss 0.2539, time 30.16ms, mfu 10.59%
iter 7140: loss 0.2439, time 16.20ms, mfu 10.89%
step 7150: train loss 0.0829, val loss 4.2992
saving checkpoint to out-shakespeare-5-320-0.125
iter 7150: loss 0.2477, time 172.95ms, mfu 9.93%
iter 7160: loss 0.2450, time 26.78ms, mfu 9.75%
iter 7170: loss 0.2481, time 16.94ms, mfu 10.08%
iter 7180: loss 0.2457, time 16.79ms, mfu 10.38%
iter 7190: loss 0.2434, time 29.14ms, mfu 10.10%
step 7200: train loss 0.0828, val loss 4.2702
saving checkpoint to out-shakespeare-5-320-0.125
iter 7200: loss 0.2423, time 171.81ms, mfu 9.22%
iter 7210: loss 0.2418, time 16.45ms, mfu 9.63%
iter 7220: loss 0.2449, time 16.37ms, mfu 10.02%
iter 7230: loss 0.2363, time 15.39ms, mfu 10.44%
iter 7240: loss 0.2377, time 17.70ms, mfu 10.64%
step 7250: train loss 0.0787, val loss 4.3042
saving checkpoint to out-shakespeare-5-320-0.125
iter 7250: loss 0.2388, time 169.13ms, mfu 9.71%
iter 7260: loss 0.2349, time 27.11ms, mfu 9.55%
iter 7270: loss 0.2446, time 15.77ms, mfu 9.99%
iter 7280: loss 0.2408, time 15.54ms, mfu 10.41%
iter 7290: loss 0.2279, time 6.53ms, mfu 12.74%
step 7300: train loss 0.0776, val loss 4.2308
saving checkpoint to out-shakespeare-5-320-0.125
iter 7300: loss 0.2368, time 178.89ms, mfu 11.59%
iter 7310: loss 0.2353, time 15.82ms, mfu 11.82%
iter 7320: loss 0.2356, time 15.97ms, mfu 12.02%
iter 7330: loss 0.2262, time 30.52ms, mfu 11.54%
iter 7340: loss 0.2484, time 28.01ms, mfu 11.17%
step 7350: train loss 0.0799, val loss 4.3908
saving checkpoint to out-shakespeare-5-320-0.125
iter 7350: loss 0.2402, time 170.90ms, mfu 10.18%
iter 7360: loss 0.2379, time 18.29ms, mfu 10.37%
iter 7370: loss 0.2338, time 14.46ms, mfu 10.85%
iter 7380: loss 0.2297, time 16.38ms, mfu 11.11%
iter 7390: loss 0.2367, time 17.72ms, mfu 11.24%
step 7400: train loss 0.0763, val loss 4.2874
saving checkpoint to out-shakespeare-5-320-0.125
iter 7400: loss 0.2282, time 169.91ms, mfu 10.25%
iter 7410: loss 0.2354, time 14.88ms, mfu 10.70%
iter 7420: loss 0.2325, time 15.76ms, mfu 11.03%
iter 7430: loss 0.2365, time 16.66ms, mfu 11.25%
iter 7440: loss 0.2292, time 26.98ms, mfu 10.94%
step 7450: train loss 0.0780, val loss 4.3532
saving checkpoint to out-shakespeare-5-320-0.125
iter 7450: loss 0.2286, time 173.69ms, mfu 9.97%
iter 7460: loss 0.2307, time 15.29ms, mfu 10.41%
iter 7470: loss 0.2323, time 16.11ms, mfu 10.74%
iter 7480: loss 0.2289, time 18.40ms, mfu 10.86%
iter 7490: loss 0.2185, time 16.26ms, mfu 11.13%
step 7500: train loss 0.0778, val loss 4.3035
saving checkpoint to out-shakespeare-5-320-0.125
iter 7500: loss 0.2247, time 175.40ms, mfu 10.14%
iter 7510: loss 0.2421, time 15.82ms, mfu 10.52%
iter 7520: loss 0.2340, time 17.60ms, mfu 10.72%
iter 7530: loss 0.2312, time 18.27ms, mfu 10.85%
iter 7540: loss 0.2227, time 16.88ms, mfu 11.07%
step 7550: train loss 0.0779, val loss 4.3682
saving checkpoint to out-shakespeare-5-320-0.125
iter 7550: loss 0.2338, time 176.85ms, mfu 10.09%
iter 7560: loss 0.2297, time 14.13ms, mfu 10.64%
iter 7570: loss 0.2262, time 16.46ms, mfu 10.91%
iter 7580: loss 0.2341, time 30.26ms, mfu 10.55%
iter 7590: loss 0.2196, time 15.82ms, mfu 10.88%
step 7600: train loss 0.0772, val loss 4.3452
saving checkpoint to out-shakespeare-5-320-0.125
iter 7600: loss 0.2241, time 175.99ms, mfu 9.92%
iter 7610: loss 0.2289, time 16.50ms, mfu 10.26%
iter 7620: loss 0.2298, time 19.03ms, mfu 10.39%
iter 7630: loss 0.2312, time 15.82ms, mfu 10.75%
