Overriding: out_dir = out-shakespeare-6-384-1
Overriding: num_samples = 5
Overriding: device = cuda
number of parameters: 10745088
Loading meta from data\shakespeare_char\meta.pkl...


ANGELO:
And I will be satisfied: I have a king
So lean me as I learn'd the king's, and as I leave
The common knows not how to touch'd of it.
But hear this bones is enemy, in the state,
Gives not the heart. Come, come away, come.

ESCALUS:
Your properly, why stand you on your wifes?

POMPEY:
Your patience is not Claudio in the wars:
The shield that are but but a bold of fire?

ELBOW:
Why, very well; I think it is a good friend.

ESCALUS:
Hark, Pompey; your name?

ELBOW:
A word word is an offence
---------------

Men pursued me yourself in the most province.

DUKE OF YORK:
Art thou stay'd as far as great Duke of York?

EXETER:
Didst thou not meet what I have done to say.

HENRY PERCY:
Then, even so; the lords is false too much.

EXETER:
For full of waters, look thou art basel:
Thou art not a traitor to me and to sleep,
Nor I in any thing that we have been so
Good uncle, you commit it, were not in the furthest,
Both your enemies the silver well belong,
As you were become the Lord Angelo,
Stands your broth
---------------

Merry and my poor lord, I'll not go with me:
I have disclination more accusations
When they shall see it.

LEONTES:
Go so, your grace!
I knew not what: and what which was done,
If I be not too going.

LEONTES:
You have pass'd true approach
To each with me; see what will I defend me.

LEONTES:
I think not join in my bonnet with him;
And by my commission I believe thee,
Have not thy first reason with bitter than those.

ANTIGONUS:
I think, no more valiant shall I live thee.

ISABELLA:
And shall th
---------------

Think you so?
He cannot make your aspirity
Still remain a craft of when he had sour
And what he would call him.

PERDITA:
There is no more!
When you speak a little are as idle believe,
And then as I am, then spare you will not
Upon your lord's father's blood. Who's the news?

Servant:
O courteous Roman, whom you do refuse it?

ROMEO:
A lick, each in the house of the wall:
And if that title book which I would be again,
Then were in the Roman seat on him worth
That he may serve him shall not be a 
---------------

That lack our royal birth, and from the ground,
Into the margent of the best which you
But change your son. Answer my gage, pronounce,
Unless I can be sent you.

HERMIONE:
Here's no matter for my father's ground.

LEONTES:
What! hang you?
What?

PAULINA:
Not for all that I am:
As I do believe my life, let me with it
Where you shall have not, like a bear.
The man I speak, you may be of any rest.

LEONTES:
Prepare not my soul, but 'tis no whit.

PAULINA:
My lord, I shall not be stol'n: for we
Comm
---------------
