Overriding config with C:\VS-CODE-UNI-OS\advanced-nlp-17\nanoGPT\config\train-shakespeare-char-6-384-1.py:

# Baseline configuration
out_dir = 'out-shakespeare-6-384-1'
eval_interval = 50
eval_iters = 5
log_interval = 10
always_save_checkpoint = True
init_from = 'scratch'
wandb_log = False
wandb_project = 'nanoGPT-assignment'
wandb_run_name = 'baseline'
dataset = 'shakespeare_char'
gradient_accumulation_steps = 1
batch_size = 64
block_size = 256
n_layer = 6
n_head = 6
n_embd = 384
dropout = 0.2
learning_rate = 1e-3
max_iters = 13117.0
lr_decay_iters = 100
min_lr = 1e-4
beta2 = 0.99
warmup_iters = 200
weight_decay = 1e-1
device = 'cuda'
compile = False 

tokens per iteration will be: 16,384
found vocab_size = 65 (inside data\shakespeare_char\meta.pkl)
Initializing a new model from scratch
number of parameters: 10745088
num decayed parameter tensors: 26, with 10,740,096 parameters
num non-decayed parameter tensors: 13, with 4,992 parameters
using fused AdamW: True
step 0: train loss 4.2853, val loss 4.2842
iter 0: loss 4.2670, time 269.15ms, mfu -100.00%
iter 10: loss 3.3120, time 31.88ms, mfu 11.69%
iter 20: loss 2.9106, time 30.94ms, mfu 11.72%
iter 30: loss 2.6769, time 31.38ms, mfu 11.74%
iter 40: loss 2.6023, time 31.41ms, mfu 11.75%
step 50: train loss 2.5342, val loss 2.5396
saving checkpoint to out-shakespeare-6-384-1
iter 50: loss 2.5361, time 249.77ms, mfu 10.73%
iter 60: loss 2.5397, time 17.97ms, mfu 11.73%
iter 70: loss 2.5175, time 31.77ms, mfu 11.73%
iter 80: loss 2.4991, time 16.68ms, mfu 12.79%
iter 90: loss 2.4738, time 29.79ms, mfu 12.76%
step 100: train loss 2.4557, val loss 2.4817
saving checkpoint to out-shakespeare-6-384-1
iter 100: loss 2.4826, time 252.83ms, mfu 11.63%
iter 110: loss 2.4607, time 29.75ms, mfu 11.72%
iter 120: loss 2.4617, time 30.97ms, mfu 11.75%
iter 130: loss 2.4526, time 30.71ms, mfu 11.79%
iter 140: loss 2.4324, time 30.56ms, mfu 11.83%
step 150: train loss 2.3997, val loss 2.4340
saving checkpoint to out-shakespeare-6-384-1
iter 150: loss 2.4384, time 245.47ms, mfu 10.80%
iter 160: loss 2.4303, time 30.81ms, mfu 10.93%
iter 170: loss 2.4077, time 30.85ms, mfu 11.04%
iter 180: loss 2.3776, time 31.81ms, mfu 11.11%
iter 190: loss 2.3722, time 30.43ms, mfu 11.22%
step 200: train loss 2.2979, val loss 2.3439
saving checkpoint to out-shakespeare-6-384-1
iter 200: loss 2.3620, time 252.99ms, mfu 10.25%
iter 210: loss 2.3323, time 18.18ms, mfu 11.27%
iter 220: loss 2.2602, time 30.47ms, mfu 11.37%
iter 230: loss 2.2777, time 18.94ms, mfu 12.20%
iter 240: loss 2.2984, time 31.76ms, mfu 12.15%
step 250: train loss 2.2022, val loss 2.2510
saving checkpoint to out-shakespeare-6-384-1
iter 250: loss 2.2448, time 241.06ms, mfu 11.09%
iter 260: loss 2.2786, time 30.81ms, mfu 11.19%
iter 270: loss 2.2611, time 16.19ms, mfu 12.37%
iter 280: loss 2.2314, time 30.31ms, mfu 12.37%
iter 290: loss 2.2432, time 18.06ms, mfu 13.19%
step 300: train loss 2.1500, val loss 2.1958
saving checkpoint to out-shakespeare-6-384-1
iter 300: loss 2.2368, time 249.58ms, mfu 12.02%
iter 310: loss 2.2011, time 16.46ms, mfu 13.08%
iter 320: loss 2.2094, time 30.56ms, mfu 13.00%
iter 330: loss 2.2081, time 17.25ms, mfu 13.86%
iter 340: loss 2.1860, time 30.49ms, mfu 13.69%
step 350: train loss 2.1008, val loss 2.1601
saving checkpoint to out-shakespeare-6-384-1
iter 350: loss 2.1523, time 253.46ms, mfu 12.47%
iter 360: loss 2.1950, time 32.22ms, mfu 12.38%
iter 370: loss 2.1536, time 29.73ms, mfu 12.40%
iter 380: loss 2.1556, time 31.05ms, mfu 12.36%
iter 390: loss 2.1413, time 30.93ms, mfu 12.33%
step 400: train loss 2.0272, val loss 2.1124
saving checkpoint to out-shakespeare-6-384-1
iter 400: loss 2.1437, time 243.27ms, mfu 11.25%
iter 410: loss 2.1203, time 30.86ms, mfu 11.33%
iter 420: loss 2.1130, time 30.64ms, mfu 11.41%
iter 430: loss 2.1067, time 29.14ms, mfu 11.55%
iter 440: loss 2.0974, time 17.76ms, mfu 12.49%
step 450: train loss 1.9871, val loss 2.0903
saving checkpoint to out-shakespeare-6-384-1
iter 450: loss 2.0828, time 252.93ms, mfu 11.39%
iter 460: loss 2.0829, time 31.86ms, mfu 11.42%
iter 470: loss 2.0823, time 31.51ms, mfu 11.46%
iter 480: loss 2.0865, time 29.75ms, mfu 11.57%
iter 490: loss 2.0500, time 16.79ms, mfu 12.63%
step 500: train loss 1.9781, val loss 2.0430
saving checkpoint to out-shakespeare-6-384-1
iter 500: loss 2.0470, time 245.54ms, mfu 11.52%
iter 510: loss 2.0615, time 30.00ms, mfu 11.61%
iter 520: loss 2.0303, time 18.79ms, mfu 12.43%
iter 530: loss 2.0552, time 31.01ms, mfu 12.39%
iter 540: loss 2.0347, time 17.84ms, mfu 13.24%
step 550: train loss 1.9182, val loss 2.0367
saving checkpoint to out-shakespeare-6-384-1
iter 550: loss 2.0207, time 246.87ms, mfu 12.07%
iter 560: loss 2.0224, time 31.18ms, mfu 12.06%
iter 570: loss 2.0233, time 31.28ms, mfu 12.04%
iter 580: loss 1.9903, time 31.35ms, mfu 12.03%
iter 590: loss 2.0089, time 29.91ms, mfu 12.07%
step 600: train loss 1.8758, val loss 2.0021
saving checkpoint to out-shakespeare-6-384-1
iter 600: loss 1.9795, time 250.05ms, mfu 11.01%
iter 610: loss 1.9866, time 31.40ms, mfu 11.10%
iter 620: loss 1.9706, time 31.27ms, mfu 11.18%
iter 630: loss 1.9771, time 32.14ms, mfu 11.22%
iter 640: loss 1.9605, time 29.88ms, mfu 11.35%
step 650: train loss 1.8330, val loss 1.9773
saving checkpoint to out-shakespeare-6-384-1
iter 650: loss 1.9341, time 249.85ms, mfu 10.36%
iter 660: loss 1.9507, time 30.57ms, mfu 10.54%
iter 670: loss 1.9408, time 27.18ms, mfu 10.86%
iter 680: loss 1.9419, time 30.29ms, mfu 11.00%
iter 690: loss 1.9048, time 31.09ms, mfu 11.10%
step 700: train loss 1.8154, val loss 1.9486
saving checkpoint to out-shakespeare-6-384-1
iter 700: loss 1.9306, time 244.95ms, mfu 10.14%
iter 710: loss 1.9462, time 29.87ms, mfu 10.38%
iter 720: loss 1.9299, time 18.59ms, mfu 11.34%
iter 730: loss 1.8953, time 31.36ms, mfu 11.40%
iter 740: loss 1.8935, time 30.53ms, mfu 11.48%
step 750: train loss 1.7887, val loss 1.9247
saving checkpoint to out-shakespeare-6-384-1
iter 750: loss 1.8950, time 250.32ms, mfu 10.48%
iter 760: loss 1.8849, time 31.91ms, mfu 10.60%
iter 770: loss 1.8733, time 31.20ms, mfu 10.73%
iter 780: loss 1.8838, time 16.77ms, mfu 11.88%
iter 790: loss 1.8653, time 29.95ms, mfu 11.94%
step 800: train loss 1.7624, val loss 1.8995
saving checkpoint to out-shakespeare-6-384-1
iter 800: loss 1.8416, time 243.30ms, mfu 10.90%
iter 810: loss 1.8457, time 30.63ms, mfu 11.02%
iter 820: loss 1.8647, time 30.55ms, mfu 11.14%
iter 830: loss 1.8344, time 30.32ms, mfu 11.26%
iter 840: loss 1.8523, time 16.71ms, mfu 12.36%
step 850: train loss 1.7331, val loss 1.8732
saving checkpoint to out-shakespeare-6-384-1
iter 850: loss 1.8465, time 248.26ms, mfu 11.27%
iter 860: loss 1.8134, time 31.07ms, mfu 11.35%
iter 870: loss 1.8113, time 31.52ms, mfu 11.39%
iter 880: loss 1.7870, time 31.01ms, mfu 11.46%
iter 890: loss 1.8081, time 30.99ms, mfu 11.51%
step 900: train loss 1.7016, val loss 1.8569
saving checkpoint to out-shakespeare-6-384-1
iter 900: loss 1.8368, time 242.76ms, mfu 10.52%
iter 910: loss 1.8079, time 31.30ms, mfu 10.65%
iter 920: loss 1.7834, time 29.77ms, mfu 10.84%
iter 930: loss 1.7910, time 31.09ms, mfu 10.95%
iter 940: loss 1.7710, time 18.03ms, mfu 11.93%
step 950: train loss 1.6695, val loss 1.8494
saving checkpoint to out-shakespeare-6-384-1
iter 950: loss 1.7550, time 248.90ms, mfu 10.88%
iter 960: loss 1.7601, time 31.48ms, mfu 10.98%
iter 970: loss 1.7443, time 30.90ms, mfu 11.09%
iter 980: loss 1.7446, time 31.45ms, mfu 11.16%
iter 990: loss 1.7597, time 31.49ms, mfu 11.23%
step 1000: train loss 1.6446, val loss 1.8163
saving checkpoint to out-shakespeare-6-384-1
iter 1000: loss 1.7973, time 249.63ms, mfu 10.26%
iter 1010: loss 1.7761, time 30.41ms, mfu 10.46%
iter 1020: loss 1.7543, time 30.75ms, mfu 10.62%
iter 1030: loss 1.7269, time 30.73ms, mfu 10.77%
iter 1040: loss 1.7352, time 30.12ms, mfu 10.93%
step 1050: train loss 1.6274, val loss 1.8050
saving checkpoint to out-shakespeare-6-384-1
iter 1050: loss 1.6863, time 246.58ms, mfu 9.99%
iter 1060: loss 1.7174, time 31.34ms, mfu 10.18%
iter 1070: loss 1.7096, time 30.75ms, mfu 10.37%
iter 1080: loss 1.7247, time 30.78ms, mfu 10.55%
iter 1090: loss 1.7261, time 30.56ms, mfu 10.71%
step 1100: train loss 1.6186, val loss 1.7968
saving checkpoint to out-shakespeare-6-384-1
iter 1100: loss 1.7051, time 238.70ms, mfu 9.80%
iter 1110: loss 1.6966, time 25.50ms, mfu 10.28%
iter 1120: loss 1.7164, time 31.79ms, mfu 10.42%
iter 1130: loss 1.6878, time 29.25ms, mfu 10.65%
iter 1140: loss 1.7236, time 30.21ms, mfu 10.82%
step 1150: train loss 1.5781, val loss 1.7821
saving checkpoint to out-shakespeare-6-384-1
iter 1150: loss 1.7029, time 243.51ms, mfu 9.89%
iter 1160: loss 1.7184, time 30.87ms, mfu 10.11%
iter 1170: loss 1.6572, time 18.10ms, mfu 11.16%
iter 1180: loss 1.6942, time 31.65ms, mfu 11.22%
iter 1190: loss 1.6711, time 30.27ms, mfu 11.33%
step 1200: train loss 1.5791, val loss 1.7746
saving checkpoint to out-shakespeare-6-384-1
iter 1200: loss 1.6584, time 249.63ms, mfu 10.35%
iter 1210: loss 1.6990, time 29.92ms, mfu 10.56%
iter 1220: loss 1.6310, time 30.35ms, mfu 10.73%
iter 1230: loss 1.6920, time 32.56ms, mfu 10.80%
iter 1240: loss 1.6736, time 29.89ms, mfu 10.97%
step 1250: train loss 1.5693, val loss 1.7409
saving checkpoint to out-shakespeare-6-384-1
iter 1250: loss 1.6825, time 243.23ms, mfu 10.02%
iter 1260: loss 1.6320, time 31.41ms, mfu 10.21%
iter 1270: loss 1.6300, time 22.86ms, mfu 10.82%
iter 1280: loss 1.6538, time 30.60ms, mfu 10.95%
iter 1290: loss 1.6519, time 30.73ms, mfu 11.07%
step 1300: train loss 1.5467, val loss 1.7273
saving checkpoint to out-shakespeare-6-384-1
iter 1300: loss 1.6193, time 249.25ms, mfu 10.11%
iter 1310: loss 1.6192, time 30.76ms, mfu 10.31%
iter 1320: loss 1.6190, time 31.91ms, mfu 10.45%
iter 1330: loss 1.6354, time 31.60ms, mfu 10.58%
iter 1340: loss 1.6484, time 30.37ms, mfu 10.75%
step 1350: train loss 1.5305, val loss 1.7157
saving checkpoint to out-shakespeare-6-384-1
iter 1350: loss 1.6196, time 239.24ms, mfu 9.83%
iter 1360: loss 1.5953, time 30.73ms, mfu 10.06%
iter 1370: loss 1.6214, time 29.72ms, mfu 10.31%
iter 1380: loss 1.6450, time 32.65ms, mfu 10.42%
iter 1390: loss 1.6140, time 30.43ms, mfu 10.60%
step 1400: train loss 1.5387, val loss 1.7127
saving checkpoint to out-shakespeare-6-384-1
iter 1400: loss 1.5765, time 246.09ms, mfu 9.69%
iter 1410: loss 1.5879, time 30.57ms, mfu 9.94%
iter 1420: loss 1.6081, time 31.11ms, mfu 10.15%
iter 1430: loss 1.6110, time 30.92ms, mfu 10.34%
iter 1440: loss 1.5837, time 29.63ms, mfu 10.56%
step 1450: train loss 1.4926, val loss 1.7159
saving checkpoint to out-shakespeare-6-384-1
iter 1450: loss 1.6359, time 238.78ms, mfu 9.66%
iter 1460: loss 1.6088, time 31.63ms, mfu 9.87%
iter 1470: loss 1.6085, time 30.47ms, mfu 10.11%
iter 1480: loss 1.5878, time 31.38ms, mfu 10.29%
iter 1490: loss 1.5529, time 30.64ms, mfu 10.47%
step 1500: train loss 1.4916, val loss 1.6798
saving checkpoint to out-shakespeare-6-384-1
iter 1500: loss 1.5818, time 251.30ms, mfu 9.57%
iter 1510: loss 1.5970, time 30.52ms, mfu 9.84%
iter 1520: loss 1.5836, time 30.79ms, mfu 10.06%
iter 1530: loss 1.5410, time 28.98ms, mfu 10.34%
iter 1540: loss 1.5791, time 30.26ms, mfu 10.54%
step 1550: train loss 1.4583, val loss 1.6868
saving checkpoint to out-shakespeare-6-384-1
iter 1550: loss 1.5887, time 242.07ms, mfu 9.64%
iter 1560: loss 1.5991, time 31.21ms, mfu 9.87%
iter 1570: loss 1.5523, time 32.40ms, mfu 10.03%
iter 1580: loss 1.5762, time 31.35ms, mfu 10.22%
iter 1590: loss 1.5528, time 30.86ms, mfu 10.40%
step 1600: train loss 1.4666, val loss 1.6617
saving checkpoint to out-shakespeare-6-384-1
iter 1600: loss 1.5351, time 245.06ms, mfu 9.52%
iter 1610: loss 1.5270, time 30.66ms, mfu 9.78%
iter 1620: loss 1.5348, time 29.74ms, mfu 10.05%
iter 1630: loss 1.5351, time 31.08ms, mfu 10.25%
iter 1640: loss 1.5473, time 29.89ms, mfu 10.47%
step 1650: train loss 1.4593, val loss 1.6611
saving checkpoint to out-shakespeare-6-384-1
iter 1650: loss 1.5586, time 252.63ms, mfu 9.57%
iter 1660: loss 1.5451, time 31.03ms, mfu 9.81%
iter 1670: loss 1.5568, time 31.25ms, mfu 10.03%
iter 1680: loss 1.5489, time 31.01ms, mfu 10.22%
iter 1690: loss 1.5107, time 29.94ms, mfu 10.45%
step 1700: train loss 1.4394, val loss 1.6440
saving checkpoint to out-shakespeare-6-384-1
iter 1700: loss 1.5563, time 243.81ms, mfu 9.55%
iter 1710: loss 1.5245, time 30.40ms, mfu 9.82%
iter 1720: loss 1.5107, time 30.19ms, mfu 10.08%
iter 1730: loss 1.5174, time 30.97ms, mfu 10.27%
iter 1740: loss 1.4714, time 31.36ms, mfu 10.43%
step 1750: train loss 1.4364, val loss 1.6572
saving checkpoint to out-shakespeare-6-384-1
iter 1750: loss 1.5361, time 238.58ms, mfu 9.55%
iter 1760: loss 1.5245, time 30.74ms, mfu 9.80%
iter 1770: loss 1.5226, time 31.15ms, mfu 10.02%
iter 1780: loss 1.4686, time 31.21ms, mfu 10.21%
iter 1790: loss 1.5052, time 16.09ms, mfu 11.51%
step 1800: train loss 1.4366, val loss 1.6180
saving checkpoint to out-shakespeare-6-384-1
iter 1800: loss 1.5078, time 251.98ms, mfu 10.50%
iter 1810: loss 1.5226, time 30.90ms, mfu 10.66%
iter 1820: loss 1.4875, time 31.94ms, mfu 10.76%
iter 1830: loss 1.4873, time 29.68ms, mfu 10.94%
iter 1840: loss 1.4896, time 31.46ms, mfu 11.03%
step 1850: train loss 1.4262, val loss 1.6182
saving checkpoint to out-shakespeare-6-384-1
iter 1850: loss 1.5093, time 249.39ms, mfu 10.08%
iter 1860: loss 1.4840, time 31.73ms, mfu 10.24%
iter 1870: loss 1.5116, time 31.23ms, mfu 10.41%
iter 1880: loss 1.5035, time 30.91ms, mfu 10.58%
iter 1890: loss 1.5043, time 30.87ms, mfu 10.73%
step 1900: train loss 1.4010, val loss 1.6099
saving checkpoint to out-shakespeare-6-384-1
iter 1900: loss 1.4763, time 248.03ms, mfu 9.80%
iter 1910: loss 1.5071, time 17.08ms, mfu 11.00%
iter 1920: loss 1.5094, time 29.64ms, mfu 11.16%
iter 1930: loss 1.5003, time 30.92ms, mfu 11.25%
iter 1940: loss 1.5005, time 29.89ms, mfu 11.37%
step 1950: train loss 1.3898, val loss 1.6038
saving checkpoint to out-shakespeare-6-384-1
iter 1950: loss 1.4908, time 239.77ms, mfu 10.39%
iter 1960: loss 1.4842, time 29.99ms, mfu 10.59%
iter 1970: loss 1.4746, time 31.07ms, mfu 10.73%
iter 1980: loss 1.4734, time 30.33ms, mfu 10.89%
iter 1990: loss 1.4669, time 29.56ms, mfu 11.06%
step 2000: train loss 1.3757, val loss 1.5900
saving checkpoint to out-shakespeare-6-384-1
iter 2000: loss 1.4892, time 241.38ms, mfu 10.11%
iter 2010: loss 1.4728, time 32.07ms, mfu 10.26%
iter 2020: loss 1.4603, time 31.09ms, mfu 10.43%
iter 2030: loss 1.4787, time 31.46ms, mfu 10.57%
iter 2040: loss 1.4677, time 17.38ms, mfu 11.66%
step 2050: train loss 1.3778, val loss 1.5864
saving checkpoint to out-shakespeare-6-384-1
iter 2050: loss 1.4678, time 246.23ms, mfu 10.65%
iter 2060: loss 1.4454, time 30.28ms, mfu 10.81%
iter 2070: loss 1.4682, time 31.58ms, mfu 10.91%
iter 2080: loss 1.4600, time 31.07ms, mfu 11.02%
iter 2090: loss 1.4093, time 30.68ms, mfu 11.13%
step 2100: train loss 1.3753, val loss 1.5976
saving checkpoint to out-shakespeare-6-384-1
iter 2100: loss 1.4559, time 239.11ms, mfu 10.17%
iter 2110: loss 1.4360, time 30.77ms, mfu 10.37%
iter 2120: loss 1.4427, time 31.31ms, mfu 10.52%
iter 2130: loss 1.4584, time 31.29ms, mfu 10.66%
iter 2140: loss 1.4576, time 30.20ms, mfu 10.83%
step 2150: train loss 1.3568, val loss 1.5795
saving checkpoint to out-shakespeare-6-384-1
iter 2150: loss 1.4459, time 242.53ms, mfu 9.90%
iter 2160: loss 1.4342, time 31.30ms, mfu 10.10%
iter 2170: loss 1.4446, time 30.74ms, mfu 10.30%
iter 2180: loss 1.4345, time 31.61ms, mfu 10.45%
iter 2190: loss 1.4481, time 30.22ms, mfu 10.64%
step 2200: train loss 1.3712, val loss 1.5673
saving checkpoint to out-shakespeare-6-384-1
iter 2200: loss 1.4382, time 247.66ms, mfu 9.72%
iter 2210: loss 1.4358, time 31.34ms, mfu 9.94%
iter 2220: loss 1.4508, time 29.08ms, mfu 10.23%
iter 2230: loss 1.4391, time 19.42ms, mfu 11.12%
iter 2240: loss 1.4618, time 31.34ms, mfu 11.20%
step 2250: train loss 1.3533, val loss 1.5768
saving checkpoint to out-shakespeare-6-384-1
iter 2250: loss 1.4476, time 239.19ms, mfu 10.24%
iter 2260: loss 1.4320, time 33.20ms, mfu 10.34%
iter 2270: loss 1.4619, time 30.73ms, mfu 10.51%
iter 2280: loss 1.4259, time 29.06ms, mfu 10.75%
iter 2290: loss 1.4142, time 32.36ms, mfu 10.82%
step 2300: train loss 1.3353, val loss 1.5348
saving checkpoint to out-shakespeare-6-384-1
iter 2300: loss 1.4256, time 242.43ms, mfu 9.89%
iter 2310: loss 1.4281, time 30.45ms, mfu 10.13%
iter 2320: loss 1.4231, time 16.76ms, mfu 11.34%
iter 2330: loss 1.4358, time 30.94ms, mfu 11.41%
iter 2340: loss 1.4118, time 30.60ms, mfu 11.49%
step 2350: train loss 1.3337, val loss 1.5709
saving checkpoint to out-shakespeare-6-384-1
iter 2350: loss 1.3905, time 246.31ms, mfu 10.49%
iter 2360: loss 1.4155, time 30.75ms, mfu 10.65%
iter 2370: loss 1.4060, time 30.68ms, mfu 10.80%
iter 2380: loss 1.4156, time 30.42ms, mfu 10.95%
iter 2390: loss 1.4473, time 18.85ms, mfu 11.83%
step 2400: train loss 1.3368, val loss 1.5650
saving checkpoint to out-shakespeare-6-384-1
iter 2400: loss 1.4054, time 250.60ms, mfu 10.79%
iter 2410: loss 1.4238, time 32.22ms, mfu 10.87%
iter 2420: loss 1.4131, time 30.16ms, mfu 11.02%
iter 2430: loss 1.4113, time 31.10ms, mfu 11.12%
iter 2440: loss 1.4195, time 32.09ms, mfu 11.16%
step 2450: train loss 1.3315, val loss 1.5635
saving checkpoint to out-shakespeare-6-384-1
iter 2450: loss 1.3991, time 250.77ms, mfu 10.20%
iter 2460: loss 1.3906, time 16.13ms, mfu 11.49%
iter 2470: loss 1.3942, time 30.36ms, mfu 11.57%
iter 2480: loss 1.4270, time 17.61ms, mfu 12.53%
iter 2490: loss 1.4144, time 29.47ms, mfu 12.54%
step 2500: train loss 1.3187, val loss 1.5504
saving checkpoint to out-shakespeare-6-384-1
iter 2500: loss 1.4146, time 253.25ms, mfu 11.43%
iter 2510: loss 1.3695, time 31.68ms, mfu 11.46%
iter 2520: loss 1.3903, time 30.66ms, mfu 11.53%
iter 2530: loss 1.4278, time 29.63ms, mfu 11.64%
iter 2540: loss 1.3556, time 31.43ms, mfu 11.66%
step 2550: train loss 1.3201, val loss 1.5503
saving checkpoint to out-shakespeare-6-384-1
iter 2550: loss 1.4049, time 243.36ms, mfu 10.65%
iter 2560: loss 1.4053, time 30.97ms, mfu 10.78%
iter 2570: loss 1.4246, time 17.30ms, mfu 11.86%
iter 2580: loss 1.3956, time 31.18ms, mfu 11.87%
iter 2590: loss 1.3782, time 17.93ms, mfu 12.76%
step 2600: train loss 1.3132, val loss 1.5198
saving checkpoint to out-shakespeare-6-384-1
iter 2600: loss 1.3677, time 248.21ms, mfu 11.63%
iter 2610: loss 1.3850, time 31.50ms, mfu 11.65%
iter 2620: loss 1.3834, time 29.36ms, mfu 11.76%
iter 2630: loss 1.4268, time 31.67ms, mfu 11.76%
iter 2640: loss 1.3891, time 30.59ms, mfu 11.80%
step 2650: train loss 1.3030, val loss 1.5595
saving checkpoint to out-shakespeare-6-384-1
iter 2650: loss 1.3975, time 246.69ms, mfu 10.77%
iter 2660: loss 1.3824, time 30.69ms, mfu 10.91%
iter 2670: loss 1.3524, time 29.68ms, mfu 11.07%
iter 2680: loss 1.3987, time 30.90ms, mfu 11.17%
iter 2690: loss 1.3999, time 29.55ms, mfu 11.32%
step 2700: train loss 1.2909, val loss 1.5234
saving checkpoint to out-shakespeare-6-384-1
iter 2700: loss 1.3897, time 240.58ms, mfu 10.34%
iter 2710: loss 1.3756, time 31.08ms, mfu 10.50%
iter 2720: loss 1.3836, time 31.22ms, mfu 10.65%
iter 2730: loss 1.3799, time 31.39ms, mfu 10.77%
iter 2740: loss 1.4076, time 30.76ms, mfu 10.90%
step 2750: train loss 1.2877, val loss 1.5406
saving checkpoint to out-shakespeare-6-384-1
iter 2750: loss 1.3709, time 248.47ms, mfu 9.96%
iter 2760: loss 1.3644, time 31.58ms, mfu 10.15%
iter 2770: loss 1.3623, time 32.03ms, mfu 10.30%
iter 2780: loss 1.3745, time 30.72ms, mfu 10.48%
iter 2790: loss 1.3676, time 31.28ms, mfu 10.62%
step 2800: train loss 1.2822, val loss 1.5492
saving checkpoint to out-shakespeare-6-384-1
iter 2800: loss 1.3856, time 253.71ms, mfu 9.71%
iter 2810: loss 1.3803, time 31.48ms, mfu 9.92%
iter 2820: loss 1.3702, time 30.53ms, mfu 10.15%
iter 2830: loss 1.3393, time 30.03ms, mfu 10.37%
iter 2840: loss 1.3938, time 31.60ms, mfu 10.52%
step 2850: train loss 1.2790, val loss 1.5508
saving checkpoint to out-shakespeare-6-384-1
iter 2850: loss 1.3515, time 249.45ms, mfu 9.61%
iter 2860: loss 1.3299, time 30.40ms, mfu 9.88%
iter 2870: loss 1.3787, time 30.18ms, mfu 10.13%
iter 2880: loss 1.3526, time 17.86ms, mfu 11.20%
iter 2890: loss 1.3563, time 30.64ms, mfu 11.29%
step 2900: train loss 1.2760, val loss 1.5275
saving checkpoint to out-shakespeare-6-384-1
iter 2900: loss 1.4047, time 247.18ms, mfu 10.32%
iter 2910: loss 1.3848, time 31.56ms, mfu 10.47%
iter 2920: loss 1.3754, time 31.82ms, mfu 10.59%
iter 2930: loss 1.3468, time 30.81ms, mfu 10.74%
iter 2940: loss 1.3730, time 30.57ms, mfu 10.89%
step 2950: train loss 1.2716, val loss 1.5129
saving checkpoint to out-shakespeare-6-384-1
iter 2950: loss 1.3438, time 253.40ms, mfu 9.94%
iter 2960: loss 1.3586, time 31.80ms, mfu 10.12%
iter 2970: loss 1.3240, time 31.02ms, mfu 10.31%
iter 2980: loss 1.3630, time 30.93ms, mfu 10.48%
iter 2990: loss 1.3224, time 30.24ms, mfu 10.67%
step 3000: train loss 1.2542, val loss 1.5261
saving checkpoint to out-shakespeare-6-384-1
iter 3000: loss 1.3672, time 244.28ms, mfu 9.75%
iter 3010: loss 1.3343, time 29.74ms, mfu 10.03%
iter 3020: loss 1.3629, time 18.20ms, mfu 11.08%
iter 3030: loss 1.3422, time 30.82ms, mfu 11.18%
iter 3040: loss 1.3595, time 16.17ms, mfu 12.36%
step 3050: train loss 1.2465, val loss 1.5428
saving checkpoint to out-shakespeare-6-384-1
iter 3050: loss 1.3454, time 249.74ms, mfu 11.28%
iter 3060: loss 1.3298, time 30.74ms, mfu 11.36%
iter 3070: loss 1.3587, time 30.85ms, mfu 11.43%
iter 3080: loss 1.3791, time 29.63ms, mfu 11.55%
iter 3090: loss 1.3055, time 29.78ms, mfu 11.64%
step 3100: train loss 1.2721, val loss 1.5261
saving checkpoint to out-shakespeare-6-384-1
iter 3100: loss 1.3872, time 245.97ms, mfu 10.63%
iter 3110: loss 1.3797, time 31.68ms, mfu 10.74%
iter 3120: loss 1.3387, time 30.87ms, mfu 10.88%
iter 3130: loss 1.3505, time 30.94ms, mfu 10.99%
iter 3140: loss 1.3298, time 31.08ms, mfu 11.09%
step 3150: train loss 1.2411, val loss 1.5021
saving checkpoint to out-shakespeare-6-384-1
iter 3150: loss 1.3437, time 252.46ms, mfu 10.13%
iter 3160: loss 1.3450, time 32.15ms, mfu 10.28%
iter 3170: loss 1.3335, time 29.65ms, mfu 10.51%
iter 3180: loss 1.3538, time 17.77ms, mfu 11.55%
iter 3190: loss 1.3258, time 30.92ms, mfu 11.60%
step 3200: train loss 1.2534, val loss 1.4860
saving checkpoint to out-shakespeare-6-384-1
iter 3200: loss 1.3486, time 250.60ms, mfu 10.59%
iter 3210: loss 1.3302, time 17.66ms, mfu 11.64%
iter 3220: loss 1.3105, time 30.79ms, mfu 11.69%
iter 3230: loss 1.3112, time 31.33ms, mfu 11.71%
iter 3240: loss 1.3275, time 30.61ms, mfu 11.76%
step 3250: train loss 1.2461, val loss 1.5004
saving checkpoint to out-shakespeare-6-384-1
iter 3250: loss 1.2841, time 242.93ms, mfu 10.73%
iter 3260: loss 1.3272, time 30.16ms, mfu 10.90%
iter 3270: loss 1.3299, time 16.34ms, mfu 12.09%
iter 3280: loss 1.3274, time 30.27ms, mfu 12.11%
iter 3290: loss 1.3157, time 16.98ms, mfu 13.09%
step 3300: train loss 1.2317, val loss 1.5047
saving checkpoint to out-shakespeare-6-384-1
iter 3300: loss 1.3103, time 254.73ms, mfu 11.93%
iter 3310: loss 1.3139, time 29.84ms, mfu 11.98%
iter 3320: loss 1.3465, time 18.17ms, mfu 12.84%
iter 3330: loss 1.3459, time 30.19ms, mfu 12.79%
iter 3340: loss 1.3284, time 17.13ms, mfu 13.68%
step 3350: train loss 1.2259, val loss 1.5128
saving checkpoint to out-shakespeare-6-384-1
iter 3350: loss 1.3401, time 255.08ms, mfu 12.46%
iter 3360: loss 1.3203, time 30.75ms, mfu 12.43%
iter 3370: loss 1.3057, time 32.24ms, mfu 12.34%
iter 3380: loss 1.2982, time 30.87ms, mfu 12.31%
iter 3390: loss 1.3349, time 30.12ms, mfu 12.32%
step 3400: train loss 1.2363, val loss 1.5105
saving checkpoint to out-shakespeare-6-384-1
iter 3400: loss 1.3085, time 251.94ms, mfu 11.24%
iter 3410: loss 1.2973, time 31.35ms, mfu 11.30%
iter 3420: loss 1.3185, time 29.75ms, mfu 11.42%
iter 3430: loss 1.2983, time 30.77ms, mfu 11.49%
iter 3440: loss 1.3342, time 30.47ms, mfu 11.57%
step 3450: train loss 1.2305, val loss 1.5019
saving checkpoint to out-shakespeare-6-384-1
iter 3450: loss 1.3024, time 240.70ms, mfu 10.56%
iter 3460: loss 1.3054, time 29.95ms, mfu 10.75%
iter 3470: loss 1.3281, time 17.49ms, mfu 11.81%
iter 3480: loss 1.3287, time 31.25ms, mfu 11.82%
iter 3490: loss 1.3407, time 18.06ms, mfu 12.70%
step 3500: train loss 1.2071, val loss 1.4851
saving checkpoint to out-shakespeare-6-384-1
iter 3500: loss 1.3153, time 253.41ms, mfu 11.58%
iter 3510: loss 1.2933, time 31.52ms, mfu 11.60%
iter 3520: loss 1.2859, time 30.99ms, mfu 11.64%
iter 3530: loss 1.3233, time 31.56ms, mfu 11.66%
iter 3540: loss 1.2876, time 30.16ms, mfu 11.73%
step 3550: train loss 1.2160, val loss 1.4920
saving checkpoint to out-shakespeare-6-384-1
iter 3550: loss 1.3029, time 253.97ms, mfu 10.70%
iter 3560: loss 1.3285, time 17.14ms, mfu 11.81%
iter 3570: loss 1.2944, time 31.33ms, mfu 11.82%
iter 3580: loss 1.3009, time 29.35ms, mfu 11.90%
iter 3590: loss 1.3115, time 30.37ms, mfu 11.94%
step 3600: train loss 1.2104, val loss 1.4756
saving checkpoint to out-shakespeare-6-384-1
iter 3600: loss 1.2895, time 249.23ms, mfu 10.90%
iter 3610: loss 1.2721, time 30.87ms, mfu 11.01%
iter 3620: loss 1.3057, time 31.16ms, mfu 11.11%
iter 3630: loss 1.2835, time 29.17ms, mfu 11.27%
iter 3640: loss 1.3154, time 31.94ms, mfu 11.31%
step 3650: train loss 1.2055, val loss 1.5020
saving checkpoint to out-shakespeare-6-384-1
iter 3650: loss 1.2837, time 253.39ms, mfu 10.33%
iter 3660: loss 1.2821, time 33.32ms, mfu 10.41%
iter 3670: loss 1.3205, time 31.37ms, mfu 10.56%
iter 3680: loss 1.2651, time 30.89ms, mfu 10.71%
iter 3690: loss 1.2804, time 29.67ms, mfu 10.90%
step 3700: train loss 1.1880, val loss 1.4733
saving checkpoint to out-shakespeare-6-384-1
iter 3700: loss 1.2827, time 247.72ms, mfu 9.96%
iter 3710: loss 1.3027, time 29.05ms, mfu 10.24%
iter 3720: loss 1.2897, time 31.04ms, mfu 10.42%
iter 3730: loss 1.2908, time 30.72ms, mfu 10.59%
iter 3740: loss 1.2946, time 29.43ms, mfu 10.80%
step 3750: train loss 1.2079, val loss 1.5195
saving checkpoint to out-shakespeare-6-384-1
iter 3750: loss 1.2763, time 242.21ms, mfu 9.87%
iter 3760: loss 1.2722, time 30.47ms, mfu 10.11%
iter 3770: loss 1.2945, time 31.25ms, mfu 10.29%
iter 3780: loss 1.2671, time 30.72ms, mfu 10.47%
iter 3790: loss 1.2835, time 17.79ms, mfu 11.52%
step 3800: train loss 1.1960, val loss 1.5086
saving checkpoint to out-shakespeare-6-384-1
iter 3800: loss 1.2754, time 248.92ms, mfu 10.52%
iter 3810: loss 1.2664, time 31.12ms, mfu 10.66%
iter 3820: loss 1.2953, time 30.69ms, mfu 10.81%
iter 3830: loss 1.2768, time 30.32ms, mfu 10.96%
iter 3840: loss 1.2619, time 31.47ms, mfu 11.05%
step 3850: train loss 1.1830, val loss 1.4819
saving checkpoint to out-shakespeare-6-384-1
iter 3850: loss 1.2883, time 253.31ms, mfu 10.09%
iter 3860: loss 1.3171, time 31.20ms, mfu 10.28%
iter 3870: loss 1.2699, time 30.86ms, mfu 10.46%
iter 3880: loss 1.2555, time 30.09ms, mfu 10.65%
iter 3890: loss 1.3063, time 30.47ms, mfu 10.81%
step 3900: train loss 1.2021, val loss 1.5136
saving checkpoint to out-shakespeare-6-384-1
iter 3900: loss 1.3025, time 250.80ms, mfu 9.87%
iter 3910: loss 1.2739, time 30.48ms, mfu 10.11%
iter 3920: loss 1.2826, time 31.65ms, mfu 10.28%
iter 3930: loss 1.2700, time 30.34ms, mfu 10.48%
iter 3940: loss 1.2727, time 30.80ms, mfu 10.64%
step 3950: train loss 1.1847, val loss 1.4870
saving checkpoint to out-shakespeare-6-384-1
iter 3950: loss 1.3039, time 248.53ms, mfu 9.72%
iter 3960: loss 1.2923, time 29.60ms, mfu 10.01%
iter 3970: loss 1.2789, time 31.00ms, mfu 10.21%
iter 3980: loss 1.2672, time 16.50ms, mfu 11.45%
iter 3990: loss 1.2761, time 30.76ms, mfu 11.52%
step 4000: train loss 1.1710, val loss 1.4903
saving checkpoint to out-shakespeare-6-384-1
iter 4000: loss 1.2820, time 242.69ms, mfu 10.52%
iter 4010: loss 1.2714, time 29.86ms, mfu 10.71%
iter 4020: loss 1.2807, time 31.46ms, mfu 10.83%
iter 4030: loss 1.2724, time 30.82ms, mfu 10.95%
iter 4040: loss 1.2469, time 31.74ms, mfu 11.03%
step 4050: train loss 1.1860, val loss 1.5114
saving checkpoint to out-shakespeare-6-384-1
iter 4050: loss 1.2767, time 246.76ms, mfu 10.08%
iter 4060: loss 1.2734, time 31.67ms, mfu 10.25%
iter 4070: loss 1.2686, time 31.84ms, mfu 10.39%
iter 4080: loss 1.2611, time 30.27ms, mfu 10.59%
iter 4090: loss 1.2797, time 30.88ms, mfu 10.73%
step 4100: train loss 1.1802, val loss 1.4790
saving checkpoint to out-shakespeare-6-384-1
iter 4100: loss 1.2635, time 254.57ms, mfu 9.81%
iter 4110: loss 1.2995, time 30.97ms, mfu 10.03%
iter 4120: loss 1.2581, time 30.72ms, mfu 10.24%
iter 4130: loss 1.2648, time 29.79ms, mfu 10.47%
iter 4140: loss 1.2671, time 31.26ms, mfu 10.61%
step 4150: train loss 1.1638, val loss 1.5020
saving checkpoint to out-shakespeare-6-384-1
iter 4150: loss 1.2696, time 247.78ms, mfu 9.70%
iter 4160: loss 1.2603, time 29.60ms, mfu 9.99%
iter 4170: loss 1.2274, time 30.26ms, mfu 10.22%
iter 4180: loss 1.2554, time 17.48ms, mfu 11.33%
iter 4190: loss 1.2479, time 31.52ms, mfu 11.38%
step 4200: train loss 1.1568, val loss 1.4794
saving checkpoint to out-shakespeare-6-384-1
iter 4200: loss 1.2406, time 245.52ms, mfu 10.39%
iter 4210: loss 1.2601, time 31.37ms, mfu 10.54%
iter 4220: loss 1.2306, time 31.36ms, mfu 10.68%
iter 4230: loss 1.2545, time 30.70ms, mfu 10.82%
iter 4240: loss 1.2692, time 30.55ms, mfu 10.96%
step 4250: train loss 1.1733, val loss 1.4544
saving checkpoint to out-shakespeare-6-384-1
iter 4250: loss 1.2251, time 253.54ms, mfu 10.01%
iter 4260: loss 1.2667, time 30.92ms, mfu 10.22%
iter 4270: loss 1.2417, time 29.80ms, mfu 10.44%
iter 4280: loss 1.2287, time 31.50ms, mfu 10.58%
iter 4290: loss 1.2327, time 31.20ms, mfu 10.72%
step 4300: train loss 1.1453, val loss 1.4898
saving checkpoint to out-shakespeare-6-384-1
iter 4300: loss 1.2500, time 247.15ms, mfu 9.80%
iter 4310: loss 1.2421, time 30.37ms, mfu 10.04%
iter 4320: loss 1.2453, time 31.60ms, mfu 10.22%
iter 4330: loss 1.2464, time 29.34ms, mfu 10.47%
iter 4340: loss 1.2265, time 29.77ms, mfu 10.67%
step 4350: train loss 1.1481, val loss 1.4825
saving checkpoint to out-shakespeare-6-384-1
iter 4350: loss 1.2254, time 252.99ms, mfu 9.75%
iter 4360: loss 1.2578, time 31.41ms, mfu 9.96%
iter 4370: loss 1.2140, time 30.79ms, mfu 10.18%
iter 4380: loss 1.2268, time 31.53ms, mfu 10.34%
iter 4390: loss 1.2623, time 31.25ms, mfu 10.50%
step 4400: train loss 1.1512, val loss 1.4859
saving checkpoint to out-shakespeare-6-384-1
iter 4400: loss 1.2471, time 247.84ms, mfu 9.60%
iter 4410: loss 1.2537, time 32.13ms, mfu 9.80%
iter 4420: loss 1.2476, time 30.78ms, mfu 10.03%
iter 4430: loss 1.2379, time 16.99ms, mfu 11.22%
iter 4440: loss 1.2557, time 29.86ms, mfu 11.35%
step 4450: train loss 1.1581, val loss 1.4511
saving checkpoint to out-shakespeare-6-384-1
iter 4450: loss 1.2242, time 255.09ms, mfu 10.36%
iter 4460: loss 1.2522, time 30.65ms, mfu 10.54%
iter 4470: loss 1.2221, time 31.47ms, mfu 10.67%
iter 4480: loss 1.2348, time 30.86ms, mfu 10.81%
iter 4490: loss 1.2344, time 31.07ms, mfu 10.93%
step 4500: train loss 1.1318, val loss 1.4947
saving checkpoint to out-shakespeare-6-384-1
iter 4500: loss 1.2338, time 246.98ms, mfu 9.99%
iter 4510: loss 1.2349, time 31.21ms, mfu 10.18%
iter 4520: loss 1.2531, time 30.45ms, mfu 10.39%
iter 4530: loss 1.2126, time 31.41ms, mfu 10.53%
iter 4540: loss 1.2059, time 31.36ms, mfu 10.67%
step 4550: train loss 1.1384, val loss 1.4653
saving checkpoint to out-shakespeare-6-384-1
iter 4550: loss 1.2497, time 249.21ms, mfu 9.75%
iter 4560: loss 1.2397, time 17.34ms, mfu 10.93%
iter 4570: loss 1.2514, time 31.98ms, mfu 11.00%
iter 4580: loss 1.2279, time 29.79ms, mfu 11.15%
iter 4590: loss 1.2080, time 29.89ms, mfu 11.28%
step 4600: train loss 1.1347, val loss 1.5033
saving checkpoint to out-shakespeare-6-384-1
iter 4600: loss 1.2292, time 246.30ms, mfu 10.30%
iter 4610: loss 1.2396, time 30.48ms, mfu 10.50%
iter 4620: loss 1.2298, time 16.56ms, mfu 11.70%
iter 4630: loss 1.2435, time 29.04ms, mfu 11.81%
iter 4640: loss 1.2448, time 29.42ms, mfu 11.90%
step 4650: train loss 1.1327, val loss 1.5063
saving checkpoint to out-shakespeare-6-384-1
iter 4650: loss 1.2038, time 250.51ms, mfu 10.85%
iter 4660: loss 1.1878, time 16.77ms, mfu 11.99%
iter 4670: loss 1.2158, time 31.19ms, mfu 11.99%
iter 4680: loss 1.2030, time 32.36ms, mfu 11.94%
iter 4690: loss 1.2292, time 31.03ms, mfu 11.95%
step 4700: train loss 1.1484, val loss 1.4676
saving checkpoint to out-shakespeare-6-384-1
iter 4700: loss 1.2254, time 247.72ms, mfu 10.90%
iter 4710: loss 1.1991, time 29.68ms, mfu 11.07%
iter 4720: loss 1.2179, time 31.04ms, mfu 11.16%
iter 4730: loss 1.2046, time 30.76ms, mfu 11.26%
iter 4740: loss 1.2325, time 31.32ms, mfu 11.32%
step 4750: train loss 1.1408, val loss 1.4704
saving checkpoint to out-shakespeare-6-384-1
iter 4750: loss 1.2134, time 253.24ms, mfu 10.34%
iter 4760: loss 1.2130, time 29.69ms, mfu 10.56%
iter 4770: loss 1.2280, time 31.22ms, mfu 10.70%
iter 4780: loss 1.2297, time 30.33ms, mfu 10.85%
iter 4790: loss 1.2133, time 31.52ms, mfu 10.95%
step 4800: train loss 1.1182, val loss 1.4606
saving checkpoint to out-shakespeare-6-384-1
iter 4800: loss 1.2401, time 248.14ms, mfu 10.01%
iter 4810: loss 1.2090, time 31.24ms, mfu 10.20%
iter 4820: loss 1.2023, time 29.72ms, mfu 10.43%
iter 4830: loss 1.2250, time 17.25ms, mfu 11.55%
iter 4840: loss 1.2109, time 29.82ms, mfu 11.64%
step 4850: train loss 1.1300, val loss 1.4749
saving checkpoint to out-shakespeare-6-384-1
iter 4850: loss 1.2122, time 241.61ms, mfu 10.63%
iter 4860: loss 1.2378, time 30.72ms, mfu 10.78%
iter 4870: loss 1.2227, time 31.22ms, mfu 10.90%
iter 4880: loss 1.2428, time 29.57ms, mfu 11.07%
iter 4890: loss 1.2265, time 31.64ms, mfu 11.14%
step 4900: train loss 1.1148, val loss 1.4919
saving checkpoint to out-shakespeare-6-384-1
iter 4900: loss 1.2187, time 248.97ms, mfu 10.18%
iter 4910: loss 1.2045, time 30.56ms, mfu 10.38%
iter 4920: loss 1.2169, time 30.47ms, mfu 10.56%
iter 4930: loss 1.1949, time 17.70ms, mfu 11.61%
iter 4940: loss 1.1883, time 30.24ms, mfu 11.68%
step 4950: train loss 1.1208, val loss 1.4362
saving checkpoint to out-shakespeare-6-384-1
iter 4950: loss 1.2158, time 257.22ms, mfu 10.66%
iter 4960: loss 1.2379, time 30.92ms, mfu 10.80%
iter 4970: loss 1.1854, time 30.20ms, mfu 10.95%
iter 4980: loss 1.2107, time 30.48ms, mfu 11.08%
iter 4990: loss 1.2038, time 18.08ms, mfu 12.03%
step 5000: train loss 1.1057, val loss 1.4693
saving checkpoint to out-shakespeare-6-384-1
iter 5000: loss 1.2284, time 247.58ms, mfu 10.98%
iter 5010: loss 1.1865, time 31.00ms, mfu 11.08%
iter 5020: loss 1.2336, time 31.64ms, mfu 11.15%
iter 5030: loss 1.2007, time 31.48ms, mfu 11.22%
iter 5040: loss 1.1943, time 31.01ms, mfu 11.30%
step 5050: train loss 1.1155, val loss 1.4799
saving checkpoint to out-shakespeare-6-384-1
iter 5050: loss 1.2153, time 251.82ms, mfu 10.32%
iter 5060: loss 1.2229, time 32.55ms, mfu 10.43%
iter 5070: loss 1.2149, time 29.96ms, mfu 10.63%
iter 5080: loss 1.1864, time 31.26ms, mfu 10.76%
iter 5090: loss 1.2213, time 30.93ms, mfu 10.89%
step 5100: train loss 1.1076, val loss 1.4704
saving checkpoint to out-shakespeare-6-384-1
iter 5100: loss 1.2009, time 246.44ms, mfu 9.95%
iter 5110: loss 1.1745, time 31.32ms, mfu 10.15%
iter 5120: loss 1.2099, time 30.29ms, mfu 10.36%
iter 5130: loss 1.1994, time 30.45ms, mfu 10.55%
iter 5140: loss 1.1823, time 31.10ms, mfu 10.69%
step 5150: train loss 1.1162, val loss 1.4656
saving checkpoint to out-shakespeare-6-384-1
iter 5150: loss 1.2022, time 253.97ms, mfu 9.77%
iter 5160: loss 1.1765, time 30.86ms, mfu 10.00%
iter 5170: loss 1.1800, time 30.11ms, mfu 10.24%
iter 5180: loss 1.1816, time 31.28ms, mfu 10.41%
iter 5190: loss 1.2085, time 30.28ms, mfu 10.60%
step 5200: train loss 1.0850, val loss 1.4550
saving checkpoint to out-shakespeare-6-384-1
iter 5200: loss 1.2098, time 253.68ms, mfu 9.68%
iter 5210: loss 1.1887, time 29.54ms, mfu 9.98%
iter 5220: loss 1.2257, time 30.02ms, mfu 10.22%
iter 5230: loss 1.1789, time 16.11ms, mfu 11.51%
iter 5240: loss 1.2285, time 30.08ms, mfu 11.60%
step 5250: train loss 1.0902, val loss 1.4767
saving checkpoint to out-shakespeare-6-384-1
iter 5250: loss 1.2088, time 243.27ms, mfu 10.59%
iter 5260: loss 1.1868, time 31.25ms, mfu 10.72%
iter 5270: loss 1.1861, time 18.35ms, mfu 11.68%
iter 5280: loss 1.2116, time 30.73ms, mfu 11.73%
iter 5290: loss 1.2004, time 18.04ms, mfu 12.62%
step 5300: train loss 1.0822, val loss 1.4843
saving checkpoint to out-shakespeare-6-384-1
iter 5300: loss 1.1928, time 251.70ms, mfu 11.51%
iter 5310: loss 1.1766, time 31.10ms, mfu 11.55%
iter 5320: loss 1.1787, time 29.87ms, mfu 11.65%
iter 5330: loss 1.1817, time 30.15ms, mfu 11.72%
iter 5340: loss 1.1746, time 29.67ms, mfu 11.80%
step 5350: train loss 1.0967, val loss 1.4780
saving checkpoint to out-shakespeare-6-384-1
iter 5350: loss 1.1772, time 244.21ms, mfu 10.77%
iter 5360: loss 1.1691, time 28.65ms, mfu 11.00%
iter 5370: loss 1.1743, time 31.19ms, mfu 11.09%
iter 5380: loss 1.1884, time 31.82ms, mfu 11.15%
iter 5390: loss 1.1929, time 31.08ms, mfu 11.24%
step 5400: train loss 1.0859, val loss 1.4843
saving checkpoint to out-shakespeare-6-384-1
iter 5400: loss 1.2001, time 254.52ms, mfu 10.26%
iter 5410: loss 1.1890, time 30.84ms, mfu 10.44%
iter 5420: loss 1.1726, time 30.73ms, mfu 10.61%
iter 5430: loss 1.1839, time 30.33ms, mfu 10.78%
iter 5440: loss 1.1739, time 29.94ms, mfu 10.94%
step 5450: train loss 1.0920, val loss 1.4858
saving checkpoint to out-shakespeare-6-384-1
iter 5450: loss 1.1865, time 247.90ms, mfu 10.00%
iter 5460: loss 1.1703, time 29.78ms, mfu 10.25%
iter 5470: loss 1.2015, time 31.04ms, mfu 10.43%
iter 5480: loss 1.1524, time 29.83ms, mfu 10.63%
iter 5490: loss 1.1837, time 30.98ms, mfu 10.77%
step 5500: train loss 1.0773, val loss 1.4705
saving checkpoint to out-shakespeare-6-384-1
iter 5500: loss 1.1817, time 250.15ms, mfu 9.84%
iter 5510: loss 1.1713, time 17.05ms, mfu 11.05%
iter 5520: loss 1.1469, time 30.10ms, mfu 11.18%
iter 5530: loss 1.2128, time 29.85ms, mfu 11.31%
iter 5540: loss 1.1710, time 31.36ms, mfu 11.37%
step 5550: train loss 1.0755, val loss 1.4732
saving checkpoint to out-shakespeare-6-384-1
iter 5550: loss 1.1852, time 250.11ms, mfu 10.38%
iter 5560: loss 1.1733, time 17.92ms, mfu 11.42%
iter 5570: loss 1.1587, time 30.29ms, mfu 11.51%
iter 5580: loss 1.1644, time 30.74ms, mfu 11.57%
iter 5590: loss 1.1601, time 30.24ms, mfu 11.64%
step 5600: train loss 1.0809, val loss 1.5031
saving checkpoint to out-shakespeare-6-384-1
iter 5600: loss 1.1661, time 249.27ms, mfu 10.63%
iter 5610: loss 1.1649, time 31.86ms, mfu 10.74%
iter 5620: loss 1.1665, time 30.87ms, mfu 10.87%
iter 5630: loss 1.1654, time 31.03ms, mfu 10.98%
iter 5640: loss 1.1642, time 31.81ms, mfu 11.06%
step 5650: train loss 1.0670, val loss 1.4734
saving checkpoint to out-shakespeare-6-384-1
iter 5650: loss 1.1790, time 254.47ms, mfu 10.10%
iter 5660: loss 1.1379, time 30.81ms, mfu 10.30%
iter 5670: loss 1.1780, time 31.43ms, mfu 10.45%
iter 5680: loss 1.1677, time 31.08ms, mfu 10.61%
iter 5690: loss 1.1874, time 31.27ms, mfu 10.74%
step 5700: train loss 1.0809, val loss 1.4905
saving checkpoint to out-shakespeare-6-384-1
iter 5700: loss 1.1981, time 245.43ms, mfu 9.82%
iter 5710: loss 1.1747, time 29.85ms, mfu 10.08%
iter 5720: loss 1.1533, time 17.45ms, mfu 11.21%
iter 5730: loss 1.1356, time 30.30ms, mfu 11.32%
iter 5740: loss 1.1446, time 30.07ms, mfu 11.43%
step 5750: train loss 1.0713, val loss 1.4709
saving checkpoint to out-shakespeare-6-384-1
iter 5750: loss 1.1542, time 250.99ms, mfu 10.43%
iter 5760: loss 1.1628, time 30.60ms, mfu 10.61%
iter 5770: loss 1.1572, time 31.53ms, mfu 10.73%
iter 5780: loss 1.1482, time 17.37ms, mfu 11.80%
iter 5790: loss 1.1744, time 31.86ms, mfu 11.79%
step 5800: train loss 1.0389, val loss 1.5073
saving checkpoint to out-shakespeare-6-384-1
iter 5800: loss 1.1518, time 254.34ms, mfu 10.76%
iter 5810: loss 1.1815, time 31.49ms, mfu 10.86%
iter 5820: loss 1.1709, time 30.67ms, mfu 10.99%
iter 5830: loss 1.1522, time 31.14ms, mfu 11.09%
iter 5840: loss 1.1478, time 30.97ms, mfu 11.19%
step 5850: train loss 1.0556, val loss 1.4657
saving checkpoint to out-shakespeare-6-384-1
iter 5850: loss 1.1503, time 246.42ms, mfu 10.22%
iter 5860: loss 1.1456, time 31.13ms, mfu 10.39%
iter 5870: loss 1.1879, time 29.74ms, mfu 10.61%
iter 5880: loss 1.1509, time 30.75ms, mfu 10.76%
iter 5890: loss 1.1440, time 31.16ms, mfu 10.88%
step 5900: train loss 1.0456, val loss 1.4759
saving checkpoint to out-shakespeare-6-384-1
iter 5900: loss 1.1473, time 251.09ms, mfu 9.94%
iter 5910: loss 1.1384, time 17.12ms, mfu 11.12%
iter 5920: loss 1.1692, time 30.14ms, mfu 11.25%
iter 5930: loss 1.1584, time 30.56ms, mfu 11.34%
iter 5940: loss 1.1768, time 31.30ms, mfu 11.40%
step 5950: train loss 1.0479, val loss 1.4733
saving checkpoint to out-shakespeare-6-384-1
iter 5950: loss 1.1428, time 246.12ms, mfu 10.41%
iter 5960: loss 1.1560, time 29.44ms, mfu 10.63%
iter 5970: loss 1.1385, time 16.65ms, mfu 11.81%
iter 5980: loss 1.1336, time 30.59ms, mfu 11.84%
iter 5990: loss 1.1442, time 31.06ms, mfu 11.86%
step 6000: train loss 1.0396, val loss 1.4916
saving checkpoint to out-shakespeare-6-384-1
iter 6000: loss 1.1394, time 253.17ms, mfu 10.82%
iter 6010: loss 1.1567, time 31.60ms, mfu 10.92%
iter 6020: loss 1.1584, time 31.53ms, mfu 11.01%
iter 6030: loss 1.1458, time 16.60ms, mfu 12.15%
iter 6040: loss 1.1621, time 30.75ms, mfu 12.15%
step 6050: train loss 1.0399, val loss 1.4573
saving checkpoint to out-shakespeare-6-384-1
iter 6050: loss 1.1387, time 247.45ms, mfu 11.08%
iter 6060: loss 1.1632, time 30.66ms, mfu 11.19%
iter 6070: loss 1.1654, time 31.62ms, mfu 11.25%
iter 6080: loss 1.1239, time 29.59ms, mfu 11.39%
iter 6090: loss 1.1430, time 30.89ms, mfu 11.45%
step 6100: train loss 1.0346, val loss 1.4510
saving checkpoint to out-shakespeare-6-384-1
iter 6100: loss 1.1583, time 252.68ms, mfu 10.46%
iter 6110: loss 1.1484, time 31.15ms, mfu 10.61%
iter 6120: loss 1.1722, time 30.75ms, mfu 10.76%
iter 6130: loss 1.1344, time 29.86ms, mfu 10.93%
iter 6140: loss 1.1294, time 30.71ms, mfu 11.05%
step 6150: train loss 1.0357, val loss 1.4469
saving checkpoint to out-shakespeare-6-384-1
iter 6150: loss 1.1437, time 247.68ms, mfu 10.10%
iter 6160: loss 1.1250, time 30.44ms, mfu 10.31%
iter 6170: loss 1.1451, time 30.98ms, mfu 10.48%
iter 6180: loss 1.1452, time 30.71ms, mfu 10.65%
iter 6190: loss 1.1061, time 19.00ms, mfu 11.54%
step 6200: train loss 1.0347, val loss 1.4637
saving checkpoint to out-shakespeare-6-384-1
iter 6200: loss 1.1533, time 247.88ms, mfu 10.54%
iter 6210: loss 1.1426, time 28.53ms, mfu 10.79%
iter 6220: loss 1.1582, time 31.15ms, mfu 10.91%
iter 6230: loss 1.1397, time 29.57ms, mfu 11.08%
iter 6240: loss 1.1603, time 30.39ms, mfu 11.20%
step 6250: train loss 1.0267, val loss 1.5006
saving checkpoint to out-shakespeare-6-384-1
iter 6250: loss 1.1220, time 254.74ms, mfu 10.22%
iter 6260: loss 1.1408, time 30.77ms, mfu 10.41%
iter 6270: loss 1.1136, time 31.14ms, mfu 10.57%
iter 6280: loss 1.1293, time 29.78ms, mfu 10.76%
iter 6290: loss 1.1227, time 16.23ms, mfu 11.98%
step 6300: train loss 1.0279, val loss 1.5012
saving checkpoint to out-shakespeare-6-384-1
iter 6300: loss 1.1296, time 250.37ms, mfu 10.93%
iter 6310: loss 1.1256, time 31.53ms, mfu 11.02%
iter 6320: loss 1.1467, time 30.76ms, mfu 11.13%
iter 6330: loss 1.1234, time 31.24ms, mfu 11.21%
iter 6340: loss 1.1514, time 30.80ms, mfu 11.30%
step 6350: train loss 1.0298, val loss 1.4867
saving checkpoint to out-shakespeare-6-384-1
iter 6350: loss 1.1398, time 244.84ms, mfu 10.32%
iter 6360: loss 1.1002, time 29.86ms, mfu 10.54%
iter 6370: loss 1.1445, time 31.80ms, mfu 10.65%
iter 6380: loss 1.1356, time 32.51ms, mfu 10.74%
iter 6390: loss 1.1259, time 29.53ms, mfu 10.92%
step 6400: train loss 1.0216, val loss 1.4855
saving checkpoint to out-shakespeare-6-384-1
iter 6400: loss 1.1624, time 243.12ms, mfu 9.98%
iter 6410: loss 1.1113, time 30.06ms, mfu 10.23%
iter 6420: loss 1.1553, time 17.92ms, mfu 11.28%
iter 6430: loss 1.1326, time 31.30ms, mfu 11.35%
iter 6440: loss 1.1178, time 31.21ms, mfu 11.40%
step 6450: train loss 1.0290, val loss 1.4852
saving checkpoint to out-shakespeare-6-384-1
iter 6450: loss 1.1088, time 251.51ms, mfu 10.41%
iter 6460: loss 1.1314, time 18.71ms, mfu 11.36%
iter 6470: loss 1.1152, time 31.22ms, mfu 11.42%
iter 6480: loss 1.1160, time 29.68ms, mfu 11.53%
iter 6490: loss 1.1185, time 31.62ms, mfu 11.56%
step 6500: train loss 1.0170, val loss 1.4753
saving checkpoint to out-shakespeare-6-384-1
iter 6500: loss 1.1156, time 249.10ms, mfu 10.55%
iter 6510: loss 1.1183, time 16.42ms, mfu 11.77%
iter 6520: loss 1.1199, time 31.00ms, mfu 11.79%
iter 6530: loss 1.1235, time 31.20ms, mfu 11.81%
iter 6540: loss 1.1445, time 30.07ms, mfu 11.87%
step 6550: train loss 1.0059, val loss 1.4983
saving checkpoint to out-shakespeare-6-384-1
iter 6550: loss 1.1311, time 246.39ms, mfu 10.83%
iter 6560: loss 1.1180, time 31.56ms, mfu 10.93%
iter 6570: loss 1.1284, time 30.93ms, mfu 11.04%
iter 6580: loss 1.1057, time 31.02ms, mfu 11.14%
iter 6590: loss 1.1316, time 30.64ms, mfu 11.24%
step 6600: train loss 1.0072, val loss 1.4865
saving checkpoint to out-shakespeare-6-384-1
iter 6600: loss 1.0968, time 253.91ms, mfu 10.26%
iter 6610: loss 1.0989, time 32.24ms, mfu 10.39%
iter 6620: loss 1.1268, time 31.38ms, mfu 10.54%
iter 6630: loss 1.1255, time 31.27ms, mfu 10.68%
iter 6640: loss 1.1355, time 18.05ms, mfu 11.67%
step 6650: train loss 1.0005, val loss 1.4785
saving checkpoint to out-shakespeare-6-384-1
iter 6650: loss 1.1307, time 253.35ms, mfu 10.65%
iter 6660: loss 1.1019, time 31.58ms, mfu 10.77%
iter 6670: loss 1.1133, time 31.29ms, mfu 10.88%
iter 6680: loss 1.1290, time 31.16ms, mfu 10.99%
iter 6690: loss 1.1137, time 30.95ms, mfu 11.10%
step 6700: train loss 0.9969, val loss 1.4987
saving checkpoint to out-shakespeare-6-384-1
iter 6700: loss 1.1172, time 247.71ms, mfu 10.14%
iter 6710: loss 1.1203, time 29.76ms, mfu 10.37%
iter 6720: loss 1.1140, time 31.23ms, mfu 10.53%
iter 6730: loss 1.1014, time 30.77ms, mfu 10.69%
iter 6740: loss 1.1068, time 30.53ms, mfu 10.84%
step 6750: train loss 0.9963, val loss 1.4878
saving checkpoint to out-shakespeare-6-384-1
iter 6750: loss 1.1509, time 252.90ms, mfu 9.90%
iter 6760: loss 1.1005, time 30.29ms, mfu 10.14%
iter 6770: loss 1.0937, time 29.97ms, mfu 10.37%
iter 6780: loss 1.1149, time 29.30ms, mfu 10.61%
iter 6790: loss 1.1149, time 30.48ms, mfu 10.77%
step 6800: train loss 0.9907, val loss 1.4663
saving checkpoint to out-shakespeare-6-384-1
iter 6800: loss 1.1014, time 242.31ms, mfu 9.85%
iter 6810: loss 1.1209, time 30.78ms, mfu 10.07%
iter 6820: loss 1.1137, time 17.96ms, mfu 11.14%
iter 6830: loss 1.1134, time 29.71ms, mfu 11.28%
iter 6840: loss 1.0932, time 30.45ms, mfu 11.38%
step 6850: train loss 0.9902, val loss 1.4963
saving checkpoint to out-shakespeare-6-384-1
iter 6850: loss 1.1247, time 249.87ms, mfu 10.39%
iter 6860: loss 1.1390, time 31.46ms, mfu 10.53%
iter 6870: loss 1.1001, time 30.13ms, mfu 10.72%
iter 6880: loss 1.1006, time 31.42ms, mfu 10.83%
iter 6890: loss 1.1275, time 31.54ms, mfu 10.93%
step 6900: train loss 0.9847, val loss 1.4839
saving checkpoint to out-shakespeare-6-384-1
iter 6900: loss 1.1090, time 259.16ms, mfu 9.98%
iter 6910: loss 1.1174, time 29.67ms, mfu 10.24%
iter 6920: loss 1.0821, time 16.66ms, mfu 11.45%
iter 6930: loss 1.1175, time 31.17ms, mfu 11.50%
iter 6940: loss 1.0955, time 31.97ms, mfu 11.52%
step 6950: train loss 0.9822, val loss 1.4747
saving checkpoint to out-shakespeare-6-384-1
iter 6950: loss 1.0919, time 251.23ms, mfu 10.51%
iter 6960: loss 1.1461, time 16.76ms, mfu 11.69%
iter 6970: loss 1.0749, time 31.21ms, mfu 11.71%
iter 6980: loss 1.0895, time 30.71ms, mfu 11.75%
iter 6990: loss 1.1054, time 30.86ms, mfu 11.79%
step 7000: train loss 0.9823, val loss 1.4913
saving checkpoint to out-shakespeare-6-384-1
iter 7000: loss 1.1070, time 248.05ms, mfu 10.76%
iter 7010: loss 1.0855, time 29.52ms, mfu 10.94%
iter 7020: loss 1.0827, time 31.42ms, mfu 11.04%
iter 7030: loss 1.0802, time 32.14ms, mfu 11.09%
iter 7040: loss 1.0996, time 31.65ms, mfu 11.16%
step 7050: train loss 0.9790, val loss 1.4854
saving checkpoint to out-shakespeare-6-384-1
iter 7050: loss 1.0983, time 254.44ms, mfu 10.19%
iter 7060: loss 1.0989, time 18.07ms, mfu 11.23%
iter 7070: loss 1.0970, time 30.91ms, mfu 11.31%
iter 7080: loss 1.0907, time 32.11ms, mfu 11.34%
iter 7090: loss 1.0896, time 31.04ms, mfu 11.41%
step 7100: train loss 0.9769, val loss 1.4936
saving checkpoint to out-shakespeare-6-384-1
iter 7100: loss 1.1000, time 244.47ms, mfu 10.42%
iter 7110: loss 1.1142, time 29.68ms, mfu 10.63%
iter 7120: loss 1.0798, time 29.99ms, mfu 10.81%
iter 7130: loss 1.0986, time 16.58ms, mfu 11.98%
iter 7140: loss 1.0792, time 29.94ms, mfu 12.03%
step 7150: train loss 0.9727, val loss 1.5177
saving checkpoint to out-shakespeare-6-384-1
iter 7150: loss 1.0815, time 249.89ms, mfu 10.97%
iter 7160: loss 1.1147, time 31.04ms, mfu 11.08%
iter 7170: loss 1.1081, time 29.65ms, mfu 11.23%
iter 7180: loss 1.0753, time 31.00ms, mfu 11.30%
iter 7190: loss 1.0834, time 30.89ms, mfu 11.38%
step 7200: train loss 0.9606, val loss 1.4932
saving checkpoint to out-shakespeare-6-384-1
iter 7200: loss 1.0863, time 243.58ms, mfu 10.40%
iter 7210: loss 1.1118, time 30.67ms, mfu 10.57%
iter 7220: loss 1.0996, time 30.27ms, mfu 10.74%
iter 7230: loss 1.0823, time 30.97ms, mfu 10.87%
iter 7240: loss 1.0980, time 31.34ms, mfu 10.98%
step 7250: train loss 0.9625, val loss 1.5333
saving checkpoint to out-shakespeare-6-384-1
iter 7250: loss 1.0801, time 251.50ms, mfu 10.03%
iter 7260: loss 1.0997, time 30.84ms, mfu 10.23%
iter 7270: loss 1.0937, time 31.16ms, mfu 10.40%
iter 7280: loss 1.0393, time 30.25ms, mfu 10.60%
iter 7290: loss 1.1314, time 31.33ms, mfu 10.73%
step 7300: train loss 0.9733, val loss 1.4877
saving checkpoint to out-shakespeare-6-384-1
iter 7300: loss 1.0717, time 248.94ms, mfu 9.80%
iter 7310: loss 1.0836, time 30.49ms, mfu 10.04%
iter 7320: loss 1.0646, time 30.75ms, mfu 10.25%
iter 7330: loss 1.0837, time 30.78ms, mfu 10.44%
iter 7340: loss 1.0823, time 30.52ms, mfu 10.61%
step 7350: train loss 0.9655, val loss 1.4880
saving checkpoint to out-shakespeare-6-384-1
iter 7350: loss 1.0931, time 251.44ms, mfu 9.70%
iter 7360: loss 1.0712, time 17.96ms, mfu 10.81%
iter 7370: loss 1.0787, time 31.12ms, mfu 10.92%
iter 7380: loss 1.0673, time 17.27ms, mfu 11.99%
iter 7390: loss 1.0979, time 30.94ms, mfu 11.99%
step 7400: train loss 0.9480, val loss 1.5091
saving checkpoint to out-shakespeare-6-384-1
iter 7400: loss 1.0637, time 246.03ms, mfu 10.95%
iter 7410: loss 1.0668, time 30.65ms, mfu 11.07%
iter 7420: loss 1.0713, time 31.28ms, mfu 11.15%
iter 7430: loss 1.0834, time 29.81ms, mfu 11.29%
iter 7440: loss 1.0742, time 31.00ms, mfu 11.36%
step 7450: train loss 0.9422, val loss 1.4848
saving checkpoint to out-shakespeare-6-384-1
iter 7450: loss 1.0767, time 254.68ms, mfu 10.37%
iter 7460: loss 1.0572, time 17.85ms, mfu 11.42%
iter 7470: loss 1.0838, time 30.62ms, mfu 11.50%
iter 7480: loss 1.0750, time 30.81ms, mfu 11.56%
iter 7490: loss 1.0864, time 31.13ms, mfu 11.60%
step 7500: train loss 0.9424, val loss 1.4872
saving checkpoint to out-shakespeare-6-384-1
iter 7500: loss 1.0744, time 248.30ms, mfu 10.59%
iter 7510: loss 1.0845, time 29.90ms, mfu 10.77%
iter 7520: loss 1.0720, time 30.92ms, mfu 10.90%
iter 7530: loss 1.1090, time 31.30ms, mfu 11.00%
iter 7540: loss 1.0842, time 30.36ms, mfu 11.13%
step 7550: train loss 0.9445, val loss 1.5096
saving checkpoint to out-shakespeare-6-384-1
iter 7550: loss 1.0750, time 250.05ms, mfu 10.17%
iter 7560: loss 1.0814, time 30.95ms, mfu 10.35%
iter 7570: loss 1.0711, time 32.45ms, mfu 10.47%
iter 7580: loss 1.0687, time 32.25ms, mfu 10.57%
iter 7590: loss 1.0780, time 30.01ms, mfu 10.76%
step 7600: train loss 0.9500, val loss 1.5121
saving checkpoint to out-shakespeare-6-384-1
iter 7600: loss 1.0789, time 245.38ms, mfu 9.84%
iter 7610: loss 1.0543, time 31.59ms, mfu 10.03%
iter 7620: loss 1.0749, time 31.14ms, mfu 10.22%
iter 7630: loss 1.0672, time 30.99ms, mfu 10.40%
iter 7640: loss 1.0798, time 31.44ms, mfu 10.55%
step 7650: train loss 0.9308, val loss 1.4881
saving checkpoint to out-shakespeare-6-384-1
iter 7650: loss 1.0436, time 246.47ms, mfu 9.65%
iter 7660: loss 1.0678, time 31.21ms, mfu 9.88%
iter 7670: loss 1.0661, time 17.67ms, mfu 11.00%
iter 7680: loss 1.0843, time 31.66ms, mfu 11.07%
iter 7690: loss 1.0582, time 31.88ms, mfu 11.14%
step 7700: train loss 0.9364, val loss 1.5317
saving checkpoint to out-shakespeare-6-384-1
iter 7700: loss 1.0666, time 248.44ms, mfu 10.17%
iter 7710: loss 1.0218, time 31.24ms, mfu 10.35%
iter 7720: loss 1.0278, time 30.46ms, mfu 10.54%
iter 7730: loss 1.0747, time 17.81ms, mfu 11.57%
iter 7740: loss 1.0995, time 30.76ms, mfu 11.63%
step 7750: train loss 0.9328, val loss 1.4879
saving checkpoint to out-shakespeare-6-384-1
iter 7750: loss 1.0260, time 245.21ms, mfu 10.62%
iter 7760: loss 1.0602, time 31.52ms, mfu 10.74%
iter 7770: loss 1.0552, time 30.33ms, mfu 10.89%
iter 7780: loss 1.0662, time 30.77ms, mfu 11.01%
iter 7790: loss 1.0768, time 30.60ms, mfu 11.13%
step 7800: train loss 0.9255, val loss 1.5157
saving checkpoint to out-shakespeare-6-384-1
iter 7800: loss 1.0726, time 254.11ms, mfu 10.16%
iter 7810: loss 1.0486, time 30.63ms, mfu 10.36%
iter 7820: loss 1.0466, time 31.55ms, mfu 10.51%
iter 7830: loss 1.0698, time 30.36ms, mfu 10.69%
iter 7840: loss 1.0534, time 17.66ms, mfu 11.73%
step 7850: train loss 0.9317, val loss 1.5243
saving checkpoint to out-shakespeare-6-384-1
iter 7850: loss 1.0488, time 250.18ms, mfu 10.70%
iter 7860: loss 1.0444, time 30.03ms, mfu 10.87%
iter 7870: loss 1.0623, time 30.73ms, mfu 11.00%
iter 7880: loss 1.0704, time 29.84ms, mfu 11.15%
iter 7890: loss 1.0624, time 16.76ms, mfu 12.26%
step 7900: train loss 0.9234, val loss 1.4929
saving checkpoint to out-shakespeare-6-384-1
iter 7900: loss 1.0832, time 250.57ms, mfu 11.18%
iter 7910: loss 1.0621, time 16.55ms, mfu 12.31%
iter 7920: loss 1.0337, time 31.23ms, mfu 12.28%
iter 7930: loss 1.0467, time 32.61ms, mfu 12.19%
iter 7940: loss 1.0747, time 30.31ms, mfu 12.20%
step 7950: train loss 0.9168, val loss 1.5485
saving checkpoint to out-shakespeare-6-384-1
iter 7950: loss 1.0604, time 241.22ms, mfu 11.14%
iter 7960: loss 1.0743, time 29.58ms, mfu 11.28%
iter 7970: loss 1.0667, time 30.97ms, mfu 11.36%
iter 7980: loss 1.0615, time 31.02ms, mfu 11.42%
iter 7990: loss 1.0541, time 31.05ms, mfu 11.48%
step 8000: train loss 0.9202, val loss 1.5313
saving checkpoint to out-shakespeare-6-384-1
iter 8000: loss 1.0565, time 254.17ms, mfu 10.48%
iter 8010: loss 1.0480, time 31.14ms, mfu 10.63%
iter 8020: loss 1.0497, time 30.72ms, mfu 10.78%
iter 8030: loss 1.0454, time 30.13ms, mfu 10.94%
iter 8040: loss 1.0548, time 17.81ms, mfu 11.93%
step 8050: train loss 0.9067, val loss 1.5184
saving checkpoint to out-shakespeare-6-384-1
iter 8050: loss 1.0801, time 246.79ms, mfu 10.89%
iter 8060: loss 1.0371, time 31.36ms, mfu 10.99%
iter 8070: loss 1.0758, time 29.88ms, mfu 11.14%
iter 8080: loss 1.0170, time 31.02ms, mfu 11.23%
iter 8090: loss 1.0257, time 31.39ms, mfu 11.29%
step 8100: train loss 0.9168, val loss 1.5294
saving checkpoint to out-shakespeare-6-384-1
iter 8100: loss 1.0495, time 252.33ms, mfu 10.31%
iter 8110: loss 1.0392, time 30.50ms, mfu 10.50%
iter 8120: loss 1.0423, time 30.27ms, mfu 10.68%
iter 8130: loss 1.0565, time 30.02ms, mfu 10.85%
iter 8140: loss 1.0574, time 30.00ms, mfu 11.01%
step 8150: train loss 0.9049, val loss 1.5387
saving checkpoint to out-shakespeare-6-384-1
iter 8150: loss 1.0336, time 246.49ms, mfu 10.06%
iter 8160: loss 1.0479, time 31.36ms, mfu 10.24%
iter 8170: loss 1.0780, time 31.17ms, mfu 10.41%
iter 8180: loss 1.0267, time 30.59ms, mfu 10.59%
iter 8190: loss 1.0436, time 29.85ms, mfu 10.78%
step 8200: train loss 0.9136, val loss 1.5278
saving checkpoint to out-shakespeare-6-384-1
iter 8200: loss 1.0294, time 239.97ms, mfu 9.86%
iter 8210: loss 1.0330, time 31.63ms, mfu 10.05%
iter 8220: loss 1.0473, time 30.32ms, mfu 10.27%
iter 8230: loss 1.0431, time 30.42ms, mfu 10.47%
iter 8240: loss 1.0148, time 31.77ms, mfu 10.60%
step 8250: train loss 0.8967, val loss 1.5363
saving checkpoint to out-shakespeare-6-384-1
iter 8250: loss 1.0318, time 249.50ms, mfu 9.69%
iter 8260: loss 1.0700, time 30.42ms, mfu 9.94%
iter 8270: loss 1.0269, time 30.18ms, mfu 10.18%
iter 8280: loss 1.0341, time 31.60ms, mfu 10.34%
iter 8290: loss 1.0295, time 31.14ms, mfu 10.51%
step 8300: train loss 0.8985, val loss 1.4824
saving checkpoint to out-shakespeare-6-384-1
iter 8300: loss 1.0323, time 252.43ms, mfu 9.60%
iter 8310: loss 1.0174, time 16.55ms, mfu 10.89%
iter 8320: loss 1.0493, time 31.20ms, mfu 11.00%
iter 8330: loss 1.0239, time 16.22ms, mfu 12.20%
iter 8340: loss 1.0159, time 30.60ms, mfu 12.19%
step 8350: train loss 0.8913, val loss 1.5235
saving checkpoint to out-shakespeare-6-384-1
iter 8350: loss 1.0234, time 243.37ms, mfu 11.13%
iter 8360: loss 1.0483, time 30.53ms, mfu 11.24%
iter 8370: loss 1.0326, time 18.10ms, mfu 12.17%
iter 8380: loss 1.0419, time 29.67ms, mfu 12.21%
iter 8390: loss 1.0564, time 17.21ms, mfu 13.15%
step 8400: train loss 0.8885, val loss 1.5058
saving checkpoint to out-shakespeare-6-384-1
iter 8400: loss 1.0350, time 252.17ms, mfu 11.99%
iter 8410: loss 1.0431, time 30.32ms, mfu 12.02%
iter 8420: loss 1.0399, time 30.70ms, mfu 12.03%
iter 8430: loss 1.0239, time 31.46ms, mfu 12.01%
iter 8440: loss 1.0299, time 29.67ms, mfu 12.07%
step 8450: train loss 0.8854, val loss 1.5247
saving checkpoint to out-shakespeare-6-384-1
iter 8450: loss 1.0294, time 245.19ms, mfu 11.01%
iter 8460: loss 1.0482, time 31.01ms, mfu 11.11%
iter 8470: loss 1.0566, time 31.35ms, mfu 11.19%
iter 8480: loss 1.0410, time 30.73ms, mfu 11.28%
iter 8490: loss 1.0158, time 31.08ms, mfu 11.35%
step 8500: train loss 0.8877, val loss 1.5441
saving checkpoint to out-shakespeare-6-384-1
iter 8500: loss 1.0271, time 257.33ms, mfu 10.36%
iter 8510: loss 1.0155, time 31.26ms, mfu 10.52%
iter 8520: loss 1.0318, time 31.33ms, mfu 10.66%
iter 8530: loss 1.0126, time 31.72ms, mfu 10.76%
iter 8540: loss 1.0156, time 30.66ms, mfu 10.90%
step 8550: train loss 0.8857, val loss 1.5615
saving checkpoint to out-shakespeare-6-384-1
iter 8550: loss 1.0126, time 243.78ms, mfu 9.97%
iter 8560: loss 1.0150, time 29.68ms, mfu 10.22%
iter 8570: loss 1.0289, time 17.99ms, mfu 11.27%
iter 8580: loss 1.0239, time 30.60ms, mfu 11.36%
iter 8590: loss 1.0272, time 18.49ms, mfu 12.24%
step 8600: train loss 0.8614, val loss 1.5291
saving checkpoint to out-shakespeare-6-384-1
iter 8600: loss 1.0048, time 254.46ms, mfu 11.16%
iter 8610: loss 1.0062, time 31.13ms, mfu 11.25%
iter 8620: loss 1.0380, time 31.95ms, mfu 11.29%
iter 8630: loss 1.0466, time 31.17ms, mfu 11.35%
iter 8640: loss 1.0365, time 29.80ms, mfu 11.47%
step 8650: train loss 0.8825, val loss 1.5414
saving checkpoint to out-shakespeare-6-384-1
iter 8650: loss 1.0407, time 244.21ms, mfu 10.47%
iter 8660: loss 0.9978, time 31.26ms, mfu 10.62%
iter 8670: loss 1.0189, time 30.90ms, mfu 10.76%
iter 8680: loss 0.9994, time 30.99ms, mfu 10.89%
iter 8690: loss 1.0206, time 31.11ms, mfu 11.00%
step 8700: train loss 0.8662, val loss 1.5308
saving checkpoint to out-shakespeare-6-384-1
iter 8700: loss 1.0537, time 250.33ms, mfu 10.05%
iter 8710: loss 1.0070, time 16.13ms, mfu 11.35%
iter 8720: loss 1.0331, time 30.35ms, mfu 11.44%
iter 8730: loss 1.0166, time 32.55ms, mfu 11.44%
iter 8740: loss 1.0194, time 29.53ms, mfu 11.56%
step 8750: train loss 0.8651, val loss 1.5251
saving checkpoint to out-shakespeare-6-384-1
iter 8750: loss 1.0007, time 244.16ms, mfu 10.56%
iter 8760: loss 1.0276, time 29.86ms, mfu 10.75%
iter 8770: loss 1.0084, time 16.15ms, mfu 11.98%
iter 8780: loss 1.0172, time 31.10ms, mfu 11.98%
iter 8790: loss 1.0203, time 30.87ms, mfu 11.99%
step 8800: train loss 0.8601, val loss 1.5194
saving checkpoint to out-shakespeare-6-384-1
iter 8800: loss 1.0074, time 246.62ms, mfu 10.94%
iter 8810: loss 0.9920, time 30.95ms, mfu 11.05%
iter 8820: loss 1.0242, time 30.40ms, mfu 11.17%
iter 8830: loss 1.0006, time 29.59ms, mfu 11.32%
iter 8840: loss 1.0024, time 31.44ms, mfu 11.37%
step 8850: train loss 0.8492, val loss 1.5752
saving checkpoint to out-shakespeare-6-384-1
iter 8850: loss 0.9882, time 255.11ms, mfu 10.38%
iter 8860: loss 0.9879, time 31.86ms, mfu 10.51%
iter 8870: loss 0.9877, time 31.41ms, mfu 10.65%
iter 8880: loss 0.9996, time 30.43ms, mfu 10.81%
iter 8890: loss 1.0018, time 30.26ms, mfu 10.96%
step 8900: train loss 0.8506, val loss 1.5445
saving checkpoint to out-shakespeare-6-384-1
iter 8900: loss 1.0219, time 248.78ms, mfu 10.01%
iter 8910: loss 1.0012, time 31.19ms, mfu 10.20%
iter 8920: loss 0.9964, time 31.16ms, mfu 10.38%
iter 8930: loss 1.0151, time 29.38ms, mfu 10.61%
iter 8940: loss 1.0124, time 30.09ms, mfu 10.79%
step 8950: train loss 0.8471, val loss 1.5192
saving checkpoint to out-shakespeare-6-384-1
iter 8950: loss 0.9985, time 240.90ms, mfu 9.86%
iter 8960: loss 1.0182, time 31.23ms, mfu 10.07%
iter 8970: loss 1.0042, time 31.15ms, mfu 10.26%
iter 8980: loss 0.9951, time 30.72ms, mfu 10.45%
iter 8990: loss 0.9943, time 17.14ms, mfu 11.58%
step 9000: train loss 0.8450, val loss 1.5520
saving checkpoint to out-shakespeare-6-384-1
iter 9000: loss 1.0066, time 250.00ms, mfu 10.57%
iter 9010: loss 1.0099, time 17.91ms, mfu 11.59%
iter 9020: loss 0.9941, time 30.37ms, mfu 11.66%
iter 9030: loss 0.9991, time 16.65ms, mfu 12.73%
iter 9040: loss 1.0086, time 30.32ms, mfu 12.69%
step 9050: train loss 0.8419, val loss 1.5473
saving checkpoint to out-shakespeare-6-384-1
iter 9050: loss 0.9973, time 243.67ms, mfu 11.57%
iter 9060: loss 1.0063, time 31.46ms, mfu 11.60%
iter 9070: loss 0.9846, time 30.17ms, mfu 11.67%
iter 9080: loss 1.0270, time 31.11ms, mfu 11.70%
iter 9090: loss 1.0152, time 30.69ms, mfu 11.75%
step 9100: train loss 0.8405, val loss 1.5949
saving checkpoint to out-shakespeare-6-384-1
iter 9100: loss 1.0020, time 252.69ms, mfu 10.72%
iter 9110: loss 1.0033, time 31.15ms, mfu 10.84%
iter 9120: loss 0.9981, time 30.50ms, mfu 10.98%
iter 9130: loss 0.9903, time 18.70ms, mfu 11.88%
iter 9140: loss 1.0052, time 31.53ms, mfu 11.87%
step 9150: train loss 0.8398, val loss 1.5493
saving checkpoint to out-shakespeare-6-384-1
iter 9150: loss 0.9986, time 241.50ms, mfu 10.84%
iter 9160: loss 0.9856, time 31.92ms, mfu 10.92%
iter 9170: loss 1.0139, time 31.37ms, mfu 11.02%
iter 9180: loss 0.9907, time 31.76ms, mfu 11.09%
iter 9190: loss 1.0141, time 31.44ms, mfu 11.17%
step 9200: train loss 0.8322, val loss 1.5642
saving checkpoint to out-shakespeare-6-384-1
iter 9200: loss 1.0158, time 248.13ms, mfu 10.20%
iter 9210: loss 1.0037, time 30.86ms, mfu 10.39%
iter 9220: loss 1.0249, time 31.25ms, mfu 10.54%
iter 9230: loss 1.0027, time 30.99ms, mfu 10.69%
iter 9240: loss 1.0163, time 30.88ms, mfu 10.83%
step 9250: train loss 0.8347, val loss 1.5656
saving checkpoint to out-shakespeare-6-384-1
iter 9250: loss 0.9827, time 250.58ms, mfu 9.89%
iter 9260: loss 0.9757, time 30.99ms, mfu 10.11%
iter 9270: loss 0.9914, time 29.84ms, mfu 10.34%
iter 9280: loss 0.9828, time 30.11ms, mfu 10.55%
iter 9290: loss 0.9652, time 30.53ms, mfu 10.71%
step 9300: train loss 0.8192, val loss 1.5605
saving checkpoint to out-shakespeare-6-384-1
iter 9300: loss 0.9925, time 246.88ms, mfu 9.79%
iter 9310: loss 0.9908, time 30.78ms, mfu 10.02%
iter 9320: loss 0.9585, time 31.71ms, mfu 10.20%
iter 9330: loss 0.9853, time 30.66ms, mfu 10.39%
iter 9340: loss 0.9762, time 30.66ms, mfu 10.57%
step 9350: train loss 0.8222, val loss 1.5682
saving checkpoint to out-shakespeare-6-384-1
iter 9350: loss 0.9833, time 243.48ms, mfu 9.66%
iter 9360: loss 0.9869, time 30.84ms, mfu 9.91%
iter 9370: loss 1.0181, time 16.72ms, mfu 11.14%
iter 9380: loss 1.0204, time 30.38ms, mfu 11.26%
iter 9390: loss 0.9799, time 30.91ms, mfu 11.34%
step 9400: train loss 0.8169, val loss 1.5794
saving checkpoint to out-shakespeare-6-384-1
iter 9400: loss 0.9768, time 250.76ms, mfu 10.35%
iter 9410: loss 0.9806, time 30.76ms, mfu 10.53%
iter 9420: loss 0.9625, time 29.61ms, mfu 10.73%
iter 9430: loss 0.9931, time 30.47ms, mfu 10.88%
iter 9440: loss 0.9851, time 31.04ms, mfu 10.99%
step 9450: train loss 0.8105, val loss 1.5435
saving checkpoint to out-shakespeare-6-384-1
iter 9450: loss 0.9808, time 248.17ms, mfu 10.05%
iter 9460: loss 0.9953, time 31.48ms, mfu 10.22%
iter 9470: loss 0.9951, time 30.45ms, mfu 10.43%
iter 9480: loss 0.9852, time 31.22ms, mfu 10.58%
iter 9490: loss 0.9769, time 30.46ms, mfu 10.74%
step 9500: train loss 0.8193, val loss 1.6102
saving checkpoint to out-shakespeare-6-384-1
iter 9500: loss 0.9621, time 254.10ms, mfu 9.81%
iter 9510: loss 0.9820, time 30.22ms, mfu 10.07%
iter 9520: loss 0.9469, time 30.51ms, mfu 10.28%
iter 9530: loss 0.9932, time 17.42ms, mfu 11.39%
iter 9540: loss 0.9912, time 31.03ms, mfu 11.45%
step 9550: train loss 0.7910, val loss 1.5616
saving checkpoint to out-shakespeare-6-384-1
iter 9550: loss 0.9868, time 243.73ms, mfu 10.46%
iter 9560: loss 0.9678, time 29.88ms, mfu 10.66%
iter 9570: loss 0.9543, time 30.62ms, mfu 10.81%
iter 9580: loss 0.9530, time 31.17ms, mfu 10.93%
iter 9590: loss 0.9497, time 31.56ms, mfu 11.01%
step 9600: train loss 0.8076, val loss 1.5859
saving checkpoint to out-shakespeare-6-384-1
iter 9600: loss 0.9494, time 257.32ms, mfu 10.06%
iter 9610: loss 0.9585, time 30.78ms, mfu 10.26%
iter 9620: loss 0.9624, time 30.90ms, mfu 10.44%
iter 9630: loss 0.9815, time 30.97ms, mfu 10.60%
iter 9640: loss 0.9672, time 17.22ms, mfu 11.70%
step 9650: train loss 0.8089, val loss 1.5570
saving checkpoint to out-shakespeare-6-384-1
iter 9650: loss 0.9491, time 248.80ms, mfu 10.68%
iter 9660: loss 0.9597, time 17.04ms, mfu 11.80%
iter 9670: loss 0.9867, time 18.87ms, mfu 12.60%
iter 9680: loss 0.9814, time 31.21ms, mfu 12.53%
iter 9690: loss 0.9762, time 17.30ms, mfu 13.43%
step 9700: train loss 0.7996, val loss 1.5626
saving checkpoint to out-shakespeare-6-384-1
iter 9700: loss 0.9687, time 250.20ms, mfu 12.24%
iter 9710: loss 0.9591, time 17.07ms, mfu 13.20%
iter 9720: loss 0.9643, time 30.55ms, mfu 13.10%
iter 9730: loss 0.9516, time 29.39ms, mfu 13.05%
iter 9740: loss 0.9627, time 31.94ms, mfu 12.92%
step 9750: train loss 0.8019, val loss 1.5630
saving checkpoint to out-shakespeare-6-384-1
iter 9750: loss 0.9913, time 250.18ms, mfu 11.77%
iter 9760: loss 0.9727, time 31.13ms, mfu 11.79%
iter 9770: loss 0.9764, time 30.92ms, mfu 11.82%
iter 9780: loss 0.9456, time 32.07ms, mfu 11.80%
iter 9790: loss 0.9768, time 29.92ms, mfu 11.86%
step 9800: train loss 0.7963, val loss 1.5628
saving checkpoint to out-shakespeare-6-384-1
iter 9800: loss 0.9675, time 255.68ms, mfu 10.82%
iter 9810: loss 0.9766, time 29.66ms, mfu 11.00%
iter 9820: loss 0.9753, time 30.62ms, mfu 11.11%
iter 9830: loss 0.9858, time 29.00ms, mfu 11.29%
iter 9840: loss 0.9683, time 29.16ms, mfu 11.44%
step 9850: train loss 0.7857, val loss 1.5630
saving checkpoint to out-shakespeare-6-384-1
iter 9850: loss 0.9486, time 252.12ms, mfu 10.44%
iter 9860: loss 0.9429, time 31.27ms, mfu 10.59%
iter 9870: loss 0.9485, time 29.24ms, mfu 10.80%
iter 9880: loss 0.9643, time 29.51ms, mfu 10.99%
iter 9890: loss 0.9485, time 31.27ms, mfu 11.08%
step 9900: train loss 0.7761, val loss 1.5608
saving checkpoint to out-shakespeare-6-384-1
iter 9900: loss 0.9652, time 247.98ms, mfu 10.12%
iter 9910: loss 0.9479, time 29.65ms, mfu 10.37%
iter 9920: loss 0.9685, time 30.92ms, mfu 10.53%
iter 9930: loss 0.9608, time 30.26ms, mfu 10.71%
iter 9940: loss 0.9987, time 31.94ms, mfu 10.81%
step 9950: train loss 0.7786, val loss 1.5846
saving checkpoint to out-shakespeare-6-384-1
iter 9950: loss 0.9580, time 254.63ms, mfu 9.87%
iter 9960: loss 0.9545, time 31.21ms, mfu 10.08%
iter 9970: loss 0.9369, time 31.31ms, mfu 10.26%
iter 9980: loss 0.9725, time 31.43ms, mfu 10.42%
iter 9990: loss 0.9235, time 29.94ms, mfu 10.62%
step 10000: train loss 0.7656, val loss 1.5925
saving checkpoint to out-shakespeare-6-384-1
iter 10000: loss 0.9695, time 243.48ms, mfu 9.71%
iter 10010: loss 0.9643, time 29.43ms, mfu 10.01%
iter 10020: loss 0.9574, time 17.57ms, mfu 11.13%
iter 10030: loss 0.9766, time 30.82ms, mfu 11.23%
iter 10040: loss 0.9663, time 16.45ms, mfu 12.37%
step 10050: train loss 0.7772, val loss 1.6078
saving checkpoint to out-shakespeare-6-384-1
iter 10050: loss 0.9787, time 251.85ms, mfu 11.28%
iter 10060: loss 0.9702, time 16.68ms, mfu 12.39%
iter 10070: loss 0.9638, time 30.39ms, mfu 12.37%
iter 10080: loss 0.9444, time 31.75ms, mfu 12.31%
iter 10090: loss 0.9548, time 30.32ms, mfu 12.31%
step 10100: train loss 0.7619, val loss 1.5773
saving checkpoint to out-shakespeare-6-384-1
iter 10100: loss 0.9381, time 253.15ms, mfu 11.22%
iter 10110: loss 0.9549, time 29.13ms, mfu 11.38%
iter 10120: loss 0.9990, time 17.05ms, mfu 12.43%
iter 10130: loss 0.9513, time 30.06ms, mfu 12.43%
iter 10140: loss 0.9475, time 31.47ms, mfu 12.37%
step 10150: train loss 0.7682, val loss 1.6036
saving checkpoint to out-shakespeare-6-384-1
iter 10150: loss 0.9695, time 247.91ms, mfu 11.28%
iter 10160: loss 0.9355, time 31.66ms, mfu 11.33%
iter 10170: loss 0.9823, time 30.56ms, mfu 11.42%
iter 10180: loss 0.9562, time 30.61ms, mfu 11.49%
iter 10190: loss 0.9259, time 31.37ms, mfu 11.53%
step 10200: train loss 0.7568, val loss 1.5996
saving checkpoint to out-shakespeare-6-384-1
iter 10200: loss 0.9542, time 255.68ms, mfu 10.52%
iter 10210: loss 0.9769, time 32.21ms, mfu 10.63%
iter 10220: loss 0.9522, time 31.63ms, mfu 10.74%
iter 10230: loss 0.9575, time 30.27ms, mfu 10.90%
iter 10240: loss 0.9534, time 29.42ms, mfu 11.08%
step 10250: train loss 0.7539, val loss 1.5856
saving checkpoint to out-shakespeare-6-384-1
iter 10250: loss 0.9362, time 247.17ms, mfu 10.12%
iter 10260: loss 0.9518, time 31.75ms, mfu 10.28%
iter 10270: loss 0.9352, time 16.76ms, mfu 11.48%
iter 10280: loss 0.9509, time 30.98ms, mfu 11.53%
iter 10290: loss 0.9147, time 16.52ms, mfu 12.63%
step 10300: train loss 0.7535, val loss 1.5671
saving checkpoint to out-shakespeare-6-384-1
iter 10300: loss 0.9563, time 252.30ms, mfu 11.52%
iter 10310: loss 0.9448, time 17.29ms, mfu 12.52%
iter 10320: loss 0.9361, time 30.74ms, mfu 12.48%
iter 10330: loss 0.9339, time 30.91ms, mfu 12.44%
iter 10340: loss 0.9457, time 31.14ms, mfu 12.39%
step 10350: train loss 0.7607, val loss 1.5889
saving checkpoint to out-shakespeare-6-384-1
iter 10350: loss 0.9241, time 245.25ms, mfu 11.30%
iter 10360: loss 0.9523, time 31.20ms, mfu 11.37%
iter 10370: loss 0.9557, time 31.55ms, mfu 11.41%
iter 10380: loss 0.9362, time 31.03ms, mfu 11.47%
iter 10390: loss 0.9494, time 31.46ms, mfu 11.51%
step 10400: train loss 0.7623, val loss 1.6200
saving checkpoint to out-shakespeare-6-384-1
iter 10400: loss 0.9277, time 252.48ms, mfu 10.51%
iter 10410: loss 0.9360, time 30.64ms, mfu 10.67%
iter 10420: loss 0.9117, time 30.65ms, mfu 10.82%
iter 10430: loss 0.9356, time 30.66ms, mfu 10.95%
iter 10440: loss 0.9438, time 31.74ms, mfu 11.03%
step 10450: train loss 0.7417, val loss 1.6321
saving checkpoint to out-shakespeare-6-384-1
iter 10450: loss 0.9559, time 246.76ms, mfu 10.08%
iter 10460: loss 0.9356, time 30.80ms, mfu 10.28%
iter 10470: loss 0.9586, time 30.80ms, mfu 10.46%
iter 10480: loss 0.8911, time 30.62ms, mfu 10.63%
iter 10490: loss 0.9138, time 30.10ms, mfu 10.81%
step 10500: train loss 0.7409, val loss 1.5926
saving checkpoint to out-shakespeare-6-384-1
iter 10500: loss 0.9525, time 252.97ms, mfu 9.87%
iter 10510: loss 0.9155, time 18.19ms, mfu 10.94%
iter 10520: loss 0.9150, time 32.20ms, mfu 11.00%
iter 10530: loss 0.9108, time 30.50ms, mfu 11.12%
iter 10540: loss 0.9395, time 31.33ms, mfu 11.20%
step 10550: train loss 0.7439, val loss 1.6499
saving checkpoint to out-shakespeare-6-384-1
iter 10550: loss 0.9538, time 249.64ms, mfu 10.23%
iter 10560: loss 0.9642, time 30.49ms, mfu 10.43%
iter 10570: loss 0.9336, time 31.04ms, mfu 10.59%
iter 10580: loss 0.9317, time 17.65ms, mfu 11.64%
iter 10590: loss 0.9420, time 29.53ms, mfu 11.74%
step 10600: train loss 0.7391, val loss 1.6353
saving checkpoint to out-shakespeare-6-384-1
iter 10600: loss 0.9287, time 242.59ms, mfu 10.72%
iter 10610: loss 0.9374, time 32.01ms, mfu 10.81%
iter 10620: loss 0.9268, time 30.99ms, mfu 10.93%
iter 10630: loss 0.9246, time 30.75ms, mfu 11.05%
iter 10640: loss 0.9043, time 16.39ms, mfu 12.22%
step 10650: train loss 0.7327, val loss 1.6313
saving checkpoint to out-shakespeare-6-384-1
iter 10650: loss 0.9099, time 248.79ms, mfu 11.15%
iter 10660: loss 0.9208, time 31.10ms, mfu 11.23%
iter 10670: loss 0.9287, time 30.87ms, mfu 11.31%
iter 10680: loss 0.9209, time 17.65ms, mfu 12.29%
iter 10690: loss 0.9221, time 31.57ms, mfu 12.24%
step 10700: train loss 0.7206, val loss 1.6173
saving checkpoint to out-shakespeare-6-384-1
iter 10700: loss 0.9272, time 253.78ms, mfu 11.17%
iter 10710: loss 0.9233, time 30.22ms, mfu 11.28%
iter 10720: loss 0.8981, time 32.36ms, mfu 11.31%
iter 10730: loss 0.9259, time 32.39ms, mfu 11.33%
iter 10740: loss 0.9011, time 30.11ms, mfu 11.43%
step 10750: train loss 0.7249, val loss 1.6757
saving checkpoint to out-shakespeare-6-384-1
iter 10750: loss 0.8942, time 241.74ms, mfu 10.44%
iter 10760: loss 0.9152, time 31.54ms, mfu 10.58%
iter 10770: loss 0.9107, time 30.54ms, mfu 10.74%
iter 10780: loss 0.8905, time 30.45ms, mfu 10.89%
iter 10790: loss 0.9259, time 16.54ms, mfu 12.05%
step 10800: train loss 0.7353, val loss 1.6549
saving checkpoint to out-shakespeare-6-384-1
iter 10800: loss 0.9192, time 252.11ms, mfu 11.00%
iter 10810: loss 0.8867, time 18.26ms, mfu 11.94%
iter 10820: loss 0.9246, time 30.55ms, mfu 11.96%
iter 10830: loss 0.9097, time 30.97ms, mfu 11.97%
iter 10840: loss 0.9110, time 30.49ms, mfu 12.00%
step 10850: train loss 0.7211, val loss 1.6062
saving checkpoint to out-shakespeare-6-384-1
iter 10850: loss 0.9005, time 254.45ms, mfu 10.94%
iter 10860: loss 0.9076, time 31.18ms, mfu 11.04%
iter 10870: loss 0.8915, time 29.77ms, mfu 11.19%
iter 10880: loss 0.9565, time 30.45ms, mfu 11.30%
iter 10890: loss 0.9208, time 29.02ms, mfu 11.45%
step 10900: train loss 0.7196, val loss 1.6420
saving checkpoint to out-shakespeare-6-384-1
iter 10900: loss 0.9073, time 259.16ms, mfu 10.45%
iter 10910: loss 0.9104, time 30.32ms, mfu 10.63%
iter 10920: loss 0.8953, time 30.67ms, mfu 10.78%
iter 10930: loss 0.9176, time 31.43ms, mfu 10.89%
iter 10940: loss 0.9255, time 17.67ms, mfu 11.91%
step 10950: train loss 0.7187, val loss 1.6752
saving checkpoint to out-shakespeare-6-384-1
iter 10950: loss 0.9275, time 253.39ms, mfu 10.87%
iter 10960: loss 0.8980, time 30.67ms, mfu 10.99%
iter 10970: loss 0.8938, time 31.98ms, mfu 11.06%
iter 10980: loss 0.8891, time 19.03ms, mfu 11.91%
iter 10990: loss 0.9060, time 29.84ms, mfu 11.97%
step 11000: train loss 0.7098, val loss 1.6067
saving checkpoint to out-shakespeare-6-384-1
iter 11000: loss 0.9062, time 244.10ms, mfu 10.93%
iter 11010: loss 0.8963, time 31.08ms, mfu 11.03%
iter 11020: loss 0.8987, time 30.82ms, mfu 11.14%
iter 11030: loss 0.9058, time 29.95ms, mfu 11.27%
iter 11040: loss 0.9087, time 30.93ms, mfu 11.35%
step 11050: train loss 0.7095, val loss 1.6582
saving checkpoint to out-shakespeare-6-384-1
iter 11050: loss 0.9245, time 247.52ms, mfu 10.36%
iter 11060: loss 0.9169, time 31.17ms, mfu 10.52%
iter 11070: loss 0.9075, time 30.57ms, mfu 10.69%
iter 11080: loss 0.9115, time 31.02ms, mfu 10.82%
iter 11090: loss 0.8758, time 31.63ms, mfu 10.92%
step 11100: train loss 0.6912, val loss 1.6470
saving checkpoint to out-shakespeare-6-384-1
iter 11100: loss 0.9429, time 250.10ms, mfu 9.97%
iter 11110: loss 0.9139, time 17.84ms, mfu 11.07%
iter 11120: loss 0.9241, time 30.22ms, mfu 11.19%
iter 11130: loss 0.8981, time 16.81ms, mfu 12.29%
iter 11140: loss 0.9012, time 30.48ms, mfu 12.28%
step 11150: train loss 0.6969, val loss 1.6461
saving checkpoint to out-shakespeare-6-384-1
iter 11150: loss 0.8994, time 255.25ms, mfu 11.20%
iter 11160: loss 0.9095, time 28.74ms, mfu 11.38%
iter 11170: loss 0.9174, time 30.76ms, mfu 11.45%
iter 11180: loss 0.9150, time 30.96ms, mfu 11.51%
iter 11190: loss 0.9122, time 31.51ms, mfu 11.54%
step 11200: train loss 0.7008, val loss 1.6558
saving checkpoint to out-shakespeare-6-384-1
iter 11200: loss 0.9207, time 244.47ms, mfu 10.54%
iter 11210: loss 0.8834, time 28.85ms, mfu 10.78%
iter 11220: loss 0.9285, time 16.47ms, mfu 11.96%
iter 11230: loss 0.9010, time 31.01ms, mfu 11.97%
iter 11240: loss 0.8970, time 17.81ms, mfu 12.86%
step 11250: train loss 0.7022, val loss 1.6558
saving checkpoint to out-shakespeare-6-384-1
iter 11250: loss 0.8764, time 249.48ms, mfu 11.73%
iter 11260: loss 0.8913, time 31.09ms, mfu 11.75%
iter 11270: loss 0.9187, time 16.13ms, mfu 12.89%
iter 11280: loss 0.8699, time 30.97ms, mfu 12.80%
iter 11290: loss 0.8891, time 16.32ms, mfu 13.80%
step 11300: train loss 0.6912, val loss 1.6481
saving checkpoint to out-shakespeare-6-384-1
iter 11300: loss 0.8768, time 248.76ms, mfu 12.57%
iter 11310: loss 0.8738, time 30.33ms, mfu 12.54%
iter 11320: loss 0.8678, time 31.06ms, mfu 12.49%
iter 11330: loss 0.8782, time 29.80ms, mfu 12.49%
iter 11340: loss 0.8656, time 17.67ms, mfu 13.35%
step 11350: train loss 0.6874, val loss 1.6652
saving checkpoint to out-shakespeare-6-384-1
iter 11350: loss 0.8864, time 249.07ms, mfu 12.16%
iter 11360: loss 0.8971, time 30.86ms, mfu 12.16%
iter 11370: loss 0.8746, time 31.09ms, mfu 12.14%
iter 11380: loss 0.9046, time 29.31ms, mfu 12.20%
iter 11390: loss 0.8885, time 31.71ms, mfu 12.15%
step 11400: train loss 0.6825, val loss 1.6284
saving checkpoint to out-shakespeare-6-384-1
iter 11400: loss 0.8997, time 252.00ms, mfu 11.08%
iter 11410: loss 0.9086, time 30.65ms, mfu 11.19%
iter 11420: loss 0.8798, time 30.43ms, mfu 11.30%
iter 11430: loss 0.8966, time 31.21ms, mfu 11.36%
iter 11440: loss 0.9034, time 30.88ms, mfu 11.43%
step 11450: train loss 0.6850, val loss 1.6655
saving checkpoint to out-shakespeare-6-384-1
iter 11450: loss 0.8782, time 253.01ms, mfu 10.44%
iter 11460: loss 0.8653, time 15.71ms, mfu 11.76%
iter 11470: loss 0.8822, time 31.09ms, mfu 11.79%
iter 11480: loss 0.9172, time 16.83ms, mfu 12.82%
iter 11490: loss 0.8986, time 30.37ms, mfu 12.77%
step 11500: train loss 0.6705, val loss 1.6495
saving checkpoint to out-shakespeare-6-384-1
iter 11500: loss 0.8945, time 242.44ms, mfu 11.64%
iter 11510: loss 0.8818, time 31.51ms, mfu 11.66%
iter 11520: loss 0.9060, time 32.75ms, mfu 11.63%
iter 11530: loss 0.8851, time 31.44ms, mfu 11.66%
iter 11540: loss 0.8850, time 32.74ms, mfu 11.63%
step 11550: train loss 0.6792, val loss 1.6571
saving checkpoint to out-shakespeare-6-384-1
iter 11550: loss 0.8824, time 244.19ms, mfu 10.62%
iter 11560: loss 0.8562, time 30.17ms, mfu 10.79%
iter 11570: loss 0.8755, time 32.50ms, mfu 10.86%
iter 11580: loss 0.8861, time 29.57ms, mfu 11.03%
iter 11590: loss 0.8928, time 16.04ms, mfu 12.25%
step 11600: train loss 0.6576, val loss 1.6752
saving checkpoint to out-shakespeare-6-384-1
iter 11600: loss 0.8638, time 247.69ms, mfu 11.18%
iter 11610: loss 0.8922, time 31.30ms, mfu 11.25%
iter 11620: loss 0.8676, time 30.97ms, mfu 11.33%
iter 11630: loss 0.8934, time 31.47ms, mfu 11.38%
iter 11640: loss 0.8782, time 30.06ms, mfu 11.48%
step 11650: train loss 0.6583, val loss 1.6860
saving checkpoint to out-shakespeare-6-384-1
iter 11650: loss 0.8963, time 254.48ms, mfu 10.48%
iter 11660: loss 0.8814, time 30.73ms, mfu 10.64%
iter 11670: loss 0.8579, time 30.08ms, mfu 10.82%
iter 11680: loss 0.9028, time 16.88ms, mfu 11.94%
iter 11690: loss 0.9170, time 30.21ms, mfu 11.98%
step 11700: train loss 0.6654, val loss 1.6437
saving checkpoint to out-shakespeare-6-384-1
iter 11700: loss 0.8626, time 256.50ms, mfu 10.93%
iter 11710: loss 0.8586, time 30.33ms, mfu 11.07%
iter 11720: loss 0.8568, time 30.67ms, mfu 11.17%
iter 11730: loss 0.8766, time 31.35ms, mfu 11.24%
iter 11740: loss 0.8718, time 31.58ms, mfu 11.30%
step 11750: train loss 0.6676, val loss 1.6761
saving checkpoint to out-shakespeare-6-384-1
iter 11750: loss 0.8921, time 243.88ms, mfu 10.32%
iter 11760: loss 0.8741, time 31.47ms, mfu 10.48%
iter 11770: loss 0.9012, time 30.56ms, mfu 10.65%
iter 11780: loss 0.8858, time 30.76ms, mfu 10.79%
iter 11790: loss 0.8658, time 30.93ms, mfu 10.92%
step 11800: train loss 0.6662, val loss 1.6971
saving checkpoint to out-shakespeare-6-384-1
iter 11800: loss 0.8833, time 246.68ms, mfu 9.98%
iter 11810: loss 0.8917, time 31.07ms, mfu 10.18%
iter 11820: loss 0.8749, time 30.09ms, mfu 10.40%
iter 11830: loss 0.8866, time 30.31ms, mfu 10.59%
iter 11840: loss 0.8610, time 30.79ms, mfu 10.74%
step 11850: train loss 0.6687, val loss 1.6733
saving checkpoint to out-shakespeare-6-384-1
iter 11850: loss 0.8869, time 254.40ms, mfu 9.81%
iter 11860: loss 0.8851, time 30.96ms, mfu 10.03%
iter 11870: loss 0.9007, time 29.85ms, mfu 10.28%
iter 11880: loss 0.8872, time 18.79ms, mfu 11.24%
iter 11890: loss 0.8761, time 30.84ms, mfu 11.32%
step 11900: train loss 0.6573, val loss 1.6836
saving checkpoint to out-shakespeare-6-384-1
iter 11900: loss 0.8725, time 243.98ms, mfu 10.34%
iter 11910: loss 0.8802, time 31.15ms, mfu 10.50%
iter 11920: loss 0.8627, time 17.72ms, mfu 11.55%
iter 11930: loss 0.8741, time 31.28ms, mfu 11.59%
iter 11940: loss 0.8390, time 17.06ms, mfu 12.62%
step 11950: train loss 0.6565, val loss 1.6846
saving checkpoint to out-shakespeare-6-384-1
iter 11950: loss 0.8846, time 247.05ms, mfu 11.51%
iter 11960: loss 0.8652, time 29.68ms, mfu 11.61%
iter 11970: loss 0.8686, time 31.34ms, mfu 11.64%
iter 11980: loss 0.8825, time 30.20ms, mfu 11.71%
iter 11990: loss 0.8788, time 29.85ms, mfu 11.79%
step 12000: train loss 0.6474, val loss 1.6493
saving checkpoint to out-shakespeare-6-384-1
iter 12000: loss 0.8420, time 252.49ms, mfu 10.75%
iter 12010: loss 0.8786, time 16.91ms, mfu 11.88%
iter 12020: loss 0.8471, time 30.65ms, mfu 11.91%
iter 12030: loss 0.8659, time 17.06ms, mfu 12.90%
iter 12040: loss 0.8640, time 30.40ms, mfu 12.84%
step 12050: train loss 0.6520, val loss 1.6918
saving checkpoint to out-shakespeare-6-384-1
iter 12050: loss 0.8627, time 243.54ms, mfu 11.71%
iter 12060: loss 0.8481, time 31.10ms, mfu 11.74%
iter 12070: loss 0.8626, time 31.39ms, mfu 11.75%
iter 12080: loss 0.8402, time 31.42ms, mfu 11.76%
iter 12090: loss 0.8655, time 30.95ms, mfu 11.79%
step 12100: train loss 0.6423, val loss 1.6938
saving checkpoint to out-shakespeare-6-384-1
iter 12100: loss 0.8603, time 242.61ms, mfu 10.76%
iter 12110: loss 0.8549, time 30.65ms, mfu 10.90%
iter 12120: loss 0.8316, time 30.40ms, mfu 11.04%
iter 12130: loss 0.8715, time 30.34ms, mfu 11.16%
iter 12140: loss 0.8428, time 17.49ms, mfu 12.18%
step 12150: train loss 0.6367, val loss 1.6840
saving checkpoint to out-shakespeare-6-384-1
iter 12150: loss 0.8371, time 247.32ms, mfu 11.11%
iter 12160: loss 0.8768, time 30.21ms, mfu 11.23%
iter 12170: loss 0.8777, time 31.15ms, mfu 11.30%
iter 12180: loss 0.8449, time 31.19ms, mfu 11.37%
iter 12190: loss 0.8465, time 30.72ms, mfu 11.44%
step 12200: train loss 0.6390, val loss 1.7106
saving checkpoint to out-shakespeare-6-384-1
iter 12200: loss 0.8828, time 253.58ms, mfu 10.45%
iter 12210: loss 0.8360, time 30.74ms, mfu 10.61%
iter 12220: loss 0.8519, time 29.80ms, mfu 10.80%
iter 12230: loss 0.8337, time 30.16ms, mfu 10.96%
iter 12240: loss 0.8567, time 31.52ms, mfu 11.04%
step 12250: train loss 0.6344, val loss 1.7024
saving checkpoint to out-shakespeare-6-384-1
iter 12250: loss 0.8571, time 246.13ms, mfu 10.09%
iter 12260: loss 0.8452, time 30.96ms, mfu 10.29%
iter 12270: loss 0.8590, time 30.69ms, mfu 10.47%
iter 12280: loss 0.8563, time 30.13ms, mfu 10.66%
iter 12290: loss 0.8318, time 17.68ms, mfu 11.70%
step 12300: train loss 0.6269, val loss 1.7086
saving checkpoint to out-shakespeare-6-384-1
iter 12300: loss 0.8488, time 250.04ms, mfu 10.68%
iter 12310: loss 0.8626, time 30.25ms, mfu 10.85%
iter 12320: loss 0.8478, time 31.05ms, mfu 10.96%
iter 12330: loss 0.8379, time 30.65ms, mfu 11.08%
iter 12340: loss 0.8668, time 29.78ms, mfu 11.22%
step 12350: train loss 0.6296, val loss 1.6823
saving checkpoint to out-shakespeare-6-384-1
iter 12350: loss 0.8438, time 253.53ms, mfu 10.25%
iter 12360: loss 0.8702, time 30.06ms, mfu 10.46%
iter 12370: loss 0.8468, time 31.95ms, mfu 10.58%
iter 12380: loss 0.8796, time 30.67ms, mfu 10.74%
iter 12390: loss 0.8316, time 18.69ms, mfu 11.66%
step 12400: train loss 0.6262, val loss 1.7110
saving checkpoint to out-shakespeare-6-384-1
iter 12400: loss 0.8350, time 249.35ms, mfu 10.64%
iter 12410: loss 0.8235, time 31.33ms, mfu 10.77%
iter 12420: loss 0.8738, time 31.08ms, mfu 10.89%
iter 12430: loss 0.8129, time 30.55ms, mfu 11.02%
iter 12440: loss 0.8516, time 31.11ms, mfu 11.12%
step 12450: train loss 0.6230, val loss 1.7253
saving checkpoint to out-shakespeare-6-384-1
iter 12450: loss 0.8445, time 252.26ms, mfu 10.15%
iter 12460: loss 0.8755, time 31.44ms, mfu 10.32%
iter 12470: loss 0.8561, time 31.25ms, mfu 10.48%
iter 12480: loss 0.8398, time 30.95ms, mfu 10.64%
iter 12490: loss 0.8611, time 31.65ms, mfu 10.75%
step 12500: train loss 0.6216, val loss 1.6953
saving checkpoint to out-shakespeare-6-384-1
iter 12500: loss 0.8271, time 245.23ms, mfu 9.83%
iter 12510: loss 0.8600, time 30.69ms, mfu 10.06%
iter 12520: loss 0.8466, time 15.68ms, mfu 11.43%
iter 12530: loss 0.8606, time 30.26ms, mfu 11.52%
iter 12540: loss 0.8572, time 31.01ms, mfu 11.57%
step 12550: train loss 0.6199, val loss 1.7405
saving checkpoint to out-shakespeare-6-384-1
iter 12550: loss 0.8531, time 250.61ms, mfu 10.56%
iter 12560: loss 0.8430, time 17.12ms, mfu 11.68%
iter 12570: loss 0.8413, time 31.35ms, mfu 11.70%
iter 12580: loss 0.8431, time 31.56ms, mfu 11.71%
iter 12590: loss 0.8558, time 30.74ms, mfu 11.75%
step 12600: train loss 0.6123, val loss 1.7470
saving checkpoint to out-shakespeare-6-384-1
iter 12600: loss 0.8531, time 252.55ms, mfu 10.73%
iter 12610: loss 0.8433, time 16.47ms, mfu 11.92%
iter 12620: loss 0.8306, time 31.13ms, mfu 11.92%
iter 12630: loss 0.8368, time 18.11ms, mfu 12.79%
iter 12640: loss 0.8333, time 30.83ms, mfu 12.72%
step 12650: train loss 0.6093, val loss 1.7237
saving checkpoint to out-shakespeare-6-384-1
iter 12650: loss 0.8425, time 244.62ms, mfu 11.60%
iter 12660: loss 0.8435, time 29.83ms, mfu 11.69%
iter 12670: loss 0.8524, time 30.05ms, mfu 11.76%
iter 12680: loss 0.8791, time 31.26ms, mfu 11.77%
iter 12690: loss 0.8318, time 31.44ms, mfu 11.78%
step 12700: train loss 0.6101, val loss 1.7294
saving checkpoint to out-shakespeare-6-384-1
iter 12700: loss 0.8366, time 253.18ms, mfu 10.75%
iter 12710: loss 0.8592, time 17.67ms, mfu 11.78%
iter 12720: loss 0.8378, time 30.85ms, mfu 11.81%
iter 12730: loss 0.8739, time 31.54ms, mfu 11.81%
iter 12740: loss 0.8325, time 29.24ms, mfu 11.91%
step 12750: train loss 0.6049, val loss 1.7423
saving checkpoint to out-shakespeare-6-384-1
iter 12750: loss 0.8343, time 244.09ms, mfu 10.87%
iter 12760: loss 0.8328, time 30.63ms, mfu 11.00%
iter 12770: loss 0.8382, time 30.87ms, mfu 11.11%
iter 12780: loss 0.8511, time 30.64ms, mfu 11.21%
iter 12790: loss 0.8229, time 30.91ms, mfu 11.30%
step 12800: train loss 0.6091, val loss 1.7098
saving checkpoint to out-shakespeare-6-384-1
iter 12800: loss 0.8344, time 246.59ms, mfu 10.32%
iter 12810: loss 0.8173, time 31.51ms, mfu 10.47%
iter 12820: loss 0.8085, time 30.83ms, mfu 10.63%
iter 12830: loss 0.8126, time 31.28ms, mfu 10.76%
iter 12840: loss 0.8327, time 30.90ms, mfu 10.89%
step 12850: train loss 0.6001, val loss 1.7606
saving checkpoint to out-shakespeare-6-384-1
iter 12850: loss 0.8281, time 254.02ms, mfu 9.95%
iter 12860: loss 0.8423, time 17.16ms, mfu 11.12%
iter 12870: loss 0.8230, time 30.67ms, mfu 11.23%
iter 12880: loss 0.8029, time 30.63ms, mfu 11.32%
iter 12890: loss 0.7897, time 32.03ms, mfu 11.35%
step 12900: train loss 0.5966, val loss 1.6841
saving checkpoint to out-shakespeare-6-384-1
iter 12900: loss 0.8291, time 242.38ms, mfu 10.37%
iter 12910: loss 0.8265, time 30.22ms, mfu 10.57%
iter 12920: loss 0.8218, time 30.67ms, mfu 10.72%
iter 12930: loss 0.8415, time 30.79ms, mfu 10.86%
iter 12940: loss 0.8065, time 16.64ms, mfu 12.01%
step 12950: train loss 0.5885, val loss 1.7431
saving checkpoint to out-shakespeare-6-384-1
iter 12950: loss 0.8365, time 250.43ms, mfu 10.96%
iter 12960: loss 0.8326, time 29.49ms, mfu 11.13%
iter 12970: loss 0.8377, time 29.55ms, mfu 11.28%
iter 12980: loss 0.8254, time 30.53ms, mfu 11.37%
iter 12990: loss 0.8375, time 30.94ms, mfu 11.44%
step 13000: train loss 0.5863, val loss 1.7482
saving checkpoint to out-shakespeare-6-384-1
iter 13000: loss 0.8237, time 252.19ms, mfu 10.44%
iter 13010: loss 0.8217, time 18.22ms, mfu 11.44%
iter 13020: loss 0.8320, time 29.86ms, mfu 11.55%
iter 13030: loss 0.8325, time 29.88ms, mfu 11.64%
iter 13040: loss 0.8369, time 31.40ms, mfu 11.66%
step 13050: train loss 0.5947, val loss 1.7278
saving checkpoint to out-shakespeare-6-384-1
iter 13050: loss 0.8227, time 255.57ms, mfu 10.64%
iter 13060: loss 0.8202, time 30.72ms, mfu 10.79%
iter 13070: loss 0.8225, time 30.96ms, mfu 10.91%
iter 13080: loss 0.8263, time 17.77ms, mfu 11.92%
iter 13090: loss 0.8213, time 30.82ms, mfu 11.94%
step 13100: train loss 0.5723, val loss 1.7517
saving checkpoint to out-shakespeare-6-384-1
iter 13100: loss 0.8123, time 244.13ms, mfu 10.90%
iter 13110: loss 0.8344, time 30.36ms, mfu 11.03%
