Overriding config with C:\VS-CODE-UNI-OS\advanced-nlp-17\nanoGPT\config\train-shakespeare-char-task1-r2.py:

# Baseline configuration
out_dir = 'out-shakespeare-task1-r2'
eval_interval = 50
eval_iters = 50
log_interval = 10
always_save_checkpoint = False
init_from = 'resume'
wandb_log = False
wandb_project = 'nanoGPT-assignment'
wandb_run_name = 'baseline'
dataset = 'shakespeare_task1'
gradient_accumulation_steps = 1
batch_size = 64
block_size = 256
n_layer = 5
n_head = 5
n_embd = 320
dropout = 0.2
learning_rate = 0.001
max_iters = 9600
lr_decay_iters = 100
min_lr = 1e-4
beta2 = 0.99
lora_rank = 2
warmup_iters = 200
weight_decay = 1e-1
device = 'cuda'
compile = False 

tokens per iteration will be: 16,384
found vocab_size = 68 (inside data\shakespeare_task1\meta.pkl)
Resuming training from out-shakespeare-task1-r2
number of parameters: 6250240
resize_token_embeddings: vocab 65 -> 69 (added 4 special token(s): ['@', '|', '<', '>'])
number of parameters: 6251520
LoRA mode: rank=2, trainable params=12,800
num decayed parameter tensors: 10, with 12,800 parameters
num non-decayed parameter tensors: 0, with 0 parameters
using fused AdamW: True
Vocab size changed, skipping optimizer state load
step 7600: train loss 4.3617, val loss 4.3615
saving checkpoint to out-shakespeare-task1-r2
iter 7600: loss 4.3342, time 981.68ms, mfu -100.00%
iter 7610: loss 4.3276, time 15.38ms, mfu 14.34%
iter 7620: loss 4.3195, time 15.95ms, mfu 14.29%
iter 7630: loss 4.3080, time 15.50ms, mfu 14.29%
iter 7640: loss 4.3010, time 0.00ms, mfu 12.86%
step 7650: train loss 4.2816, val loss 4.2802
saving checkpoint to out-shakespeare-task1-r2
iter 7650: loss 4.2742, time 860.83ms, mfu 11.60%
iter 7660: loss 4.2556, time 15.78ms, mfu 11.84%
iter 7670: loss 4.2215, time 15.95ms, mfu 12.04%
iter 7680: loss 4.1892, time 16.20ms, mfu 12.19%
iter 7690: loss 4.1500, time 16.09ms, mfu 12.35%
step 7700: train loss 4.0378, val loss 4.0351
saving checkpoint to out-shakespeare-task1-r2
iter 7700: loss 4.1061, time 888.21ms, mfu 11.14%
iter 7710: loss 4.0613, time 15.68ms, mfu 11.43%
iter 7720: loss 4.0126, time 17.41ms, mfu 11.55%
iter 7730: loss 3.9743, time 15.77ms, mfu 11.80%
iter 7740: loss 3.9306, time 16.03ms, mfu 11.99%
step 7750: train loss 3.8062, val loss 3.8030
saving checkpoint to out-shakespeare-task1-r2
iter 7750: loss 3.8855, time 885.61ms, mfu 10.82%
iter 7760: loss 3.8531, time 15.51ms, mfu 11.16%
iter 7770: loss 3.8238, time 0.00ms, mfu 10.04%
iter 7780: loss 3.8049, time 15.98ms, mfu 10.42%
iter 7790: loss 3.7815, time 16.03ms, mfu 10.75%
step 7800: train loss 3.6946, val loss 3.6891
saving checkpoint to out-shakespeare-task1-r2
iter 7800: loss 3.7582, time 879.97ms, mfu 9.70%
iter 7810: loss 3.7333, time 24.03ms, mfu 9.65%
iter 7820: loss 3.7230, time 12.75ms, mfu 10.42%
iter 7830: loss 3.7151, time 15.77ms, mfu 10.77%
iter 7840: loss 3.6990, time 20.21ms, mfu 10.79%
step 7850: train loss 3.6285, val loss 3.6254
saving checkpoint to out-shakespeare-task1-r2
iter 7850: loss 3.6852, time 860.53ms, mfu 9.73%
iter 7860: loss 3.6718, time 30.49ms, mfu 9.48%
iter 7870: loss 3.6621, time 15.67ms, mfu 9.94%
iter 7880: loss 3.6474, time 15.52ms, mfu 10.37%
iter 7890: loss 3.6384, time 14.69ms, mfu 10.84%
step 7900: train loss 3.5857, val loss 3.5834
saving checkpoint to out-shakespeare-task1-r2
iter 7900: loss 3.6259, time 870.16ms, mfu 9.78%
iter 7910: loss 3.6162, time 17.63ms, mfu 10.05%
iter 7920: loss 3.6003, time 15.53ms, mfu 10.47%
iter 7930: loss 3.6051, time 16.57ms, mfu 10.75%
iter 7940: loss 3.6004, time 13.98ms, mfu 11.25%
step 7950: train loss 3.5573, val loss 3.5514
saving checkpoint to out-shakespeare-task1-r2
iter 7950: loss 3.5920, time 904.41ms, mfu 10.15%
iter 7960: loss 3.5929, time 15.28ms, mfu 10.58%
iter 7970: loss 3.5761, time 21.80ms, mfu 10.54%
iter 7980: loss 3.5812, time 14.39ms, mfu 11.01%
iter 7990: loss 3.5800, time 8.60ms, mfu 12.48%
step 8000: train loss 3.5332, val loss 3.5329
saving checkpoint to out-shakespeare-task1-r2
iter 8000: loss 3.5654, time 851.39ms, mfu 11.26%
iter 8010: loss 3.5741, time 17.21ms, mfu 11.41%
iter 8020: loss 3.5655, time 15.67ms, mfu 11.68%
iter 8030: loss 3.5710, time 15.63ms, mfu 11.92%
iter 8040: loss 3.5573, time 15.41ms, mfu 12.16%
step 8050: train loss 3.5181, val loss 3.5181
saving checkpoint to out-shakespeare-task1-r2
iter 8050: loss 3.5404, time 872.97ms, mfu 10.97%
iter 8060: loss 3.5538, time 15.63ms, mfu 11.28%
iter 8070: loss 3.5582, time 15.48ms, mfu 11.58%
iter 8080: loss 3.5306, time 13.63ms, mfu 12.04%
iter 8090: loss 3.5434, time 15.63ms, mfu 12.25%
step 8100: train loss 3.5052, val loss 3.5025
saving checkpoint to out-shakespeare-task1-r2
iter 8100: loss 3.5420, time 872.54ms, mfu 11.05%
iter 8110: loss 3.5235, time 19.56ms, mfu 11.07%
iter 8120: loss 3.5304, time 13.60ms, mfu 11.59%
iter 8130: loss 3.5275, time 8.70ms, mfu 12.97%
iter 8140: loss 3.5325, time 16.12ms, mfu 13.04%
step 8150: train loss 3.4926, val loss 3.4914
saving checkpoint to out-shakespeare-task1-r2
iter 8150: loss 3.5378, time 878.61ms, mfu 11.76%
iter 8160: loss 3.5237, time 15.66ms, mfu 11.99%
iter 8170: loss 3.5190, time 18.30ms, mfu 12.00%
iter 8180: loss 3.5260, time 15.69ms, mfu 12.20%
iter 8190: loss 3.5184, time 20.22ms, mfu 12.07%
step 8200: train loss 3.4822, val loss 3.4824
saving checkpoint to out-shakespeare-task1-r2
iter 8200: loss 3.5223, time 874.26ms, mfu 10.89%
iter 8210: loss 3.5088, time 17.87ms, mfu 11.04%
iter 8220: loss 3.5127, time 15.42ms, mfu 11.36%
iter 8230: loss 3.5029, time 17.50ms, mfu 11.49%
iter 8240: loss 3.5073, time 15.63ms, mfu 11.75%
step 8250: train loss 3.4757, val loss 3.4735
saving checkpoint to out-shakespeare-task1-r2
iter 8250: loss 3.5243, time 889.69ms, mfu 10.60%
iter 8260: loss 3.4956, time 15.70ms, mfu 10.95%
iter 8270: loss 3.5217, time 15.22ms, mfu 11.30%
iter 8280: loss 3.5170, time 12.70ms, mfu 11.91%
iter 8290: loss 3.5071, time 16.07ms, mfu 12.09%
step 8300: train loss 3.4692, val loss 3.4667
saving checkpoint to out-shakespeare-task1-r2
iter 8300: loss 3.4732, time 873.48ms, mfu 10.91%
iter 8310: loss 3.5010, time 15.66ms, mfu 11.22%
iter 8320: loss 3.5004, time 15.71ms, mfu 11.51%
iter 8330: loss 3.4714, time 7.00ms, mfu 13.51%
iter 8340: loss 3.4804, time 15.74ms, mfu 13.56%
step 8350: train loss 3.4603, val loss 3.4586
saving checkpoint to out-shakespeare-task1-r2
iter 8350: loss 3.4943, time 858.61ms, mfu 12.23%
iter 8360: loss 3.5039, time 13.87ms, mfu 12.60%
iter 8370: loss 3.4767, time 15.79ms, mfu 12.73%
iter 8380: loss 3.4785, time 17.54ms, mfu 12.72%
iter 8390: loss 3.4877, time 15.63ms, mfu 12.86%
step 8400: train loss 3.4504, val loss 3.4493
saving checkpoint to out-shakespeare-task1-r2
iter 8400: loss 3.4771, time 876.13ms, mfu 11.60%
iter 8410: loss 3.4795, time 29.49ms, mfu 11.18%
iter 8420: loss 3.4792, time 0.00ms, mfu 10.07%
iter 8430: loss 3.4766, time 20.79ms, mfu 10.12%
iter 8440: loss 3.4780, time 15.77ms, mfu 10.51%
step 8450: train loss 3.4393, val loss 3.4397
saving checkpoint to out-shakespeare-task1-r2
iter 8450: loss 3.4628, time 873.23ms, mfu 9.48%
iter 8460: loss 3.4912, time 6.00ms, mfu 12.21%
iter 8470: loss 3.4694, time 15.45ms, mfu 12.42%
iter 8480: loss 3.4682, time 15.24ms, mfu 12.62%
iter 8490: loss 3.4667, time 2.08ms, mfu 21.98%
step 8500: train loss 3.4307, val loss 3.4291
saving checkpoint to out-shakespeare-task1-r2
iter 8500: loss 3.4596, time 873.61ms, mfu 19.81%
iter 8510: loss 3.4551, time 15.36ms, mfu 19.26%
iter 8520: loss 3.4596, time 15.31ms, mfu 18.78%
iter 8530: loss 3.4731, time 31.32ms, mfu 17.61%
iter 8540: loss 3.4536, time 0.00ms, mfu 15.84%
step 8550: train loss 3.4199, val loss 3.4197
saving checkpoint to out-shakespeare-task1-r2
iter 8550: loss 3.4534, time 887.04ms, mfu 14.29%
iter 8560: loss 3.4503, time 30.92ms, mfu 13.57%
iter 8570: loss 3.4463, time 15.68ms, mfu 13.62%
iter 8580: loss 3.4418, time 7.00ms, mfu 15.41%
iter 8590: loss 3.4523, time 15.19ms, mfu 15.32%
step 8600: train loss 3.4101, val loss 3.4078
saving checkpoint to out-shakespeare-task1-r2
iter 8600: loss 3.4450, time 875.83ms, mfu 13.81%
iter 8610: loss 3.4348, time 11.48ms, mfu 14.35%
iter 8620: loss 3.4412, time 20.24ms, mfu 14.01%
iter 8630: loss 3.4393, time 31.11ms, mfu 13.31%
iter 8640: loss 3.4364, time 15.43ms, mfu 13.41%
step 8650: train loss 3.3993, val loss 3.3974
saving checkpoint to out-shakespeare-task1-r2
iter 8650: loss 3.4456, time 876.40ms, mfu 12.10%
iter 8660: loss 3.4311, time 15.77ms, mfu 12.29%
iter 8670: loss 3.4297, time 15.83ms, mfu 12.45%
iter 8680: loss 3.4395, time 15.67ms, mfu 12.61%
iter 8690: loss 3.4457, time 20.74ms, mfu 12.42%
step 8700: train loss 3.3914, val loss 3.3872
saving checkpoint to out-shakespeare-task1-r2
iter 8700: loss 3.4199, time 876.92ms, mfu 11.20%
iter 8710: loss 3.4195, time 15.01ms, mfu 11.55%
iter 8720: loss 3.4235, time 31.06ms, mfu 11.10%
iter 8730: loss 3.4276, time 0.00ms, mfu 9.99%
iter 8740: loss 3.4157, time 25.33ms, mfu 9.87%
step 8750: train loss 3.3801, val loss 3.3796
saving checkpoint to out-shakespeare-task1-r2
iter 8750: loss 3.4030, time 874.99ms, mfu 8.90%
iter 8760: loss 3.4275, time 15.63ms, mfu 9.43%
iter 8770: loss 3.3995, time 20.54ms, mfu 9.56%
iter 8780: loss 3.4103, time 21.01ms, mfu 9.65%
iter 8790: loss 3.4102, time 15.47ms, mfu 10.11%
step 8800: train loss 3.3727, val loss 3.3719
saving checkpoint to out-shakespeare-task1-r2
iter 8800: loss 3.4049, time 879.86ms, mfu 9.13%
iter 8810: loss 3.4122, time 17.25ms, mfu 9.49%
iter 8820: loss 3.4185, time 29.23ms, mfu 9.30%
iter 8830: loss 3.4052, time 11.16ms, mfu 10.34%
iter 8840: loss 3.3969, time 13.63ms, mfu 10.93%
step 8850: train loss 3.3625, val loss 3.3607
saving checkpoint to out-shakespeare-task1-r2
iter 8850: loss 3.4132, time 873.80ms, mfu 9.86%
iter 8860: loss 3.4089, time 14.09ms, mfu 10.44%
iter 8870: loss 3.4117, time 15.82ms, mfu 10.79%
iter 8880: loss 3.4042, time 15.68ms, mfu 11.12%
iter 8890: loss 3.4135, time 0.00ms, mfu 10.01%
step 8900: train loss 3.3497, val loss 3.3513
saving checkpoint to out-shakespeare-task1-r2
iter 8900: loss 3.3897, time 866.17ms, mfu 9.03%
iter 8910: loss 3.3910, time 25.43ms, mfu 9.00%
iter 8920: loss 3.3870, time 16.09ms, mfu 9.47%
iter 8930: loss 3.3910, time 11.20ms, mfu 10.49%
iter 8940: loss 3.3803, time 15.69ms, mfu 10.85%
step 8950: train loss 3.3442, val loss 3.3414
saving checkpoint to out-shakespeare-task1-r2
iter 8950: loss 3.3833, time 877.51ms, mfu 9.79%
iter 8960: loss 3.3788, time 15.81ms, mfu 10.20%
iter 8970: loss 3.3832, time 15.11ms, mfu 10.64%
iter 8980: loss 3.3754, time 31.65ms, mfu 10.28%
iter 8990: loss 3.3797, time 9.30ms, mfu 11.62%
step 9000: train loss 3.3349, val loss 3.3317
saving checkpoint to out-shakespeare-task1-r2
iter 9000: loss 3.3745, time 871.10ms, mfu 10.48%
iter 9010: loss 3.3690, time 37.03ms, mfu 10.03%
iter 9020: loss 3.3707, time 15.83ms, mfu 10.42%
iter 9030: loss 3.3740, time 15.00ms, mfu 10.85%
iter 9040: loss 3.3566, time 15.68ms, mfu 11.17%
step 9050: train loss 3.3215, val loss 3.3174
saving checkpoint to out-shakespeare-task1-r2
iter 9050: loss 3.3600, time 871.84ms, mfu 10.08%
iter 9060: loss 3.3657, time 15.65ms, mfu 10.48%
iter 9070: loss 3.3492, time 20.80ms, mfu 10.49%
iter 9080: loss 3.3611, time 17.46ms, mfu 10.71%
iter 9090: loss 3.3523, time 15.51ms, mfu 11.06%
step 9100: train loss 3.3090, val loss 3.3044
saving checkpoint to out-shakespeare-task1-r2
iter 9100: loss 3.3544, time 875.07ms, mfu 9.98%
iter 9110: loss 3.3487, time 14.48ms, mfu 10.50%
iter 9120: loss 3.3500, time 18.78ms, mfu 10.63%
iter 9130: loss 3.3295, time 15.89ms, mfu 10.95%
iter 9140: loss 3.3596, time 15.27ms, mfu 11.30%
step 9150: train loss 3.2953, val loss 3.2928
saving checkpoint to out-shakespeare-task1-r2
iter 9150: loss 3.3536, time 900.59ms, mfu 10.20%
iter 9160: loss 3.3482, time 23.83ms, mfu 10.10%
iter 9170: loss 3.3425, time 6.00ms, mfu 12.77%
iter 9180: loss 3.3361, time 15.66ms, mfu 12.90%
iter 9190: loss 3.3320, time 26.72ms, mfu 12.44%
step 9200: train loss 3.2845, val loss 3.2811
saving checkpoint to out-shakespeare-task1-r2
iter 9200: loss 3.3416, time 874.19ms, mfu 11.22%
iter 9210: loss 3.3482, time 15.63ms, mfu 11.51%
iter 9220: loss 3.3429, time 15.66ms, mfu 11.77%
iter 9230: loss 3.3294, time 19.02ms, mfu 11.75%
iter 9240: loss 3.3390, time 13.99ms, mfu 12.15%
step 9250: train loss 3.2709, val loss 3.2683
saving checkpoint to out-shakespeare-task1-r2
iter 9250: loss 3.3413, time 872.42ms, mfu 10.96%
iter 9260: loss 3.3254, time 15.56ms, mfu 11.28%
iter 9270: loss 3.3341, time 31.34ms, mfu 10.86%
iter 9280: loss 3.2943, time 15.67ms, mfu 11.18%
iter 9290: loss 3.3147, time 10.49ms, mfu 12.16%
step 9300: train loss 3.2624, val loss 3.2589
saving checkpoint to out-shakespeare-task1-r2
iter 9300: loss 3.3166, time 862.31ms, mfu 10.97%
iter 9310: loss 3.3185, time 15.67ms, mfu 11.28%
iter 9320: loss 3.3194, time 17.21ms, mfu 11.44%
iter 9330: loss 3.3246, time 16.51ms, mfu 11.63%
iter 9340: loss 3.3038, time 15.66ms, mfu 11.88%
step 9350: train loss 3.2457, val loss 3.2486
saving checkpoint to out-shakespeare-task1-r2
iter 9350: loss 3.2996, time 866.63ms, mfu 10.71%
iter 9360: loss 3.3184, time 13.28ms, mfu 11.30%
iter 9370: loss 3.3060, time 15.66ms, mfu 11.58%
iter 9380: loss 3.3197, time 15.64ms, mfu 11.83%
iter 9390: loss 3.2865, time 31.55ms, mfu 11.35%
step 9400: train loss 3.2384, val loss 3.2371
saving checkpoint to out-shakespeare-task1-r2
iter 9400: loss 3.3069, time 881.02ms, mfu 10.24%
iter 9410: loss 3.2964, time 15.82ms, mfu 10.61%
iter 9420: loss 3.2865, time 15.81ms, mfu 10.94%
iter 9430: loss 3.3007, time 16.06ms, mfu 11.22%
iter 9440: loss 3.3029, time 16.08ms, mfu 11.47%
step 9450: train loss 3.2301, val loss 3.2282
saving checkpoint to out-shakespeare-task1-r2
iter 9450: loss 3.2914, time 886.77ms, mfu 10.35%
iter 9460: loss 3.3025, time 12.00ms, mfu 11.15%
iter 9470: loss 3.2937, time 15.49ms, mfu 11.46%
iter 9480: loss 3.2735, time 28.68ms, mfu 11.09%
iter 9490: loss 3.2840, time 15.40ms, mfu 11.41%
step 9500: train loss 3.2219, val loss 3.2163
saving checkpoint to out-shakespeare-task1-r2
iter 9500: loss 3.2918, time 878.54ms, mfu 10.29%
iter 9510: loss 3.2829, time 15.69ms, mfu 10.67%
iter 9520: loss 3.2907, time 15.28ms, mfu 11.05%
iter 9530: loss 3.2792, time 17.65ms, mfu 11.19%
iter 9540: loss 3.2767, time 10.60ms, mfu 12.15%
step 9550: train loss 3.2126, val loss 3.2086
saving checkpoint to out-shakespeare-task1-r2
iter 9550: loss 3.2688, time 856.30ms, mfu 10.96%
iter 9560: loss 3.2798, time 17.43ms, mfu 11.13%
iter 9570: loss 3.2721, time 15.73ms, mfu 11.42%
iter 9580: loss 3.2745, time 10.13ms, mfu 12.46%
iter 9590: loss 3.2657, time 15.64ms, mfu 12.62%
step 9600: train loss 3.2025, val loss 3.1997
saving checkpoint to out-shakespeare-task1-r2
iter 9600: loss 3.2559, time 874.50ms, mfu 11.38%
