Overriding config with C:\VS-CODE-UNI-OS\advanced-nlp-17\nanoGPT\config\train-shakespeare-char-char.py:

# Baseline configuration
out_dir = 'out-shakespeare-char'
eval_interval = 200
eval_iters = 50
log_interval = 10
always_save_checkpoint = True
init_from = 'resume'
wandb_log = False
wandb_project = 'nanoGPT-assignment'
wandb_run_name = 'baseline'
dataset = 'shakespeare_char'
gradient_accumulation_steps = 1
batch_size = 64
block_size = 256
n_layer = 5
n_head = 5
n_embd = 320
dropout = 0.2
learning_rate = 0.001
max_iters = 2500
lr_decay_iters = 100
min_lr = 1e-4
beta2 = 0.99
warmup_iters = 200
weight_decay = 1e-1
device = 'cuda'
compile = False 

tokens per iteration will be: 16,384
found vocab_size = 65 (inside data\shakespeare_char\meta.pkl)
Resuming training from out-shakespeare-char
number of parameters: 6250240
resize_token_embeddings: vocab 65 -> 69 (added 4 special token(s): ['@', '|', '<', '>'])
num decayed parameter tensors: 22, with 6,248,000 parameters
num non-decayed parameter tensors: 11, with 3,520 parameters
using fused AdamW: True
Vocab size changed, skipping optimizer state load
step 7600: train loss 1.1522, val loss 1.3121
saving checkpoint to out-shakespeare-char
iter 7600: loss 1.2544, time 1062.12ms, mfu -100.00%
