Overriding: out_dir = out-shakespeare-6-384-0.125
Overriding: num_samples = 5
Overriding: device = cuda
number of parameters: 10745088
Loading meta from data\shakespeare_char\meta.pkl...


COMINIUS:
Noble Menenius,
Be you then as the people's officer.
Masters, lay down your weapons.

BRUTUS:
Go not home.

SICINIUS:
Meet on the market-place. We'll attend you there:
Where, if you bring not Marcius, we'll proceed
In our first way.

MENENIUS:
I'll bring him to you.
Let me desire your company: he must come,
Or what is worst will follow.

First Senator:
Pray you, let's to him.

CORIOLANUS:
Let them puff all about mine ears, present me
Death on the wheel or at wild horses' heels,
Or pil
---------------

MENENIUS:
I must them
Be content to bear with those that say
you are reverend grave men, yet they lie deadly that
tell you you have good faces. If you see this in
the map of my microcosm, follows it that I am known
well enough too? what barm can your bisson
conspectuities glean out of this character, if I be
known well enough too?

BRUTUS:
Come, sir, come, we know you well enough.

MENENIUS:
You know neither me, yourselves nor any thing. You
are ambitious for poor knaves' caps and legs: you
wear
---------------

MARCIUS:
I go with thee malkers of men. I do love
My country's good with a respect more tender,
More holy and profound, than mine own life,
My dear wife's estimate, her womb's increase,
And treasure of my loins; then if I would
Speak that,--

SICINIUS:
We know your drift: speak what?

BRUTUS:
There's no more to be said, but he is banish'd,
As enemy to the people and his country:
It shall be so.

Citizens:
It shall be so, it shall be so.

CORIOLANUS:
You common cry of curs! whose breath I hate
As
---------------

The senators are upon you yet.

CORIOLANUS:
The word is 'mildly.' Pray you, let us go:
Let them accuse me by invention, I
Will answer in mine honour.

MENENIUS:
Ay, but mildly.

CORIOLANUS:
Well, mildly be it then. Mildly!

BRUTUS:
In this point charge him home, that he affects
Tyrannical power: if he evade us there,
Enforce him with his envy to the people,
And that the spoil got on the Antiates
Was ne'er distributed.
What, will he come?

AEdile:
He's coming.

BRUTUS:
How accompanied?

AEdile:
W
---------------

That love the fundamental part of state
More than you doubt the change on't, that prefer
A noble life before a long, and wish
To jump a body with a dangerous physic
That's sure of death without it, at once pluck out
The multitudinous tongue; let them not lick
The sweet which is their poison: your dishonour
Mangles true judgment and bereaves the state
Of that integrity which should become't,
Not having the power to do the good it would,
For the in which doth control't.

BRUTUS:
Has said enough.


---------------
