Overriding config with C:\VS-CODE-UNI-OS\advanced-nlp-17\nanoGPT\config\train-shakespeare-char-6-384-0.125.py:

# Baseline configuration
out_dir = 'out-shakespeare-6-384-0.125'
eval_interval = 50
eval_iters = 5
log_interval = 10
always_save_checkpoint = True
init_from = 'scratch'
wandb_log = False
wandb_project = 'nanoGPT-assignment'
wandb_run_name = 'baseline'
dataset = 'shakespeare_char'
gradient_accumulation_steps = 1
batch_size = 64
block_size = 256
n_layer = 6
n_head = 6
n_embd = 384
dropout = 0.2
learning_rate = 1e-3
max_iters = 13117.0
lr_decay_iters = 100
min_lr = 1e-4
beta2 = 0.99
warmup_iters = 200
weight_decay = 1e-1
device = 'cuda'
compile = False 

tokens per iteration will be: 16,384
found vocab_size = 65 (inside data\shakespeare_char\meta.pkl)
Initializing a new model from scratch
number of parameters: 10745088
num decayed parameter tensors: 26, with 10,740,096 parameters
num non-decayed parameter tensors: 13, with 4,992 parameters
using fused AdamW: True
step 0: train loss 4.2805, val loss 4.2842
iter 0: loss 4.2696, time 265.07ms, mfu -100.00%
iter 10: loss 3.2793, time 30.29ms, mfu 12.30%
iter 20: loss 2.8365, time 30.19ms, mfu 12.31%
iter 30: loss 2.6292, time 16.55ms, mfu 13.33%
iter 40: loss 2.5238, time 30.80ms, mfu 13.21%
step 50: train loss 2.4538, val loss 2.6468
saving checkpoint to out-shakespeare-6-384-0.125
iter 50: loss 2.4728, time 247.68ms, mfu 12.04%
iter 60: loss 2.4335, time 30.74ms, mfu 12.04%
iter 70: loss 2.4346, time 31.17ms, mfu 12.04%
iter 80: loss 2.4142, time 30.32ms, mfu 12.06%
iter 90: loss 2.3955, time 29.68ms, mfu 12.11%
step 100: train loss 2.3705, val loss 2.6194
saving checkpoint to out-shakespeare-6-384-0.125
iter 100: loss 2.3925, time 252.70ms, mfu 11.05%
iter 110: loss 2.3858, time 31.37ms, mfu 11.13%
iter 120: loss 2.3464, time 29.49ms, mfu 11.28%
iter 130: loss 2.3572, time 31.39ms, mfu 11.34%
iter 140: loss 2.3367, time 31.13ms, mfu 11.40%
step 150: train loss 2.2947, val loss 2.6272
saving checkpoint to out-shakespeare-6-384-0.125
iter 150: loss 2.2893, time 240.58ms, mfu 10.42%
iter 160: loss 2.3130, time 30.80ms, mfu 10.59%
iter 170: loss 2.2750, time 30.45ms, mfu 10.75%
iter 180: loss 2.2722, time 30.10ms, mfu 10.91%
iter 190: loss 2.2179, time 30.61ms, mfu 11.04%
step 200: train loss 2.1397, val loss 2.5331
saving checkpoint to out-shakespeare-6-384-0.125
iter 200: loss 2.2017, time 244.44ms, mfu 10.09%
iter 210: loss 2.1214, time 30.13ms, mfu 10.32%
iter 220: loss 2.1094, time 18.26ms, mfu 11.32%
iter 230: loss 2.1320, time 30.00ms, mfu 11.43%
iter 240: loss 2.1277, time 17.60ms, mfu 12.41%
step 250: train loss 2.0029, val loss 2.4574
saving checkpoint to out-shakespeare-6-384-0.125
iter 250: loss 2.0858, time 244.99ms, mfu 11.32%
iter 260: loss 2.0885, time 30.35ms, mfu 11.42%
iter 270: loss 2.0506, time 30.27ms, mfu 11.50%
iter 280: loss 2.0411, time 29.48ms, mfu 11.62%
iter 290: loss 2.0355, time 32.06ms, mfu 11.62%
step 300: train loss 1.9453, val loss 2.4195
saving checkpoint to out-shakespeare-6-384-0.125
iter 300: loss 2.0597, time 251.11ms, mfu 10.61%
iter 310: loss 1.9782, time 31.64ms, mfu 10.72%
iter 320: loss 2.0159, time 31.88ms, mfu 10.82%
iter 330: loss 2.0469, time 30.23ms, mfu 10.97%
iter 340: loss 1.9774, time 31.20ms, mfu 11.07%
step 350: train loss 1.8906, val loss 2.3753
saving checkpoint to out-shakespeare-6-384-0.125
iter 350: loss 2.0215, time 242.23ms, mfu 10.11%
iter 360: loss 1.9960, time 31.43ms, mfu 10.29%
iter 370: loss 1.9614, time 30.64ms, mfu 10.48%
iter 380: loss 1.9314, time 31.63ms, mfu 10.61%
iter 390: loss 1.9401, time 31.06ms, mfu 10.75%
step 400: train loss 1.8267, val loss 2.3575
saving checkpoint to out-shakespeare-6-384-0.125
iter 400: loss 1.9313, time 241.56ms, mfu 9.82%
iter 410: loss 1.9312, time 30.23ms, mfu 10.07%
iter 420: loss 1.9452, time 30.76ms, mfu 10.28%
iter 430: loss 1.9237, time 31.58ms, mfu 10.43%
iter 440: loss 1.9210, time 30.60ms, mfu 10.61%
step 450: train loss 1.7938, val loss 2.3333
saving checkpoint to out-shakespeare-6-384-0.125
iter 450: loss 1.8934, time 242.74ms, mfu 9.70%
iter 460: loss 1.8775, time 31.60ms, mfu 9.91%
iter 470: loss 1.8710, time 30.41ms, mfu 10.14%
iter 480: loss 1.8730, time 31.86ms, mfu 10.30%
iter 490: loss 1.8316, time 31.21ms, mfu 10.46%
step 500: train loss 1.7413, val loss 2.3306
saving checkpoint to out-shakespeare-6-384-0.125
iter 500: loss 1.8203, time 240.61ms, mfu 9.57%
iter 510: loss 1.8642, time 31.05ms, mfu 9.81%
iter 520: loss 1.8392, time 31.30ms, mfu 10.02%
iter 530: loss 1.8381, time 29.09ms, mfu 10.30%
iter 540: loss 1.8090, time 29.55ms, mfu 10.53%
step 550: train loss 1.6885, val loss 2.3090
saving checkpoint to out-shakespeare-6-384-0.125
iter 550: loss 1.7801, time 247.43ms, mfu 9.63%
iter 560: loss 1.8121, time 31.32ms, mfu 9.86%
iter 570: loss 1.7921, time 29.15ms, mfu 10.15%
iter 580: loss 1.7972, time 31.12ms, mfu 10.33%
iter 590: loss 1.7758, time 30.23ms, mfu 10.53%
step 600: train loss 1.6449, val loss 2.3038
saving checkpoint to out-shakespeare-6-384-0.125
iter 600: loss 1.7765, time 251.84ms, mfu 9.63%
iter 610: loss 1.7322, time 29.90ms, mfu 9.91%
iter 620: loss 1.7605, time 30.24ms, mfu 10.15%
iter 630: loss 1.7528, time 29.35ms, mfu 10.41%
iter 640: loss 1.7514, time 30.54ms, mfu 10.58%
step 650: train loss 1.6207, val loss 2.2846
saving checkpoint to out-shakespeare-6-384-0.125
iter 650: loss 1.7248, time 240.19ms, mfu 9.68%
iter 660: loss 1.7142, time 18.53ms, mfu 10.72%
iter 670: loss 1.7049, time 30.13ms, mfu 10.89%
iter 680: loss 1.6806, time 17.88ms, mfu 11.88%
iter 690: loss 1.7187, time 30.58ms, mfu 11.91%
step 700: train loss 1.5598, val loss 2.2611
saving checkpoint to out-shakespeare-6-384-0.125
iter 700: loss 1.6857, time 241.73ms, mfu 10.88%
iter 710: loss 1.7094, time 30.45ms, mfu 11.01%
iter 720: loss 1.6600, time 31.66ms, mfu 11.09%
iter 730: loss 1.6513, time 30.44ms, mfu 11.20%
iter 740: loss 1.6460, time 16.48ms, mfu 12.34%
step 750: train loss 1.5119, val loss 2.2492
saving checkpoint to out-shakespeare-6-384-0.125
iter 750: loss 1.6495, time 247.61ms, mfu 11.26%
iter 760: loss 1.6440, time 30.97ms, mfu 11.34%
iter 770: loss 1.6497, time 30.60ms, mfu 11.42%
iter 780: loss 1.6236, time 30.82ms, mfu 11.49%
iter 790: loss 1.6534, time 30.55ms, mfu 11.56%
step 800: train loss 1.5164, val loss 2.2370
saving checkpoint to out-shakespeare-6-384-0.125
iter 800: loss 1.6298, time 250.14ms, mfu 10.55%
iter 810: loss 1.6106, time 17.63ms, mfu 11.61%
iter 820: loss 1.5785, time 31.20ms, mfu 11.64%
iter 830: loss 1.6190, time 31.33ms, mfu 11.67%
iter 840: loss 1.5727, time 31.18ms, mfu 11.70%
step 850: train loss 1.4838, val loss 2.2493
saving checkpoint to out-shakespeare-6-384-0.125
iter 850: loss 1.6116, time 252.08ms, mfu 10.68%
iter 860: loss 1.5424, time 31.56ms, mfu 10.79%
iter 870: loss 1.5516, time 29.64ms, mfu 10.97%
iter 880: loss 1.5661, time 30.41ms, mfu 11.10%
iter 890: loss 1.5686, time 30.94ms, mfu 11.19%
step 900: train loss 1.4312, val loss 2.2060
saving checkpoint to out-shakespeare-6-384-0.125
iter 900: loss 1.5844, time 241.47ms, mfu 10.23%
iter 910: loss 1.5670, time 31.12ms, mfu 10.40%
iter 920: loss 1.5302, time 31.43ms, mfu 10.55%
iter 930: loss 1.5047, time 31.10ms, mfu 10.69%
iter 940: loss 1.5662, time 30.20ms, mfu 10.85%
step 950: train loss 1.4046, val loss 2.2278
saving checkpoint to out-shakespeare-6-384-0.125
iter 950: loss 1.5312, time 244.51ms, mfu 9.92%
iter 960: loss 1.5409, time 30.61ms, mfu 10.15%
iter 970: loss 1.5348, time 30.41ms, mfu 10.36%
iter 980: loss 1.5172, time 31.01ms, mfu 10.52%
iter 990: loss 1.5128, time 29.60ms, mfu 10.73%
step 1000: train loss 1.3789, val loss 2.2220
saving checkpoint to out-shakespeare-6-384-0.125
iter 1000: loss 1.5328, time 250.47ms, mfu 9.81%
iter 1010: loss 1.4799, time 29.38ms, mfu 10.09%
iter 1020: loss 1.4698, time 31.30ms, mfu 10.27%
iter 1030: loss 1.4877, time 30.36ms, mfu 10.47%
iter 1040: loss 1.4526, time 30.59ms, mfu 10.64%
step 1050: train loss 1.3586, val loss 2.2303
saving checkpoint to out-shakespeare-6-384-0.125
iter 1050: loss 1.4423, time 252.08ms, mfu 9.73%
iter 1060: loss 1.4530, time 16.80ms, mfu 10.97%
iter 1070: loss 1.4257, time 30.63ms, mfu 11.09%
iter 1080: loss 1.4387, time 30.60ms, mfu 11.20%
iter 1090: loss 1.4528, time 33.85ms, mfu 11.18%
step 1100: train loss 1.3161, val loss 2.2433
saving checkpoint to out-shakespeare-6-384-0.125
iter 1100: loss 1.4648, time 245.92ms, mfu 10.22%
iter 1110: loss 1.4499, time 31.31ms, mfu 10.38%
iter 1120: loss 1.4574, time 17.29ms, mfu 11.50%
iter 1130: loss 1.4128, time 30.29ms, mfu 11.58%
iter 1140: loss 1.3836, time 31.56ms, mfu 11.60%
step 1150: train loss 1.3024, val loss 2.2420
saving checkpoint to out-shakespeare-6-384-0.125
iter 1150: loss 1.4530, time 249.59ms, mfu 10.59%
iter 1160: loss 1.4407, time 30.52ms, mfu 10.75%
iter 1170: loss 1.4230, time 30.28ms, mfu 10.91%
iter 1180: loss 1.3940, time 18.35ms, mfu 11.85%
iter 1190: loss 1.3941, time 29.65ms, mfu 11.92%
step 1200: train loss 1.2857, val loss 2.2592
saving checkpoint to out-shakespeare-6-384-0.125
iter 1200: loss 1.3910, time 241.30ms, mfu 10.88%
iter 1210: loss 1.3520, time 31.62ms, mfu 10.97%
iter 1220: loss 1.3964, time 32.44ms, mfu 11.02%
iter 1230: loss 1.3635, time 30.95ms, mfu 11.13%
iter 1240: loss 1.3769, time 29.61ms, mfu 11.27%
step 1250: train loss 1.2414, val loss 2.2600
saving checkpoint to out-shakespeare-6-384-0.125
iter 1250: loss 1.3940, time 245.71ms, mfu 10.30%
iter 1260: loss 1.3583, time 31.22ms, mfu 10.46%
iter 1270: loss 1.3822, time 29.50ms, mfu 10.68%
iter 1280: loss 1.3465, time 32.02ms, mfu 10.77%
iter 1290: loss 1.3601, time 30.31ms, mfu 10.93%
step 1300: train loss 1.2272, val loss 2.2609
saving checkpoint to out-shakespeare-6-384-0.125
iter 1300: loss 1.3548, time 251.63ms, mfu 9.98%
iter 1310: loss 1.3347, time 30.34ms, mfu 10.21%
iter 1320: loss 1.3275, time 31.27ms, mfu 10.38%
iter 1330: loss 1.3468, time 28.31ms, mfu 10.66%
iter 1340: loss 1.3306, time 31.34ms, mfu 10.78%
step 1350: train loss 1.1946, val loss 2.2629
saving checkpoint to out-shakespeare-6-384-0.125
iter 1350: loss 1.3248, time 243.90ms, mfu 9.86%
iter 1360: loss 1.2895, time 29.68ms, mfu 10.13%
iter 1370: loss 1.3273, time 31.64ms, mfu 10.29%
iter 1380: loss 1.3059, time 30.00ms, mfu 10.51%
iter 1390: loss 1.3056, time 18.09ms, mfu 11.51%
step 1400: train loss 1.1659, val loss 2.2925
saving checkpoint to out-shakespeare-6-384-0.125
iter 1400: loss 1.2917, time 249.44ms, mfu 10.51%
iter 1410: loss 1.2820, time 30.56ms, mfu 10.68%
iter 1420: loss 1.2857, time 31.02ms, mfu 10.81%
iter 1430: loss 1.2888, time 31.40ms, mfu 10.92%
iter 1440: loss 1.2716, time 30.81ms, mfu 11.04%
step 1450: train loss 1.1242, val loss 2.3356
saving checkpoint to out-shakespeare-6-384-0.125
iter 1450: loss 1.2935, time 253.51ms, mfu 10.08%
iter 1460: loss 1.2830, time 18.15ms, mfu 11.13%
iter 1470: loss 1.2628, time 29.54ms, mfu 11.27%
iter 1480: loss 1.2925, time 32.08ms, mfu 11.31%
iter 1490: loss 1.2186, time 29.42ms, mfu 11.44%
step 1500: train loss 1.1055, val loss 2.2831
saving checkpoint to out-shakespeare-6-384-0.125
iter 1500: loss 1.2628, time 239.84ms, mfu 10.46%
iter 1510: loss 1.2491, time 31.20ms, mfu 10.60%
iter 1520: loss 1.2894, time 31.27ms, mfu 10.74%
iter 1530: loss 1.2393, time 17.02ms, mfu 11.85%
iter 1540: loss 1.2399, time 30.01ms, mfu 11.91%
step 1550: train loss 1.0807, val loss 2.2976
saving checkpoint to out-shakespeare-6-384-0.125
iter 1550: loss 1.2049, time 243.00ms, mfu 10.87%
iter 1560: loss 1.2145, time 30.08ms, mfu 11.02%
iter 1570: loss 1.2147, time 17.79ms, mfu 12.02%
iter 1580: loss 1.2209, time 30.57ms, mfu 12.03%
iter 1590: loss 1.2347, time 17.31ms, mfu 12.98%
step 1600: train loss 1.0485, val loss 2.3103
saving checkpoint to out-shakespeare-6-384-0.125
iter 1600: loss 1.2315, time 248.92ms, mfu 11.83%
iter 1610: loss 1.2186, time 18.67ms, mfu 12.65%
iter 1620: loss 1.1729, time 30.40ms, mfu 12.61%
iter 1630: loss 1.2159, time 30.46ms, mfu 12.57%
iter 1640: loss 1.1653, time 31.30ms, mfu 12.50%
step 1650: train loss 1.0109, val loss 2.3555
saving checkpoint to out-shakespeare-6-384-0.125
iter 1650: loss 1.1659, time 245.24ms, mfu 11.40%
iter 1660: loss 1.1677, time 31.43ms, mfu 11.45%
iter 1670: loss 1.1573, time 17.89ms, mfu 12.39%
iter 1680: loss 1.1658, time 30.33ms, mfu 12.38%
iter 1690: loss 1.1531, time 30.51ms, mfu 12.36%
step 1700: train loss 0.9760, val loss 2.3584
saving checkpoint to out-shakespeare-6-384-0.125
iter 1700: loss 1.1521, time 247.54ms, mfu 11.28%
iter 1710: loss 1.1458, time 30.74ms, mfu 11.36%
iter 1720: loss 1.1588, time 31.37ms, mfu 11.41%
iter 1730: loss 1.1585, time 30.25ms, mfu 11.50%
iter 1740: loss 1.1320, time 31.04ms, mfu 11.55%
step 1750: train loss 0.9531, val loss 2.3876
saving checkpoint to out-shakespeare-6-384-0.125
iter 1750: loss 1.1317, time 251.14ms, mfu 10.55%
iter 1760: loss 1.1247, time 30.39ms, mfu 10.72%
iter 1770: loss 1.1441, time 29.79ms, mfu 10.90%
iter 1780: loss 1.1041, time 16.87ms, mfu 12.02%
iter 1790: loss 1.0962, time 30.78ms, mfu 12.03%
step 1800: train loss 0.9197, val loss 2.3738
saving checkpoint to out-shakespeare-6-384-0.125
iter 1800: loss 1.1433, time 240.25ms, mfu 10.98%
iter 1810: loss 1.1157, time 31.47ms, mfu 11.06%
iter 1820: loss 1.0952, time 17.81ms, mfu 12.05%
iter 1830: loss 1.0919, time 31.69ms, mfu 12.02%
iter 1840: loss 1.1111, time 18.18ms, mfu 12.87%
step 1850: train loss 0.8727, val loss 2.4176
saving checkpoint to out-shakespeare-6-384-0.125
iter 1850: loss 1.0603, time 245.78ms, mfu 11.73%
iter 1860: loss 1.0847, time 30.58ms, mfu 11.78%
iter 1870: loss 1.0757, time 31.24ms, mfu 11.79%
iter 1880: loss 1.0662, time 30.63ms, mfu 11.83%
iter 1890: loss 1.0587, time 31.45ms, mfu 11.83%
step 1900: train loss 0.8575, val loss 2.4623
saving checkpoint to out-shakespeare-6-384-0.125
iter 1900: loss 1.1054, time 251.88ms, mfu 10.80%
iter 1910: loss 1.0539, time 17.93ms, mfu 11.80%
iter 1920: loss 1.0913, time 30.31ms, mfu 11.85%
iter 1930: loss 1.0458, time 30.50ms, mfu 11.88%
iter 1940: loss 1.0520, time 30.50ms, mfu 11.92%
step 1950: train loss 0.8314, val loss 2.4679
saving checkpoint to out-shakespeare-6-384-0.125
iter 1950: loss 1.0468, time 239.04ms, mfu 10.88%
iter 1960: loss 1.0191, time 30.95ms, mfu 11.00%
iter 1970: loss 1.0352, time 29.54ms, mfu 11.16%
iter 1980: loss 1.0132, time 30.43ms, mfu 11.27%
iter 1990: loss 1.0415, time 31.33ms, mfu 11.33%
step 2000: train loss 0.7995, val loss 2.4567
saving checkpoint to out-shakespeare-6-384-0.125
iter 2000: loss 1.0306, time 241.91ms, mfu 10.35%
iter 2010: loss 1.0103, time 31.50ms, mfu 10.50%
iter 2020: loss 1.0060, time 17.89ms, mfu 11.53%
iter 2030: loss 0.9676, time 31.51ms, mfu 11.56%
iter 2040: loss 1.0071, time 31.10ms, mfu 11.60%
step 2050: train loss 0.7583, val loss 2.5118
saving checkpoint to out-shakespeare-6-384-0.125
iter 2050: loss 1.0034, time 249.36ms, mfu 10.59%
iter 2060: loss 0.9681, time 30.38ms, mfu 10.76%
iter 2070: loss 0.9943, time 19.93ms, mfu 11.55%
iter 2080: loss 0.9637, time 31.48ms, mfu 11.58%
iter 2090: loss 0.9911, time 30.17ms, mfu 11.66%
step 2100: train loss 0.7140, val loss 2.5241
saving checkpoint to out-shakespeare-6-384-0.125
iter 2100: loss 0.9897, time 251.86ms, mfu 10.64%
iter 2110: loss 0.9655, time 17.86ms, mfu 11.66%
iter 2120: loss 0.9415, time 29.78ms, mfu 11.75%
iter 2130: loss 0.9705, time 18.38ms, mfu 12.60%
iter 2140: loss 0.9342, time 29.88ms, mfu 12.59%
step 2150: train loss 0.6976, val loss 2.5806
saving checkpoint to out-shakespeare-6-384-0.125
iter 2150: loss 0.9130, time 254.31ms, mfu 11.48%
iter 2160: loss 0.9138, time 31.51ms, mfu 11.51%
iter 2170: loss 0.9128, time 30.66ms, mfu 11.57%
iter 2180: loss 0.9350, time 30.47ms, mfu 11.64%
iter 2190: loss 0.9005, time 31.11ms, mfu 11.67%
step 2200: train loss 0.6721, val loss 2.5936
saving checkpoint to out-shakespeare-6-384-0.125
iter 2200: loss 0.8966, time 246.43ms, mfu 10.66%
iter 2210: loss 0.9096, time 31.46ms, mfu 10.78%
iter 2220: loss 0.9007, time 30.13ms, mfu 10.94%
iter 2230: loss 0.8711, time 32.37ms, mfu 10.99%
iter 2240: loss 0.8990, time 31.12ms, mfu 11.09%
step 2250: train loss 0.6292, val loss 2.6508
saving checkpoint to out-shakespeare-6-384-0.125
iter 2250: loss 0.8780, time 251.45ms, mfu 10.13%
iter 2260: loss 0.8811, time 31.53ms, mfu 10.30%
iter 2270: loss 0.8955, time 30.39ms, mfu 10.50%
iter 2280: loss 0.8768, time 17.40ms, mfu 11.59%
iter 2290: loss 0.8471, time 30.52ms, mfu 11.65%
step 2300: train loss 0.6000, val loss 2.6258
saving checkpoint to out-shakespeare-6-384-0.125
iter 2300: loss 0.8523, time 241.17ms, mfu 10.64%
iter 2310: loss 0.8422, time 29.73ms, mfu 10.83%
iter 2320: loss 0.8481, time 30.24ms, mfu 10.98%
iter 2330: loss 0.8245, time 29.62ms, mfu 11.14%
iter 2340: loss 0.8534, time 30.18ms, mfu 11.26%
step 2350: train loss 0.5690, val loss 2.7257
saving checkpoint to out-shakespeare-6-384-0.125
iter 2350: loss 0.8222, time 245.52ms, mfu 10.29%
iter 2360: loss 0.8232, time 30.29ms, mfu 10.49%
iter 2370: loss 0.8361, time 17.70ms, mfu 11.54%
iter 2380: loss 0.8172, time 31.69ms, mfu 11.57%
iter 2390: loss 0.8108, time 17.52ms, mfu 12.54%
step 2400: train loss 0.5305, val loss 2.7421
saving checkpoint to out-shakespeare-6-384-0.125
iter 2400: loss 0.8056, time 246.81ms, mfu 11.43%
iter 2410: loss 0.7985, time 29.62ms, mfu 11.55%
iter 2420: loss 0.7869, time 30.86ms, mfu 11.60%
iter 2430: loss 0.7940, time 32.14ms, mfu 11.60%
iter 2440: loss 0.7924, time 30.68ms, mfu 11.65%
step 2450: train loss 0.5017, val loss 2.7728
saving checkpoint to out-shakespeare-6-384-0.125
iter 2450: loss 0.7772, time 241.48ms, mfu 10.64%
iter 2460: loss 0.7666, time 31.57ms, mfu 10.76%
iter 2470: loss 0.7644, time 30.81ms, mfu 10.89%
iter 2480: loss 0.7615, time 31.48ms, mfu 10.99%
iter 2490: loss 0.7359, time 30.50ms, mfu 11.11%
step 2500: train loss 0.4774, val loss 2.8042
saving checkpoint to out-shakespeare-6-384-0.125
iter 2500: loss 0.7467, time 243.15ms, mfu 10.15%
iter 2510: loss 0.7588, time 30.31ms, mfu 10.37%
iter 2520: loss 0.7364, time 30.31ms, mfu 10.56%
iter 2530: loss 0.7307, time 30.96ms, mfu 10.71%
iter 2540: loss 0.7250, time 18.14ms, mfu 11.69%
step 2550: train loss 0.4353, val loss 2.8596
saving checkpoint to out-shakespeare-6-384-0.125
iter 2550: loss 0.7212, time 248.30ms, mfu 10.67%
iter 2560: loss 0.7340, time 32.14ms, mfu 10.76%
iter 2570: loss 0.7087, time 30.54ms, mfu 10.91%
iter 2580: loss 0.7244, time 31.51ms, mfu 11.00%
iter 2590: loss 0.7183, time 31.55ms, mfu 11.08%
step 2600: train loss 0.4165, val loss 2.8608
saving checkpoint to out-shakespeare-6-384-0.125
iter 2600: loss 0.7229, time 252.74ms, mfu 10.12%
iter 2610: loss 0.6954, time 16.71ms, mfu 11.34%
iter 2620: loss 0.6909, time 29.99ms, mfu 11.45%
iter 2630: loss 0.6985, time 16.04ms, mfu 12.62%
iter 2640: loss 0.6741, time 29.57ms, mfu 12.62%
step 2650: train loss 0.3869, val loss 2.9227
saving checkpoint to out-shakespeare-6-384-0.125
iter 2650: loss 0.6759, time 241.92ms, mfu 11.51%
iter 2660: loss 0.6669, time 31.97ms, mfu 11.53%
iter 2670: loss 0.6764, time 31.29ms, mfu 11.57%
iter 2680: loss 0.6700, time 29.98ms, mfu 11.65%
iter 2690: loss 0.6612, time 29.97ms, mfu 11.73%
step 2700: train loss 0.3649, val loss 2.9886
saving checkpoint to out-shakespeare-6-384-0.125
iter 2700: loss 0.6715, time 245.10ms, mfu 10.71%
iter 2710: loss 0.6279, time 31.67ms, mfu 10.81%
iter 2720: loss 0.6336, time 31.32ms, mfu 10.92%
iter 2730: loss 0.6223, time 31.76ms, mfu 11.00%
iter 2740: loss 0.6338, time 31.97ms, mfu 11.07%
step 2750: train loss 0.3320, val loss 3.0455
saving checkpoint to out-shakespeare-6-384-0.125
iter 2750: loss 0.6610, time 243.28ms, mfu 10.12%
iter 2760: loss 0.6234, time 29.79ms, mfu 10.35%
iter 2770: loss 0.6066, time 30.05ms, mfu 10.56%
iter 2780: loss 0.6428, time 29.25ms, mfu 10.78%
iter 2790: loss 0.6155, time 29.57ms, mfu 10.96%
step 2800: train loss 0.3089, val loss 3.0399
saving checkpoint to out-shakespeare-6-384-0.125
iter 2800: loss 0.6074, time 249.85ms, mfu 10.01%
iter 2810: loss 0.6191, time 16.59ms, mfu 11.26%
iter 2820: loss 0.6003, time 30.22ms, mfu 11.36%
iter 2830: loss 0.5957, time 30.75ms, mfu 11.44%
iter 2840: loss 0.5884, time 31.03ms, mfu 11.50%
step 2850: train loss 0.2904, val loss 3.1173
saving checkpoint to out-shakespeare-6-384-0.125
iter 2850: loss 0.5807, time 251.92ms, mfu 10.50%
iter 2860: loss 0.5603, time 17.18ms, mfu 11.61%
iter 2870: loss 0.5833, time 29.48ms, mfu 11.72%
iter 2880: loss 0.5783, time 19.09ms, mfu 12.50%
iter 2890: loss 0.5806, time 31.49ms, mfu 12.43%
step 2900: train loss 0.2735, val loss 3.1251
saving checkpoint to out-shakespeare-6-384-0.125
iter 2900: loss 0.5512, time 244.47ms, mfu 11.34%
iter 2910: loss 0.5452, time 30.47ms, mfu 11.43%
iter 2920: loss 0.5662, time 17.09ms, mfu 12.47%
iter 2930: loss 0.5725, time 30.43ms, mfu 12.44%
iter 2940: loss 0.5492, time 18.10ms, mfu 13.26%
step 2950: train loss 0.2544, val loss 3.1799
saving checkpoint to out-shakespeare-6-384-0.125
iter 2950: loss 0.5504, time 246.84ms, mfu 12.08%
iter 2960: loss 0.5456, time 30.60ms, mfu 12.09%
iter 2970: loss 0.5335, time 31.23ms, mfu 12.08%
iter 2980: loss 0.5500, time 30.34ms, mfu 12.10%
iter 2990: loss 0.5364, time 30.60ms, mfu 12.11%
step 3000: train loss 0.2356, val loss 3.2141
saving checkpoint to out-shakespeare-6-384-0.125
iter 3000: loss 0.5241, time 249.22ms, mfu 11.04%
iter 3010: loss 0.5094, time 30.52ms, mfu 11.16%
iter 3020: loss 0.5241, time 29.54ms, mfu 11.31%
iter 3030: loss 0.5131, time 30.44ms, mfu 11.40%
iter 3040: loss 0.5166, time 31.18ms, mfu 11.45%
step 3050: train loss 0.2231, val loss 3.2489
saving checkpoint to out-shakespeare-6-384-0.125
iter 3050: loss 0.5067, time 252.95ms, mfu 10.46%
iter 3060: loss 0.5043, time 31.43ms, mfu 10.60%
iter 3070: loss 0.4979, time 31.48ms, mfu 10.72%
iter 3080: loss 0.4924, time 30.24ms, mfu 10.88%
iter 3090: loss 0.4885, time 30.19ms, mfu 11.03%
step 3100: train loss 0.2062, val loss 3.2995
saving checkpoint to out-shakespeare-6-384-0.125
iter 3100: loss 0.4933, time 243.65ms, mfu 10.08%
iter 3110: loss 0.4719, time 29.85ms, mfu 10.32%
iter 3120: loss 0.4871, time 30.67ms, mfu 10.50%
iter 3130: loss 0.4768, time 30.80ms, mfu 10.66%
iter 3140: loss 0.4608, time 29.98ms, mfu 10.84%
step 3150: train loss 0.1949, val loss 3.2986
saving checkpoint to out-shakespeare-6-384-0.125
iter 3150: loss 0.4703, time 242.06ms, mfu 9.91%
iter 3160: loss 0.4819, time 31.32ms, mfu 10.11%
iter 3170: loss 0.4554, time 30.37ms, mfu 10.32%
iter 3180: loss 0.4459, time 30.36ms, mfu 10.52%
iter 3190: loss 0.4514, time 31.04ms, mfu 10.67%
step 3200: train loss 0.1802, val loss 3.3301
saving checkpoint to out-shakespeare-6-384-0.125
iter 3200: loss 0.4467, time 242.63ms, mfu 9.75%
iter 3210: loss 0.4398, time 31.12ms, mfu 9.98%
iter 3220: loss 0.4497, time 29.92ms, mfu 10.22%
iter 3230: loss 0.4414, time 30.38ms, mfu 10.43%
iter 3240: loss 0.4293, time 16.22ms, mfu 11.68%
step 3250: train loss 0.1749, val loss 3.3981
saving checkpoint to out-shakespeare-6-384-0.125
iter 3250: loss 0.4367, time 245.84ms, mfu 10.67%
iter 3260: loss 0.4271, time 30.55ms, mfu 10.82%
iter 3270: loss 0.4419, time 18.36ms, mfu 11.77%
iter 3280: loss 0.4185, time 31.37ms, mfu 11.78%
iter 3290: loss 0.4186, time 30.46ms, mfu 11.82%
step 3300: train loss 0.1676, val loss 3.4619
saving checkpoint to out-shakespeare-6-384-0.125
iter 3300: loss 0.4276, time 246.39ms, mfu 10.79%
iter 3310: loss 0.4144, time 30.86ms, mfu 10.92%
iter 3320: loss 0.4174, time 32.03ms, mfu 10.99%
iter 3330: loss 0.4053, time 30.55ms, mfu 11.11%
iter 3340: loss 0.4178, time 30.36ms, mfu 11.23%
step 3350: train loss 0.1573, val loss 3.4939
saving checkpoint to out-shakespeare-6-384-0.125
iter 3350: loss 0.4005, time 252.22ms, mfu 10.25%
iter 3360: loss 0.4101, time 30.94ms, mfu 10.43%
iter 3370: loss 0.4132, time 29.57ms, mfu 10.65%
iter 3380: loss 0.4042, time 31.24ms, mfu 10.78%
iter 3390: loss 0.3864, time 29.38ms, mfu 10.97%
step 3400: train loss 0.1474, val loss 3.5148
saving checkpoint to out-shakespeare-6-384-0.125
iter 3400: loss 0.3882, time 244.18ms, mfu 10.02%
iter 3410: loss 0.3869, time 29.99ms, mfu 10.26%
iter 3420: loss 0.3744, time 31.46ms, mfu 10.42%
iter 3430: loss 0.3753, time 31.06ms, mfu 10.58%
iter 3440: loss 0.3782, time 31.63ms, mfu 10.70%
step 3450: train loss 0.1419, val loss 3.5564
saving checkpoint to out-shakespeare-6-384-0.125
iter 3450: loss 0.3824, time 249.39ms, mfu 9.78%
iter 3460: loss 0.3742, time 16.95ms, mfu 11.00%
iter 3470: loss 0.3818, time 31.60ms, mfu 11.08%
iter 3480: loss 0.3731, time 31.18ms, mfu 11.17%
iter 3490: loss 0.3641, time 30.75ms, mfu 11.26%
step 3500: train loss 0.1339, val loss 3.5950
saving checkpoint to out-shakespeare-6-384-0.125
iter 3500: loss 0.3570, time 244.56ms, mfu 10.29%
iter 3510: loss 0.3664, time 29.29ms, mfu 10.53%
iter 3520: loss 0.3653, time 31.98ms, mfu 10.64%
iter 3530: loss 0.3578, time 31.10ms, mfu 10.78%
iter 3540: loss 0.3574, time 31.05ms, mfu 10.90%
step 3550: train loss 0.1297, val loss 3.6465
saving checkpoint to out-shakespeare-6-384-0.125
iter 3550: loss 0.3524, time 243.90ms, mfu 9.96%
iter 3560: loss 0.3378, time 30.27ms, mfu 10.20%
iter 3570: loss 0.3451, time 17.10ms, mfu 11.36%
iter 3580: loss 0.3437, time 30.01ms, mfu 11.46%
iter 3590: loss 0.3540, time 29.54ms, mfu 11.58%
step 3600: train loss 0.1232, val loss 3.6573
saving checkpoint to out-shakespeare-6-384-0.125
iter 3600: loss 0.3353, time 244.29ms, mfu 10.57%
iter 3610: loss 0.3377, time 29.57ms, mfu 10.78%
iter 3620: loss 0.3298, time 17.96ms, mfu 11.77%
iter 3630: loss 0.3320, time 31.15ms, mfu 11.79%
iter 3640: loss 0.3244, time 19.12ms, mfu 12.56%
step 3650: train loss 0.1214, val loss 3.6546
saving checkpoint to out-shakespeare-6-384-0.125
iter 3650: loss 0.3152, time 248.25ms, mfu 11.46%
iter 3660: loss 0.3338, time 30.21ms, mfu 11.54%
iter 3670: loss 0.3240, time 31.42ms, mfu 11.57%
iter 3680: loss 0.3321, time 29.95ms, mfu 11.66%
iter 3690: loss 0.3284, time 30.85ms, mfu 11.70%
step 3700: train loss 0.1144, val loss 3.6866
saving checkpoint to out-shakespeare-6-384-0.125
iter 3700: loss 0.3159, time 246.76ms, mfu 10.68%
iter 3710: loss 0.3252, time 30.61ms, mfu 10.83%
iter 3720: loss 0.3054, time 30.92ms, mfu 10.95%
iter 3730: loss 0.3126, time 30.13ms, mfu 11.10%
iter 3740: loss 0.3024, time 31.54ms, mfu 11.17%
step 3750: train loss 0.1136, val loss 3.7709
saving checkpoint to out-shakespeare-6-384-0.125
iter 3750: loss 0.3151, time 240.09ms, mfu 10.21%
iter 3760: loss 0.3011, time 30.34ms, mfu 10.41%
iter 3770: loss 0.3051, time 31.64ms, mfu 10.55%
iter 3780: loss 0.3034, time 31.49ms, mfu 10.68%
iter 3790: loss 0.3037, time 30.60ms, mfu 10.83%
step 3800: train loss 0.1083, val loss 3.8085
saving checkpoint to out-shakespeare-6-384-0.125
iter 3800: loss 0.3000, time 242.54ms, mfu 9.90%
iter 3810: loss 0.3019, time 30.35ms, mfu 10.14%
iter 3820: loss 0.3087, time 16.64ms, mfu 11.36%
iter 3830: loss 0.2846, time 31.21ms, mfu 11.42%
iter 3840: loss 0.2951, time 30.70ms, mfu 11.49%
step 3850: train loss 0.1060, val loss 3.7891
saving checkpoint to out-shakespeare-6-384-0.125
iter 3850: loss 0.2916, time 247.39ms, mfu 10.49%
iter 3860: loss 0.2954, time 30.89ms, mfu 10.65%
iter 3870: loss 0.2965, time 31.61ms, mfu 10.76%
iter 3880: loss 0.2809, time 30.88ms, mfu 10.89%
iter 3890: loss 0.2843, time 31.62ms, mfu 10.98%
step 3900: train loss 0.1039, val loss 3.8261
saving checkpoint to out-shakespeare-6-384-0.125
iter 3900: loss 0.2818, time 250.87ms, mfu 10.03%
iter 3910: loss 0.2905, time 31.39ms, mfu 10.22%
iter 3920: loss 0.2830, time 30.43ms, mfu 10.42%
iter 3930: loss 0.2796, time 31.66ms, mfu 10.56%
iter 3940: loss 0.2713, time 31.41ms, mfu 10.69%
step 3950: train loss 0.1005, val loss 3.9191
saving checkpoint to out-shakespeare-6-384-0.125
iter 3950: loss 0.2800, time 250.52ms, mfu 9.77%
iter 3960: loss 0.2911, time 17.69ms, mfu 10.90%
iter 3970: loss 0.2686, time 29.30ms, mfu 11.08%
iter 3980: loss 0.2732, time 17.11ms, mfu 12.15%
iter 3990: loss 0.2661, time 31.00ms, mfu 12.13%
step 4000: train loss 0.0996, val loss 3.9109
saving checkpoint to out-shakespeare-6-384-0.125
iter 4000: loss 0.2648, time 239.13ms, mfu 11.08%
iter 4010: loss 0.2732, time 31.70ms, mfu 11.14%
iter 4020: loss 0.2616, time 31.81ms, mfu 11.20%
iter 4030: loss 0.2726, time 30.83ms, mfu 11.29%
iter 4040: loss 0.2611, time 30.61ms, mfu 11.38%
step 4050: train loss 0.0989, val loss 3.9509
saving checkpoint to out-shakespeare-6-384-0.125
iter 4050: loss 0.2540, time 244.28ms, mfu 10.39%
iter 4060: loss 0.2536, time 30.72ms, mfu 10.57%
iter 4070: loss 0.2585, time 31.48ms, mfu 10.69%
iter 4080: loss 0.2530, time 29.98ms, mfu 10.87%
iter 4090: loss 0.2576, time 30.43ms, mfu 11.01%
step 4100: train loss 0.0925, val loss 3.9800
saving checkpoint to out-shakespeare-6-384-0.125
iter 4100: loss 0.2558, time 249.19ms, mfu 10.05%
iter 4110: loss 0.2627, time 31.36ms, mfu 10.24%
iter 4120: loss 0.2499, time 30.08ms, mfu 10.45%
iter 4130: loss 0.2526, time 17.62ms, mfu 11.52%
iter 4140: loss 0.2428, time 30.19ms, mfu 11.60%
step 4150: train loss 0.0911, val loss 3.9782
saving checkpoint to out-shakespeare-6-384-0.125
iter 4150: loss 0.2537, time 251.29ms, mfu 10.59%
iter 4160: loss 0.2598, time 29.44ms, mfu 10.80%
iter 4170: loss 0.2573, time 30.83ms, mfu 10.93%
iter 4180: loss 0.2563, time 30.69ms, mfu 11.05%
iter 4190: loss 0.2439, time 31.33ms, mfu 11.13%
step 4200: train loss 0.0892, val loss 4.0306
saving checkpoint to out-shakespeare-6-384-0.125
iter 4200: loss 0.2453, time 245.75ms, mfu 10.17%
iter 4210: loss 0.2492, time 30.02ms, mfu 10.40%
iter 4220: loss 0.2468, time 28.99ms, mfu 10.64%
iter 4230: loss 0.2433, time 30.33ms, mfu 10.81%
iter 4240: loss 0.2600, time 18.39ms, mfu 11.75%
step 4250: train loss 0.0882, val loss 4.0285
saving checkpoint to out-shakespeare-6-384-0.125
iter 4250: loss 0.2373, time 246.54ms, mfu 10.73%
iter 4260: loss 0.2370, time 29.91ms, mfu 10.90%
iter 4270: loss 0.2418, time 16.96ms, mfu 12.01%
iter 4280: loss 0.2336, time 29.22ms, mfu 12.08%
iter 4290: loss 0.2260, time 31.45ms, mfu 12.06%
step 4300: train loss 0.0894, val loss 4.0272
saving checkpoint to out-shakespeare-6-384-0.125
iter 4300: loss 0.2307, time 250.81ms, mfu 11.00%
iter 4310: loss 0.2336, time 30.63ms, mfu 11.12%
iter 4320: loss 0.2291, time 30.57ms, mfu 11.22%
iter 4330: loss 0.2342, time 31.12ms, mfu 11.30%
iter 4340: loss 0.2260, time 31.98ms, mfu 11.33%
step 4350: train loss 0.0848, val loss 4.0857
saving checkpoint to out-shakespeare-6-384-0.125
iter 4350: loss 0.2126, time 244.14ms, mfu 10.35%
iter 4360: loss 0.2258, time 30.61ms, mfu 10.54%
iter 4370: loss 0.2372, time 30.64ms, mfu 10.70%
iter 4380: loss 0.2165, time 31.38ms, mfu 10.82%
iter 4390: loss 0.2306, time 31.82ms, mfu 10.91%
step 4400: train loss 0.0845, val loss 4.1092
saving checkpoint to out-shakespeare-6-384-0.125
iter 4400: loss 0.2277, time 250.97ms, mfu 9.96%
iter 4410: loss 0.2236, time 16.36ms, mfu 11.24%
iter 4420: loss 0.2247, time 29.70ms, mfu 11.37%
iter 4430: loss 0.2156, time 16.27ms, mfu 12.53%
iter 4440: loss 0.2174, time 30.41ms, mfu 12.50%
step 4450: train loss 0.0828, val loss 4.1350
saving checkpoint to out-shakespeare-6-384-0.125
iter 4450: loss 0.2089, time 251.85ms, mfu 11.40%
iter 4460: loss 0.2148, time 30.56ms, mfu 11.48%
iter 4470: loss 0.2103, time 30.76ms, mfu 11.54%
iter 4480: loss 0.2172, time 30.95ms, mfu 11.59%
iter 4490: loss 0.2167, time 30.51ms, mfu 11.65%
step 4500: train loss 0.0840, val loss 4.1821
saving checkpoint to out-shakespeare-6-384-0.125
iter 4500: loss 0.2271, time 244.12ms, mfu 10.64%
iter 4510: loss 0.2086, time 30.20ms, mfu 10.81%
iter 4520: loss 0.2157, time 18.05ms, mfu 11.79%
iter 4530: loss 0.2092, time 30.31ms, mfu 11.84%
iter 4540: loss 0.2192, time 29.72ms, mfu 11.91%
step 4550: train loss 0.0814, val loss 4.2017
saving checkpoint to out-shakespeare-6-384-0.125
iter 4550: loss 0.2074, time 246.00ms, mfu 10.87%
iter 4560: loss 0.2093, time 30.78ms, mfu 11.00%
iter 4570: loss 0.2070, time 18.07ms, mfu 11.96%
iter 4580: loss 0.2104, time 30.07ms, mfu 12.00%
iter 4590: loss 0.2084, time 30.27ms, mfu 12.03%
step 4600: train loss 0.0802, val loss 4.2415
saving checkpoint to out-shakespeare-6-384-0.125
iter 4600: loss 0.2030, time 248.35ms, mfu 10.98%
iter 4610: loss 0.2032, time 32.70ms, mfu 11.02%
iter 4620: loss 0.1951, time 30.81ms, mfu 11.13%
iter 4630: loss 0.2104, time 30.88ms, mfu 11.22%
iter 4640: loss 0.2036, time 17.06ms, mfu 12.28%
step 4650: train loss 0.0782, val loss 4.2366
saving checkpoint to out-shakespeare-6-384-0.125
iter 4650: loss 0.1990, time 246.85ms, mfu 11.21%
iter 4660: loss 0.2035, time 31.80ms, mfu 11.26%
iter 4670: loss 0.2098, time 30.73ms, mfu 11.34%
iter 4680: loss 0.2102, time 31.65ms, mfu 11.39%
iter 4690: loss 0.2005, time 18.27ms, mfu 12.29%
step 4700: train loss 0.0781, val loss 4.2025
saving checkpoint to out-shakespeare-6-384-0.125
iter 4700: loss 0.1971, time 248.98ms, mfu 11.21%
iter 4710: loss 0.2080, time 30.76ms, mfu 11.30%
iter 4720: loss 0.1971, time 30.09ms, mfu 11.41%
iter 4730: loss 0.1994, time 30.79ms, mfu 11.48%
iter 4740: loss 0.1891, time 29.94ms, mfu 11.57%
step 4750: train loss 0.0795, val loss 4.2633
saving checkpoint to out-shakespeare-6-384-0.125
iter 4750: loss 0.1890, time 254.22ms, mfu 10.56%
iter 4760: loss 0.1864, time 29.54ms, mfu 10.77%
iter 4770: loss 0.1932, time 30.54ms, mfu 10.91%
iter 4780: loss 0.1829, time 16.47ms, mfu 12.08%
iter 4790: loss 0.1859, time 29.85ms, mfu 12.12%
step 4800: train loss 0.0764, val loss 4.2903
saving checkpoint to out-shakespeare-6-384-0.125
iter 4800: loss 0.1966, time 241.27ms, mfu 11.06%
iter 4810: loss 0.1883, time 18.92ms, mfu 11.93%
iter 4820: loss 0.1919, time 30.77ms, mfu 11.95%
iter 4830: loss 0.1871, time 30.15ms, mfu 11.99%
iter 4840: loss 0.1815, time 30.90ms, mfu 11.99%
step 4850: train loss 0.0772, val loss 4.3105
saving checkpoint to out-shakespeare-6-384-0.125
iter 4850: loss 0.1951, time 239.39ms, mfu 10.95%
iter 4860: loss 0.1914, time 29.75ms, mfu 11.11%
iter 4870: loss 0.1820, time 30.80ms, mfu 11.21%
iter 4880: loss 0.1818, time 31.10ms, mfu 11.28%
iter 4890: loss 0.1852, time 30.39ms, mfu 11.38%
step 4900: train loss 0.0749, val loss 4.3356
saving checkpoint to out-shakespeare-6-384-0.125
iter 4900: loss 0.1831, time 244.39ms, mfu 10.40%
iter 4910: loss 0.1776, time 30.09ms, mfu 10.59%
iter 4920: loss 0.1934, time 30.72ms, mfu 10.75%
iter 4930: loss 0.1850, time 30.79ms, mfu 10.88%
iter 4940: loss 0.1817, time 30.33ms, mfu 11.02%
step 4950: train loss 0.0744, val loss 4.3117
saving checkpoint to out-shakespeare-6-384-0.125
iter 4950: loss 0.1717, time 248.29ms, mfu 10.07%
iter 4960: loss 0.1856, time 17.28ms, mfu 11.22%
iter 4970: loss 0.1802, time 30.12ms, mfu 11.34%
iter 4980: loss 0.1834, time 31.59ms, mfu 11.38%
iter 4990: loss 0.1769, time 29.99ms, mfu 11.49%
step 5000: train loss 0.0761, val loss 4.3876
saving checkpoint to out-shakespeare-6-384-0.125
iter 5000: loss 0.1810, time 242.74ms, mfu 10.49%
iter 5010: loss 0.1786, time 30.32ms, mfu 10.67%
iter 5020: loss 0.1807, time 18.16ms, mfu 11.66%
iter 5030: loss 0.1613, time 31.20ms, mfu 11.68%
iter 5040: loss 0.1734, time 18.31ms, mfu 12.55%
step 5050: train loss 0.0724, val loss 4.3772
saving checkpoint to out-shakespeare-6-384-0.125
iter 5050: loss 0.1762, time 249.45ms, mfu 11.45%
iter 5060: loss 0.1734, time 30.88ms, mfu 11.51%
iter 5070: loss 0.1780, time 29.45ms, mfu 11.62%
iter 5080: loss 0.1764, time 29.79ms, mfu 11.71%
iter 5090: loss 0.1804, time 30.16ms, mfu 11.78%
step 5100: train loss 0.0715, val loss 4.4454
saving checkpoint to out-shakespeare-6-384-0.125
iter 5100: loss 0.1775, time 249.09ms, mfu 10.75%
iter 5110: loss 0.1727, time 16.22ms, mfu 11.97%
iter 5120: loss 0.1681, time 31.59ms, mfu 11.95%
iter 5130: loss 0.1750, time 17.50ms, mfu 12.89%
iter 5140: loss 0.1695, time 31.00ms, mfu 12.80%
step 5150: train loss 0.0731, val loss 4.3999
saving checkpoint to out-shakespeare-6-384-0.125
iter 5150: loss 0.1721, time 251.07ms, mfu 11.67%
iter 5160: loss 0.1738, time 30.57ms, mfu 11.72%
iter 5170: loss 0.1635, time 31.29ms, mfu 11.74%
iter 5180: loss 0.1714, time 30.89ms, mfu 11.77%
iter 5190: loss 0.1683, time 30.41ms, mfu 11.82%
step 5200: train loss 0.0729, val loss 4.4313
saving checkpoint to out-shakespeare-6-384-0.125
iter 5200: loss 0.1693, time 250.39ms, mfu 10.79%
iter 5210: loss 0.1644, time 16.60ms, mfu 11.95%
iter 5220: loss 0.1661, time 31.32ms, mfu 11.95%
iter 5230: loss 0.1651, time 30.63ms, mfu 11.97%
iter 5240: loss 0.1679, time 31.13ms, mfu 11.97%
step 5250: train loss 0.0720, val loss 4.4638
saving checkpoint to out-shakespeare-6-384-0.125
iter 5250: loss 0.1761, time 242.44ms, mfu 10.93%
iter 5260: loss 0.1572, time 31.10ms, mfu 11.03%
iter 5270: loss 0.1659, time 32.34ms, mfu 11.08%
iter 5280: loss 0.1608, time 29.26ms, mfu 11.25%
iter 5290: loss 0.1690, time 18.75ms, mfu 12.11%
step 5300: train loss 0.0721, val loss 4.4777
saving checkpoint to out-shakespeare-6-384-0.125
iter 5300: loss 0.1598, time 247.53ms, mfu 11.05%
iter 5310: loss 0.1696, time 30.30ms, mfu 11.17%
iter 5320: loss 0.1621, time 28.25ms, mfu 11.38%
iter 5330: loss 0.1543, time 16.97ms, mfu 12.43%
iter 5340: loss 0.1659, time 29.92ms, mfu 12.44%
step 5350: train loss 0.0708, val loss 4.5350
saving checkpoint to out-shakespeare-6-384-0.125
iter 5350: loss 0.1610, time 239.67ms, mfu 11.35%
iter 5360: loss 0.1596, time 30.46ms, mfu 11.44%
iter 5370: loss 0.1630, time 32.18ms, mfu 11.45%
iter 5380: loss 0.1620, time 32.36ms, mfu 11.46%
iter 5390: loss 0.1588, time 30.85ms, mfu 11.52%
step 5400: train loss 0.0697, val loss 4.4526
saving checkpoint to out-shakespeare-6-384-0.125
iter 5400: loss 0.1569, time 243.70ms, mfu 10.52%
iter 5410: loss 0.1622, time 30.57ms, mfu 10.69%
iter 5420: loss 0.1472, time 30.91ms, mfu 10.82%
iter 5430: loss 0.1576, time 30.14ms, mfu 10.98%
iter 5440: loss 0.1498, time 30.10ms, mfu 11.12%
step 5450: train loss 0.0687, val loss 4.5473
saving checkpoint to out-shakespeare-6-384-0.125
iter 5450: loss 0.1586, time 242.65ms, mfu 10.16%
iter 5460: loss 0.1564, time 30.51ms, mfu 10.37%
iter 5470: loss 0.1603, time 16.36ms, mfu 11.61%
iter 5480: loss 0.1602, time 31.01ms, mfu 11.65%
iter 5490: loss 0.1531, time 16.52ms, mfu 12.74%
step 5500: train loss 0.0696, val loss 4.5315
saving checkpoint to out-shakespeare-6-384-0.125
iter 5500: loss 0.1574, time 245.36ms, mfu 11.62%
iter 5510: loss 0.1465, time 29.62ms, mfu 11.71%
iter 5520: loss 0.1550, time 16.20ms, mfu 12.84%
iter 5530: loss 0.1547, time 30.03ms, mfu 12.80%
iter 5540: loss 0.1500, time 17.74ms, mfu 13.62%
step 5550: train loss 0.0703, val loss 4.5774
saving checkpoint to out-shakespeare-6-384-0.125
iter 5550: loss 0.1469, time 246.65ms, mfu 12.41%
iter 5560: loss 0.1509, time 31.30ms, mfu 12.36%
iter 5570: loss 0.1473, time 30.68ms, mfu 12.34%
iter 5580: loss 0.1547, time 29.87ms, mfu 12.35%
iter 5590: loss 0.1501, time 16.55ms, mfu 13.37%
step 5600: train loss 0.0672, val loss 4.6736
saving checkpoint to out-shakespeare-6-384-0.125
iter 5600: loss 0.1549, time 246.33ms, mfu 12.18%
iter 5610: loss 0.1535, time 29.99ms, mfu 12.21%
iter 5620: loss 0.1494, time 32.38ms, mfu 12.14%
iter 5630: loss 0.1528, time 30.04ms, mfu 12.16%
iter 5640: loss 0.1511, time 17.88ms, mfu 13.03%
step 5650: train loss 0.0700, val loss 4.5665
saving checkpoint to out-shakespeare-6-384-0.125
iter 5650: loss 0.1548, time 246.81ms, mfu 11.88%
iter 5660: loss 0.1436, time 29.91ms, mfu 11.94%
iter 5670: loss 0.1501, time 30.10ms, mfu 11.98%
iter 5680: loss 0.1455, time 30.46ms, mfu 12.01%
iter 5690: loss 0.1430, time 31.97ms, mfu 11.97%
step 5700: train loss 0.0678, val loss 4.6433
saving checkpoint to out-shakespeare-6-384-0.125
iter 5700: loss 0.1429, time 249.28ms, mfu 10.92%
iter 5710: loss 0.1412, time 29.40ms, mfu 11.10%
iter 5720: loss 0.1458, time 30.40ms, mfu 11.21%
iter 5730: loss 0.1525, time 31.61ms, mfu 11.27%
iter 5740: loss 0.1444, time 31.47ms, mfu 11.33%
step 5750: train loss 0.0666, val loss 4.5812
saving checkpoint to out-shakespeare-6-384-0.125
iter 5750: loss 0.1413, time 252.15ms, mfu 10.34%
iter 5760: loss 0.1444, time 31.48ms, mfu 10.49%
iter 5770: loss 0.1407, time 31.39ms, mfu 10.63%
iter 5780: loss 0.1448, time 31.19ms, mfu 10.76%
iter 5790: loss 0.1467, time 29.54ms, mfu 10.95%
step 5800: train loss 0.0656, val loss 4.6149
saving checkpoint to out-shakespeare-6-384-0.125
iter 5800: loss 0.1418, time 241.56ms, mfu 10.01%
iter 5810: loss 0.1432, time 29.68ms, mfu 10.26%
iter 5820: loss 0.1403, time 17.06ms, mfu 11.42%
iter 5830: loss 0.1338, time 30.01ms, mfu 11.52%
iter 5840: loss 0.1489, time 30.47ms, mfu 11.59%
step 5850: train loss 0.0659, val loss 4.6260
saving checkpoint to out-shakespeare-6-384-0.125
iter 5850: loss 0.1406, time 243.20ms, mfu 10.58%
iter 5860: loss 0.1404, time 29.86ms, mfu 10.77%
iter 5870: loss 0.1409, time 18.47ms, mfu 11.71%
iter 5880: loss 0.1419, time 30.40ms, mfu 11.77%
iter 5890: loss 0.1381, time 30.42ms, mfu 11.82%
step 5900: train loss 0.0650, val loss 4.6636
saving checkpoint to out-shakespeare-6-384-0.125
iter 5900: loss 0.1414, time 244.04ms, mfu 10.79%
iter 5910: loss 0.1367, time 29.69ms, mfu 10.96%
iter 5920: loss 0.1420, time 29.89ms, mfu 11.11%
iter 5930: loss 0.1358, time 31.11ms, mfu 11.20%
iter 5940: loss 0.1407, time 30.82ms, mfu 11.29%
step 5950: train loss 0.0660, val loss 4.7379
saving checkpoint to out-shakespeare-6-384-0.125
iter 5950: loss 0.1446, time 243.27ms, mfu 10.31%
iter 5960: loss 0.1481, time 31.45ms, mfu 10.47%
iter 5970: loss 0.1420, time 18.45ms, mfu 11.44%
iter 5980: loss 0.1391, time 28.99ms, mfu 11.58%
iter 5990: loss 0.1463, time 30.56ms, mfu 11.64%
step 6000: train loss 0.0659, val loss 4.7321
saving checkpoint to out-shakespeare-6-384-0.125
iter 6000: loss 0.1346, time 244.74ms, mfu 10.63%
iter 6010: loss 0.1442, time 29.88ms, mfu 10.81%
iter 6020: loss 0.1326, time 18.05ms, mfu 11.80%
iter 6030: loss 0.1373, time 30.04ms, mfu 11.86%
iter 6040: loss 0.1442, time 29.34ms, mfu 11.94%
step 6050: train loss 0.0648, val loss 4.6606
saving checkpoint to out-shakespeare-6-384-0.125
iter 6050: loss 0.1387, time 246.91ms, mfu 10.90%
iter 6060: loss 0.1363, time 30.88ms, mfu 11.02%
iter 6070: loss 0.1316, time 30.73ms, mfu 11.13%
iter 6080: loss 0.1385, time 29.90ms, mfu 11.26%
iter 6090: loss 0.1376, time 30.96ms, mfu 11.34%
step 6100: train loss 0.0646, val loss 4.7313
saving checkpoint to out-shakespeare-6-384-0.125
iter 6100: loss 0.1388, time 249.64ms, mfu 10.35%
iter 6110: loss 0.1425, time 16.53ms, mfu 11.57%
iter 6120: loss 0.1323, time 30.55ms, mfu 11.63%
iter 6130: loss 0.1427, time 31.18ms, mfu 11.67%
iter 6140: loss 0.1389, time 31.29ms, mfu 11.69%
step 6150: train loss 0.0639, val loss 4.6859
saving checkpoint to out-shakespeare-6-384-0.125
iter 6150: loss 0.1349, time 253.19ms, mfu 10.67%
iter 6160: loss 0.1317, time 16.45ms, mfu 11.87%
iter 6170: loss 0.1387, time 30.24ms, mfu 11.91%
iter 6180: loss 0.1412, time 17.13ms, mfu 12.90%
iter 6190: loss 0.1320, time 30.44ms, mfu 12.83%
step 6200: train loss 0.0626, val loss 4.7774
saving checkpoint to out-shakespeare-6-384-0.125
iter 6200: loss 0.1340, time 241.92ms, mfu 11.70%
iter 6210: loss 0.1278, time 29.57ms, mfu 11.79%
iter 6220: loss 0.1309, time 16.60ms, mfu 12.86%
iter 6230: loss 0.1301, time 31.31ms, mfu 12.76%
iter 6240: loss 0.1316, time 18.10ms, mfu 13.54%
step 6250: train loss 0.0647, val loss 4.8605
saving checkpoint to out-shakespeare-6-384-0.125
iter 6250: loss 0.1302, time 243.19ms, mfu 12.34%
iter 6260: loss 0.1271, time 30.91ms, mfu 12.31%
iter 6270: loss 0.1288, time 18.44ms, mfu 13.10%
iter 6280: loss 0.1240, time 31.06ms, mfu 12.99%
iter 6290: loss 0.1354, time 31.44ms, mfu 12.88%
step 6300: train loss 0.0642, val loss 4.8051
saving checkpoint to out-shakespeare-6-384-0.125
iter 6300: loss 0.1339, time 245.76ms, mfu 11.74%
iter 6310: loss 0.1312, time 30.16ms, mfu 11.80%
iter 6320: loss 0.1307, time 17.56ms, mfu 12.75%
iter 6330: loss 0.1296, time 30.38ms, mfu 12.70%
iter 6340: loss 0.1238, time 16.46ms, mfu 13.69%
step 6350: train loss 0.0637, val loss 4.8246
saving checkpoint to out-shakespeare-6-384-0.125
iter 6350: loss 0.1287, time 248.67ms, mfu 12.47%
iter 6360: loss 0.1295, time 30.57ms, mfu 12.44%
iter 6370: loss 0.1335, time 31.89ms, mfu 12.37%
iter 6380: loss 0.1279, time 31.09ms, mfu 12.33%
iter 6390: loss 0.1349, time 29.93ms, mfu 12.34%
step 6400: train loss 0.0639, val loss 4.7951
saving checkpoint to out-shakespeare-6-384-0.125
iter 6400: loss 0.1284, time 251.44ms, mfu 11.26%
iter 6410: loss 0.1224, time 30.22ms, mfu 11.36%
iter 6420: loss 0.1315, time 30.58ms, mfu 11.45%
iter 6430: loss 0.1290, time 17.99ms, mfu 12.37%
iter 6440: loss 0.1264, time 29.78ms, mfu 12.39%
step 6450: train loss 0.0650, val loss 4.7061
saving checkpoint to out-shakespeare-6-384-0.125
iter 6450: loss 0.1262, time 241.89ms, mfu 11.30%
iter 6460: loss 0.1237, time 30.62ms, mfu 11.39%
iter 6470: loss 0.1299, time 31.27ms, mfu 11.44%
iter 6480: loss 0.1268, time 31.37ms, mfu 11.49%
iter 6490: loss 0.1269, time 30.89ms, mfu 11.54%
step 6500: train loss 0.0651, val loss 4.8171
saving checkpoint to out-shakespeare-6-384-0.125
iter 6500: loss 0.1273, time 243.54ms, mfu 10.54%
iter 6510: loss 0.1222, time 29.21ms, mfu 10.76%
iter 6520: loss 0.1250, time 31.11ms, mfu 10.88%
iter 6530: loss 0.1244, time 31.60ms, mfu 10.98%
iter 6540: loss 0.1276, time 28.75ms, mfu 11.17%
step 6550: train loss 0.0620, val loss 4.8352
saving checkpoint to out-shakespeare-6-384-0.125
iter 6550: loss 0.1224, time 243.97ms, mfu 10.21%
iter 6560: loss 0.1241, time 29.45ms, mfu 10.45%
iter 6570: loss 0.1183, time 29.73ms, mfu 10.66%
iter 6580: loss 0.1289, time 31.12ms, mfu 10.79%
iter 6590: loss 0.1199, time 31.24ms, mfu 10.91%
step 6600: train loss 0.0627, val loss 4.8518
saving checkpoint to out-shakespeare-6-384-0.125
iter 6600: loss 0.1219, time 242.07ms, mfu 9.97%
iter 6610: loss 0.1260, time 31.74ms, mfu 10.15%
iter 6620: loss 0.1192, time 31.06ms, mfu 10.33%
iter 6630: loss 0.1287, time 32.22ms, mfu 10.45%
iter 6640: loss 0.1241, time 31.33ms, mfu 10.60%
step 6650: train loss 0.0626, val loss 4.8579
saving checkpoint to out-shakespeare-6-384-0.125
iter 6650: loss 0.1197, time 243.58ms, mfu 9.69%
iter 6660: loss 0.1133, time 30.57ms, mfu 9.94%
iter 6670: loss 0.1160, time 30.47ms, mfu 10.17%
iter 6680: loss 0.1206, time 30.11ms, mfu 10.39%
iter 6690: loss 0.1184, time 32.07ms, mfu 10.51%
step 6700: train loss 0.0625, val loss 4.8336
saving checkpoint to out-shakespeare-6-384-0.125
iter 6700: loss 0.1196, time 251.46ms, mfu 9.61%
iter 6710: loss 0.1182, time 16.31ms, mfu 10.93%
iter 6720: loss 0.1163, time 30.61ms, mfu 11.06%
iter 6730: loss 0.1211, time 16.84ms, mfu 12.16%
iter 6740: loss 0.1171, time 31.34ms, mfu 12.14%
step 6750: train loss 0.0616, val loss 4.8922
saving checkpoint to out-shakespeare-6-384-0.125
iter 6750: loss 0.1274, time 240.49ms, mfu 11.08%
iter 6760: loss 0.1204, time 31.25ms, mfu 11.16%
iter 6770: loss 0.1095, time 31.71ms, mfu 11.22%
iter 6780: loss 0.1222, time 31.84ms, mfu 11.27%
iter 6790: loss 0.1243, time 30.78ms, mfu 11.35%
step 6800: train loss 0.0622, val loss 4.9034
saving checkpoint to out-shakespeare-6-384-0.125
iter 6800: loss 0.1232, time 245.17ms, mfu 10.37%
iter 6810: loss 0.1210, time 30.07ms, mfu 10.57%
iter 6820: loss 0.1227, time 17.64ms, mfu 11.63%
iter 6830: loss 0.1246, time 31.04ms, mfu 11.67%
iter 6840: loss 0.1206, time 17.93ms, mfu 12.58%
step 6850: train loss 0.0595, val loss 4.9194
saving checkpoint to out-shakespeare-6-384-0.125
iter 6850: loss 0.1189, time 249.11ms, mfu 11.47%
iter 6860: loss 0.1226, time 16.90ms, mfu 12.53%
iter 6870: loss 0.1202, time 31.09ms, mfu 12.47%
iter 6880: loss 0.1231, time 31.27ms, mfu 12.42%
iter 6890: loss 0.1125, time 31.36ms, mfu 12.36%
step 6900: train loss 0.0608, val loss 4.8994
saving checkpoint to out-shakespeare-6-384-0.125
iter 6900: loss 0.1206, time 254.15ms, mfu 11.27%
iter 6910: loss 0.1129, time 32.44ms, mfu 11.30%
iter 6920: loss 0.1191, time 30.89ms, mfu 11.37%
iter 6930: loss 0.1183, time 30.29ms, mfu 11.47%
iter 6940: loss 0.1175, time 31.57ms, mfu 11.50%
step 6950: train loss 0.0608, val loss 4.8862
saving checkpoint to out-shakespeare-6-384-0.125
iter 6950: loss 0.1214, time 245.47ms, mfu 10.50%
iter 6960: loss 0.1167, time 29.31ms, mfu 10.72%
iter 6970: loss 0.1145, time 31.45ms, mfu 10.83%
iter 6980: loss 0.1136, time 32.08ms, mfu 10.91%
iter 6990: loss 0.1157, time 31.72ms, mfu 11.00%
step 7000: train loss 0.0605, val loss 4.9017
saving checkpoint to out-shakespeare-6-384-0.125
iter 7000: loss 0.1198, time 248.64ms, mfu 10.05%
iter 7010: loss 0.1200, time 29.96ms, mfu 10.29%
iter 7020: loss 0.1161, time 30.37ms, mfu 10.48%
iter 7030: loss 0.1136, time 30.22ms, mfu 10.67%
iter 7040: loss 0.1149, time 30.24ms, mfu 10.83%
step 7050: train loss 0.0604, val loss 4.9011
saving checkpoint to out-shakespeare-6-384-0.125
iter 7050: loss 0.1181, time 251.07ms, mfu 9.90%
iter 7060: loss 0.1064, time 17.64ms, mfu 11.02%
iter 7070: loss 0.1122, time 30.52ms, mfu 11.14%
iter 7080: loss 0.1105, time 30.10ms, mfu 11.26%
iter 7090: loss 0.1161, time 32.55ms, mfu 11.28%
step 7100: train loss 0.0613, val loss 5.0046
saving checkpoint to out-shakespeare-6-384-0.125
iter 7100: loss 0.1130, time 242.41ms, mfu 10.31%
iter 7110: loss 0.1128, time 31.56ms, mfu 10.46%
iter 7120: loss 0.1131, time 31.45ms, mfu 10.60%
iter 7130: loss 0.1176, time 31.28ms, mfu 10.73%
iter 7140: loss 0.1173, time 31.52ms, mfu 10.84%
step 7150: train loss 0.0606, val loss 4.9458
saving checkpoint to out-shakespeare-6-384-0.125
iter 7150: loss 0.1136, time 241.84ms, mfu 9.91%
iter 7160: loss 0.1088, time 31.60ms, mfu 10.10%
iter 7170: loss 0.1131, time 29.94ms, mfu 10.33%
iter 7180: loss 0.1081, time 16.84ms, mfu 11.51%
iter 7190: loss 0.1163, time 30.26ms, mfu 11.59%
step 7200: train loss 0.0606, val loss 4.9630
saving checkpoint to out-shakespeare-6-384-0.125
iter 7200: loss 0.1107, time 239.47ms, mfu 10.59%
iter 7210: loss 0.1116, time 31.62ms, mfu 10.71%
iter 7220: loss 0.1153, time 30.40ms, mfu 10.86%
iter 7230: loss 0.1109, time 30.52ms, mfu 11.00%
iter 7240: loss 0.1091, time 29.90ms, mfu 11.14%
step 7250: train loss 0.0580, val loss 5.0577
saving checkpoint to out-shakespeare-6-384-0.125
iter 7250: loss 0.1183, time 243.74ms, mfu 10.18%
iter 7260: loss 0.1106, time 30.93ms, mfu 10.37%
iter 7270: loss 0.1095, time 18.10ms, mfu 11.39%
iter 7280: loss 0.1094, time 31.21ms, mfu 11.45%
iter 7290: loss 0.1127, time 17.09ms, mfu 12.48%
step 7300: train loss 0.0596, val loss 5.0020
saving checkpoint to out-shakespeare-6-384-0.125
iter 7300: loss 0.1106, time 247.50ms, mfu 11.38%
iter 7310: loss 0.1126, time 29.79ms, mfu 11.50%
iter 7320: loss 0.1078, time 17.13ms, mfu 12.52%
iter 7330: loss 0.1136, time 30.41ms, mfu 12.50%
iter 7340: loss 0.1118, time 30.24ms, mfu 12.48%
step 7350: train loss 0.0586, val loss 5.0112
saving checkpoint to out-shakespeare-6-384-0.125
iter 7350: loss 0.1084, time 248.06ms, mfu 11.38%
iter 7360: loss 0.1055, time 31.40ms, mfu 11.43%
iter 7370: loss 0.1059, time 31.10ms, mfu 11.48%
iter 7380: loss 0.1083, time 31.27ms, mfu 11.53%
iter 7390: loss 0.1084, time 30.45ms, mfu 11.60%
step 7400: train loss 0.0593, val loss 5.0346
saving checkpoint to out-shakespeare-6-384-0.125
iter 7400: loss 0.1056, time 252.09ms, mfu 10.59%
iter 7410: loss 0.1066, time 31.37ms, mfu 10.72%
iter 7420: loss 0.1107, time 30.75ms, mfu 10.86%
iter 7430: loss 0.1141, time 17.06ms, mfu 11.95%
iter 7440: loss 0.1044, time 30.42ms, mfu 11.98%
step 7450: train loss 0.0591, val loss 5.0342
saving checkpoint to out-shakespeare-6-384-0.125
iter 7450: loss 0.1084, time 252.88ms, mfu 10.93%
iter 7460: loss 0.1076, time 32.29ms, mfu 10.99%
iter 7470: loss 0.1064, time 30.59ms, mfu 11.11%
iter 7480: loss 0.1067, time 29.55ms, mfu 11.26%
iter 7490: loss 0.1148, time 30.91ms, mfu 11.34%
step 7500: train loss 0.0584, val loss 5.0660
saving checkpoint to out-shakespeare-6-384-0.125
iter 7500: loss 0.1071, time 243.82ms, mfu 10.36%
iter 7510: loss 0.1035, time 30.00ms, mfu 10.57%
iter 7520: loss 0.1036, time 30.44ms, mfu 10.73%
iter 7530: loss 0.1070, time 30.07ms, mfu 10.90%
iter 7540: loss 0.1098, time 32.46ms, mfu 10.96%
step 7550: train loss 0.0588, val loss 5.0248
saving checkpoint to out-shakespeare-6-384-0.125
iter 7550: loss 0.1093, time 245.37ms, mfu 10.01%
iter 7560: loss 0.1054, time 30.31ms, mfu 10.24%
iter 7570: loss 0.1157, time 18.28ms, mfu 11.26%
iter 7580: loss 0.1113, time 30.87ms, mfu 11.34%
iter 7590: loss 0.1068, time 30.71ms, mfu 11.42%
step 7600: train loss 0.0579, val loss 4.9742
saving checkpoint to out-shakespeare-6-384-0.125
iter 7600: loss 0.1071, time 248.78ms, mfu 10.43%
iter 7610: loss 0.1051, time 17.96ms, mfu 11.46%
iter 7620: loss 0.1118, time 30.90ms, mfu 11.52%
iter 7630: loss 0.1052, time 16.23ms, mfu 12.66%
iter 7640: loss 0.1039, time 30.61ms, mfu 12.61%
step 7650: train loss 0.0575, val loss 5.0990
saving checkpoint to out-shakespeare-6-384-0.125
iter 7650: loss 0.1076, time 241.40ms, mfu 11.51%
iter 7660: loss 0.1041, time 29.54ms, mfu 11.62%
iter 7670: loss 0.1110, time 31.04ms, mfu 11.66%
iter 7680: loss 0.1060, time 30.59ms, mfu 11.71%
iter 7690: loss 0.1064, time 30.99ms, mfu 11.74%
step 7700: train loss 0.0592, val loss 5.0835
saving checkpoint to out-shakespeare-6-384-0.125
iter 7700: loss 0.1027, time 243.32ms, mfu 10.72%
iter 7710: loss 0.1031, time 29.71ms, mfu 10.90%
iter 7720: loss 0.1067, time 31.09ms, mfu 11.01%
iter 7730: loss 0.1096, time 31.08ms, mfu 11.11%
iter 7740: loss 0.1036, time 31.86ms, mfu 11.17%
step 7750: train loss 0.0576, val loss 5.0887
saving checkpoint to out-shakespeare-6-384-0.125
iter 7750: loss 0.1073, time 247.26ms, mfu 10.20%
iter 7760: loss 0.1041, time 30.78ms, mfu 10.39%
iter 7770: loss 0.1057, time 30.02ms, mfu 10.59%
iter 7780: loss 0.0974, time 30.68ms, mfu 10.75%
iter 7790: loss 0.1053, time 31.49ms, mfu 10.86%
step 7800: train loss 0.0588, val loss 5.0886
saving checkpoint to out-shakespeare-6-384-0.125
iter 7800: loss 0.1052, time 248.77ms, mfu 9.92%
iter 7810: loss 0.1060, time 31.18ms, mfu 10.12%
iter 7820: loss 0.1046, time 31.53ms, mfu 10.29%
iter 7830: loss 0.1079, time 30.34ms, mfu 10.49%
iter 7840: loss 0.1072, time 30.49ms, mfu 10.67%
step 7850: train loss 0.0570, val loss 5.1067
saving checkpoint to out-shakespeare-6-384-0.125
iter 7850: loss 0.0993, time 250.37ms, mfu 9.75%
iter 7860: loss 0.1050, time 16.80ms, mfu 10.99%
iter 7870: loss 0.1009, time 31.19ms, mfu 11.09%
iter 7880: loss 0.0987, time 17.89ms, mfu 12.06%
iter 7890: loss 0.1112, time 29.65ms, mfu 12.11%
step 7900: train loss 0.0553, val loss 5.0108
saving checkpoint to out-shakespeare-6-384-0.125
iter 7900: loss 0.0970, time 242.86ms, mfu 11.05%
iter 7910: loss 0.1063, time 30.96ms, mfu 11.15%
iter 7920: loss 0.1048, time 30.80ms, mfu 11.25%
iter 7930: loss 0.1016, time 28.65ms, mfu 11.42%
iter 7940: loss 0.0992, time 32.49ms, mfu 11.43%
step 7950: train loss 0.0575, val loss 5.1082
saving checkpoint to out-shakespeare-6-384-0.125
iter 7950: loss 0.1057, time 246.35ms, mfu 10.44%
iter 7960: loss 0.1011, time 29.70ms, mfu 10.65%
iter 7970: loss 0.0979, time 16.62ms, mfu 11.82%
iter 7980: loss 0.1007, time 30.47ms, mfu 11.86%
iter 7990: loss 0.1003, time 18.52ms, mfu 12.69%
step 8000: train loss 0.0582, val loss 5.1055
saving checkpoint to out-shakespeare-6-384-0.125
iter 8000: loss 0.1059, time 247.46ms, mfu 11.57%
iter 8010: loss 0.1055, time 30.05ms, mfu 11.65%
iter 8020: loss 0.1067, time 31.15ms, mfu 11.69%
iter 8030: loss 0.1096, time 30.60ms, mfu 11.73%
iter 8040: loss 0.0995, time 30.42ms, mfu 11.79%
step 8050: train loss 0.0565, val loss 5.1192
saving checkpoint to out-shakespeare-6-384-0.125
iter 8050: loss 0.0995, time 252.45ms, mfu 10.76%
iter 8060: loss 0.1012, time 19.04ms, mfu 11.64%
iter 8070: loss 0.0997, time 29.87ms, mfu 11.72%
iter 8080: loss 0.1027, time 30.48ms, mfu 11.77%
iter 8090: loss 0.1028, time 30.06ms, mfu 11.83%
step 8100: train loss 0.0576, val loss 5.1210
saving checkpoint to out-shakespeare-6-384-0.125
iter 8100: loss 0.0984, time 240.12ms, mfu 10.81%
iter 8110: loss 0.0981, time 30.21ms, mfu 10.96%
iter 8120: loss 0.0967, time 30.49ms, mfu 11.08%
iter 8130: loss 0.0964, time 18.03ms, mfu 12.04%
iter 8140: loss 0.1048, time 30.63ms, mfu 12.05%
step 8150: train loss 0.0568, val loss 5.1336
saving checkpoint to out-shakespeare-6-384-0.125
iter 8150: loss 0.1014, time 239.81ms, mfu 11.00%
iter 8160: loss 0.0939, time 30.10ms, mfu 11.14%
iter 8170: loss 0.0990, time 29.70ms, mfu 11.28%
iter 8180: loss 0.0999, time 18.63ms, mfu 12.16%
iter 8190: loss 0.1038, time 30.19ms, mfu 12.17%
step 8200: train loss 0.0561, val loss 5.2045
saving checkpoint to out-shakespeare-6-384-0.125
iter 8200: loss 0.1028, time 241.55ms, mfu 11.11%
iter 8210: loss 0.0979, time 29.75ms, mfu 11.25%
iter 8220: loss 0.0951, time 16.57ms, mfu 12.38%
iter 8230: loss 0.0987, time 29.64ms, mfu 12.40%
iter 8240: loss 0.1022, time 17.46ms, mfu 13.29%
step 8250: train loss 0.0578, val loss 5.2132
saving checkpoint to out-shakespeare-6-384-0.125
iter 8250: loss 0.0961, time 248.59ms, mfu 12.11%
iter 8260: loss 0.0981, time 30.92ms, mfu 12.11%
iter 8270: loss 0.1002, time 31.61ms, mfu 12.07%
iter 8280: loss 0.0995, time 29.58ms, mfu 12.13%
iter 8290: loss 0.0955, time 29.94ms, mfu 12.16%
step 8300: train loss 0.0557, val loss 5.2086
saving checkpoint to out-shakespeare-6-384-0.125
iter 8300: loss 0.0995, time 247.35ms, mfu 11.09%
iter 8310: loss 0.0972, time 30.13ms, mfu 11.22%
iter 8320: loss 0.1052, time 30.65ms, mfu 11.31%
iter 8330: loss 0.0951, time 31.05ms, mfu 11.38%
iter 8340: loss 0.0884, time 31.06ms, mfu 11.44%
step 8350: train loss 0.0561, val loss 5.2212
saving checkpoint to out-shakespeare-6-384-0.125
iter 8350: loss 0.0962, time 250.29ms, mfu 10.45%
iter 8360: loss 0.0941, time 30.41ms, mfu 10.63%
iter 8370: loss 0.0948, time 30.74ms, mfu 10.78%
iter 8380: loss 0.0988, time 29.83ms, mfu 10.95%
iter 8390: loss 0.0943, time 30.48ms, mfu 11.08%
step 8400: train loss 0.0568, val loss 5.1891
saving checkpoint to out-shakespeare-6-384-0.125
iter 8400: loss 0.0972, time 243.68ms, mfu 10.12%
iter 8410: loss 0.1024, time 29.86ms, mfu 10.36%
iter 8420: loss 0.0957, time 30.61ms, mfu 10.54%
iter 8430: loss 0.0968, time 29.79ms, mfu 10.74%
iter 8440: loss 0.0932, time 16.95ms, mfu 11.86%
step 8450: train loss 0.0557, val loss 5.1550
saving checkpoint to out-shakespeare-6-384-0.125
iter 8450: loss 0.0999, time 247.09ms, mfu 10.83%
iter 8460: loss 0.0978, time 31.12ms, mfu 10.94%
iter 8470: loss 0.0999, time 16.90ms, mfu 12.05%
iter 8480: loss 0.0956, time 29.76ms, mfu 12.10%
iter 8490: loss 0.1010, time 30.77ms, mfu 12.10%
step 8500: train loss 0.0548, val loss 5.2272
saving checkpoint to out-shakespeare-6-384-0.125
iter 8500: loss 0.0996, time 250.20ms, mfu 11.04%
iter 8510: loss 0.0960, time 30.71ms, mfu 11.15%
iter 8520: loss 0.0993, time 30.67ms, mfu 11.25%
iter 8530: loss 0.1003, time 31.14ms, mfu 11.32%
iter 8540: loss 0.0999, time 18.66ms, mfu 12.18%
step 8550: train loss 0.0556, val loss 5.1587
saving checkpoint to out-shakespeare-6-384-0.125
iter 8550: loss 0.0916, time 247.82ms, mfu 11.12%
iter 8560: loss 0.0957, time 17.45ms, mfu 12.14%
iter 8570: loss 0.0945, time 30.39ms, mfu 12.15%
iter 8580: loss 0.0926, time 17.27ms, mfu 13.09%
iter 8590: loss 0.0980, time 30.86ms, mfu 12.99%
step 8600: train loss 0.0546, val loss 5.2254
saving checkpoint to out-shakespeare-6-384-0.125
iter 8600: loss 0.0911, time 252.78ms, mfu 11.84%
iter 8610: loss 0.0962, time 31.66ms, mfu 11.83%
iter 8620: loss 0.0940, time 30.18ms, mfu 11.88%
iter 8630: loss 0.0982, time 17.75ms, mfu 12.80%
iter 8640: loss 0.0905, time 30.86ms, mfu 12.72%
step 8650: train loss 0.0546, val loss 5.2704
saving checkpoint to out-shakespeare-6-384-0.125
iter 8650: loss 0.0968, time 240.50ms, mfu 11.61%
iter 8660: loss 0.0912, time 30.91ms, mfu 11.65%
iter 8670: loss 0.0920, time 31.13ms, mfu 11.68%
iter 8680: loss 0.0950, time 30.87ms, mfu 11.72%
iter 8690: loss 0.0947, time 29.93ms, mfu 11.80%
step 8700: train loss 0.0560, val loss 5.1692
saving checkpoint to out-shakespeare-6-384-0.125
iter 8700: loss 0.0942, time 242.11ms, mfu 10.77%
iter 8710: loss 0.0887, time 30.15ms, mfu 10.93%
iter 8720: loss 0.0953, time 31.10ms, mfu 11.03%
iter 8730: loss 0.0910, time 30.66ms, mfu 11.15%
iter 8740: loss 0.0962, time 30.88ms, mfu 11.24%
step 8750: train loss 0.0547, val loss 5.2348
saving checkpoint to out-shakespeare-6-384-0.125
iter 8750: loss 0.0899, time 244.85ms, mfu 10.27%
iter 8760: loss 0.0926, time 29.29ms, mfu 10.51%
iter 8770: loss 0.0900, time 17.25ms, mfu 11.62%
iter 8780: loss 0.0932, time 29.56ms, mfu 11.72%
iter 8790: loss 0.0968, time 18.55ms, mfu 12.56%
step 8800: train loss 0.0542, val loss 5.2189
saving checkpoint to out-shakespeare-6-384-0.125
iter 8800: loss 0.0945, time 247.23ms, mfu 11.45%
iter 8810: loss 0.0935, time 31.27ms, mfu 11.50%
iter 8820: loss 0.0940, time 29.73ms, mfu 11.60%
iter 8830: loss 0.0977, time 29.57ms, mfu 11.70%
iter 8840: loss 0.0930, time 31.80ms, mfu 11.70%
step 8850: train loss 0.0552, val loss 5.2233
saving checkpoint to out-shakespeare-6-384-0.125
iter 8850: loss 0.0914, time 251.30ms, mfu 10.68%
iter 8860: loss 0.0921, time 17.86ms, mfu 11.70%
iter 8870: loss 0.0925, time 30.67ms, mfu 11.74%
iter 8880: loss 0.0986, time 29.37ms, mfu 11.84%
iter 8890: loss 0.0943, time 31.10ms, mfu 11.85%
step 8900: train loss 0.0542, val loss 5.2699
saving checkpoint to out-shakespeare-6-384-0.125
iter 8900: loss 0.0980, time 243.20ms, mfu 10.82%
iter 8910: loss 0.0976, time 31.04ms, mfu 10.94%
iter 8920: loss 0.0979, time 30.59ms, mfu 11.06%
iter 8930: loss 0.0882, time 32.12ms, mfu 11.12%
iter 8940: loss 0.0960, time 30.59ms, mfu 11.22%
step 8950: train loss 0.0551, val loss 5.2353
saving checkpoint to out-shakespeare-6-384-0.125
iter 8950: loss 0.0864, time 242.83ms, mfu 10.25%
iter 8960: loss 0.0955, time 30.69ms, mfu 10.44%
iter 8970: loss 0.0928, time 17.16ms, mfu 11.57%
iter 8980: loss 0.0947, time 30.05ms, mfu 11.65%
iter 8990: loss 0.0907, time 30.27ms, mfu 11.72%
step 9000: train loss 0.0540, val loss 5.2663
saving checkpoint to out-shakespeare-6-384-0.125
iter 9000: loss 0.0952, time 246.15ms, mfu 10.70%
iter 9010: loss 0.0911, time 31.56ms, mfu 10.81%
iter 9020: loss 0.0933, time 30.69ms, mfu 10.94%
iter 9030: loss 0.0895, time 32.26ms, mfu 11.00%
iter 9040: loss 0.0926, time 31.39ms, mfu 11.09%
step 9050: train loss 0.0542, val loss 5.3374
saving checkpoint to out-shakespeare-6-384-0.125
iter 9050: loss 0.0932, time 253.46ms, mfu 10.13%
iter 9060: loss 0.0942, time 31.62ms, mfu 10.29%
iter 9070: loss 0.0924, time 31.75ms, mfu 10.44%
iter 9080: loss 0.0936, time 16.89ms, mfu 11.60%
iter 9090: loss 0.0902, time 30.14ms, mfu 11.68%
step 9100: train loss 0.0541, val loss 5.3036
saving checkpoint to out-shakespeare-6-384-0.125
iter 9100: loss 0.0928, time 241.11ms, mfu 10.66%
iter 9110: loss 0.0919, time 31.20ms, mfu 10.79%
iter 9120: loss 0.0873, time 31.53ms, mfu 10.89%
iter 9130: loss 0.0909, time 30.34ms, mfu 11.03%
iter 9140: loss 0.0926, time 30.77ms, mfu 11.14%
step 9150: train loss 0.0535, val loss 5.2978
saving checkpoint to out-shakespeare-6-384-0.125
iter 9150: loss 0.0880, time 245.27ms, mfu 10.18%
iter 9160: loss 0.0856, time 29.68ms, mfu 10.42%
iter 9170: loss 0.0910, time 29.64ms, mfu 10.63%
iter 9180: loss 0.0945, time 31.07ms, mfu 10.77%
iter 9190: loss 0.0856, time 30.32ms, mfu 10.92%
step 9200: train loss 0.0536, val loss 5.3193
saving checkpoint to out-shakespeare-6-384-0.125
iter 9200: loss 0.0920, time 248.08ms, mfu 9.98%
iter 9210: loss 0.0876, time 31.39ms, mfu 10.17%
iter 9220: loss 0.0887, time 17.46ms, mfu 11.28%
iter 9230: loss 0.0856, time 30.95ms, mfu 11.36%
iter 9240: loss 0.0902, time 32.17ms, mfu 11.38%
step 9250: train loss 0.0532, val loss 5.3070
saving checkpoint to out-shakespeare-6-384-0.125
iter 9250: loss 0.0880, time 249.10ms, mfu 10.39%
iter 9260: loss 0.0917, time 16.67ms, mfu 11.59%
iter 9270: loss 0.0934, time 29.78ms, mfu 11.68%
iter 9280: loss 0.0930, time 17.76ms, mfu 12.61%
iter 9290: loss 0.0905, time 30.20ms, mfu 12.58%
step 9300: train loss 0.0531, val loss 5.2582
saving checkpoint to out-shakespeare-6-384-0.125
iter 9300: loss 0.0916, time 241.65ms, mfu 11.48%
iter 9310: loss 0.0945, time 33.12ms, mfu 11.46%
iter 9320: loss 0.0846, time 30.79ms, mfu 11.52%
iter 9330: loss 0.0907, time 32.48ms, mfu 11.52%
iter 9340: loss 0.0929, time 29.91ms, mfu 11.61%
step 9350: train loss 0.0547, val loss 5.3779
saving checkpoint to out-shakespeare-6-384-0.125
iter 9350: loss 0.0874, time 243.23ms, mfu 10.60%
iter 9360: loss 0.0899, time 29.97ms, mfu 10.79%
iter 9370: loss 0.0890, time 31.76ms, mfu 10.88%
iter 9380: loss 0.0940, time 31.18ms, mfu 10.99%
iter 9390: loss 0.0885, time 31.44ms, mfu 11.07%
step 9400: train loss 0.0526, val loss 5.3240
saving checkpoint to out-shakespeare-6-384-0.125
iter 9400: loss 0.0914, time 245.17ms, mfu 10.12%
iter 9410: loss 0.0924, time 30.35ms, mfu 10.33%
iter 9420: loss 0.0938, time 18.91ms, mfu 11.27%
iter 9430: loss 0.0896, time 31.67ms, mfu 11.32%
iter 9440: loss 0.0846, time 32.17ms, mfu 11.35%
step 9450: train loss 0.0531, val loss 5.3144
saving checkpoint to out-shakespeare-6-384-0.125
iter 9450: loss 0.0956, time 244.04ms, mfu 10.37%
iter 9460: loss 0.0916, time 31.03ms, mfu 10.53%
iter 9470: loss 0.0936, time 16.16ms, mfu 11.78%
iter 9480: loss 0.0901, time 31.89ms, mfu 11.77%
iter 9490: loss 0.0892, time 30.87ms, mfu 11.80%
step 9500: train loss 0.0527, val loss 5.3769
saving checkpoint to out-shakespeare-6-384-0.125
iter 9500: loss 0.0883, time 245.69ms, mfu 10.77%
iter 9510: loss 0.0861, time 30.22ms, mfu 10.93%
iter 9520: loss 0.0857, time 31.53ms, mfu 11.02%
iter 9530: loss 0.0962, time 30.77ms, mfu 11.13%
iter 9540: loss 0.0913, time 31.79ms, mfu 11.19%
step 9550: train loss 0.0532, val loss 5.2908
saving checkpoint to out-shakespeare-6-384-0.125
iter 9550: loss 0.0855, time 251.89ms, mfu 10.22%
iter 9560: loss 0.0886, time 29.63ms, mfu 10.45%
iter 9570: loss 0.0876, time 30.99ms, mfu 10.61%
iter 9580: loss 0.0874, time 30.23ms, mfu 10.78%
iter 9590: loss 0.0863, time 30.51ms, mfu 10.92%
step 9600: train loss 0.0543, val loss 5.3928
saving checkpoint to out-shakespeare-6-384-0.125
iter 9600: loss 0.0848, time 242.52ms, mfu 9.99%
iter 9610: loss 0.0902, time 31.69ms, mfu 10.16%
iter 9620: loss 0.0850, time 16.98ms, mfu 11.34%
iter 9630: loss 0.0865, time 30.14ms, mfu 11.44%
iter 9640: loss 0.0896, time 30.34ms, mfu 11.53%
step 9650: train loss 0.0519, val loss 5.3027
saving checkpoint to out-shakespeare-6-384-0.125
iter 9650: loss 0.0907, time 244.78ms, mfu 10.53%
iter 9660: loss 0.0897, time 31.68ms, mfu 10.65%
iter 9670: loss 0.0880, time 30.43ms, mfu 10.81%
iter 9680: loss 0.0891, time 29.24ms, mfu 11.00%
iter 9690: loss 0.0871, time 30.63ms, mfu 11.12%
step 9700: train loss 0.0531, val loss 5.3310
saving checkpoint to out-shakespeare-6-384-0.125
iter 9700: loss 0.0865, time 252.46ms, mfu 10.15%
iter 9710: loss 0.0885, time 30.64ms, mfu 10.36%
iter 9720: loss 0.0886, time 30.14ms, mfu 10.56%
iter 9730: loss 0.0849, time 17.87ms, mfu 11.59%
iter 9740: loss 0.0871, time 30.58ms, mfu 11.65%
step 9750: train loss 0.0530, val loss 5.4142
saving checkpoint to out-shakespeare-6-384-0.125
iter 9750: loss 0.0899, time 239.93ms, mfu 10.64%
iter 9760: loss 0.0852, time 30.40ms, mfu 10.80%
iter 9770: loss 0.0875, time 30.34ms, mfu 10.95%
iter 9780: loss 0.0866, time 30.12ms, mfu 11.09%
iter 9790: loss 0.0854, time 18.13ms, mfu 12.04%
step 9800: train loss 0.0525, val loss 5.3393
saving checkpoint to out-shakespeare-6-384-0.125
iter 9800: loss 0.0862, time 246.73ms, mfu 10.98%
iter 9810: loss 0.0853, time 31.57ms, mfu 11.07%
iter 9820: loss 0.0823, time 31.64ms, mfu 11.14%
iter 9830: loss 0.0872, time 31.21ms, mfu 11.22%
iter 9840: loss 0.0857, time 31.25ms, mfu 11.29%
step 9850: train loss 0.0525, val loss 5.3535
saving checkpoint to out-shakespeare-6-384-0.125
iter 9850: loss 0.0808, time 248.70ms, mfu 10.31%
iter 9860: loss 0.0864, time 16.50ms, mfu 11.54%
iter 9870: loss 0.0838, time 31.22ms, mfu 11.58%
iter 9880: loss 0.0846, time 31.22ms, mfu 11.61%
iter 9890: loss 0.0866, time 31.06ms, mfu 11.65%
step 9900: train loss 0.0532, val loss 5.4133
saving checkpoint to out-shakespeare-6-384-0.125
iter 9900: loss 0.0857, time 253.32ms, mfu 10.63%
iter 9910: loss 0.0878, time 18.09ms, mfu 11.63%
iter 9920: loss 0.0824, time 31.27ms, mfu 11.66%
iter 9930: loss 0.0832, time 16.82ms, mfu 12.71%
iter 9940: loss 0.0845, time 31.25ms, mfu 12.63%
step 9950: train loss 0.0521, val loss 5.4109
saving checkpoint to out-shakespeare-6-384-0.125
iter 9950: loss 0.0885, time 241.42ms, mfu 11.52%
iter 9960: loss 0.0864, time 31.49ms, mfu 11.55%
iter 9970: loss 0.0859, time 31.94ms, mfu 11.56%
iter 9980: loss 0.0838, time 31.46ms, mfu 11.59%
iter 9990: loss 0.0868, time 29.79ms, mfu 11.68%
step 10000: train loss 0.0527, val loss 5.4861
saving checkpoint to out-shakespeare-6-384-0.125
iter 10000: loss 0.0859, time 240.89ms, mfu 10.67%
iter 10010: loss 0.0863, time 30.38ms, mfu 10.83%
iter 10020: loss 0.0820, time 29.22ms, mfu 11.02%
iter 10030: loss 0.0886, time 30.43ms, mfu 11.14%
iter 10040: loss 0.0880, time 31.47ms, mfu 11.21%
step 10050: train loss 0.0532, val loss 5.3822
saving checkpoint to out-shakespeare-6-384-0.125
iter 10050: loss 0.0854, time 241.15ms, mfu 10.25%
iter 10060: loss 0.0849, time 30.06ms, mfu 10.46%
iter 10070: loss 0.0842, time 29.42ms, mfu 10.68%
iter 10080: loss 0.0809, time 32.58ms, mfu 10.76%
iter 10090: loss 0.0856, time 29.39ms, mfu 10.95%
step 10100: train loss 0.0527, val loss 5.4570
saving checkpoint to out-shakespeare-6-384-0.125
iter 10100: loss 0.0844, time 243.52ms, mfu 10.01%
iter 10110: loss 0.0795, time 30.30ms, mfu 10.24%
iter 10120: loss 0.0817, time 31.67ms, mfu 10.39%
iter 10130: loss 0.0843, time 31.31ms, mfu 10.54%
iter 10140: loss 0.0894, time 30.83ms, mfu 10.70%
step 10150: train loss 0.0524, val loss 5.4470
saving checkpoint to out-shakespeare-6-384-0.125
iter 10150: loss 0.0841, time 251.27ms, mfu 9.77%
iter 10160: loss 0.0835, time 29.32ms, mfu 10.07%
iter 10170: loss 0.0837, time 31.49ms, mfu 10.24%
iter 10180: loss 0.0853, time 31.56ms, mfu 10.40%
iter 10190: loss 0.0864, time 30.94ms, mfu 10.56%
step 10200: train loss 0.0510, val loss 5.4578
saving checkpoint to out-shakespeare-6-384-0.125
iter 10200: loss 0.0810, time 251.12ms, mfu 9.66%
iter 10210: loss 0.0833, time 31.15ms, mfu 9.89%
iter 10220: loss 0.0845, time 31.17ms, mfu 10.09%
iter 10230: loss 0.0885, time 30.71ms, mfu 10.30%
iter 10240: loss 0.0853, time 31.69ms, mfu 10.44%
step 10250: train loss 0.0519, val loss 5.4485
saving checkpoint to out-shakespeare-6-384-0.125
iter 10250: loss 0.0848, time 243.20ms, mfu 9.55%
iter 10260: loss 0.0863, time 30.52ms, mfu 9.82%
iter 10270: loss 0.0820, time 30.67ms, mfu 10.05%
iter 10280: loss 0.0820, time 29.42ms, mfu 10.31%
iter 10290: loss 0.0818, time 17.36ms, mfu 11.43%
step 10300: train loss 0.0529, val loss 5.4481
saving checkpoint to out-shakespeare-6-384-0.125
iter 10300: loss 0.0875, time 244.65ms, mfu 10.44%
iter 10310: loss 0.0837, time 29.91ms, mfu 10.64%
iter 10320: loss 0.0834, time 15.80ms, mfu 11.93%
iter 10330: loss 0.0841, time 30.35ms, mfu 11.97%
iter 10340: loss 0.0824, time 18.30ms, mfu 12.81%
step 10350: train loss 0.0521, val loss 5.4406
saving checkpoint to out-shakespeare-6-384-0.125
iter 10350: loss 0.0845, time 248.10ms, mfu 11.68%
iter 10360: loss 0.0842, time 30.27ms, mfu 11.74%
iter 10370: loss 0.0854, time 29.41ms, mfu 11.83%
iter 10380: loss 0.0881, time 30.82ms, mfu 11.86%
iter 10390: loss 0.0817, time 31.18ms, mfu 11.87%
step 10400: train loss 0.0516, val loss 5.4329
saving checkpoint to out-shakespeare-6-384-0.125
iter 10400: loss 0.0792, time 249.23ms, mfu 10.83%
iter 10410: loss 0.0845, time 30.40ms, mfu 10.97%
iter 10420: loss 0.0805, time 31.34ms, mfu 11.06%
iter 10430: loss 0.0842, time 30.72ms, mfu 11.17%
iter 10440: loss 0.0820, time 30.82ms, mfu 11.26%
step 10450: train loss 0.0517, val loss 5.5249
saving checkpoint to out-shakespeare-6-384-0.125
iter 10450: loss 0.0822, time 347.23ms, mfu 10.24%
iter 10460: loss 0.0781, time 33.27ms, mfu 10.34%
iter 10470: loss 0.0813, time 33.66ms, mfu 10.41%
iter 10480: loss 0.0856, time 29.38ms, mfu 10.64%
iter 10490: loss 0.0840, time 26.84ms, mfu 10.96%
step 10500: train loss 0.0519, val loss 5.4746
saving checkpoint to out-shakespeare-6-384-0.125
iter 10500: loss 0.0813, time 270.50ms, mfu 10.01%
iter 10510: loss 0.0813, time 38.17ms, mfu 9.98%
iter 10520: loss 0.0829, time 30.36ms, mfu 10.21%
iter 10530: loss 0.0807, time 29.16ms, mfu 10.47%
iter 10540: loss 0.0821, time 31.10ms, mfu 10.62%
step 10550: train loss 0.0523, val loss 5.4545
saving checkpoint to out-shakespeare-6-384-0.125
iter 10550: loss 0.0818, time 260.67ms, mfu 9.70%
iter 10560: loss 0.0844, time 31.10ms, mfu 9.93%
iter 10570: loss 0.0840, time 30.59ms, mfu 10.15%
iter 10580: loss 0.0822, time 31.38ms, mfu 10.33%
iter 10590: loss 0.0849, time 29.84ms, mfu 10.54%
step 10600: train loss 0.0529, val loss 5.4662
saving checkpoint to out-shakespeare-6-384-0.125
iter 10600: loss 0.0831, time 253.23ms, mfu 9.63%
iter 10610: loss 0.0820, time 31.10ms, mfu 9.87%
iter 10620: loss 0.0837, time 29.90ms, mfu 10.13%
iter 10630: loss 0.0836, time 31.06ms, mfu 10.32%
iter 10640: loss 0.0815, time 30.21ms, mfu 10.52%
step 10650: train loss 0.0514, val loss 5.5996
saving checkpoint to out-shakespeare-6-384-0.125
iter 10650: loss 0.0822, time 244.35ms, mfu 9.62%
iter 10660: loss 0.0856, time 30.81ms, mfu 9.87%
iter 10670: loss 0.0812, time 29.79ms, mfu 10.13%
iter 10680: loss 0.0857, time 30.35ms, mfu 10.34%
iter 10690: loss 0.0855, time 29.22ms, mfu 10.59%
step 10700: train loss 0.0516, val loss 5.5138
saving checkpoint to out-shakespeare-6-384-0.125
iter 10700: loss 0.0854, time 251.23ms, mfu 9.68%
iter 10710: loss 0.0828, time 30.65ms, mfu 9.92%
iter 10720: loss 0.0836, time 16.35ms, mfu 11.21%
iter 10730: loss 0.0805, time 29.78ms, mfu 11.34%
iter 10740: loss 0.0788, time 31.31ms, mfu 11.40%
step 10750: train loss 0.0508, val loss 5.5188
saving checkpoint to out-shakespeare-6-384-0.125
iter 10750: loss 0.0797, time 253.10ms, mfu 10.40%
iter 10760: loss 0.0806, time 30.87ms, mfu 10.57%
iter 10770: loss 0.0839, time 29.80ms, mfu 10.76%
iter 10780: loss 0.0794, time 29.87ms, mfu 10.93%
iter 10790: loss 0.0784, time 29.74ms, mfu 11.09%
step 10800: train loss 0.0508, val loss 5.5660
saving checkpoint to out-shakespeare-6-384-0.125
iter 10800: loss 0.0800, time 254.64ms, mfu 10.13%
iter 10810: loss 0.0807, time 30.30ms, mfu 10.35%
iter 10820: loss 0.0821, time 31.65ms, mfu 10.49%
iter 10830: loss 0.0799, time 30.93ms, mfu 10.65%
iter 10840: loss 0.0800, time 31.15ms, mfu 10.78%
step 10850: train loss 0.0520, val loss 5.5379
saving checkpoint to out-shakespeare-6-384-0.125
iter 10850: loss 0.0804, time 253.66ms, mfu 9.85%
iter 10860: loss 0.0819, time 30.27ms, mfu 10.09%
iter 10870: loss 0.0819, time 17.22ms, mfu 11.25%
iter 10880: loss 0.0821, time 32.15ms, mfu 11.28%
iter 10890: loss 0.0807, time 31.14ms, mfu 11.35%
step 10900: train loss 0.0504, val loss 5.5565
saving checkpoint to out-shakespeare-6-384-0.125
iter 10900: loss 0.0837, time 244.09ms, mfu 10.37%
iter 10910: loss 0.0777, time 30.75ms, mfu 10.54%
iter 10920: loss 0.0830, time 31.11ms, mfu 10.69%
iter 10930: loss 0.0824, time 30.90ms, mfu 10.82%
iter 10940: loss 0.0818, time 29.27ms, mfu 11.01%
step 10950: train loss 0.0516, val loss 5.5959
saving checkpoint to out-shakespeare-6-384-0.125
iter 10950: loss 0.0812, time 256.82ms, mfu 10.06%
iter 10960: loss 0.0829, time 29.63ms, mfu 10.31%
iter 10970: loss 0.0818, time 31.03ms, mfu 10.48%
iter 10980: loss 0.0790, time 17.52ms, mfu 11.56%
iter 10990: loss 0.0788, time 31.47ms, mfu 11.59%
step 11000: train loss 0.0520, val loss 5.4535
saving checkpoint to out-shakespeare-6-384-0.125
iter 11000: loss 0.0836, time 248.14ms, mfu 10.58%
iter 11010: loss 0.0831, time 30.88ms, mfu 10.73%
iter 11020: loss 0.0809, time 30.04ms, mfu 10.89%
iter 11030: loss 0.0846, time 30.43ms, mfu 11.03%
iter 11040: loss 0.0790, time 30.24ms, mfu 11.16%
step 11050: train loss 0.0503, val loss 5.5556
saving checkpoint to out-shakespeare-6-384-0.125
iter 11050: loss 0.0802, time 283.44ms, mfu 10.17%
iter 11060: loss 0.0829, time 30.67ms, mfu 10.37%
iter 11070: loss 0.0775, time 30.40ms, mfu 10.56%
iter 11080: loss 0.0794, time 29.88ms, mfu 10.75%
iter 11090: loss 0.0823, time 30.21ms, mfu 10.91%
step 11100: train loss 0.0529, val loss 5.5833
saving checkpoint to out-shakespeare-6-384-0.125
iter 11100: loss 0.0797, time 256.62ms, mfu 9.96%
iter 11110: loss 0.0847, time 30.67ms, mfu 10.18%
iter 11120: loss 0.0799, time 30.50ms, mfu 10.39%
iter 11130: loss 0.0816, time 31.38ms, mfu 10.53%
iter 11140: loss 0.0779, time 30.13ms, mfu 10.72%
step 11150: train loss 0.0506, val loss 5.5353
saving checkpoint to out-shakespeare-6-384-0.125
iter 11150: loss 0.0787, time 263.48ms, mfu 9.79%
iter 11160: loss 0.0764, time 31.21ms, mfu 10.00%
iter 11170: loss 0.0800, time 31.06ms, mfu 10.20%
iter 11180: loss 0.0832, time 30.11ms, mfu 10.42%
iter 11190: loss 0.0796, time 30.48ms, mfu 10.60%
step 11200: train loss 0.0503, val loss 5.5886
saving checkpoint to out-shakespeare-6-384-0.125
iter 11200: loss 0.0786, time 240.69ms, mfu 9.70%
iter 11210: loss 0.0833, time 31.17ms, mfu 9.92%
iter 11220: loss 0.0819, time 30.80ms, mfu 10.14%
iter 11230: loss 0.0777, time 30.44ms, mfu 10.35%
iter 11240: loss 0.0772, time 31.13ms, mfu 10.51%
step 11250: train loss 0.0511, val loss 5.5137
saving checkpoint to out-shakespeare-6-384-0.125
iter 11250: loss 0.0783, time 245.83ms, mfu 9.61%
iter 11260: loss 0.0790, time 30.15ms, mfu 9.89%
iter 11270: loss 0.0769, time 29.62ms, mfu 10.16%
iter 11280: loss 0.0829, time 31.07ms, mfu 10.34%
iter 11290: loss 0.0795, time 31.12ms, mfu 10.50%
step 11300: train loss 0.0489, val loss 5.5950
saving checkpoint to out-shakespeare-6-384-0.125
iter 11300: loss 0.0797, time 244.37ms, mfu 9.61%
iter 11310: loss 0.0771, time 29.43ms, mfu 9.91%
iter 11320: loss 0.0783, time 30.01ms, mfu 10.16%
iter 11330: loss 0.0793, time 30.75ms, mfu 10.36%
iter 11340: loss 0.0772, time 31.53ms, mfu 10.50%
step 11350: train loss 0.0498, val loss 5.6103
saving checkpoint to out-shakespeare-6-384-0.125
iter 11350: loss 0.0767, time 248.82ms, mfu 9.60%
iter 11360: loss 0.0776, time 16.33ms, mfu 10.92%
iter 11370: loss 0.0772, time 29.93ms, mfu 11.08%
iter 11380: loss 0.0779, time 31.96ms, mfu 11.13%
iter 11390: loss 0.0787, time 30.62ms, mfu 11.24%
step 11400: train loss 0.0502, val loss 5.5289
saving checkpoint to out-shakespeare-6-384-0.125
iter 11400: loss 0.0762, time 240.94ms, mfu 10.27%
iter 11410: loss 0.0793, time 30.24ms, mfu 10.47%
iter 11420: loss 0.0803, time 30.53ms, mfu 10.65%
iter 11430: loss 0.0797, time 30.73ms, mfu 10.80%
iter 11440: loss 0.0778, time 30.64ms, mfu 10.93%
step 11450: train loss 0.0494, val loss 5.5622
saving checkpoint to out-shakespeare-6-384-0.125
iter 11450: loss 0.0796, time 247.54ms, mfu 9.99%
iter 11460: loss 0.0751, time 40.03ms, mfu 9.92%
iter 11470: loss 0.0785, time 31.27ms, mfu 10.12%
iter 11480: loss 0.0768, time 30.26ms, mfu 10.34%
iter 11490: loss 0.0755, time 30.06ms, mfu 10.55%
step 11500: train loss 0.0493, val loss 5.5164
saving checkpoint to out-shakespeare-6-384-0.125
iter 11500: loss 0.0791, time 250.14ms, mfu 9.64%
iter 11510: loss 0.0774, time 31.04ms, mfu 9.88%
iter 11520: loss 0.0742, time 30.25ms, mfu 10.12%
iter 11530: loss 0.0804, time 17.74ms, mfu 11.21%
iter 11540: loss 0.0750, time 29.03ms, mfu 11.37%
step 11550: train loss 0.0499, val loss 5.7054
saving checkpoint to out-shakespeare-6-384-0.125
iter 11550: loss 0.0782, time 257.54ms, mfu 10.38%
iter 11560: loss 0.0784, time 17.56ms, mfu 11.46%
iter 11570: loss 0.0798, time 30.37ms, mfu 11.54%
iter 11580: loss 0.0779, time 30.53ms, mfu 11.61%
iter 11590: loss 0.0794, time 30.13ms, mfu 11.69%
step 11600: train loss 0.0511, val loss 5.5303
saving checkpoint to out-shakespeare-6-384-0.125
iter 11600: loss 0.0783, time 247.13ms, mfu 10.67%
iter 11610: loss 0.0774, time 30.43ms, mfu 10.83%
iter 11620: loss 0.0750, time 29.74ms, mfu 11.00%
iter 11630: loss 0.0769, time 29.46ms, mfu 11.16%
iter 11640: loss 0.0765, time 16.93ms, mfu 12.25%
step 11650: train loss 0.0501, val loss 5.6725
saving checkpoint to out-shakespeare-6-384-0.125
iter 11650: loss 0.0771, time 249.37ms, mfu 11.17%
iter 11660: loss 0.0797, time 17.60ms, mfu 12.17%
iter 11670: loss 0.0786, time 31.21ms, mfu 12.15%
iter 11680: loss 0.0770, time 17.53ms, mfu 13.06%
iter 11690: loss 0.0804, time 31.27ms, mfu 12.94%
step 11700: train loss 0.0497, val loss 5.5824
saving checkpoint to out-shakespeare-6-384-0.125
iter 11700: loss 0.0752, time 239.31ms, mfu 11.81%
iter 11710: loss 0.0758, time 17.77ms, mfu 12.72%
iter 11720: loss 0.0752, time 31.00ms, mfu 12.65%
iter 11730: loss 0.0768, time 17.08ms, mfu 13.57%
iter 11740: loss 0.0767, time 30.06ms, mfu 13.45%
step 11750: train loss 0.0492, val loss 5.7137
saving checkpoint to out-shakespeare-6-384-0.125
iter 11750: loss 0.0797, time 243.44ms, mfu 12.26%
iter 11760: loss 0.0783, time 30.27ms, mfu 12.26%
iter 11770: loss 0.0737, time 17.04ms, mfu 13.22%
iter 11780: loss 0.0756, time 30.53ms, mfu 13.12%
iter 11790: loss 0.0760, time 30.48ms, mfu 13.03%
step 11800: train loss 0.0486, val loss 5.6414
saving checkpoint to out-shakespeare-6-384-0.125
iter 11800: loss 0.0762, time 248.54ms, mfu 11.88%
iter 11810: loss 0.0701, time 30.13ms, mfu 11.93%
iter 11820: loss 0.0765, time 30.14ms, mfu 11.97%
iter 11830: loss 0.0770, time 16.55ms, mfu 13.03%
iter 11840: loss 0.0793, time 31.12ms, mfu 12.92%
step 11850: train loss 0.0500, val loss 5.6307
saving checkpoint to out-shakespeare-6-384-0.125
iter 11850: loss 0.0759, time 242.67ms, mfu 11.78%
iter 11860: loss 0.0793, time 30.37ms, mfu 11.83%
iter 11870: loss 0.0772, time 30.74ms, mfu 11.86%
iter 11880: loss 0.0755, time 31.44ms, mfu 11.86%
iter 11890: loss 0.0746, time 30.33ms, mfu 11.90%
step 11900: train loss 0.0499, val loss 5.6727
saving checkpoint to out-shakespeare-6-384-0.125
iter 11900: loss 0.0733, time 253.72ms, mfu 10.86%
iter 11910: loss 0.0720, time 29.76ms, mfu 11.02%
iter 11920: loss 0.0785, time 18.28ms, mfu 11.96%
iter 11930: loss 0.0768, time 29.67ms, mfu 12.02%
iter 11940: loss 0.0741, time 16.83ms, mfu 13.03%
step 11950: train loss 0.0496, val loss 5.5964
saving checkpoint to out-shakespeare-6-384-0.125
iter 11950: loss 0.0762, time 258.29ms, mfu 11.87%
iter 11960: loss 0.0785, time 30.33ms, mfu 11.91%
iter 11970: loss 0.0753, time 29.94ms, mfu 11.97%
iter 11980: loss 0.0760, time 17.49ms, mfu 12.90%
iter 11990: loss 0.0729, time 29.69ms, mfu 12.87%
step 12000: train loss 0.0496, val loss 5.6897
saving checkpoint to out-shakespeare-6-384-0.125
iter 12000: loss 0.0760, time 253.24ms, mfu 11.73%
iter 12010: loss 0.0790, time 30.36ms, mfu 11.78%
iter 12020: loss 0.0763, time 31.09ms, mfu 11.80%
iter 12030: loss 0.0770, time 30.86ms, mfu 11.83%
iter 12040: loss 0.0784, time 30.03ms, mfu 11.89%
step 12050: train loss 0.0499, val loss 5.6104
saving checkpoint to out-shakespeare-6-384-0.125
iter 12050: loss 0.0786, time 247.94ms, mfu 10.85%
iter 12060: loss 0.0739, time 29.41ms, mfu 11.03%
iter 12070: loss 0.0769, time 31.86ms, mfu 11.10%
iter 12080: loss 0.0764, time 32.50ms, mfu 11.13%
iter 12090: loss 0.0748, time 30.27ms, mfu 11.25%
step 12100: train loss 0.0494, val loss 5.6880
saving checkpoint to out-shakespeare-6-384-0.125
iter 12100: loss 0.0757, time 249.38ms, mfu 10.28%
iter 12110: loss 0.0754, time 31.98ms, mfu 10.41%
iter 12120: loss 0.0721, time 30.29ms, mfu 10.60%
iter 12130: loss 0.0782, time 31.02ms, mfu 10.74%
iter 12140: loss 0.0768, time 31.78ms, mfu 10.84%
step 12150: train loss 0.0497, val loss 5.6151
saving checkpoint to out-shakespeare-6-384-0.125
iter 12150: loss 0.0734, time 252.55ms, mfu 9.91%
iter 12160: loss 0.0746, time 30.56ms, mfu 10.13%
iter 12170: loss 0.0769, time 31.01ms, mfu 10.32%
iter 12180: loss 0.0771, time 31.25ms, mfu 10.48%
iter 12190: loss 0.0754, time 30.92ms, mfu 10.64%
step 12200: train loss 0.0490, val loss 5.7122
saving checkpoint to out-shakespeare-6-384-0.125
iter 12200: loss 0.0767, time 245.21ms, mfu 9.73%
iter 12210: loss 0.0750, time 19.02ms, mfu 10.71%
iter 12220: loss 0.0754, time 30.57ms, mfu 10.86%
iter 12230: loss 0.0747, time 17.75ms, mfu 11.87%
iter 12240: loss 0.0772, time 28.73ms, mfu 11.98%
step 12250: train loss 0.0497, val loss 5.6689
saving checkpoint to out-shakespeare-6-384-0.125
iter 12250: loss 0.0777, time 250.82ms, mfu 10.93%
iter 12260: loss 0.0725, time 17.64ms, mfu 11.95%
iter 12270: loss 0.0778, time 29.90ms, mfu 12.00%
iter 12280: loss 0.0764, time 17.64ms, mfu 12.92%
iter 12290: loss 0.0722, time 30.52ms, mfu 12.85%
step 12300: train loss 0.0495, val loss 5.6179
saving checkpoint to out-shakespeare-6-384-0.125
iter 12300: loss 0.0769, time 244.89ms, mfu 11.71%
iter 12310: loss 0.0749, time 30.40ms, mfu 11.77%
iter 12320: loss 0.0746, time 30.25ms, mfu 11.82%
iter 12330: loss 0.0757, time 31.02ms, mfu 11.84%
iter 12340: loss 0.0752, time 30.25ms, mfu 11.89%
step 12350: train loss 0.0484, val loss 5.6762
saving checkpoint to out-shakespeare-6-384-0.125
iter 12350: loss 0.0717, time 242.19ms, mfu 10.85%
iter 12360: loss 0.0794, time 30.72ms, mfu 10.98%
iter 12370: loss 0.0717, time 17.42ms, mfu 12.02%
iter 12380: loss 0.0698, time 29.96ms, mfu 12.06%
iter 12390: loss 0.0768, time 30.38ms, mfu 12.08%
step 12400: train loss 0.0499, val loss 5.6144
saving checkpoint to out-shakespeare-6-384-0.125
iter 12400: loss 0.0733, time 251.35ms, mfu 11.02%
iter 12410: loss 0.0767, time 29.18ms, mfu 11.20%
iter 12420: loss 0.0760, time 31.03ms, mfu 11.28%
iter 12430: loss 0.0736, time 32.29ms, mfu 11.31%
iter 12440: loss 0.0779, time 31.26ms, mfu 11.37%
step 12450: train loss 0.0479, val loss 5.7093
saving checkpoint to out-shakespeare-6-384-0.125
iter 12450: loss 0.0754, time 242.92ms, mfu 10.38%
iter 12460: loss 0.0747, time 30.13ms, mfu 10.58%
iter 12470: loss 0.0701, time 31.11ms, mfu 10.72%
iter 12480: loss 0.0759, time 31.85ms, mfu 10.82%
iter 12490: loss 0.0703, time 29.75ms, mfu 10.99%
step 12500: train loss 0.0484, val loss 5.6126
saving checkpoint to out-shakespeare-6-384-0.125
iter 12500: loss 0.0759, time 245.52ms, mfu 10.04%
iter 12510: loss 0.0726, time 30.81ms, mfu 10.25%
iter 12520: loss 0.0745, time 17.88ms, mfu 11.31%
iter 12530: loss 0.0772, time 29.37ms, mfu 11.44%
iter 12540: loss 0.0737, time 17.30ms, mfu 12.45%
step 12550: train loss 0.0498, val loss 5.7416
saving checkpoint to out-shakespeare-6-384-0.125
iter 12550: loss 0.0740, time 245.01ms, mfu 11.36%
iter 12560: loss 0.0757, time 30.58ms, mfu 11.44%
iter 12570: loss 0.0734, time 30.05ms, mfu 11.54%
iter 12580: loss 0.0741, time 30.30ms, mfu 11.61%
iter 12590: loss 0.0733, time 17.39ms, mfu 12.60%
step 12600: train loss 0.0501, val loss 5.6734
saving checkpoint to out-shakespeare-6-384-0.125
iter 12600: loss 0.0769, time 247.21ms, mfu 11.49%
iter 12610: loss 0.0763, time 31.36ms, mfu 11.53%
iter 12620: loss 0.0725, time 31.23ms, mfu 11.57%
iter 12630: loss 0.0734, time 31.30ms, mfu 11.60%
iter 12640: loss 0.0729, time 31.15ms, mfu 11.64%
step 12650: train loss 0.0490, val loss 5.6825
saving checkpoint to out-shakespeare-6-384-0.125
iter 12650: loss 0.0723, time 248.30ms, mfu 10.62%
iter 12660: loss 0.0750, time 30.29ms, mfu 10.79%
iter 12670: loss 0.0735, time 30.99ms, mfu 10.91%
iter 12680: loss 0.0766, time 31.40ms, mfu 11.01%
iter 12690: loss 0.0683, time 32.54ms, mfu 11.05%
step 12700: train loss 0.0498, val loss 5.7827
saving checkpoint to out-shakespeare-6-384-0.125
iter 12700: loss 0.0732, time 248.66ms, mfu 10.10%
iter 12710: loss 0.0741, time 17.14ms, mfu 11.26%
iter 12720: loss 0.0726, time 29.46ms, mfu 11.40%
iter 12730: loss 0.0729, time 16.23ms, mfu 12.56%
iter 12740: loss 0.0769, time 29.89ms, mfu 12.55%
step 12750: train loss 0.0480, val loss 5.6676
saving checkpoint to out-shakespeare-6-384-0.125
iter 12750: loss 0.0696, time 251.35ms, mfu 11.44%
iter 12760: loss 0.0744, time 30.27ms, mfu 11.53%
iter 12770: loss 0.0742, time 31.03ms, mfu 11.58%
iter 12780: loss 0.0725, time 29.42ms, mfu 11.68%
iter 12790: loss 0.0723, time 30.96ms, mfu 11.72%
step 12800: train loss 0.0483, val loss 5.6723
saving checkpoint to out-shakespeare-6-384-0.125
iter 12800: loss 0.0743, time 243.57ms, mfu 10.70%
iter 12810: loss 0.0725, time 30.68ms, mfu 10.85%
iter 12820: loss 0.0754, time 29.94ms, mfu 11.01%
iter 12830: loss 0.0749, time 30.21ms, mfu 11.14%
iter 12840: loss 0.0763, time 31.86ms, mfu 11.19%
step 12850: train loss 0.0481, val loss 5.7673
saving checkpoint to out-shakespeare-6-384-0.125
iter 12850: loss 0.0743, time 251.56ms, mfu 10.22%
iter 12860: loss 0.0729, time 18.08ms, mfu 11.26%
iter 12870: loss 0.0772, time 31.06ms, mfu 11.33%
iter 12880: loss 0.0724, time 31.39ms, mfu 11.39%
iter 12890: loss 0.0742, time 31.06ms, mfu 11.45%
step 12900: train loss 0.0475, val loss 5.6688
saving checkpoint to out-shakespeare-6-384-0.125
iter 12900: loss 0.0730, time 238.87ms, mfu 10.46%
iter 12910: loss 0.0723, time 30.81ms, mfu 10.62%
iter 12920: loss 0.0739, time 29.77ms, mfu 10.81%
iter 12930: loss 0.0726, time 30.97ms, mfu 10.93%
iter 12940: loss 0.0723, time 30.65ms, mfu 11.06%
step 12950: train loss 0.0488, val loss 5.6648
saving checkpoint to out-shakespeare-6-384-0.125
iter 12950: loss 0.0764, time 250.33ms, mfu 10.10%
iter 12960: loss 0.0758, time 31.00ms, mfu 10.29%
iter 12970: loss 0.0733, time 31.22ms, mfu 10.46%
iter 12980: loss 0.0709, time 28.63ms, mfu 10.71%
iter 12990: loss 0.0730, time 30.11ms, mfu 10.88%
step 13000: train loss 0.0480, val loss 5.7615
saving checkpoint to out-shakespeare-6-384-0.125
iter 13000: loss 0.0764, time 251.85ms, mfu 9.94%
iter 13010: loss 0.0740, time 29.73ms, mfu 10.20%
iter 13020: loss 0.0729, time 31.08ms, mfu 10.38%
iter 13030: loss 0.0696, time 30.47ms, mfu 10.56%
iter 13040: loss 0.0774, time 18.79ms, mfu 11.49%
step 13050: train loss 0.0482, val loss 5.7592
saving checkpoint to out-shakespeare-6-384-0.125
iter 13050: loss 0.0713, time 247.06ms, mfu 10.49%
iter 13060: loss 0.0692, time 29.86ms, mfu 10.69%
iter 13070: loss 0.0731, time 29.84ms, mfu 10.87%
iter 13080: loss 0.0756, time 30.46ms, mfu 11.01%
iter 13090: loss 0.0726, time 16.77ms, mfu 12.13%
step 13100: train loss 0.0475, val loss 5.8046
saving checkpoint to out-shakespeare-6-384-0.125
iter 13100: loss 0.0739, time 251.76ms, mfu 11.06%
iter 13110: loss 0.0736, time 30.63ms, mfu 11.17%
