Overriding config with C:\VS-CODE-UNI-OS\advanced-nlp-17\nanoGPT\config\train-shakespeare-char-multi-r4.py:

# Baseline configuration
out_dir = 'out-shakespeare-multi-r4'
eval_interval = 50
eval_iters = 50
log_interval = 10
always_save_checkpoint = False
init_from = 'resume'
wandb_log = False
wandb_project = 'nanoGPT-assignment'
wandb_run_name = 'baseline'
dataset = 'shakespeare_multi'
gradient_accumulation_steps = 1
batch_size = 64
block_size = 256
n_layer = 5
n_head = 5
n_embd = 320
dropout = 0.2
learning_rate = 0.001
max_iters = 9600
lr_decay_iters = 100
min_lr = 1e-4
beta2 = 0.99
lora_rank = 4
warmup_iters = 200
weight_decay = 1e-1
device = 'cuda'
compile = False 

tokens per iteration will be: 16,384
found vocab_size = 69 (inside data\shakespeare_multi\meta.pkl)
Resuming training from out-shakespeare-multi-r4
number of parameters: 6250240
resize_token_embeddings: vocab 65 -> 69 (added 4 special token(s): ['@', '|', '<', '>'])
number of parameters: 6251520
LoRA mode: rank=4, trainable params=25,600
num decayed parameter tensors: 10, with 25,600 parameters
num non-decayed parameter tensors: 0, with 0 parameters
using fused AdamW: True
Vocab size changed, skipping optimizer state load
step 7600: train loss 4.3668, val loss 4.3682
saving checkpoint to out-shakespeare-multi-r4
iter 7600: loss 4.3311, time 975.95ms, mfu -100.00%
iter 7610: loss 4.3253, time 26.07ms, mfu 8.48%
iter 7620: loss 4.3136, time 31.71ms, mfu 8.33%
iter 7630: loss 4.2955, time 20.05ms, mfu 8.60%
iter 7640: loss 4.2678, time 12.23ms, mfu 9.54%
step 7650: train loss 4.2023, val loss 4.2048
saving checkpoint to out-shakespeare-multi-r4
iter 7650: loss 4.2228, time 858.27ms, mfu 8.61%
iter 7660: loss 4.1762, time 15.57ms, mfu 9.17%
iter 7670: loss 4.1212, time 15.71ms, mfu 9.66%
iter 7680: loss 4.0546, time 15.13ms, mfu 10.16%
iter 7690: loss 3.9930, time 15.60ms, mfu 10.56%
step 7700: train loss 3.8367, val loss 3.8401
saving checkpoint to out-shakespeare-multi-r4
iter 7700: loss 3.9187, time 876.64ms, mfu 9.53%
iter 7710: loss 3.8728, time 19.06ms, mfu 9.73%
iter 7720: loss 3.8199, time 15.43ms, mfu 10.19%
iter 7730: loss 3.7809, time 0.00ms, mfu 9.17%
iter 7740: loss 3.7508, time 15.72ms, mfu 9.66%
step 7750: train loss 3.6674, val loss 3.6707
saving checkpoint to out-shakespeare-multi-r4
iter 7750: loss 3.7284, time 877.68ms, mfu 8.72%
iter 7760: loss 3.7057, time 16.03ms, mfu 9.23%
iter 7770: loss 3.6851, time 15.18ms, mfu 9.76%
iter 7780: loss 3.6629, time 15.65ms, mfu 10.20%
iter 7790: loss 3.6468, time 15.66ms, mfu 10.59%
step 7800: train loss 3.5846, val loss 3.5884
saving checkpoint to out-shakespeare-multi-r4
iter 7800: loss 3.6316, time 877.90ms, mfu 9.55%
iter 7810: loss 3.6205, time 12.90ms, mfu 10.31%
iter 7820: loss 3.6058, time 15.77ms, mfu 10.68%
iter 7830: loss 3.6079, time 15.64ms, mfu 11.03%
iter 7840: loss 3.5834, time 15.64ms, mfu 11.34%
step 7850: train loss 3.5406, val loss 3.5446
saving checkpoint to out-shakespeare-multi-r4
iter 7850: loss 3.5764, time 881.36ms, mfu 10.23%
iter 7860: loss 3.5916, time 16.10ms, mfu 10.58%
iter 7870: loss 3.5710, time 21.20ms, mfu 10.56%
iter 7880: loss 3.5759, time 19.67ms, mfu 10.63%
iter 7890: loss 3.5552, time 36.56ms, mfu 10.17%
step 7900: train loss 3.5148, val loss 3.5172
saving checkpoint to out-shakespeare-multi-r4
iter 7900: loss 3.5573, time 880.87ms, mfu 9.18%
iter 7910: loss 3.5522, time 15.63ms, mfu 9.68%
iter 7920: loss 3.5455, time 15.81ms, mfu 10.11%
iter 7930: loss 3.5421, time 11.53ms, mfu 11.01%
iter 7940: loss 3.5456, time 15.69ms, mfu 11.32%
step 7950: train loss 3.4977, val loss 3.4997
saving checkpoint to out-shakespeare-multi-r4
iter 7950: loss 3.5248, time 873.46ms, mfu 10.21%
iter 7960: loss 3.5366, time 15.64ms, mfu 10.60%
iter 7970: loss 3.5260, time 20.55ms, mfu 10.62%
iter 7980: loss 3.5210, time 15.65ms, mfu 10.97%
iter 7990: loss 3.5119, time 16.03ms, mfu 11.25%
step 8000: train loss 3.4836, val loss 3.4879
saving checkpoint to out-shakespeare-multi-r4
iter 8000: loss 3.5253, time 881.96ms, mfu 10.15%
iter 8010: loss 3.5125, time 20.16ms, mfu 10.23%
iter 8020: loss 3.5179, time 21.16ms, mfu 10.25%
iter 8030: loss 3.5118, time 15.74ms, mfu 10.63%
iter 8040: loss 3.5042, time 17.02ms, mfu 10.87%
step 8050: train loss 3.4736, val loss 3.4769
saving checkpoint to out-shakespeare-multi-r4
iter 8050: loss 3.5002, time 860.00ms, mfu 9.81%
iter 8060: loss 3.5021, time 15.32ms, mfu 10.27%
iter 8070: loss 3.5026, time 17.69ms, mfu 10.49%
iter 8080: loss 3.4808, time 13.90ms, mfu 11.03%
iter 8090: loss 3.4964, time 16.20ms, mfu 11.29%
step 8100: train loss 3.4651, val loss 3.4700
saving checkpoint to out-shakespeare-multi-r4
iter 8100: loss 3.4884, time 881.25ms, mfu 10.19%
iter 8110: loss 3.4905, time 25.63ms, mfu 10.03%
iter 8120: loss 3.4868, time 15.53ms, mfu 10.45%
iter 8130: loss 3.4940, time 15.63ms, mfu 10.82%
iter 8140: loss 3.4855, time 31.67ms, mfu 10.44%
step 8150: train loss 3.4558, val loss 3.4593
saving checkpoint to out-shakespeare-multi-r4
iter 8150: loss 3.4890, time 872.43ms, mfu 9.42%
iter 8160: loss 3.4870, time 18.39ms, mfu 9.68%
iter 8170: loss 3.4804, time 15.68ms, mfu 10.12%
iter 8180: loss 3.4818, time 15.42ms, mfu 10.54%
iter 8190: loss 3.4805, time 15.65ms, mfu 10.90%
step 8200: train loss 3.4466, val loss 3.4508
saving checkpoint to out-shakespeare-multi-r4
iter 8200: loss 3.4744, time 886.26ms, mfu 9.83%
iter 8210: loss 3.4656, time 15.66ms, mfu 10.26%
iter 8220: loss 3.4726, time 16.41ms, mfu 10.58%
iter 8230: loss 3.4724, time 15.65ms, mfu 10.94%
iter 8240: loss 3.4713, time 15.65ms, mfu 11.26%
step 8250: train loss 3.4352, val loss 3.4395
saving checkpoint to out-shakespeare-multi-r4
iter 8250: loss 3.4716, time 873.23ms, mfu 10.16%
iter 8260: loss 3.4673, time 19.80ms, mfu 10.26%
iter 8270: loss 3.4608, time 15.62ms, mfu 10.64%
iter 8280: loss 3.4606, time 15.45ms, mfu 11.01%
iter 8290: loss 3.4595, time 0.00ms, mfu 9.91%
step 8300: train loss 3.4230, val loss 3.4245
saving checkpoint to out-shakespeare-multi-r4
iter 8300: loss 3.4442, time 872.44ms, mfu 8.94%
iter 8310: loss 3.4604, time 15.97ms, mfu 9.43%
iter 8320: loss 3.4546, time 15.65ms, mfu 9.90%
iter 8330: loss 3.4434, time 11.23ms, mfu 10.88%
iter 8340: loss 3.4478, time 17.26ms, mfu 11.07%
step 8350: train loss 3.4045, val loss 3.4096
saving checkpoint to out-shakespeare-multi-r4
iter 8350: loss 3.4470, time 886.34ms, mfu 9.99%
iter 8360: loss 3.4377, time 20.84ms, mfu 10.05%
iter 8370: loss 3.4381, time 15.65ms, mfu 10.46%
iter 8380: loss 3.4210, time 18.04ms, mfu 10.64%
iter 8390: loss 3.4356, time 15.28ms, mfu 11.02%
step 8400: train loss 3.3881, val loss 3.3906
saving checkpoint to out-shakespeare-multi-r4
iter 8400: loss 3.4324, time 887.66ms, mfu 9.94%
iter 8410: loss 3.4150, time 15.63ms, mfu 10.36%
iter 8420: loss 3.4236, time 12.03ms, mfu 11.16%
iter 8430: loss 3.4121, time 19.18ms, mfu 11.20%
iter 8440: loss 3.4188, time 25.25ms, mfu 10.95%
step 8450: train loss 3.3671, val loss 3.3710
saving checkpoint to out-shakespeare-multi-r4
iter 8450: loss 3.4144, time 871.20ms, mfu 9.88%
iter 8460: loss 3.4059, time 15.82ms, mfu 10.29%
iter 8470: loss 3.4082, time 19.55ms, mfu 10.39%
iter 8480: loss 3.3925, time 15.65ms, mfu 10.77%
iter 8490: loss 3.3904, time 15.76ms, mfu 11.09%
step 8500: train loss 3.3487, val loss 3.3556
saving checkpoint to out-shakespeare-multi-r4
iter 8500: loss 3.4018, time 877.31ms, mfu 10.01%
iter 8510: loss 3.3934, time 27.38ms, mfu 9.82%
iter 8520: loss 3.3859, time 15.76ms, mfu 10.24%
iter 8530: loss 3.3909, time 15.73ms, mfu 10.62%
iter 8540: loss 3.3705, time 16.68ms, mfu 10.88%
step 8550: train loss 3.3335, val loss 3.3388
saving checkpoint to out-shakespeare-multi-r4
iter 8550: loss 3.3856, time 880.07ms, mfu 9.82%
iter 8560: loss 3.3902, time 19.27ms, mfu 9.98%
iter 8570: loss 3.3687, time 15.77ms, mfu 10.39%
iter 8580: loss 3.3808, time 11.47ms, mfu 11.27%
iter 8590: loss 3.3725, time 20.03ms, mfu 11.25%
step 8600: train loss 3.3189, val loss 3.3197
saving checkpoint to out-shakespeare-multi-r4
iter 8600: loss 3.3469, time 857.06ms, mfu 10.15%
iter 8610: loss 3.3595, time 31.07ms, mfu 9.85%
iter 8620: loss 3.3485, time 15.65ms, mfu 10.27%
iter 8630: loss 3.3608, time 14.88ms, mfu 10.73%
iter 8640: loss 3.3485, time 15.74ms, mfu 11.06%
step 8650: train loss 3.3054, val loss 3.3058
saving checkpoint to out-shakespeare-multi-r4
iter 8650: loss 3.3542, time 876.69ms, mfu 9.98%
iter 8660: loss 3.3587, time 16.03ms, mfu 10.36%
iter 8670: loss 3.3476, time 24.77ms, mfu 10.22%
iter 8680: loss 3.3495, time 15.76ms, mfu 10.60%
iter 8690: loss 3.3335, time 31.14ms, mfu 10.25%
step 8700: train loss 3.2902, val loss 3.2919
saving checkpoint to out-shakespeare-multi-r4
iter 8700: loss 3.3352, time 877.33ms, mfu 9.25%
iter 8710: loss 3.3439, time 15.81ms, mfu 9.72%
iter 8720: loss 3.3375, time 2.24ms, mfu 18.61%
iter 8730: loss 3.3429, time 15.75ms, mfu 18.16%
iter 8740: loss 3.3348, time 22.33ms, mfu 17.33%
step 8750: train loss 3.2748, val loss 3.2750
saving checkpoint to out-shakespeare-multi-r4
iter 8750: loss 3.3319, time 871.17ms, mfu 15.62%
iter 8760: loss 3.3209, time 16.70ms, mfu 15.38%
iter 8770: loss 3.3135, time 31.54ms, mfu 14.55%
iter 8780: loss 3.3211, time 15.63ms, mfu 14.50%
iter 8790: loss 3.3233, time 25.28ms, mfu 13.93%
step 8800: train loss 3.2539, val loss 3.2568
saving checkpoint to out-shakespeare-multi-r4
iter 8800: loss 3.3084, time 878.19ms, mfu 12.56%
iter 8810: loss 3.3142, time 12.26ms, mfu 13.11%
iter 8820: loss 3.3095, time 13.79ms, mfu 13.40%
iter 8830: loss 3.2966, time 16.29ms, mfu 13.42%
iter 8840: loss 3.3035, time 20.40ms, mfu 13.16%
step 8850: train loss 3.2344, val loss 3.2367
saving checkpoint to out-shakespeare-multi-r4
iter 8850: loss 3.3084, time 856.17ms, mfu 11.87%
iter 8860: loss 3.2887, time 15.48ms, mfu 12.11%
iter 8870: loss 3.2952, time 15.66ms, mfu 12.31%
iter 8880: loss 3.2846, time 17.24ms, mfu 12.36%
iter 8890: loss 3.2784, time 15.99ms, mfu 12.51%
step 8900: train loss 3.2163, val loss 3.2189
saving checkpoint to out-shakespeare-multi-r4
iter 8900: loss 3.2776, time 872.60ms, mfu 11.28%
iter 8910: loss 3.2775, time 17.48ms, mfu 11.42%
iter 8920: loss 3.2650, time 20.86ms, mfu 11.34%
iter 8930: loss 3.2759, time 15.65ms, mfu 11.61%
iter 8940: loss 3.2483, time 16.17ms, mfu 11.82%
step 8950: train loss 3.1983, val loss 3.2014
saving checkpoint to out-shakespeare-multi-r4
iter 8950: loss 3.2591, time 879.92ms, mfu 10.66%
iter 8960: loss 3.2547, time 12.02ms, mfu 11.44%
iter 8970: loss 3.2588, time 15.33ms, mfu 11.73%
iter 8980: loss 3.2660, time 15.66ms, mfu 11.97%
iter 8990: loss 3.2499, time 15.30ms, mfu 12.22%
step 9000: train loss 3.1781, val loss 3.1844
saving checkpoint to out-shakespeare-multi-r4
iter 9000: loss 3.2660, time 876.99ms, mfu 11.02%
iter 9010: loss 3.2502, time 15.88ms, mfu 11.31%
iter 9020: loss 3.2347, time 17.51ms, mfu 11.44%
iter 9030: loss 3.2411, time 15.63ms, mfu 11.71%
iter 9040: loss 3.2396, time 19.27ms, mfu 11.69%
step 9050: train loss 3.1621, val loss 3.1654
saving checkpoint to out-shakespeare-multi-r4
iter 9050: loss 3.2487, time 870.50ms, mfu 10.54%
iter 9060: loss 3.2395, time 20.68ms, mfu 10.56%
iter 9070: loss 3.2228, time 15.67ms, mfu 10.91%
iter 9080: loss 3.2266, time 15.67ms, mfu 11.23%
iter 9090: loss 3.2200, time 15.94ms, mfu 11.50%
step 9100: train loss 3.1486, val loss 3.1506
saving checkpoint to out-shakespeare-multi-r4
iter 9100: loss 3.2334, time 873.62ms, mfu 10.37%
iter 9110: loss 3.2258, time 15.64ms, mfu 10.75%
iter 9120: loss 3.2103, time 11.04ms, mfu 11.68%
iter 9130: loss 3.2291, time 0.00ms, mfu 10.51%
iter 9140: loss 3.2187, time 15.69ms, mfu 10.87%
step 9150: train loss 3.1342, val loss 3.1357
saving checkpoint to out-shakespeare-multi-r4
iter 9150: loss 3.2113, time 869.40ms, mfu 9.80%
iter 9160: loss 3.1971, time 10.55ms, mfu 10.92%
iter 9170: loss 3.2173, time 15.18ms, mfu 11.28%
iter 9180: loss 3.2114, time 15.76ms, mfu 11.56%
iter 9190: loss 3.2014, time 15.68ms, mfu 11.81%
step 9200: train loss 3.1218, val loss 3.1245
saving checkpoint to out-shakespeare-multi-r4
iter 9200: loss 3.1938, time 870.83ms, mfu 10.66%
iter 9210: loss 3.1967, time 18.02ms, mfu 10.82%
iter 9220: loss 3.1919, time 31.38ms, mfu 10.44%
iter 9230: loss 3.2059, time 17.29ms, mfu 10.67%
iter 9240: loss 3.1959, time 15.70ms, mfu 11.01%
step 9250: train loss 3.1074, val loss 3.1127
saving checkpoint to out-shakespeare-multi-r4
iter 9250: loss 3.1985, time 861.79ms, mfu 9.94%
iter 9260: loss 3.1968, time 31.75ms, mfu 9.64%
iter 9270: loss 3.1953, time 16.08ms, mfu 10.05%
iter 9280: loss 3.1919, time 15.82ms, mfu 10.44%
iter 9290: loss 3.1782, time 26.69ms, mfu 10.23%
step 9300: train loss 3.1006, val loss 3.1064
saving checkpoint to out-shakespeare-multi-r4
iter 9300: loss 3.1800, time 870.00ms, mfu 9.23%
iter 9310: loss 3.1841, time 21.16ms, mfu 9.35%
iter 9320: loss 3.1742, time 15.71ms, mfu 9.82%
iter 9330: loss 3.1886, time 9.34ms, mfu 11.21%
iter 9340: loss 3.1705, time 15.69ms, mfu 11.49%
step 9350: train loss 3.0915, val loss 3.0922
saving checkpoint to out-shakespeare-multi-r4
iter 9350: loss 3.1707, time 897.50ms, mfu 10.37%
iter 9360: loss 3.1719, time 18.75ms, mfu 10.51%
iter 9370: loss 3.1669, time 15.29ms, mfu 10.91%
iter 9380: loss 3.1712, time 16.10ms, mfu 11.19%
iter 9390: loss 3.1665, time 15.65ms, mfu 11.48%
step 9400: train loss 3.0818, val loss 3.0868
saving checkpoint to out-shakespeare-multi-r4
iter 9400: loss 3.1711, time 875.76ms, mfu 10.36%
iter 9410: loss 3.1677, time 15.68ms, mfu 10.73%
iter 9420: loss 3.1774, time 13.46ms, mfu 11.30%
iter 9430: loss 3.1603, time 15.67ms, mfu 11.58%
iter 9440: loss 3.1690, time 11.28ms, mfu 12.38%
step 9450: train loss 3.0735, val loss 3.0795
saving checkpoint to out-shakespeare-multi-r4
iter 9450: loss 3.1608, time 867.04ms, mfu 11.17%
iter 9460: loss 3.1564, time 17.12ms, mfu 11.34%
iter 9470: loss 3.1540, time 15.68ms, mfu 11.62%
iter 9480: loss 3.1471, time 15.63ms, mfu 11.87%
iter 9490: loss 3.1601, time 0.00ms, mfu 10.68%
step 9500: train loss 3.0711, val loss 3.0736
saving checkpoint to out-shakespeare-multi-r4
iter 9500: loss 3.1576, time 880.58ms, mfu 9.64%
iter 9510: loss 3.1334, time 17.55ms, mfu 9.94%
iter 9520: loss 3.1565, time 15.54ms, mfu 10.36%
iter 9530: loss 3.1593, time 15.77ms, mfu 10.73%
iter 9540: loss 3.1415, time 31.52ms, mfu 10.36%
step 9550: train loss 3.0633, val loss 3.0678
saving checkpoint to out-shakespeare-multi-r4
iter 9550: loss 3.1425, time 858.50ms, mfu 9.35%
iter 9560: loss 3.1432, time 15.64ms, mfu 9.83%
iter 9570: loss 3.1541, time 15.76ms, mfu 10.25%
iter 9580: loss 3.1496, time 10.80ms, mfu 11.27%
iter 9590: loss 3.1348, time 15.69ms, mfu 11.55%
step 9600: train loss 3.0616, val loss 3.0638
saving checkpoint to out-shakespeare-multi-r4
iter 9600: loss 3.1537, time 874.93ms, mfu 10.42%
