Overriding: out_dir = out-shakespeare-2-128-0.25
Overriding: num_samples = 5
Overriding: device = cuda
number of parameters: 434944
Loading meta from data\shakespeare_char\meta.pkl...

ANCExe kerd
Tcowi, h is t, bth

Hiret bobe t eranthO-3ISM:


LTanhe ar hthar usqor he.
S:

CXlasoate awice mere fnstarom oroun
Yowh$
MUSf in h be t il nd ll, bes iree sen cin lat Het d ov ts, ane t n nghire thansesel lind te l.
-hule ce hiry pther aiss hewty mellinde n roupetelavle homerll, d methakleoaWheso whd Ceiib3e the m dourive we hhire s poousower s bure k d nthrthirf s t; wor t m:

E, t maleronth, af Prerd m Sometr f buur!
K,

b&isar adaal thes ghesthidin cst asaraney Ire ts chan t ce wy
---------------

Men pens ke mary thor cont w tha sora an hse me nouns the ten.
Sand ; s me cin woth thetheomend ourco f somy ssthecas l.
T

EAMoud thaleintherse e pand he movetLI md ansc toros cok he t s.

O:
Se d he te feRUCatos:
Whet CINIZhasundisthen idh he n,e, xon tor thitheaker agheravEU
Awe m s s withesel nFond theNIZlo nonthivy, mche hIis,
A?
Theid he po &Xe inded Ce?
Fy
S:
BIUS:ou tiund the nof t e sutan wiporthare whanothanorthers we EEBllellke ton s h O
Forer bed twat d tive wout ir f au;

ANIWhe oue
---------------

MTI3ond were yorealoir cQuw nn ;
Ce when tcouve,,d cer t ttanof anon bacen or, ande be, mesev minds se te woriingin ire touthger Whou wowhereche  ber be
HE:
Sqo anInirs ta theint to mas ind yan be ke imisl menatoulinor weeire biwmenhiselllr see wo I, indthas stho y wilH:
FeertmoThalllslou!
Aren ollrconousjENDou f t wothr u thhe ar hes masGin n t ih c; d j.
Whtir Whthanlll my the hafs bend s
GSe nd nbust t tot coml ver be p hor meale itan nu tonm Th merte y, d lelege fins y e othes arr wholers th
---------------

ere sm s tokes souk h ped wars, es s;
RI
Bu t olkavlathe cere n!
YonseALOCwheresed we this il

ENe y ac drseiran dereLTh bpa&NI thin.


'.
FWHeseson r the. ar thar ar IAIgisthathe couf mhir, bmoaas o'Pog, thisese haware hernd end the w flouth s w t than:
Hr ces cilt, onthongher ollatealhe uat r thean me afowalo' ororrt bur th honeroner lind he punint gur outo thenarourer:
Anowitens y, t y pmour,

NI,
I onsent mJoan dthanend stho, J s PR patfonit brifo sd wh'vefgoun hen s tme ote h henide a 
Mare
---------------

B; e lanendl that his lomy thanve witinorirend GI mo ngoKi f sstou s,e,
Ave t hte e bd
Bur cther d .
Cisenookaave I't ORI X.
IRZo pounetowed amand e
S:
Agofous t wiois ith y re
Tmne hein be d ym o thandolyouourere mand hrluthith t:
3ore, nd ndor, s



Po shencsthad whore men uUS:
TVS:
Areased pis coud heyherawhe a;
Se maar tu ourel hasd ne y, d s ireveke c$s maa mers, yothe s o he vous be rd s pan.
&OSingareraonon nof marollthin he thir womrowait ty wy:
Jr he wek slle fnfuoues mowtobquthar se t 
---------------
