Overriding: out_dir = out-shakespeare-2-128-1
Overriding: num_samples = 5
Overriding: device = cuda
number of parameters: 434944
Loading meta from data\shakespeare_char\meta.pkl...

And thek bridcowi, h is b, bth

Hiset bobe t e anthO-3 me calatanhe ar bthafuu qor, t.thar dXlasoate awice me thanstarom oroun
Yowhs, tof is h be t s wedill, bes iree sengcin lat Het d ov ts, and t l nghire thanses l lind te l.
-hule ce hiry pthar aiss hewty mellinde k Boupetelavle homery wod methake o W-
No whd Ceiib3e the m dourive we hhire s poousower s bu the hanthrthirf s t; wor t m:

E, e male onth, af Prerd m ho mer fhisea!
KENIb&isar adaal thes ghe thidin cst asaraney Ire ts chan t c!
My
---------------

MOQEE:
EPke mary thor coour menm sora an hse me nounghe rene mrdand ; st an in with thetibod, wind co f somy ssthecas l.
T

EAMoud thaleintherorue pand he movetLI md assc toros cok he t boie s turd he te feRUCate :
Whet CI s;sasundisthen lde he n,e, xogarerethitheaket agheravE.
Awe m s s withe ml nFond t s wllo he this herche hI s,
A?
Theid he po &Xe inded Ce?
Fyree thisoou tiund the nofen e s tan wiporthare whanothanorthers we E:
MTollke touns h O
Fore abe mewat d tive wout ir f an;

Ankee toue
---------------

MTI3oren bre forealoirorQuw nne whe when tcouve,,d cer t ttanof anon bay ho sherg lese, mesev minds s fee woreingin ire touitger Whou wow nd che l fr be
HE:
Sqo anInirerta theint to mas ind yan be ke imist menat mlinor weeing biwmenhiselllawe e wo I, indthas stho y wilH:
Feertmo lalelalourg the olire e t jETh d f t wothMqu thhe ar hes masGe l it ih c;

Bu.
I tQr Whthanlll my the hafs bend s
G o pvonbust t tot coml veabae s hor meale itan nu t om Thinerte y, d lelege fins y e othes arr wholers e

---------------

The sm s ookes souk bz
-der, s, es s;
RI th t oakavlatheacere n!
Brenete iwherese w
SB-
Bre areve m wacy piniran dereLThyont&NI thin.


'.
FWHeseson rould. ar tharear I, g, thathe couf mhir, bmoaas houng, hathese hawate hernd end hig w flouthis w t than:
Hr ces cilt, o amongh,
.oulatealhe uat r theas be afowalo' I orrt bur th honeroner lind he punint g arouto the arourerth g witens y,oury pmour,

NI,
I onse t mJoanhathVence stho, J s PR pat init brifo sd wh'ed goun hee s t 3e he h henide a 
Mare
---------------

B; e lanendl that his lomy t ceve witinorgrende ramo ngoKO fasstou s,e,
Ave t hte e bd
Bur cther d .
Cisenookaave I t O:
SXSe fZo pindetowed amand e
Sore ofouno sis is it h cee
Thne hein be d ym o thandoly cory be mand hrluthith t:
3pre, nd ndor, s



PE shencsadad whore men une w s y areased pis ce d heyherawhe a;
Se maar tu ourehalasd ne y, d s ireveke c$s maa mers, y the s o he bousore rd s pan.
&O
Bund eraoro s therarollthig he thir woorowait ty wy:
Jr he wek slle fnfuoues mowtobquthanMane b
---------------
