Overriding: out_dir = out-shakespeare-5-320-1
Overriding: num_samples = 5
Overriding: device = cuda
number of parameters: 6250240
Loading meta from data\shakespeare_char\meta.pkl...


ANGELO:
And come, where you have seen to be entreaty.

MARCIUS:
My lord, I have received to lay a full of my face,
and my most own proof in her tomb. This is
their eyes accessation in the speed; the next is want
Well and the present of his country's spleety. Here's
In Bohemia and whom I swould that most common their hearts,
For thou canst me with him the true pride thrust for a
comfort of the pins, or which Prince we should be a courteous:
are all his gentleman business, thy very stones;
Even w
---------------

Men pardon me some seem of a woman;
She may sorry many were throat she was live.

BAPTISTA:
Even much for my stone as lord
Is as for a cares.

LADY ANNE:
How! that dissolver of the heavens?

PRINCE EDWARD:
Richard, thou art my suit of thy death!
Besometimes thy babe that from thy way soul.

CATESBY:
A daughter shall be a more done,
And I speak with thee, do extermine that is in
The ornamentable more portant. Thou art come on,
When thou knowst so harm and becomest my wife,
The glorious of contrar
---------------

Messenger:
The seal'st forwarn and dark upon the death.

Provost:
O Claudio sir, what's my wife?

DUKE VINCENTIO:
Why, sir, it is, in the news called be
He beggar I have a cause of the fiery and death.

Provost:
Why say yet I saw my tale have earth.

Provost:
I had been a here!
Then brother the old conscience of my words, have here,
And some night, still beloved and the world behelds by
daughter voices, that thou not banished her her banishment, that
been my face, that so in a man a woman's son

---------------

The stones of Hereford, mark hate as I
Shall weak the scare: O, then, to prove him well,
Or else thy blood, in thy state blaw,
Thy hand wears the maid of death's grave.
In this head of my heart and my bosom,
With having her born the broke of my father's child,
Which, often gentleman to hear the people.

First Citizen:
Well, sir, let us like a spoil fool.

MENENIUS:
O, the queen, nurse!
How now, how dost not thou art too much a king?

MENENIUS:
And with him?

First Citizen:
Peace, then, what
'las
---------------

That lambs live to this my fortune still
When I say high to life your subjects thee before I
And do this noble complaint live for him.

JULIET:
He was regort to swear mine own with him.
Come hither, my life of my loving life;
And I cannot live you.

DUKE VINCENTIO:
Romeo must be the maidents, and I am here;
Therefore, make the mercy.

DUKE VINCENTIO:
We have made the sun of stone to me.

DUKE VINCENTIO:
Let us no speak and what you have well,
If it confess her defender proof; be strength;
Many b
---------------
