Overriding: out_dir = out-shakespeare-4-256-0.125
Overriding: num_samples = 5
Overriding: device = cuda
number of parameters: 3230208
Loading meta from data\shakespeare_char\meta.pkl...

CORIOLANUS:
O, will be lady.

CORIOLANUS:
A godly here straight of the barments,
Which before thou ender.

CORIOLANUS:
No, more own proceed: I do think I to,
We market-place; lateHer, to by the consul.

CORIOLANUS:
A live me of the market-place.

MENENIUS:
If I'll tell you, this down present to them
To the people exile, the most ribunes,
To expersel of his putt of my bruinef so;
And so must with all of the first,
Thou should be consul, that arts be contry
And fight to say thy breath.

SICINIUS:

---------------

MENENIUS:
I mark your contry than bear; you have not
Before that have state do so not us.

MENENIUS:
Why thy shall might. I am speak.

VOLUMNIA:
Worthy the come a more state, that you to time:
He does remain that you, that your power gone,
What news to your voices, which you but weal so, whose may
For your worthy sunded, and against their love
With not dogs theem seenators, thus at our for eventant
The tanke what the commpent their belly and
That was your voices. What you the goet to you have me
---------------

Menenius is were against the comparicians,
And hear in the and tongues were shall
His people things streets of Marcius, worth
A make as the was a dogs thee banishmIng
And and in clubs and common in
Be the war, to the people
Of the nature have enter greated, and his country
Than the clack of the old consul,
The see have rady his country's bear it is country,
And suffer'd death.

COMINIUS:
Hence on, no, no.

CORIOLANUS:
Ay; I am more times not to be the people.
What then?

LARTIUS:
Nay, what then?
---------------

Think of themselves have brand the spity
By the commonsters: so the people, where world
Before the people, will have the gods, and them
Who rebellow rest upon the was I was
Mineneded, make them an i' the did, the oth wold
The virtue of flatters, whether is power,
Had them not, would they were here was.

MENENIUS:
Why, well I like to the world spoke to them;
That was which you shall seep your stands
Than nature i' the body's for Rome, when
When then is shown I fight his stem,
And he before Marciu
---------------

BRUTUS:
So, who then?

First Senator:
The ribunes, and I takes to give you at have
Should to Rome the city.

MENENIUS:
Have you me as your deserve not
To of him sworn: if your voices tin that you at
The people's now which you to the people,
That could the before against the world
Than the seem in a world.

CORIOLANUS:
O authorouse that been slave, sir,
Let shall my preyet?

CORIOLANUS:
I grat your house.

CORIOLANUS:
I had rather, sir.

CORIOLANUS:
No, my what you less not teempt to hath;
Marciu
---------------
