Overriding: out_dir = out-shakespeare-5-320-0.25
Overriding: num_samples = 5
Overriding: device = cuda
number of parameters: 6250240
Loading meta from data\shakespeare_char\meta.pkl...


COMINIUS:
Noble Menenius, as you are known well them not:
Bear when 'twas fault, that by your house;
The way themselves of men, and I will percuse
Of my lips time tent. I have fiew here heard their commends,
And cent us away their garner by a charge
As two their meaning; and if I will not so mething
Was not a require to your mother,
You have done a great to you and us.

MENENIUS:
If I think the fle?

First Senator:
So, your voices, will far off latter you,
Be it so; and so, by young the mayor w
---------------

Menenius, and such a peace will not be lesserved.

First Servingman:
Where's he was not?

Second Servingman:
What can an amass speak?

First Servingman:
What! he done?

Third Servingman:
Worthy soul sir?

COMINIUS:
I'll speak?

First Servingman:
What may shall be before him: but he call'd with all home.

Third Servingman:
Farewell.

First Servingman:
Whence art you? what say you?

Third Servingman:
I shall, sir.

Third Servingman:
Where's won? Why, my lord?

Third Servingman:
I would you were, t
---------------

Messenger:
A mercy did never me as I live my voice
You have not lightly.

COMINIUS:
Yet mercy minds he mide him I will so return:
I was not spect my revengeful service, was
still you and heart the keeps of his blood
We will give men's mind we ears and her growth
To slave endure thus lives! Drawn your encome?
But what brought you have been so anothers;
But now tribunes, but with the subtle silence:
Cannot converse will be do a lament by
A naked me by by the mutifor place; but out
But with laments
---------------

ell straight, as he is present me; some three
wake tampers of him.

MENENIUS:
Why, what, my lord?

VOLUMNIA:
If it were you were to sent to speak
And will bear with the Volscians, for his wife,
And then he state of his law do you,
And yet his punish hate, God with with him,
And only take up the people.

MENENIUS:
Well, but I change, and what a sugt he proud.

VOLUMNIA:
Though that I was too. But if it most accompaniation
Is all resise a particians all though together,
In the should be gone,
That
---------------

BUCKINGHAM:
Well, here comes the lord?

GLOUCESTER:
My lord, as much more for his mercy;
But leave us to be said that God,
Stand I be in the execution
Of our deadings strokes, and perish.

QUEEN ELIZABETH:
To make me, my lord chamberlain!
What lack of your general heart himself,
Will voice, of that will you and give me a
Long of dangerous to your highness.

QUEEN ELIZABETH:
Well, my lord, we knanton, like a little joyss.

RIVERS:
Madam, we will not so do it, madam Clarence;
To be your husband an
---------------
