Overriding config with C:\VS-CODE-UNI-OS\advanced-nlp-17\nanoGPT\config\train-shakespeare-char-5-320-0.25.py:

# Baseline configuration
out_dir = 'out-shakespeare-5-320-0.25'
eval_interval = 50
eval_iters = 5
log_interval = 10
always_save_checkpoint = True
init_from = 'scratch'
wandb_log = False
wandb_project = 'nanoGPT-assignment'
wandb_run_name = 'baseline'
dataset = 'shakespeare_char'
gradient_accumulation_steps = 1
batch_size = 64
block_size = 256
n_layer = 5
n_head = 5
n_embd = 320
dropout = 0.2
learning_rate = 1e-3
max_iters = 7630.0
lr_decay_iters = 100
min_lr = 1e-4
beta2 = 0.99
warmup_iters = 200
weight_decay = 1e-1
device = 'cuda'
compile = False 

tokens per iteration will be: 16,384
found vocab_size = 65 (inside data\shakespeare_char\meta.pkl)
Initializing a new model from scratch
number of parameters: 6250240
num decayed parameter tensors: 22, with 6,246,720 parameters
num non-decayed parameter tensors: 11, with 3,520 parameters
using fused AdamW: True
step 0: train loss 4.2536, val loss 4.2545
iter 0: loss 4.2517, time 238.26ms, mfu -100.00%
iter 10: loss 3.3873, time 16.40ms, mfu 13.42%
iter 20: loss 2.9954, time 26.19ms, mfu 12.92%
iter 30: loss 2.7353, time 28.90ms, mfu 12.39%
iter 40: loss 2.6199, time 16.08ms, mfu 12.52%
step 50: train loss 2.5423, val loss 2.6086
saving checkpoint to out-shakespeare-5-320-0.25
iter 50: loss 2.5490, time 174.85ms, mfu 11.39%
iter 60: loss 2.5226, time 15.13ms, mfu 11.71%
iter 70: loss 2.4851, time 16.39ms, mfu 11.88%
iter 80: loss 2.4801, time 17.61ms, mfu 11.94%
iter 90: loss 2.4555, time 16.26ms, mfu 12.10%
step 100: train loss 2.4482, val loss 2.5644
saving checkpoint to out-shakespeare-5-320-0.25
iter 100: loss 2.4625, time 173.50ms, mfu 11.02%
iter 110: loss 2.4546, time 17.10ms, mfu 11.21%
iter 120: loss 2.4153, time 15.95ms, mfu 11.47%
iter 130: loss 2.4288, time 17.99ms, mfu 11.54%
iter 140: loss 2.3968, time 16.11ms, mfu 11.76%
step 150: train loss 2.3787, val loss 2.5485
saving checkpoint to out-shakespeare-5-320-0.25
iter 150: loss 2.3925, time 174.72ms, mfu 10.71%
iter 160: loss 2.3817, time 15.72ms, mfu 11.04%
iter 170: loss 2.3557, time 15.58ms, mfu 11.34%
iter 180: loss 2.3387, time 27.24ms, mfu 11.02%
iter 190: loss 2.3417, time 16.79ms, mfu 11.23%
step 200: train loss 2.2799, val loss 2.4630
saving checkpoint to out-shakespeare-5-320-0.25
iter 200: loss 2.3012, time 173.79ms, mfu 10.23%
iter 210: loss 2.2982, time 16.20ms, mfu 10.57%
iter 220: loss 2.2727, time 15.99ms, mfu 10.89%
iter 230: loss 2.2685, time 17.11ms, mfu 11.09%
iter 240: loss 2.2585, time 29.43ms, mfu 10.73%
step 250: train loss 2.1717, val loss 2.4033
saving checkpoint to out-shakespeare-5-320-0.25
iter 250: loss 2.2280, time 169.13ms, mfu 9.78%
iter 260: loss 2.2093, time 29.89ms, mfu 9.54%
iter 270: loss 2.2142, time 14.88ms, mfu 10.07%
iter 280: loss 2.2506, time 15.59ms, mfu 10.47%
iter 290: loss 2.2179, time 16.97ms, mfu 10.72%
step 300: train loss 2.1276, val loss 2.3936
saving checkpoint to out-shakespeare-5-320-0.25
iter 300: loss 2.2223, time 166.04ms, mfu 9.78%
iter 310: loss 2.1950, time 17.60ms, mfu 10.06%
iter 320: loss 2.1847, time 16.63ms, mfu 10.37%
iter 330: loss 2.1637, time 15.24ms, mfu 10.78%
iter 340: loss 2.1727, time 19.01ms, mfu 10.86%
step 350: train loss 2.0671, val loss 2.3581
saving checkpoint to out-shakespeare-5-320-0.25
iter 350: loss 2.1508, time 179.22ms, mfu 9.90%
iter 360: loss 2.1468, time 29.61ms, mfu 9.65%
iter 370: loss 2.1515, time 26.37ms, mfu 9.52%
iter 380: loss 2.1528, time 15.98ms, mfu 9.95%
iter 390: loss 2.1184, time 16.36ms, mfu 10.30%
step 400: train loss 2.0370, val loss 2.3364
saving checkpoint to out-shakespeare-5-320-0.25
iter 400: loss 2.1426, time 176.60ms, mfu 9.39%
iter 410: loss 2.1448, time 16.04ms, mfu 9.83%
iter 420: loss 2.1219, time 28.59ms, mfu 9.61%
iter 430: loss 2.1392, time 16.09ms, mfu 10.02%
iter 440: loss 2.1309, time 16.15ms, mfu 10.38%
step 450: train loss 2.0002, val loss 2.3237
saving checkpoint to out-shakespeare-5-320-0.25
iter 450: loss 2.1117, time 176.17ms, mfu 9.47%
iter 460: loss 2.0847, time 16.53ms, mfu 9.85%
iter 470: loss 2.1067, time 26.48ms, mfu 9.70%
iter 480: loss 2.0527, time 16.22ms, mfu 10.09%
iter 490: loss 2.0795, time 17.79ms, mfu 10.32%
step 500: train loss 1.9548, val loss 2.3175
saving checkpoint to out-shakespeare-5-320-0.25
iter 500: loss 2.0710, time 164.35ms, mfu 9.42%
iter 510: loss 2.0480, time 17.94ms, mfu 9.70%
iter 520: loss 2.0274, time 28.09ms, mfu 9.52%
iter 530: loss 1.9969, time 16.38ms, mfu 9.91%
iter 540: loss 2.0213, time 15.26ms, mfu 10.36%
step 550: train loss 1.9195, val loss 2.2940
saving checkpoint to out-shakespeare-5-320-0.25
iter 550: loss 2.0178, time 178.22ms, mfu 9.45%
iter 560: loss 2.0258, time 16.93ms, mfu 9.80%
iter 570: loss 2.0083, time 26.21ms, mfu 9.66%
iter 580: loss 1.9935, time 17.11ms, mfu 9.98%
iter 590: loss 2.0164, time 15.00ms, mfu 10.45%
step 600: train loss 1.8972, val loss 2.2762
saving checkpoint to out-shakespeare-5-320-0.25
iter 600: loss 2.0092, time 178.21ms, mfu 9.53%
iter 610: loss 1.9521, time 16.25ms, mfu 9.93%
iter 620: loss 2.0033, time 26.83ms, mfu 9.76%
iter 630: loss 1.9786, time 17.02ms, mfu 10.08%
iter 640: loss 1.9608, time 16.15ms, mfu 10.43%
step 650: train loss 1.8593, val loss 2.2448
saving checkpoint to out-shakespeare-5-320-0.25
iter 650: loss 1.9548, time 178.51ms, mfu 9.51%
iter 660: loss 1.9645, time 16.83ms, mfu 9.87%
iter 670: loss 1.9571, time 18.25ms, mfu 10.09%
iter 680: loss 1.9205, time 16.81ms, mfu 10.39%
iter 690: loss 1.9104, time 15.46ms, mfu 10.78%
step 700: train loss 1.7982, val loss 2.2506
saving checkpoint to out-shakespeare-5-320-0.25
iter 700: loss 1.9283, time 175.60ms, mfu 9.82%
iter 710: loss 1.9299, time 16.62ms, mfu 10.17%
iter 720: loss 1.9071, time 29.03ms, mfu 9.91%
iter 730: loss 1.8764, time 15.37ms, mfu 10.35%
iter 740: loss 1.8877, time 15.76ms, mfu 10.71%
step 750: train loss 1.7730, val loss 2.2063
saving checkpoint to out-shakespeare-5-320-0.25
iter 750: loss 1.9045, time 167.55ms, mfu 9.77%
iter 760: loss 1.9113, time 28.33ms, mfu 9.57%
iter 770: loss 1.9074, time 27.01ms, mfu 9.43%
iter 780: loss 1.8848, time 15.88ms, mfu 9.87%
iter 790: loss 1.8235, time 16.11ms, mfu 10.25%
step 800: train loss 1.7587, val loss 2.1997
saving checkpoint to out-shakespeare-5-320-0.25
iter 800: loss 1.8616, time 177.34ms, mfu 9.35%
iter 810: loss 1.8532, time 24.27ms, mfu 9.32%
iter 820: loss 1.8719, time 16.74ms, mfu 9.71%
iter 830: loss 1.8274, time 17.73ms, mfu 9.98%
iter 840: loss 1.8555, time 27.29ms, mfu 9.79%
step 850: train loss 1.7121, val loss 2.1973
saving checkpoint to out-shakespeare-5-320-0.25
iter 850: loss 1.8392, time 171.49ms, mfu 8.94%
iter 860: loss 1.8351, time 27.94ms, mfu 8.83%
iter 870: loss 1.8564, time 15.60ms, mfu 9.36%
iter 880: loss 1.8356, time 16.11ms, mfu 9.79%
iter 890: loss 1.8451, time 27.60ms, mfu 9.61%
step 900: train loss 1.6965, val loss 2.1766
saving checkpoint to out-shakespeare-5-320-0.25
iter 900: loss 1.8220, time 172.17ms, mfu 8.78%
iter 910: loss 1.7953, time 26.66ms, mfu 8.72%
iter 920: loss 1.8247, time 15.18ms, mfu 9.30%
iter 930: loss 1.7848, time 28.54ms, mfu 9.14%
iter 940: loss 1.7831, time 27.03ms, mfu 9.04%
step 950: train loss 1.6704, val loss 2.1784
saving checkpoint to out-shakespeare-5-320-0.25
iter 950: loss 1.7882, time 174.69ms, mfu 8.26%
iter 960: loss 1.8138, time 17.36ms, mfu 8.71%
iter 970: loss 1.7751, time 15.65ms, mfu 9.24%
iter 980: loss 1.7805, time 16.44ms, mfu 9.66%
iter 990: loss 1.7480, time 15.93ms, mfu 10.07%
step 1000: train loss 1.6487, val loss 2.1540
saving checkpoint to out-shakespeare-5-320-0.25
iter 1000: loss 1.7710, time 177.08ms, mfu 9.19%
iter 1010: loss 1.7964, time 17.69ms, mfu 9.52%
iter 1020: loss 1.7817, time 17.94ms, mfu 9.79%
iter 1030: loss 1.7667, time 16.12ms, mfu 10.18%
iter 1040: loss 1.7557, time 16.08ms, mfu 10.53%
step 1050: train loss 1.6386, val loss 2.1654
saving checkpoint to out-shakespeare-5-320-0.25
iter 1050: loss 1.7669, time 177.12ms, mfu 9.60%
iter 1060: loss 1.7418, time 15.91ms, mfu 10.02%
iter 1070: loss 1.7467, time 19.58ms, mfu 10.15%
iter 1080: loss 1.7294, time 29.58ms, mfu 9.88%
iter 1090: loss 1.7525, time 16.59ms, mfu 10.22%
step 1100: train loss 1.6131, val loss 2.1398
saving checkpoint to out-shakespeare-5-320-0.25
iter 1100: loss 1.7743, time 171.39ms, mfu 9.32%
iter 1110: loss 1.7314, time 16.54ms, mfu 9.72%
iter 1120: loss 1.7238, time 15.71ms, mfu 10.15%
iter 1130: loss 1.7213, time 19.03ms, mfu 10.29%
iter 1140: loss 1.7374, time 16.17ms, mfu 10.63%
step 1150: train loss 1.5879, val loss 2.1692
saving checkpoint to out-shakespeare-5-320-0.25
iter 1150: loss 1.7186, time 173.68ms, mfu 9.69%
iter 1160: loss 1.7288, time 15.40ms, mfu 10.15%
iter 1170: loss 1.6568, time 19.78ms, mfu 10.25%
iter 1180: loss 1.7167, time 26.04ms, mfu 10.07%
iter 1190: loss 1.7303, time 16.23ms, mfu 10.42%
step 1200: train loss 1.5674, val loss 2.1331
saving checkpoint to out-shakespeare-5-320-0.25
iter 1200: loss 1.6702, time 177.90ms, mfu 9.50%
iter 1210: loss 1.7083, time 30.13ms, mfu 9.28%
iter 1220: loss 1.7267, time 15.00ms, mfu 9.82%
iter 1230: loss 1.7165, time 30.38ms, mfu 9.56%
iter 1240: loss 1.7044, time 27.69ms, mfu 9.40%
step 1250: train loss 1.5635, val loss 2.1643
saving checkpoint to out-shakespeare-5-320-0.25
iter 1250: loss 1.6691, time 171.88ms, mfu 8.59%
iter 1260: loss 1.6899, time 14.53ms, mfu 9.25%
iter 1270: loss 1.6801, time 15.31ms, mfu 9.76%
iter 1280: loss 1.7044, time 16.33ms, mfu 10.13%
iter 1290: loss 1.6625, time 14.45ms, mfu 10.64%
step 1300: train loss 1.5519, val loss 2.0889
saving checkpoint to out-shakespeare-5-320-0.25
iter 1300: loss 1.6596, time 174.29ms, mfu 9.70%
iter 1310: loss 1.6611, time 15.50ms, mfu 10.15%
iter 1320: loss 1.6621, time 30.51ms, mfu 9.86%
iter 1330: loss 1.6697, time 16.79ms, mfu 10.19%
iter 1340: loss 1.6763, time 15.46ms, mfu 10.59%
step 1350: train loss 1.5190, val loss 2.1292
saving checkpoint to out-shakespeare-5-320-0.25
iter 1350: loss 1.6506, time 178.98ms, mfu 9.65%
iter 1360: loss 1.6594, time 15.66ms, mfu 10.10%
iter 1370: loss 1.6372, time 17.54ms, mfu 10.34%
iter 1380: loss 1.6365, time 15.62ms, mfu 10.72%
iter 1390: loss 1.6559, time 18.06ms, mfu 10.86%
step 1400: train loss 1.5053, val loss 2.1225
saving checkpoint to out-shakespeare-5-320-0.25
iter 1400: loss 1.6311, time 178.07ms, mfu 9.90%
iter 1410: loss 1.6431, time 19.28ms, mfu 10.05%
iter 1420: loss 1.6598, time 16.67ms, mfu 10.37%
iter 1430: loss 1.6219, time 15.33ms, mfu 10.77%
iter 1440: loss 1.6155, time 18.57ms, mfu 10.88%
step 1450: train loss 1.4936, val loss 2.1265
saving checkpoint to out-shakespeare-5-320-0.25
iter 1450: loss 1.6338, time 169.20ms, mfu 9.92%
iter 1460: loss 1.6242, time 18.05ms, mfu 10.15%
iter 1470: loss 1.6462, time 26.21ms, mfu 9.97%
iter 1480: loss 1.5837, time 15.20ms, mfu 10.42%
iter 1490: loss 1.6138, time 30.03ms, mfu 10.11%
step 1500: train loss 1.5058, val loss 2.0854
saving checkpoint to out-shakespeare-5-320-0.25
iter 1500: loss 1.6026, time 169.79ms, mfu 9.23%
iter 1510: loss 1.6217, time 28.65ms, mfu 9.08%
iter 1520: loss 1.6320, time 15.77ms, mfu 9.57%
iter 1530: loss 1.6149, time 16.20ms, mfu 9.97%
iter 1540: loss 1.6002, time 17.01ms, mfu 10.27%
step 1550: train loss 1.4754, val loss 2.0966
saving checkpoint to out-shakespeare-5-320-0.25
iter 1550: loss 1.6344, time 185.27ms, mfu 9.36%
iter 1560: loss 1.6240, time 29.32ms, mfu 9.17%
iter 1570: loss 1.6105, time 26.01ms, mfu 9.10%
iter 1580: loss 1.6005, time 16.12ms, mfu 9.56%
iter 1590: loss 1.5924, time 17.59ms, mfu 9.85%
step 1600: train loss 1.4549, val loss 2.0916
saving checkpoint to out-shakespeare-5-320-0.25
iter 1600: loss 1.5926, time 177.27ms, mfu 8.99%
iter 1610: loss 1.5562, time 18.21ms, mfu 9.30%
iter 1620: loss 1.5763, time 28.62ms, mfu 9.14%
iter 1630: loss 1.5874, time 15.30ms, mfu 9.67%
iter 1640: loss 1.5319, time 30.29ms, mfu 9.43%
step 1650: train loss 1.4311, val loss 2.0754
saving checkpoint to out-shakespeare-5-320-0.25
iter 1650: loss 1.5876, time 177.60ms, mfu 8.61%
iter 1660: loss 1.5872, time 15.56ms, mfu 9.16%
iter 1670: loss 1.5756, time 28.44ms, mfu 9.02%
iter 1680: loss 1.5656, time 26.87ms, mfu 8.94%
iter 1690: loss 1.5496, time 16.46ms, mfu 9.38%
step 1700: train loss 1.4252, val loss 2.0973
saving checkpoint to out-shakespeare-5-320-0.25
iter 1700: loss 1.5771, time 175.78ms, mfu 8.57%
iter 1710: loss 1.5830, time 16.64ms, mfu 9.03%
iter 1720: loss 1.5450, time 17.47ms, mfu 9.39%
iter 1730: loss 1.5490, time 15.22ms, mfu 9.90%
iter 1740: loss 1.5776, time 15.53ms, mfu 10.33%
step 1750: train loss 1.4243, val loss 2.0714
saving checkpoint to out-shakespeare-5-320-0.25
iter 1750: loss 1.5769, time 171.92ms, mfu 9.42%
iter 1760: loss 1.5276, time 15.74ms, mfu 9.88%
iter 1770: loss 1.5259, time 16.51ms, mfu 10.22%
iter 1780: loss 1.5772, time 17.62ms, mfu 10.45%
iter 1790: loss 1.5391, time 26.00ms, mfu 10.25%
step 1800: train loss 1.4009, val loss 2.1128
saving checkpoint to out-shakespeare-5-320-0.25
iter 1800: loss 1.5183, time 169.64ms, mfu 9.36%
iter 1810: loss 1.5446, time 28.25ms, mfu 9.20%
iter 1820: loss 1.5475, time 15.48ms, mfu 9.70%
iter 1830: loss 1.5561, time 15.82ms, mfu 10.12%
iter 1840: loss 1.5170, time 17.94ms, mfu 10.34%
step 1850: train loss 1.3980, val loss 2.0939
saving checkpoint to out-shakespeare-5-320-0.25
iter 1850: loss 1.5573, time 177.10ms, mfu 9.43%
iter 1860: loss 1.5175, time 15.34ms, mfu 9.92%
iter 1870: loss 1.5072, time 18.27ms, mfu 10.13%
iter 1880: loss 1.5255, time 29.55ms, mfu 9.87%
iter 1890: loss 1.5365, time 15.50ms, mfu 10.30%
step 1900: train loss 1.3868, val loss 2.0909
saving checkpoint to out-shakespeare-5-320-0.25
iter 1900: loss 1.5180, time 173.92ms, mfu 9.40%
iter 1910: loss 1.5342, time 15.64ms, mfu 9.87%
iter 1920: loss 1.5221, time 15.72ms, mfu 10.28%
iter 1930: loss 1.5595, time 17.84ms, mfu 10.48%
iter 1940: loss 1.5138, time 27.80ms, mfu 10.23%
step 1950: train loss 1.3860, val loss 2.0501
saving checkpoint to out-shakespeare-5-320-0.25
iter 1950: loss 1.5172, time 169.07ms, mfu 9.34%
iter 1960: loss 1.5047, time 28.87ms, mfu 9.16%
iter 1970: loss 1.5471, time 15.24ms, mfu 9.69%
iter 1980: loss 1.5129, time 16.00ms, mfu 10.10%
iter 1990: loss 1.5191, time 16.62ms, mfu 10.41%
step 2000: train loss 1.3603, val loss 2.0805
saving checkpoint to out-shakespeare-5-320-0.25
iter 2000: loss 1.4982, time 177.81ms, mfu 9.50%
iter 2010: loss 1.4554, time 15.69ms, mfu 9.95%
iter 2020: loss 1.5248, time 16.52ms, mfu 10.29%
iter 2030: loss 1.4894, time 26.02ms, mfu 10.11%
iter 2040: loss 1.4919, time 15.62ms, mfu 10.50%
step 2050: train loss 1.3414, val loss 2.0575
saving checkpoint to out-shakespeare-5-320-0.25
iter 2050: loss 1.5067, time 170.85ms, mfu 9.58%
iter 2060: loss 1.4735, time 27.52ms, mfu 9.42%
iter 2070: loss 1.4542, time 15.62ms, mfu 9.89%
iter 2080: loss 1.5077, time 16.66ms, mfu 10.22%
iter 2090: loss 1.4607, time 17.87ms, mfu 10.43%
step 2100: train loss 1.3499, val loss 2.0851
saving checkpoint to out-shakespeare-5-320-0.25
iter 2100: loss 1.4604, time 178.31ms, mfu 9.51%
iter 2110: loss 1.5036, time 15.79ms, mfu 9.96%
iter 2120: loss 1.5167, time 16.23ms, mfu 10.32%
iter 2130: loss 1.4908, time 29.20ms, mfu 10.04%
iter 2140: loss 1.4497, time 6.24ms, mfu 12.56%
step 2150: train loss 1.3396, val loss 2.0550
saving checkpoint to out-shakespeare-5-320-0.25
iter 2150: loss 1.4652, time 165.31ms, mfu 11.44%
iter 2160: loss 1.4685, time 14.59ms, mfu 11.80%
iter 2170: loss 1.4944, time 30.08ms, mfu 11.36%
iter 2180: loss 1.4853, time 15.94ms, mfu 11.60%
iter 2190: loss 1.4487, time 16.79ms, mfu 11.75%
step 2200: train loss 1.3223, val loss 2.0516
saving checkpoint to out-shakespeare-5-320-0.25
iter 2200: loss 1.4388, time 174.93ms, mfu 10.70%
iter 2210: loss 1.4902, time 15.67ms, mfu 11.04%
iter 2220: loss 1.4712, time 16.59ms, mfu 11.26%
iter 2230: loss 1.4563, time 18.30ms, mfu 11.34%
iter 2240: loss 1.4869, time 28.15ms, mfu 10.99%
step 2250: train loss 1.3085, val loss 2.0687
saving checkpoint to out-shakespeare-5-320-0.25
iter 2250: loss 1.4369, time 169.43ms, mfu 10.02%
iter 2260: loss 1.4532, time 28.55ms, mfu 9.79%
iter 2270: loss 1.4730, time 28.00ms, mfu 9.59%
iter 2280: loss 1.4878, time 16.42ms, mfu 9.98%
iter 2290: loss 1.4488, time 15.35ms, mfu 10.41%
step 2300: train loss 1.3070, val loss 2.0549
saving checkpoint to out-shakespeare-5-320-0.25
iter 2300: loss 1.4234, time 172.54ms, mfu 9.50%
iter 2310: loss 1.4263, time 15.67ms, mfu 9.95%
iter 2320: loss 1.4536, time 15.56ms, mfu 10.37%
iter 2330: loss 1.4239, time 16.53ms, mfu 10.67%
iter 2340: loss 1.4441, time 15.55ms, mfu 11.02%
step 2350: train loss 1.3015, val loss 2.0786
saving checkpoint to out-shakespeare-5-320-0.25
iter 2350: loss 1.4186, time 164.69ms, mfu 10.05%
iter 2360: loss 1.4174, time 17.42ms, mfu 10.31%
iter 2370: loss 1.4438, time 27.36ms, mfu 10.08%
iter 2380: loss 1.4128, time 15.36ms, mfu 10.51%
iter 2390: loss 1.4378, time 15.35ms, mfu 10.89%
step 2400: train loss 1.3004, val loss 2.0875
saving checkpoint to out-shakespeare-5-320-0.25
iter 2400: loss 1.4198, time 174.04ms, mfu 9.93%
iter 2410: loss 1.4461, time 15.24ms, mfu 10.38%
iter 2420: loss 1.4282, time 15.63ms, mfu 10.75%
iter 2430: loss 1.4230, time 17.60ms, mfu 10.93%
iter 2440: loss 1.4273, time 28.90ms, mfu 10.59%
step 2450: train loss 1.2838, val loss 2.0838
saving checkpoint to out-shakespeare-5-320-0.25
iter 2450: loss 1.4172, time 169.32ms, mfu 9.67%
iter 2460: loss 1.4272, time 18.18ms, mfu 9.91%
iter 2470: loss 1.3992, time 27.22ms, mfu 9.73%
iter 2480: loss 1.4063, time 16.44ms, mfu 10.09%
iter 2490: loss 1.3957, time 16.53ms, mfu 10.42%
step 2500: train loss 1.2755, val loss 2.0890
saving checkpoint to out-shakespeare-5-320-0.25
iter 2500: loss 1.4231, time 176.67ms, mfu 9.50%
iter 2510: loss 1.4019, time 15.48ms, mfu 9.97%
iter 2520: loss 1.4369, time 17.46ms, mfu 10.24%
iter 2530: loss 1.4238, time 15.37ms, mfu 10.64%
iter 2540: loss 1.3952, time 15.50ms, mfu 11.00%
step 2550: train loss 1.2675, val loss 2.0388
saving checkpoint to out-shakespeare-5-320-0.25
iter 2550: loss 1.4228, time 174.88ms, mfu 10.03%
iter 2560: loss 1.3832, time 15.62ms, mfu 10.43%
iter 2570: loss 1.4224, time 15.78ms, mfu 10.78%
iter 2580: loss 1.4105, time 15.60ms, mfu 11.12%
iter 2590: loss 1.3896, time 29.45ms, mfu 10.75%
step 2600: train loss 1.2522, val loss 2.0630
saving checkpoint to out-shakespeare-5-320-0.25
iter 2600: loss 1.3865, time 170.04ms, mfu 9.81%
iter 2610: loss 1.4013, time 27.94ms, mfu 9.61%
iter 2620: loss 1.3807, time 15.75ms, mfu 10.05%
iter 2630: loss 1.3899, time 16.58ms, mfu 10.37%
iter 2640: loss 1.3930, time 17.16ms, mfu 10.62%
step 2650: train loss 1.2439, val loss 2.0784
saving checkpoint to out-shakespeare-5-320-0.25
iter 2650: loss 1.3740, time 177.72ms, mfu 9.68%
iter 2660: loss 1.3850, time 15.65ms, mfu 10.12%
iter 2670: loss 1.3824, time 15.84ms, mfu 10.50%
iter 2680: loss 1.3961, time 17.49ms, mfu 10.71%
iter 2690: loss 1.4140, time 28.14ms, mfu 10.42%
step 2700: train loss 1.2448, val loss 2.0842
saving checkpoint to out-shakespeare-5-320-0.25
iter 2700: loss 1.3947, time 169.50ms, mfu 9.51%
iter 2710: loss 1.3929, time 28.61ms, mfu 9.33%
iter 2720: loss 1.3676, time 28.83ms, mfu 9.16%
iter 2730: loss 1.3510, time 16.46ms, mfu 9.58%
iter 2740: loss 1.3783, time 15.45ms, mfu 10.05%
step 2750: train loss 1.2354, val loss 2.0649
saving checkpoint to out-shakespeare-5-320-0.25
iter 2750: loss 1.3764, time 174.45ms, mfu 9.17%
iter 2760: loss 1.3845, time 15.57ms, mfu 9.66%
iter 2770: loss 1.3756, time 16.58ms, mfu 10.03%
iter 2780: loss 1.3487, time 15.45ms, mfu 10.45%
iter 2790: loss 1.3406, time 29.23ms, mfu 10.16%
step 2800: train loss 1.2126, val loss 2.0760
saving checkpoint to out-shakespeare-5-320-0.25
iter 2800: loss 1.3390, time 178.08ms, mfu 9.26%
iter 2810: loss 1.3637, time 16.20ms, mfu 9.70%
iter 2820: loss 1.3352, time 18.41ms, mfu 9.92%
iter 2830: loss 1.3596, time 26.84ms, mfu 9.75%
iter 2840: loss 1.3360, time 16.53ms, mfu 10.11%
step 2850: train loss 1.2047, val loss 2.0366
saving checkpoint to out-shakespeare-5-320-0.25
iter 2850: loss 1.3717, time 170.78ms, mfu 9.23%
iter 2860: loss 1.3256, time 27.01ms, mfu 9.12%
iter 2870: loss 1.3629, time 15.41ms, mfu 9.63%
iter 2880: loss 1.3598, time 15.85ms, mfu 10.06%
iter 2890: loss 1.3637, time 16.83ms, mfu 10.36%
step 2900: train loss 1.2047, val loss 2.0533
saving checkpoint to out-shakespeare-5-320-0.25
iter 2900: loss 1.3241, time 176.95ms, mfu 9.45%
iter 2910: loss 1.3392, time 15.49ms, mfu 9.93%
iter 2920: loss 1.3272, time 30.43ms, mfu 9.66%
iter 2930: loss 1.3435, time 27.83ms, mfu 9.48%
iter 2940: loss 1.3483, time 16.75ms, mfu 9.85%
step 2950: train loss 1.1866, val loss 2.0870
saving checkpoint to out-shakespeare-5-320-0.25
iter 2950: loss 1.3558, time 173.26ms, mfu 8.99%
iter 2960: loss 1.3055, time 15.64ms, mfu 9.50%
iter 2970: loss 1.3104, time 15.82ms, mfu 9.94%
iter 2980: loss 1.3170, time 29.93ms, mfu 9.68%
iter 2990: loss 1.3486, time 16.54ms, mfu 10.05%
step 3000: train loss 1.1827, val loss 2.0435
saving checkpoint to out-shakespeare-5-320-0.25
iter 3000: loss 1.3273, time 169.74ms, mfu 9.17%
iter 3010: loss 1.3272, time 27.11ms, mfu 9.07%
iter 3020: loss 1.3247, time 16.82ms, mfu 9.47%
iter 3030: loss 1.3349, time 16.59ms, mfu 9.85%
iter 3040: loss 1.3727, time 15.19ms, mfu 10.31%
step 3050: train loss 1.1556, val loss 2.0805
saving checkpoint to out-shakespeare-5-320-0.25
iter 3050: loss 1.3361, time 177.00ms, mfu 9.41%
iter 3060: loss 1.3417, time 15.53ms, mfu 9.88%
iter 3070: loss 1.3426, time 17.37ms, mfu 10.16%
iter 3080: loss 1.3163, time 16.17ms, mfu 10.51%
iter 3090: loss 1.3218, time 16.53ms, mfu 10.79%
step 3100: train loss 1.1670, val loss 2.0829
saving checkpoint to out-shakespeare-5-320-0.25
iter 3100: loss 1.2996, time 174.73ms, mfu 9.84%
iter 3110: loss 1.3328, time 16.63ms, mfu 10.18%
iter 3120: loss 1.3208, time 17.53ms, mfu 10.41%
iter 3130: loss 1.2926, time 26.91ms, mfu 10.19%
iter 3140: loss 1.3063, time 16.62ms, mfu 10.50%
step 3150: train loss 1.1405, val loss 2.1027
saving checkpoint to out-shakespeare-5-320-0.25
iter 3150: loss 1.3266, time 171.02ms, mfu 9.58%
iter 3160: loss 1.2922, time 29.04ms, mfu 9.38%
iter 3170: loss 1.3247, time 27.39ms, mfu 9.24%
iter 3180: loss 1.2948, time 26.61ms, mfu 9.15%
iter 3190: loss 1.3003, time 16.78ms, mfu 9.54%
step 3200: train loss 1.1533, val loss 2.0968
saving checkpoint to out-shakespeare-5-320-0.25
iter 3200: loss 1.3346, time 176.71ms, mfu 8.71%
iter 3210: loss 1.3323, time 15.29ms, mfu 9.28%
iter 3220: loss 1.3036, time 17.60ms, mfu 9.60%
iter 3230: loss 1.3036, time 17.90ms, mfu 9.87%
iter 3240: loss 1.2604, time 27.24ms, mfu 9.70%
step 3250: train loss 1.1396, val loss 2.0770
saving checkpoint to out-shakespeare-5-320-0.25
iter 3250: loss 1.2785, time 170.44ms, mfu 8.86%
iter 3260: loss 1.3080, time 27.07ms, mfu 8.78%
iter 3270: loss 1.2987, time 15.77ms, mfu 9.30%
iter 3280: loss 1.3276, time 16.46ms, mfu 9.71%
iter 3290: loss 1.2961, time 19.23ms, mfu 9.88%
step 3300: train loss 1.1308, val loss 2.0647
saving checkpoint to out-shakespeare-5-320-0.25
iter 3300: loss 1.2476, time 177.29ms, mfu 9.02%
iter 3310: loss 1.2717, time 29.03ms, mfu 8.87%
iter 3320: loss 1.2763, time 16.13ms, mfu 9.35%
iter 3330: loss 1.2731, time 16.40ms, mfu 9.76%
iter 3340: loss 1.2595, time 16.37ms, mfu 10.13%
step 3350: train loss 1.1289, val loss 2.0821
saving checkpoint to out-shakespeare-5-320-0.25
iter 3350: loss 1.2805, time 176.34ms, mfu 9.24%
iter 3360: loss 1.2881, time 15.44ms, mfu 9.74%
iter 3370: loss 1.2820, time 16.45ms, mfu 10.11%
iter 3380: loss 1.3118, time 27.53ms, mfu 9.90%
iter 3390: loss 1.2745, time 15.62ms, mfu 10.32%
step 3400: train loss 1.1082, val loss 2.1033
saving checkpoint to out-shakespeare-5-320-0.25
iter 3400: loss 1.2690, time 171.02ms, mfu 9.41%
iter 3410: loss 1.2954, time 27.80ms, mfu 9.26%
iter 3420: loss 1.2753, time 16.40ms, mfu 9.68%
iter 3430: loss 1.2622, time 16.32ms, mfu 10.06%
iter 3440: loss 1.2647, time 18.67ms, mfu 10.23%
step 3450: train loss 1.1064, val loss 2.1284
saving checkpoint to out-shakespeare-5-320-0.25
iter 3450: loss 1.2665, time 177.62ms, mfu 9.33%
iter 3460: loss 1.2673, time 16.45ms, mfu 9.74%
iter 3470: loss 1.2751, time 29.13ms, mfu 9.52%
iter 3480: loss 1.3133, time 15.70ms, mfu 9.97%
iter 3490: loss 1.2491, time 15.40ms, mfu 10.40%
step 3500: train loss 1.0986, val loss 2.1057
saving checkpoint to out-shakespeare-5-320-0.25
iter 3500: loss 1.2817, time 175.03ms, mfu 9.49%
iter 3510: loss 1.2796, time 14.54ms, mfu 10.05%
iter 3520: loss 1.2528, time 16.59ms, mfu 10.38%
iter 3530: loss 1.2308, time 17.28ms, mfu 10.61%
iter 3540: loss 1.2485, time 17.66ms, mfu 10.80%
step 3550: train loss 1.0929, val loss 2.1199
saving checkpoint to out-shakespeare-5-320-0.25
iter 3550: loss 1.2406, time 176.86ms, mfu 9.84%
iter 3560: loss 1.2756, time 16.21ms, mfu 10.22%
iter 3570: loss 1.2714, time 17.80ms, mfu 10.43%
iter 3580: loss 1.2482, time 15.47ms, mfu 10.81%
iter 3590: loss 1.2628, time 15.47ms, mfu 11.15%
step 3600: train loss 1.0781, val loss 2.0913
saving checkpoint to out-shakespeare-5-320-0.25
iter 3600: loss 1.2390, time 174.97ms, mfu 10.16%
iter 3610: loss 1.2519, time 15.58ms, mfu 10.56%
iter 3620: loss 1.2227, time 15.39ms, mfu 10.94%
iter 3630: loss 1.2445, time 17.64ms, mfu 11.09%
iter 3640: loss 1.2253, time 28.33ms, mfu 10.76%
step 3650: train loss 1.0707, val loss 2.0868
saving checkpoint to out-shakespeare-5-320-0.25
iter 3650: loss 1.2483, time 170.70ms, mfu 9.81%
iter 3660: loss 1.2811, time 17.53ms, mfu 10.09%
iter 3670: loss 1.2333, time 26.42ms, mfu 9.91%
iter 3680: loss 1.2306, time 15.55ms, mfu 10.33%
iter 3690: loss 1.2460, time 15.66ms, mfu 10.71%
step 3700: train loss 1.0480, val loss 2.0864
saving checkpoint to out-shakespeare-5-320-0.25
iter 3700: loss 1.2369, time 177.25ms, mfu 9.76%
iter 3710: loss 1.2146, time 15.59ms, mfu 10.20%
iter 3720: loss 1.1912, time 16.43ms, mfu 10.52%
iter 3730: loss 1.2284, time 30.46ms, mfu 10.19%
iter 3740: loss 1.2059, time 16.18ms, mfu 10.53%
step 3750: train loss 1.0427, val loss 2.1171
saving checkpoint to out-shakespeare-5-320-0.25
iter 3750: loss 1.2431, time 170.12ms, mfu 9.61%
iter 3760: loss 1.2340, time 14.58ms, mfu 10.16%
iter 3770: loss 1.2377, time 15.12ms, mfu 10.60%
iter 3780: loss 1.2158, time 16.79ms, mfu 10.85%
iter 3790: loss 1.2227, time 27.37ms, mfu 10.57%
step 3800: train loss 1.0516, val loss 2.0936
saving checkpoint to out-shakespeare-5-320-0.25
iter 3800: loss 1.2259, time 170.50ms, mfu 9.64%
iter 3810: loss 1.2284, time 27.68ms, mfu 9.47%
iter 3820: loss 1.2313, time 15.71ms, mfu 9.93%
iter 3830: loss 1.2376, time 15.51ms, mfu 10.35%
iter 3840: loss 1.2040, time 29.13ms, mfu 10.07%
step 3850: train loss 1.0277, val loss 2.1339
saving checkpoint to out-shakespeare-5-320-0.25
iter 3850: loss 1.1885, time 178.48ms, mfu 9.19%
iter 3860: loss 1.2343, time 16.67ms, mfu 9.59%
iter 3870: loss 1.2069, time 15.62ms, mfu 10.04%
iter 3880: loss 1.1975, time 29.43ms, mfu 9.79%
iter 3890: loss 1.2254, time 27.49ms, mfu 9.61%
step 3900: train loss 1.0236, val loss 2.1465
saving checkpoint to out-shakespeare-5-320-0.25
iter 3900: loss 1.2361, time 172.27ms, mfu 8.78%
iter 3910: loss 1.1924, time 16.12ms, mfu 9.26%
iter 3920: loss 1.2230, time 17.22ms, mfu 9.62%
iter 3930: loss 1.1803, time 16.59ms, mfu 9.98%
iter 3940: loss 1.2083, time 17.73ms, mfu 10.22%
step 3950: train loss 1.0137, val loss 2.1577
saving checkpoint to out-shakespeare-5-320-0.25
iter 3950: loss 1.1984, time 176.14ms, mfu 9.33%
iter 3960: loss 1.2336, time 16.04ms, mfu 9.77%
iter 3970: loss 1.1722, time 29.59ms, mfu 9.53%
iter 3980: loss 1.2013, time 14.75ms, mfu 10.07%
iter 3990: loss 1.2045, time 16.81ms, mfu 10.38%
step 4000: train loss 1.0196, val loss 2.1765
saving checkpoint to out-shakespeare-5-320-0.25
iter 4000: loss 1.2171, time 173.75ms, mfu 9.46%
iter 4010: loss 1.1853, time 15.81ms, mfu 9.91%
iter 4020: loss 1.2129, time 15.64ms, mfu 10.33%
iter 4030: loss 1.1928, time 17.67ms, mfu 10.54%
iter 4040: loss 1.2051, time 27.62ms, mfu 10.28%
step 4050: train loss 0.9970, val loss 2.1453
saving checkpoint to out-shakespeare-5-320-0.25
iter 4050: loss 1.1940, time 167.36ms, mfu 9.39%
iter 4060: loss 1.1928, time 18.53ms, mfu 9.64%
iter 4070: loss 1.1969, time 15.80ms, mfu 10.07%
iter 4080: loss 1.1653, time 16.70ms, mfu 10.38%
iter 4090: loss 1.1653, time 15.36ms, mfu 10.77%
step 4100: train loss 0.9861, val loss 2.1824
saving checkpoint to out-shakespeare-5-320-0.25
iter 4100: loss 1.1769, time 175.86ms, mfu 9.82%
iter 4110: loss 1.2080, time 16.22ms, mfu 10.20%
iter 4120: loss 1.1491, time 16.48ms, mfu 10.51%
iter 4130: loss 1.1738, time 27.67ms, mfu 10.26%
iter 4140: loss 1.1895, time 16.79ms, mfu 10.54%
step 4150: train loss 0.9760, val loss 2.1649
saving checkpoint to out-shakespeare-5-320-0.25
iter 4150: loss 1.1920, time 169.06ms, mfu 9.62%
iter 4160: loss 1.1765, time 27.66ms, mfu 9.45%
iter 4170: loss 1.1779, time 15.99ms, mfu 9.88%
iter 4180: loss 1.1411, time 15.64ms, mfu 10.30%
iter 4190: loss 1.1948, time 16.66ms, mfu 10.59%
step 4200: train loss 0.9622, val loss 2.1623
saving checkpoint to out-shakespeare-5-320-0.25
iter 4200: loss 1.1504, time 176.42ms, mfu 9.66%
iter 4210: loss 1.1943, time 15.50ms, mfu 10.11%
iter 4220: loss 1.1572, time 16.49ms, mfu 10.44%
iter 4230: loss 1.1817, time 30.31ms, mfu 10.12%
iter 4240: loss 1.1417, time 16.70ms, mfu 10.43%
step 4250: train loss 0.9537, val loss 2.1803
saving checkpoint to out-shakespeare-5-320-0.25
iter 4250: loss 1.1618, time 169.47ms, mfu 9.51%
iter 4260: loss 1.1563, time 29.58ms, mfu 9.31%
iter 4270: loss 1.1799, time 16.77ms, mfu 9.69%
iter 4280: loss 1.1504, time 16.41ms, mfu 10.06%
iter 4290: loss 1.1586, time 15.99ms, mfu 10.43%
step 4300: train loss 0.9653, val loss 2.1894
saving checkpoint to out-shakespeare-5-320-0.25
iter 4300: loss 1.1384, time 176.46ms, mfu 9.51%
iter 4310: loss 1.1395, time 15.47ms, mfu 9.99%
iter 4320: loss 1.1412, time 15.72ms, mfu 10.39%
iter 4330: loss 1.1620, time 17.79ms, mfu 10.59%
iter 4340: loss 1.1545, time 27.72ms, mfu 10.32%
step 4350: train loss 0.9405, val loss 2.1479
saving checkpoint to out-shakespeare-5-320-0.25
iter 4350: loss 1.1352, time 172.78ms, mfu 9.42%
iter 4360: loss 1.1406, time 15.42ms, mfu 9.90%
iter 4370: loss 1.1396, time 15.79ms, mfu 10.31%
iter 4380: loss 1.1097, time 16.29ms, mfu 10.63%
iter 4390: loss 1.1337, time 17.44ms, mfu 10.83%
step 4400: train loss 0.9283, val loss 2.1892
saving checkpoint to out-shakespeare-5-320-0.25
iter 4400: loss 1.1336, time 165.51ms, mfu 9.88%
iter 4410: loss 1.1227, time 16.14ms, mfu 10.25%
iter 4420: loss 1.1499, time 29.05ms, mfu 9.99%
iter 4430: loss 1.1307, time 15.43ms, mfu 10.41%
iter 4440: loss 1.1266, time 15.78ms, mfu 10.77%
step 4450: train loss 0.9219, val loss 2.1796
saving checkpoint to out-shakespeare-5-320-0.25
iter 4450: loss 1.1035, time 175.98ms, mfu 9.82%
iter 4460: loss 1.1217, time 15.70ms, mfu 10.24%
iter 4470: loss 1.1115, time 16.51ms, mfu 10.55%
iter 4480: loss 1.1369, time 18.58ms, mfu 10.68%
iter 4490: loss 1.1582, time 28.90ms, mfu 10.37%
step 4500: train loss 0.9056, val loss 2.2095
saving checkpoint to out-shakespeare-5-320-0.25
iter 4500: loss 1.1030, time 167.74ms, mfu 9.47%
iter 4510: loss 1.1063, time 27.45ms, mfu 9.32%
iter 4520: loss 1.1315, time 16.90ms, mfu 9.69%
iter 4530: loss 1.1053, time 15.41ms, mfu 10.15%
iter 4540: loss 1.1215, time 16.68ms, mfu 10.46%
step 4550: train loss 0.9054, val loss 2.2119
saving checkpoint to out-shakespeare-5-320-0.25
iter 4550: loss 1.1097, time 175.92ms, mfu 9.54%
iter 4560: loss 1.1004, time 15.58ms, mfu 10.00%
iter 4570: loss 1.1160, time 16.83ms, mfu 10.30%
iter 4580: loss 1.1144, time 18.51ms, mfu 10.46%
iter 4590: loss 1.1083, time 15.47ms, mfu 10.84%
step 4600: train loss 0.8969, val loss 2.1813
saving checkpoint to out-shakespeare-5-320-0.25
iter 4600: loss 1.1289, time 173.87ms, mfu 9.88%
iter 4610: loss 1.1151, time 15.31ms, mfu 10.33%
iter 4620: loss 1.1010, time 15.57ms, mfu 10.71%
iter 4630: loss 1.0997, time 16.50ms, mfu 10.98%
iter 4640: loss 1.1067, time 17.90ms, mfu 11.11%
step 4650: train loss 0.8757, val loss 2.2080
saving checkpoint to out-shakespeare-5-320-0.25
iter 4650: loss 1.0931, time 177.93ms, mfu 10.12%
iter 4660: loss 1.1042, time 16.75ms, mfu 10.42%
iter 4670: loss 1.1034, time 28.58ms, mfu 10.15%
iter 4680: loss 1.1318, time 16.25ms, mfu 10.49%
iter 4690: loss 1.0757, time 15.13ms, mfu 10.90%
step 4700: train loss 0.8635, val loss 2.2432
saving checkpoint to out-shakespeare-5-320-0.25
iter 4700: loss 1.1165, time 172.76ms, mfu 9.94%
iter 4710: loss 1.0647, time 16.64ms, mfu 10.27%
iter 4720: loss 1.0843, time 16.29ms, mfu 10.59%
iter 4730: loss 1.0766, time 15.22ms, mfu 10.98%
iter 4740: loss 1.0955, time 16.59ms, mfu 11.21%
step 4750: train loss 0.8682, val loss 2.2769
saving checkpoint to out-shakespeare-5-320-0.25
iter 4750: loss 1.1333, time 164.68ms, mfu 10.22%
iter 4760: loss 1.0970, time 17.44ms, mfu 10.46%
iter 4770: loss 1.0900, time 27.77ms, mfu 10.21%
iter 4780: loss 1.0897, time 15.11ms, mfu 10.64%
iter 4790: loss 1.0967, time 15.15ms, mfu 11.03%
step 4800: train loss 0.8635, val loss 2.1985
saving checkpoint to out-shakespeare-5-320-0.25
iter 4800: loss 1.0838, time 174.14ms, mfu 10.05%
iter 4810: loss 1.0790, time 16.52ms, mfu 10.38%
iter 4820: loss 1.0997, time 16.56ms, mfu 10.67%
iter 4830: loss 1.0980, time 18.83ms, mfu 10.77%
iter 4840: loss 1.0821, time 27.95ms, mfu 10.49%
step 4850: train loss 0.8359, val loss 2.2702
saving checkpoint to out-shakespeare-5-320-0.25
iter 4850: loss 1.0971, time 169.59ms, mfu 9.57%
iter 4860: loss 1.0730, time 29.34ms, mfu 9.36%
iter 4870: loss 1.0745, time 15.72ms, mfu 9.83%
iter 4880: loss 1.0823, time 15.45ms, mfu 10.27%
iter 4890: loss 1.0498, time 16.24ms, mfu 10.60%
step 4900: train loss 0.8241, val loss 2.2513
saving checkpoint to out-shakespeare-5-320-0.25
iter 4900: loss 1.0689, time 177.44ms, mfu 9.66%
iter 4910: loss 1.0776, time 15.64ms, mfu 10.10%
iter 4920: loss 1.0603, time 15.37ms, mfu 10.52%
iter 4930: loss 1.0538, time 18.52ms, mfu 10.66%
iter 4940: loss 1.0119, time 25.73ms, mfu 10.45%
step 4950: train loss 0.8179, val loss 2.2575
saving checkpoint to out-shakespeare-5-320-0.25
iter 4950: loss 1.0657, time 170.61ms, mfu 9.53%
iter 4960: loss 1.0559, time 28.60ms, mfu 9.35%
iter 4970: loss 1.0467, time 28.14ms, mfu 9.20%
iter 4980: loss 1.0493, time 15.76ms, mfu 9.68%
iter 4990: loss 1.0423, time 16.91ms, mfu 10.01%
step 5000: train loss 0.8064, val loss 2.2553
saving checkpoint to out-shakespeare-5-320-0.25
iter 5000: loss 1.0225, time 175.44ms, mfu 9.13%
iter 5010: loss 1.0516, time 15.54ms, mfu 9.64%
iter 5020: loss 1.0431, time 16.72ms, mfu 9.99%
iter 5030: loss 1.0614, time 18.14ms, mfu 10.20%
iter 5040: loss 1.0508, time 28.96ms, mfu 9.94%
step 5050: train loss 0.8059, val loss 2.2889
saving checkpoint to out-shakespeare-5-320-0.25
iter 5050: loss 1.0598, time 177.74ms, mfu 9.07%
iter 5060: loss 1.0607, time 29.91ms, mfu 8.90%
iter 5070: loss 1.0526, time 26.44ms, mfu 8.84%
iter 5080: loss 1.0516, time 16.43ms, mfu 9.30%
iter 5090: loss 1.0375, time 15.18ms, mfu 9.82%
step 5100: train loss 0.7956, val loss 2.2850
saving checkpoint to out-shakespeare-5-320-0.25
iter 5100: loss 1.0409, time 176.14ms, mfu 8.96%
iter 5110: loss 1.0379, time 15.49ms, mfu 9.49%
iter 5120: loss 1.0123, time 15.05ms, mfu 10.00%
iter 5130: loss 1.0015, time 16.75ms, mfu 10.32%
iter 5140: loss 1.0314, time 17.71ms, mfu 10.53%
step 5150: train loss 0.7940, val loss 2.2489
saving checkpoint to out-shakespeare-5-320-0.25
iter 5150: loss 1.0515, time 179.22ms, mfu 9.60%
iter 5160: loss 1.0144, time 28.88ms, mfu 9.40%
iter 5170: loss 1.0142, time 28.63ms, mfu 9.23%
iter 5180: loss 1.0131, time 16.51ms, mfu 9.64%
iter 5190: loss 1.0286, time 15.34ms, mfu 10.11%
step 5200: train loss 0.7726, val loss 2.3507
saving checkpoint to out-shakespeare-5-320-0.25
iter 5200: loss 1.0369, time 178.08ms, mfu 9.22%
iter 5210: loss 1.0174, time 15.15ms, mfu 9.75%
iter 5220: loss 1.0105, time 16.75ms, mfu 10.09%
iter 5230: loss 0.9962, time 29.27ms, mfu 9.84%
iter 5240: loss 1.0258, time 27.70ms, mfu 9.65%
step 5250: train loss 0.7663, val loss 2.3274
saving checkpoint to out-shakespeare-5-320-0.25
iter 5250: loss 0.9963, time 169.44ms, mfu 8.81%
iter 5260: loss 1.0124, time 15.44ms, mfu 9.36%
iter 5270: loss 0.9992, time 29.56ms, mfu 9.17%
iter 5280: loss 1.0371, time 26.64ms, mfu 9.08%
iter 5290: loss 0.9828, time 15.54ms, mfu 9.58%
step 5300: train loss 0.7531, val loss 2.3419
saving checkpoint to out-shakespeare-5-320-0.25
iter 5300: loss 1.0153, time 176.16ms, mfu 8.75%
iter 5310: loss 1.0086, time 17.12ms, mfu 9.16%
iter 5320: loss 1.0041, time 15.63ms, mfu 9.66%
iter 5330: loss 1.0144, time 15.55ms, mfu 10.11%
iter 5340: loss 0.9803, time 15.76ms, mfu 10.49%
step 5350: train loss 0.7569, val loss 2.3064
saving checkpoint to out-shakespeare-5-320-0.25
iter 5350: loss 1.0115, time 177.50ms, mfu 9.57%
iter 5360: loss 0.9942, time 15.38ms, mfu 10.04%
iter 5370: loss 1.0100, time 5.00ms, mfu 13.44%
iter 5380: loss 1.0067, time 26.76ms, mfu 12.92%
iter 5390: loss 0.9982, time 16.72ms, mfu 12.94%
step 5400: train loss 0.7302, val loss 2.3099
saving checkpoint to out-shakespeare-5-320-0.25
iter 5400: loss 0.9810, time 172.19ms, mfu 11.78%
iter 5410: loss 0.9928, time 16.61ms, mfu 11.93%
iter 5420: loss 0.9865, time 16.78ms, mfu 12.04%
iter 5430: loss 0.9954, time 16.71ms, mfu 12.16%
iter 5440: loss 0.9916, time 17.63ms, mfu 12.19%
step 5450: train loss 0.7261, val loss 2.3868
saving checkpoint to out-shakespeare-5-320-0.25
iter 5450: loss 0.9829, time 178.84ms, mfu 11.09%
iter 5460: loss 0.9922, time 28.97ms, mfu 10.75%
iter 5470: loss 0.9925, time 27.67ms, mfu 10.47%
iter 5480: loss 0.9776, time 15.59ms, mfu 10.83%
iter 5490: loss 0.9499, time 15.28ms, mfu 11.19%
step 5500: train loss 0.7166, val loss 2.3441
saving checkpoint to out-shakespeare-5-320-0.25
iter 5500: loss 0.9930, time 175.47ms, mfu 10.20%
iter 5510: loss 0.9967, time 16.52ms, mfu 10.51%
iter 5520: loss 0.9882, time 16.37ms, mfu 10.80%
iter 5530: loss 1.0037, time 17.00ms, mfu 11.02%
iter 5540: loss 0.9750, time 18.85ms, mfu 11.08%
step 5550: train loss 0.7158, val loss 2.3838
saving checkpoint to out-shakespeare-5-320-0.25
iter 5550: loss 0.9449, time 178.09ms, mfu 10.10%
iter 5560: loss 0.9995, time 16.77ms, mfu 10.40%
iter 5570: loss 0.9569, time 17.62ms, mfu 10.61%
iter 5580: loss 0.9483, time 28.71ms, mfu 10.32%
iter 5590: loss 0.9720, time 16.62ms, mfu 10.61%
step 5600: train loss 0.6949, val loss 2.3652
saving checkpoint to out-shakespeare-5-320-0.25
iter 5600: loss 0.9619, time 172.30ms, mfu 9.68%
iter 5610: loss 0.9583, time 27.23ms, mfu 9.52%
iter 5620: loss 0.9657, time 14.41ms, mfu 10.09%
iter 5630: loss 0.9513, time 15.47ms, mfu 10.51%
iter 5640: loss 0.9571, time 16.63ms, mfu 10.78%
step 5650: train loss 0.6952, val loss 2.4170
saving checkpoint to out-shakespeare-5-320-0.25
iter 5650: loss 0.9265, time 176.93ms, mfu 9.83%
iter 5660: loss 0.9499, time 15.49ms, mfu 10.27%
iter 5670: loss 0.9554, time 15.79ms, mfu 10.63%
iter 5680: loss 0.9867, time 16.45ms, mfu 10.91%
iter 5690: loss 0.9665, time 17.64ms, mfu 11.07%
step 5700: train loss 0.6763, val loss 2.3634
saving checkpoint to out-shakespeare-5-320-0.25
iter 5700: loss 0.9484, time 178.56ms, mfu 10.08%
iter 5710: loss 0.9412, time 15.58ms, mfu 10.49%
iter 5720: loss 0.9702, time 28.67ms, mfu 10.21%
iter 5730: loss 0.9338, time 16.59ms, mfu 10.51%
iter 5740: loss 0.9397, time 16.53ms, mfu 10.79%
step 5750: train loss 0.6701, val loss 2.3799
saving checkpoint to out-shakespeare-5-320-0.25
iter 5750: loss 0.9215, time 174.39ms, mfu 9.84%
iter 5760: loss 0.9197, time 15.47ms, mfu 10.28%
iter 5770: loss 0.9231, time 15.49ms, mfu 10.67%
iter 5780: loss 0.9214, time 16.68ms, mfu 10.93%
iter 5790: loss 0.9321, time 17.77ms, mfu 11.07%
step 5800: train loss 0.6611, val loss 2.4232
saving checkpoint to out-shakespeare-5-320-0.25
iter 5800: loss 0.9394, time 175.86ms, mfu 10.09%
iter 5810: loss 0.9644, time 14.80ms, mfu 10.57%
iter 5820: loss 0.9350, time 17.55ms, mfu 10.77%
iter 5830: loss 0.9298, time 28.20ms, mfu 10.47%
iter 5840: loss 0.9323, time 15.76ms, mfu 10.82%
step 5850: train loss 0.6528, val loss 2.4432
saving checkpoint to out-shakespeare-5-320-0.25
iter 5850: loss 0.9558, time 172.46ms, mfu 9.87%
iter 5860: loss 0.9452, time 26.26ms, mfu 9.72%
iter 5870: loss 0.9181, time 16.51ms, mfu 10.08%
iter 5880: loss 0.9263, time 15.71ms, mfu 10.47%
iter 5890: loss 0.9064, time 15.38ms, mfu 10.86%
step 5900: train loss 0.6357, val loss 2.4382
saving checkpoint to out-shakespeare-5-320-0.25
iter 5900: loss 0.9303, time 177.18ms, mfu 9.90%
iter 5910: loss 0.9150, time 16.79ms, mfu 10.22%
iter 5920: loss 0.9060, time 16.64ms, mfu 10.52%
iter 5930: loss 0.9399, time 26.25ms, mfu 10.31%
iter 5940: loss 0.9245, time 15.51ms, mfu 10.69%
step 5950: train loss 0.6251, val loss 2.4203
saving checkpoint to out-shakespeare-5-320-0.25
iter 5950: loss 0.9206, time 169.71ms, mfu 9.75%
iter 5960: loss 0.9324, time 28.93ms, mfu 9.54%
iter 5970: loss 0.9387, time 26.99ms, mfu 9.40%
iter 5980: loss 0.8979, time 15.41ms, mfu 9.89%
iter 5990: loss 0.9170, time 15.43ms, mfu 10.33%
step 6000: train loss 0.6258, val loss 2.4269
saving checkpoint to out-shakespeare-5-320-0.25
iter 6000: loss 0.9025, time 175.78ms, mfu 9.42%
iter 6010: loss 0.9134, time 16.52ms, mfu 9.81%
iter 6020: loss 0.9199, time 15.52ms, mfu 10.25%
iter 6030: loss 0.9107, time 16.93ms, mfu 10.52%
iter 6040: loss 0.9209, time 29.08ms, mfu 10.23%
step 6050: train loss 0.6148, val loss 2.4438
saving checkpoint to out-shakespeare-5-320-0.25
iter 6050: loss 0.9127, time 168.02ms, mfu 9.34%
iter 6060: loss 0.9048, time 28.89ms, mfu 9.16%
iter 6070: loss 0.8711, time 26.29ms, mfu 9.09%
iter 6080: loss 0.9004, time 16.66ms, mfu 9.50%
iter 6090: loss 0.8906, time 15.64ms, mfu 9.96%
step 6100: train loss 0.5960, val loss 2.5159
saving checkpoint to out-shakespeare-5-320-0.25
iter 6100: loss 0.8919, time 174.71ms, mfu 9.09%
iter 6110: loss 0.8795, time 15.12ms, mfu 9.63%
iter 6120: loss 0.9089, time 16.97ms, mfu 9.97%
iter 6130: loss 0.8995, time 30.15ms, mfu 9.70%
iter 6140: loss 0.8864, time 19.00ms, mfu 9.89%
step 6150: train loss 0.5947, val loss 2.4819
saving checkpoint to out-shakespeare-5-320-0.25
iter 6150: loss 0.8685, time 178.46ms, mfu 9.02%
iter 6160: loss 0.8652, time 15.23ms, mfu 9.57%
iter 6170: loss 0.8960, time 28.83ms, mfu 9.37%
iter 6180: loss 0.9118, time 15.60ms, mfu 9.85%
iter 6190: loss 0.8634, time 15.40ms, mfu 10.29%
step 6200: train loss 0.5990, val loss 2.5075
saving checkpoint to out-shakespeare-5-320-0.25
iter 6200: loss 0.8711, time 174.79ms, mfu 9.39%
iter 6210: loss 0.8957, time 15.59ms, mfu 9.86%
iter 6220: loss 0.8802, time 15.52ms, mfu 10.30%
iter 6230: loss 0.8671, time 16.76ms, mfu 10.58%
iter 6240: loss 0.8650, time 15.62ms, mfu 10.93%
step 6250: train loss 0.5763, val loss 2.4643
saving checkpoint to out-shakespeare-5-320-0.25
iter 6250: loss 0.8771, time 175.78ms, mfu 9.96%
iter 6260: loss 0.8449, time 15.72ms, mfu 10.37%
iter 6270: loss 0.8723, time 15.47ms, mfu 10.75%
iter 6280: loss 0.8739, time 17.57ms, mfu 10.93%
iter 6290: loss 0.8926, time 28.27ms, mfu 10.62%
step 6300: train loss 0.5667, val loss 2.5622
saving checkpoint to out-shakespeare-5-320-0.25
iter 6300: loss 0.9084, time 168.37ms, mfu 9.69%
iter 6310: loss 0.8818, time 15.32ms, mfu 10.15%
iter 6320: loss 0.8575, time 27.86ms, mfu 9.93%
iter 6330: loss 0.8778, time 16.46ms, mfu 10.27%
iter 6340: loss 0.8718, time 15.40ms, mfu 10.68%
step 6350: train loss 0.5564, val loss 2.5119
saving checkpoint to out-shakespeare-5-320-0.25
iter 6350: loss 0.8525, time 173.83ms, mfu 9.74%
iter 6360: loss 0.8666, time 14.41ms, mfu 10.29%
iter 6370: loss 0.8518, time 16.47ms, mfu 10.60%
iter 6380: loss 0.8505, time 19.43ms, mfu 10.67%
iter 6390: loss 0.8533, time 30.21ms, mfu 10.33%
step 6400: train loss 0.5472, val loss 2.5693
saving checkpoint to out-shakespeare-5-320-0.25
iter 6400: loss 0.8584, time 168.58ms, mfu 9.43%
iter 6410: loss 0.8574, time 17.73ms, mfu 9.73%
iter 6420: loss 0.8539, time 27.20ms, mfu 9.57%
iter 6430: loss 0.8517, time 15.51ms, mfu 10.03%
iter 6440: loss 0.8394, time 15.61ms, mfu 10.44%
step 6450: train loss 0.5329, val loss 2.5428
saving checkpoint to out-shakespeare-5-320-0.25
iter 6450: loss 0.8346, time 176.50ms, mfu 9.52%
iter 6460: loss 0.8517, time 16.98ms, mfu 9.86%
iter 6470: loss 0.8539, time 15.28ms, mfu 10.32%
iter 6480: loss 0.8407, time 19.56ms, mfu 10.41%
iter 6490: loss 0.8383, time 28.22ms, mfu 10.15%
step 6500: train loss 0.5260, val loss 2.5123
saving checkpoint to out-shakespeare-5-320-0.25
iter 6500: loss 0.8321, time 170.37ms, mfu 9.26%
iter 6510: loss 0.8553, time 27.41ms, mfu 9.14%
iter 6520: loss 0.8353, time 15.37ms, mfu 9.66%
iter 6530: loss 0.8345, time 15.31ms, mfu 10.13%
iter 6540: loss 0.8485, time 16.58ms, mfu 10.45%
step 6550: train loss 0.5239, val loss 2.5697
saving checkpoint to out-shakespeare-5-320-0.25
iter 6550: loss 0.8232, time 177.15ms, mfu 9.52%
iter 6560: loss 0.8357, time 15.65ms, mfu 9.98%
iter 6570: loss 0.8456, time 16.62ms, mfu 10.31%
iter 6580: loss 0.8179, time 16.96ms, mfu 10.57%
iter 6590: loss 0.8253, time 26.94ms, mfu 10.33%
step 6600: train loss 0.5079, val loss 2.5176
saving checkpoint to out-shakespeare-5-320-0.25
iter 6600: loss 0.8270, time 172.34ms, mfu 9.43%
iter 6610: loss 0.7933, time 27.68ms, mfu 9.28%
iter 6620: loss 0.8399, time 15.69ms, mfu 9.76%
iter 6630: loss 0.8249, time 15.78ms, mfu 10.17%
iter 6640: loss 0.8385, time 15.52ms, mfu 10.58%
step 6650: train loss 0.5015, val loss 2.6182
saving checkpoint to out-shakespeare-5-320-0.25
iter 6650: loss 0.8085, time 176.87ms, mfu 9.64%
iter 6660: loss 0.8248, time 15.85ms, mfu 10.07%
iter 6670: loss 0.7996, time 16.49ms, mfu 10.40%
iter 6680: loss 0.8321, time 17.55ms, mfu 10.61%
iter 6690: loss 0.8266, time 15.29ms, mfu 10.99%
step 6700: train loss 0.4890, val loss 2.6102
saving checkpoint to out-shakespeare-5-320-0.25
iter 6700: loss 0.8122, time 170.73ms, mfu 10.02%
iter 6710: loss 0.8072, time 28.24ms, mfu 9.80%
iter 6720: loss 0.8025, time 27.42ms, mfu 9.62%
iter 6730: loss 0.8079, time 15.55ms, mfu 10.07%
iter 6740: loss 0.8081, time 15.46ms, mfu 10.49%
step 6750: train loss 0.4896, val loss 2.5554
saving checkpoint to out-shakespeare-5-320-0.25
iter 6750: loss 0.8163, time 175.43ms, mfu 9.57%
iter 6760: loss 0.8222, time 15.52ms, mfu 10.03%
iter 6770: loss 0.8027, time 16.92ms, mfu 10.33%
iter 6780: loss 0.8061, time 15.39ms, mfu 10.73%
iter 6790: loss 0.8033, time 16.35ms, mfu 11.00%
step 6800: train loss 0.4877, val loss 2.6375
saving checkpoint to out-shakespeare-5-320-0.25
iter 6800: loss 0.8239, time 178.36ms, mfu 10.02%
iter 6810: loss 0.8093, time 15.39ms, mfu 10.45%
iter 6820: loss 0.8017, time 17.99ms, mfu 10.63%
iter 6830: loss 0.7846, time 27.85ms, mfu 10.36%
iter 6840: loss 0.7952, time 15.14ms, mfu 10.77%
step 6850: train loss 0.4663, val loss 2.6385
saving checkpoint to out-shakespeare-5-320-0.25
iter 6850: loss 0.7834, time 173.35ms, mfu 9.82%
iter 6860: loss 0.7642, time 26.81ms, mfu 9.66%
iter 6870: loss 0.7821, time 15.59ms, mfu 10.11%
iter 6880: loss 0.7783, time 16.66ms, mfu 10.42%
iter 6890: loss 0.7897, time 17.62ms, mfu 10.63%
step 6900: train loss 0.4597, val loss 2.6369
saving checkpoint to out-shakespeare-5-320-0.25
iter 6900: loss 0.7854, time 166.63ms, mfu 9.70%
iter 6910: loss 0.7674, time 16.22ms, mfu 10.08%
iter 6920: loss 0.7826, time 26.77ms, mfu 9.90%
iter 6930: loss 0.7679, time 25.62ms, mfu 9.77%
iter 6940: loss 0.7900, time 15.35ms, mfu 10.22%
step 6950: train loss 0.4509, val loss 2.6708
saving checkpoint to out-shakespeare-5-320-0.25
iter 6950: loss 0.7872, time 176.37ms, mfu 9.33%
iter 6960: loss 0.7772, time 15.34ms, mfu 9.83%
iter 6970: loss 0.8054, time 16.76ms, mfu 10.16%
iter 6980: loss 0.7853, time 18.60ms, mfu 10.33%
iter 6990: loss 0.7815, time 28.09ms, mfu 10.08%
step 7000: train loss 0.4438, val loss 2.6059
saving checkpoint to out-shakespeare-5-320-0.25
iter 7000: loss 0.7790, time 168.70ms, mfu 9.20%
iter 7010: loss 0.7697, time 15.47ms, mfu 9.70%
iter 7020: loss 0.7503, time 29.83ms, mfu 9.47%
iter 7030: loss 0.7601, time 15.41ms, mfu 9.95%
iter 7040: loss 0.7538, time 16.79ms, mfu 10.27%
step 7050: train loss 0.4454, val loss 2.6611
saving checkpoint to out-shakespeare-5-320-0.25
iter 7050: loss 0.7673, time 170.31ms, mfu 9.37%
iter 7060: loss 0.7771, time 15.47ms, mfu 9.86%
iter 7070: loss 0.7488, time 16.65ms, mfu 10.19%
iter 7080: loss 0.7462, time 16.03ms, mfu 10.55%
iter 7090: loss 0.7621, time 16.87ms, mfu 10.80%
step 7100: train loss 0.4284, val loss 2.6561
saving checkpoint to out-shakespeare-5-320-0.25
iter 7100: loss 0.7399, time 177.37ms, mfu 9.84%
iter 7110: loss 0.7573, time 16.37ms, mfu 10.20%
iter 7120: loss 0.7453, time 17.11ms, mfu 10.47%
iter 7130: loss 0.7492, time 15.56ms, mfu 10.84%
iter 7140: loss 0.7781, time 27.12ms, mfu 10.57%
step 7150: train loss 0.4336, val loss 2.7117
saving checkpoint to out-shakespeare-5-320-0.25
iter 7150: loss 0.7648, time 167.34ms, mfu 9.64%
iter 7160: loss 0.7430, time 15.60ms, mfu 10.09%
iter 7170: loss 0.7614, time 17.61ms, mfu 10.33%
iter 7180: loss 0.7599, time 27.93ms, mfu 10.08%
iter 7190: loss 0.7258, time 15.48ms, mfu 10.50%
step 7200: train loss 0.4090, val loss 2.7050
saving checkpoint to out-shakespeare-5-320-0.25
iter 7200: loss 0.7654, time 171.91ms, mfu 9.58%
iter 7210: loss 0.7641, time 16.58ms, mfu 9.95%
iter 7220: loss 0.7459, time 15.23ms, mfu 10.40%
iter 7230: loss 0.7563, time 16.54ms, mfu 10.69%
iter 7240: loss 0.7221, time 17.71ms, mfu 10.86%
step 7250: train loss 0.4003, val loss 2.7114
saving checkpoint to out-shakespeare-5-320-0.25
iter 7250: loss 0.7487, time 177.97ms, mfu 9.90%
iter 7260: loss 0.7217, time 16.51ms, mfu 10.24%
iter 7270: loss 0.7381, time 19.03ms, mfu 10.38%
iter 7280: loss 0.7409, time 27.65ms, mfu 10.14%
iter 7290: loss 0.7522, time 15.60ms, mfu 10.53%
step 7300: train loss 0.3923, val loss 2.6664
saving checkpoint to out-shakespeare-5-320-0.25
iter 7300: loss 0.7253, time 169.71ms, mfu 9.61%
iter 7310: loss 0.7313, time 17.40ms, mfu 9.91%
iter 7320: loss 0.7259, time 5.00ms, mfu 13.33%
iter 7330: loss 0.7389, time 26.78ms, mfu 12.82%
iter 7340: loss 0.7261, time 15.69ms, mfu 12.94%
step 7350: train loss 0.3930, val loss 2.7813
saving checkpoint to out-shakespeare-5-320-0.25
iter 7350: loss 0.7161, time 173.55ms, mfu 11.77%
iter 7360: loss 0.7145, time 16.12ms, mfu 11.96%
iter 7370: loss 0.7168, time 15.37ms, mfu 12.19%
iter 7380: loss 0.7267, time 15.38ms, mfu 12.41%
iter 7390: loss 0.7073, time 28.36ms, mfu 11.94%
step 7400: train loss 0.3795, val loss 2.7240
saving checkpoint to out-shakespeare-5-320-0.25
iter 7400: loss 0.7306, time 167.52ms, mfu 10.88%
iter 7410: loss 0.7463, time 16.56ms, mfu 11.12%
iter 7420: loss 0.7012, time 18.69ms, mfu 11.19%
iter 7430: loss 0.7136, time 16.85ms, mfu 11.37%
iter 7440: loss 0.7312, time 15.55ms, mfu 11.65%
step 7450: train loss 0.3730, val loss 2.7687
saving checkpoint to out-shakespeare-5-320-0.25
iter 7450: loss 0.7101, time 171.34ms, mfu 10.62%
iter 7460: loss 0.7058, time 15.45ms, mfu 10.98%
iter 7470: loss 0.7092, time 16.55ms, mfu 11.21%
iter 7480: loss 0.7117, time 16.00ms, mfu 11.47%
iter 7490: loss 0.7097, time 17.50ms, mfu 11.58%
step 7500: train loss 0.3667, val loss 2.7379
saving checkpoint to out-shakespeare-5-320-0.25
iter 7500: loss 0.7156, time 176.38ms, mfu 10.55%
iter 7510: loss 0.7200, time 16.47ms, mfu 10.83%
iter 7520: loss 0.7034, time 16.48ms, mfu 11.08%
iter 7530: loss 0.7201, time 27.92ms, mfu 10.76%
iter 7540: loss 0.7066, time 16.55ms, mfu 11.02%
step 7550: train loss 0.3676, val loss 2.7874
saving checkpoint to out-shakespeare-5-320-0.25
iter 7550: loss 0.6931, time 174.16ms, mfu 10.04%
iter 7560: loss 0.7139, time 16.36ms, mfu 10.38%
iter 7570: loss 0.7097, time 16.07ms, mfu 10.71%
iter 7580: loss 0.7050, time 17.56ms, mfu 10.90%
iter 7590: loss 0.7155, time 28.34ms, mfu 10.58%
step 7600: train loss 0.3602, val loss 2.7656
saving checkpoint to out-shakespeare-5-320-0.25
iter 7600: loss 0.7015, time 169.05ms, mfu 9.66%
iter 7610: loss 0.6956, time 17.53ms, mfu 9.95%
iter 7620: loss 0.6959, time 27.03ms, mfu 9.77%
iter 7630: loss 0.6954, time 15.43ms, mfu 10.22%
