Overriding: out_dir = out-shakespeare-2-128-0.5
Overriding: num_samples = 5
Overriding: device = cuda
number of parameters: 434944
Loading meta from data\shakespeare_char\meta.pkl...

ANCExe k bridcowi,
The on, bth

Hiset bobe t e anthO-3ISM:

KITanhe ar hthar usqor he.
Sar dXENDoate awice mere,
DEZarom oroun
Yowh$
MEUf is h be t il ndill,,

3 iree sen cin lat HFaclrov ts, and t l nghire transesel lind te l.
-hule ce hiry pthar aiss hewty mellinde n Boupetelavle homery wod methakleoaWheso whd Ceiib3e the m dourive we hhire s poousower s bure k d nthrthirf s ar iris we:
EE, e maleronth,
Mad rerd m So merand sea!
KENIb&isarardaal thes aresthinin cs k aaraney Ire ts chan t ce hy
---------------

MOQEE:
E:QURIKYy thor IWou w tha sora an hse me nounghe rene mrdand ; s me cin s th lletheorend ourco f somy ssthecas l.
T
IEAMoud thaleintherse e pand he movetLI md as c toros cok heit stie s turd he te feRUKRALI:
Whet CII ghasundisthen lde he n,e, xor torethitheaker agheravEE
Aweam k s withouml nFond theNIZlo norer id, mche hIis,
A?
Theiderd po &Xeannded Ce?
Fyree thisoou tiund the nofen e setan wiporthare whanothanorthers we EEBllellke ton s h O
Foreribede wat d tive wout ir f an;

Ankee inee
---------------

MTI3oren ire forealoir fQOw nne whe when tco i h,d ser t ttanof anon bacen or, andesen, mesev minds se te woriingin ire touitger Whon wow nd che  ber be
HE:
Sqo enInirs ta theint at mas ind yan binke imist menat mlinor weeing biwmenhiselllawe e wo I, indthas stho y wilH:
Feertmo lalelslourgrren olirconourjera d f t anthMqu thhe ar hes masGin n t ih c;

Bu.
I tir dend hlll my ay meras bend s
GSe nd nbust t tos n ml veabae s hor meale itan nu t om Thinerte y, d lelege fins y e othes arr wholers e

---------------

ere s  s ookes souk h pederars, es s;
RI th t oakavlatheacere n!
Brenee tiwherese w
SB-
Bun areve m wac driniran dereLThy pa&NI thin.
T
'.
Frd seson rould. ar tharear IAIgisthathe couf mhir, bmoaas ooung, hathese haware hernd end hig w flouthis w t than chr ces cilt, onertLOZ's ollatealhe uat r theas me ainollol I orat bur th honeroner lind he punint gharouto theearourerth g witens y,oury pmouran thy awonsent,
Jaan athVence stho,
J s PR patfonit briin sd wh'ed goun hee s t 3e he h henide a 
Mare
---------------

B; e lane kl that his lomy ayd ve cstinorirende ramo ngoKI fasstou ane,
Ave t hte e bd
BE:
TUR:
NMour isenookaave I't ORI X.
IRZo pin etowed amand e
Sore ofous o, iois ith s de
Tmne hein be d ym o thandoly cory th mand hrlomed end n3ore,
LI:
I
3, s



Po shencsadad whore mFI une t s y areased pis ce drinyherawhe ainon maar tu ourel hasd ne y, d s ireveke c$s maa mers,
Dothe s o he vous be rd s pan.
&OSingareraoron nof marollthin he thir woorowait ty wy:
Jr he wek slle fnfintes mostobquthan se t 
---------------
