Overriding config with C:\VS-CODE-UNI-OS\advanced-nlp-17\nanoGPT\config\train-shakespeare-char-2-128-0.5.py:

# Baseline configuration
out_dir = 'out-shakespeare-2-128-0.5'
eval_interval = 50
eval_iters = 5
log_interval = 10
always_save_checkpoint = True
init_from = 'scratch'
wandb_log = False
wandb_project = 'nanoGPT-assignment'
wandb_run_name = 'baseline'
dataset = 'shakespeare_char'
gradient_accumulation_steps = 1
batch_size = 64
block_size = 256
n_layer = 2
n_head = 2
n_embd = 128
dropout = 0.2
learning_rate = 1e-3
max_iters = 146.0
lr_decay_iters = 100
min_lr = 1e-4
beta2 = 0.99
warmup_iters = 200
weight_decay = 1e-1
device = 'cuda'
compile = False 

tokens per iteration will be: 16,384
found vocab_size = 65 (inside data\shakespeare_char\meta.pkl)
Initializing a new model from scratch
number of parameters: 434944
num decayed parameter tensors: 10, with 434,304 parameters
num non-decayed parameter tensors: 5, with 640 parameters
using fused AdamW: True
step 0: train loss 4.1855, val loss 4.1843
iter 0: loss 4.1868, time 182.25ms, mfu -100.00%
iter 10: loss 4.0049, time 4.00ms, mfu 4.20%
iter 20: loss 3.7121, time 4.10ms, mfu 4.19%
iter 30: loss 3.5866, time 4.27ms, mfu 4.16%
iter 40: loss 3.4275, time 3.00ms, mfu 4.31%
step 50: train loss 3.1875, val loss 3.2026
saving checkpoint to out-shakespeare-2-128-0.5
iter 50: loss 3.2256, time 31.93ms, mfu 3.93%
iter 60: loss 3.0328, time 3.01ms, mfu 4.09%
iter 70: loss 2.8998, time 4.00ms, mfu 4.11%
iter 80: loss 2.8053, time 3.00ms, mfu 4.26%
iter 90: loss 2.7498, time 4.00ms, mfu 4.25%
step 100: train loss 2.6501, val loss 2.6678
saving checkpoint to out-shakespeare-2-128-0.5
iter 100: loss 2.6888, time 30.48ms, mfu 3.88%
iter 110: loss 2.6516, time 3.18ms, mfu 4.02%
iter 120: loss 2.6024, time 4.17ms, mfu 4.02%
iter 130: loss 2.5821, time 3.00ms, mfu 4.18%
iter 140: loss 2.5703, time 4.12ms, mfu 4.17%
