Overriding config with C:\VS-CODE-UNI-OS\advanced-nlp-17\nanoGPT\config\train-shakespeare-char-task2-r4.py:

# Baseline configuration
out_dir = 'out-shakespeare-task2-r4'
eval_interval = 50
eval_iters = 50
log_interval = 10
always_save_checkpoint = False
init_from = 'resume'
wandb_log = False
wandb_project = 'nanoGPT-assignment'
wandb_run_name = 'baseline'
dataset = 'shakespeare_task2'
gradient_accumulation_steps = 1
batch_size = 64
block_size = 256
n_layer = 5
n_head = 5
n_embd = 320
dropout = 0.2
learning_rate = 0.001
max_iters = 9600
lr_decay_iters = 100
min_lr = 1e-4
beta2 = 0.99
lora_rank = 4
warmup_iters = 200
weight_decay = 1e-1
device = 'cuda'
compile = False 

tokens per iteration will be: 16,384
found vocab_size = 68 (inside data\shakespeare_task2\meta.pkl)
Resuming training from out-shakespeare-task2-r4
number of parameters: 6250240
resize_token_embeddings: vocab 65 -> 69 (added 4 special token(s): ['@', '|', '<', '>'])
number of parameters: 6251520
LoRA mode: rank=4, trainable params=25,600
num decayed parameter tensors: 10, with 25,600 parameters
num non-decayed parameter tensors: 0, with 0 parameters
using fused AdamW: True
Vocab size changed, skipping optimizer state load
step 7600: train loss 4.4015, val loss 4.4016
saving checkpoint to out-shakespeare-task2-r4
iter 7600: loss 4.3599, time 981.44ms, mfu -100.00%
iter 7610: loss 4.3565, time 32.01ms, mfu 6.90%
iter 7620: loss 4.3460, time 13.77ms, mfu 7.82%
iter 7630: loss 4.3163, time 0.00ms, mfu 7.04%
iter 7640: loss 4.2912, time 15.64ms, mfu 7.75%
step 7650: train loss 4.2283, val loss 4.2269
saving checkpoint to out-shakespeare-task2-r4
iter 7650: loss 4.2517, time 871.40ms, mfu 7.00%
iter 7660: loss 4.2043, time 15.77ms, mfu 7.70%
iter 7670: loss 4.1362, time 16.19ms, mfu 8.29%
iter 7680: loss 4.0626, time 29.56ms, mfu 8.21%
iter 7690: loss 3.9930, time 15.64ms, mfu 8.80%
step 7700: train loss 3.8243, val loss 3.8232
saving checkpoint to out-shakespeare-task2-r4
iter 7700: loss 3.9292, time 876.14ms, mfu 7.95%
iter 7710: loss 3.8666, time 16.54ms, mfu 8.49%
iter 7720: loss 3.8167, time 0.00ms, mfu 7.64%
iter 7730: loss 3.7719, time 15.66ms, mfu 8.29%
iter 7740: loss 3.7409, time 19.20ms, mfu 8.61%
step 7750: train loss 3.6486, val loss 3.6479
saving checkpoint to out-shakespeare-task2-r4
iter 7750: loss 3.7122, time 885.51ms, mfu 7.78%
iter 7760: loss 3.6894, time 15.51ms, mfu 8.42%
iter 7770: loss 3.6718, time 13.37ms, mfu 9.23%
iter 7780: loss 3.6475, time 31.40ms, mfu 9.01%
iter 7790: loss 3.6321, time 0.00ms, mfu 8.11%
step 7800: train loss 3.5681, val loss 3.5690
saving checkpoint to out-shakespeare-task2-r4
iter 7800: loss 3.6303, time 867.61ms, mfu 7.33%
iter 7810: loss 3.6075, time 15.47ms, mfu 8.02%
iter 7820: loss 3.5973, time 25.60ms, mfu 8.08%
iter 7830: loss 3.5820, time 35.03ms, mfu 7.91%
iter 7840: loss 3.5778, time 10.93ms, mfu 9.14%
step 7850: train loss 3.5238, val loss 3.5235
saving checkpoint to out-shakespeare-task2-r4
iter 7850: loss 3.5730, time 872.08ms, mfu 8.25%
iter 7860: loss 3.5640, time 15.74ms, mfu 8.83%
iter 7870: loss 3.5603, time 15.63ms, mfu 9.36%
iter 7880: loss 3.5420, time 10.86ms, mfu 10.46%
iter 7890: loss 3.5402, time 15.64ms, mfu 10.83%
step 7900: train loss 3.4986, val loss 3.4965
saving checkpoint to out-shakespeare-task2-r4
iter 7900: loss 3.5324, time 870.71ms, mfu 9.77%
iter 7910: loss 3.5269, time 11.32ms, mfu 10.75%
iter 7920: loss 3.5239, time 26.68ms, mfu 10.50%
iter 7930: loss 3.5262, time 16.06ms, mfu 10.83%
iter 7940: loss 3.5188, time 0.00ms, mfu 9.74%
step 7950: train loss 3.4783, val loss 3.4778
saving checkpoint to out-shakespeare-task2-r4
iter 7950: loss 3.5113, time 860.51ms, mfu 8.79%
iter 7960: loss 3.5108, time 16.04ms, mfu 9.29%
iter 7970: loss 3.5133, time 15.64ms, mfu 9.78%
iter 7980: loss 3.5059, time 17.74ms, mfu 10.04%
iter 7990: loss 3.5029, time 20.66ms, mfu 10.11%
step 8000: train loss 3.4649, val loss 3.4655
saving checkpoint to out-shakespeare-task2-r4
iter 8000: loss 3.5052, time 874.75ms, mfu 9.12%
iter 8010: loss 3.4921, time 18.27ms, mfu 9.42%
iter 8020: loss 3.4945, time 15.79ms, mfu 9.88%
iter 8030: loss 3.4937, time 15.66ms, mfu 10.30%
iter 8040: loss 3.4904, time 15.82ms, mfu 10.67%
step 8050: train loss 3.4554, val loss 3.4532
saving checkpoint to out-shakespeare-task2-r4
iter 8050: loss 3.4958, time 860.62ms, mfu 9.63%
iter 8060: loss 3.4868, time 20.36ms, mfu 9.75%
iter 8070: loss 3.4740, time 6.00ms, mfu 12.46%
iter 8080: loss 3.4812, time 15.24ms, mfu 12.66%
iter 8090: loss 3.4902, time 15.70ms, mfu 12.80%
step 8100: train loss 3.4461, val loss 3.4463
saving checkpoint to out-shakespeare-task2-r4
iter 8100: loss 3.4712, time 873.73ms, mfu 11.55%
iter 8110: loss 3.4811, time 12.15ms, mfu 12.21%
iter 8120: loss 3.4744, time 16.68ms, mfu 12.32%
iter 8130: loss 3.4754, time 0.00ms, mfu 11.09%
iter 8140: loss 3.4688, time 18.35ms, mfu 11.18%
step 8150: train loss 3.4385, val loss 3.4376
saving checkpoint to out-shakespeare-task2-r4
iter 8150: loss 3.4740, time 882.46ms, mfu 10.09%
iter 8160: loss 3.4711, time 15.63ms, mfu 10.49%
iter 8170: loss 3.4650, time 15.66ms, mfu 10.86%
iter 8180: loss 3.4678, time 16.02ms, mfu 11.15%
iter 8190: loss 3.4699, time 15.68ms, mfu 11.44%
step 8200: train loss 3.4300, val loss 3.4301
saving checkpoint to out-shakespeare-task2-r4
iter 8200: loss 3.4461, time 861.73ms, mfu 10.33%
iter 8210: loss 3.4623, time 21.75ms, mfu 10.31%
iter 8220: loss 3.4566, time 16.00ms, mfu 10.66%
iter 8230: loss 3.4600, time 20.29ms, mfu 10.68%
iter 8240: loss 3.4557, time 18.86ms, mfu 10.79%
step 8250: train loss 3.4208, val loss 3.4209
saving checkpoint to out-shakespeare-task2-r4
iter 8250: loss 3.4500, time 879.83ms, mfu 9.73%
iter 8260: loss 3.4487, time 15.65ms, mfu 10.17%
iter 8270: loss 3.4517, time 20.30ms, mfu 10.24%
iter 8280: loss 3.4437, time 18.51ms, mfu 10.41%
iter 8290: loss 3.4405, time 19.80ms, mfu 10.49%
step 8300: train loss 3.4063, val loss 3.4078
saving checkpoint to out-shakespeare-task2-r4
iter 8300: loss 3.4414, time 872.22ms, mfu 9.46%
iter 8310: loss 3.4330, time 15.71ms, mfu 9.93%
iter 8320: loss 3.4431, time 16.66ms, mfu 10.26%
iter 8330: loss 3.4376, time 30.78ms, mfu 9.95%
iter 8340: loss 3.4377, time 15.66ms, mfu 10.37%
step 8350: train loss 3.3895, val loss 3.3901
saving checkpoint to out-shakespeare-task2-r4
iter 8350: loss 3.4245, time 869.99ms, mfu 9.36%
iter 8360: loss 3.4275, time 17.62ms, mfu 9.68%
iter 8370: loss 3.4202, time 16.22ms, mfu 10.07%
iter 8380: loss 3.4070, time 15.80ms, mfu 10.46%
iter 8390: loss 3.4111, time 15.67ms, mfu 10.83%
step 8400: train loss 3.3695, val loss 3.3701
saving checkpoint to out-shakespeare-task2-r4
iter 8400: loss 3.4123, time 860.24ms, mfu 9.77%
iter 8410: loss 3.4086, time 20.73ms, mfu 9.86%
iter 8420: loss 3.3957, time 19.55ms, mfu 10.00%
iter 8430: loss 3.4030, time 13.84ms, mfu 10.60%
iter 8440: loss 3.4085, time 15.64ms, mfu 10.95%
step 8450: train loss 3.3518, val loss 3.3536
saving checkpoint to out-shakespeare-task2-r4
iter 8450: loss 3.3913, time 876.58ms, mfu 9.88%
iter 8460: loss 3.3914, time 22.25ms, mfu 9.89%
iter 8470: loss 3.3858, time 20.69ms, mfu 9.97%
iter 8480: loss 3.3831, time 15.90ms, mfu 10.36%
iter 8490: loss 3.3890, time 16.73ms, mfu 10.65%
step 8500: train loss 3.3319, val loss 3.3347
saving checkpoint to out-shakespeare-task2-r4
iter 8500: loss 3.3796, time 871.99ms, mfu 9.61%
iter 8510: loss 3.3672, time 15.66ms, mfu 10.06%
iter 8520: loss 3.3666, time 15.66ms, mfu 10.46%
iter 8530: loss 3.3792, time 14.61ms, mfu 10.93%
iter 8540: loss 3.3551, time 15.78ms, mfu 11.24%
step 8550: train loss 3.3133, val loss 3.3172
saving checkpoint to out-shakespeare-task2-r4
iter 8550: loss 3.3624, time 874.23ms, mfu 10.14%
iter 8560: loss 3.3589, time 16.04ms, mfu 10.50%
iter 8570: loss 3.3450, time 15.69ms, mfu 10.86%
iter 8580: loss 3.3488, time 16.10ms, mfu 11.15%
iter 8590: loss 3.3454, time 15.69ms, mfu 11.44%
step 8600: train loss 3.2874, val loss 3.2932
saving checkpoint to out-shakespeare-task2-r4
iter 8600: loss 3.3521, time 873.79ms, mfu 10.32%
iter 8610: loss 3.3391, time 31.27ms, mfu 10.00%
iter 8620: loss 3.3343, time 19.57ms, mfu 10.13%
iter 8630: loss 3.3157, time 15.59ms, mfu 10.53%
iter 8640: loss 3.3196, time 16.20ms, mfu 10.84%
step 8650: train loss 3.2512, val loss 3.2597
saving checkpoint to out-shakespeare-task2-r4
iter 8650: loss 3.3149, time 873.88ms, mfu 9.78%
iter 8660: loss 3.3015, time 17.71ms, mfu 10.05%
iter 8670: loss 3.2953, time 2.00ms, mfu 20.07%
iter 8680: loss 3.2923, time 15.67ms, mfu 19.47%
iter 8690: loss 3.2815, time 15.67ms, mfu 18.94%
step 8700: train loss 3.2155, val loss 3.2243
saving checkpoint to out-shakespeare-task2-r4
iter 8700: loss 3.2890, time 874.73ms, mfu 17.07%
iter 8710: loss 3.2663, time 15.70ms, mfu 16.77%
iter 8720: loss 3.2602, time 15.69ms, mfu 16.50%
iter 8730: loss 3.2771, time 15.81ms, mfu 16.25%
iter 8740: loss 3.2753, time 15.77ms, mfu 16.03%
step 8750: train loss 3.1893, val loss 3.1978
saving checkpoint to out-shakespeare-task2-r4
iter 8750: loss 3.2490, time 857.91ms, mfu 14.45%
iter 8760: loss 3.2368, time 17.73ms, mfu 14.25%
iter 8770: loss 3.2435, time 31.00ms, mfu 13.54%
iter 8780: loss 3.2429, time 19.15ms, mfu 13.34%
iter 8790: loss 3.2432, time 16.07ms, mfu 13.38%
step 8800: train loss 3.1656, val loss 3.1734
saving checkpoint to out-shakespeare-task2-r4
iter 8800: loss 3.2246, time 873.51ms, mfu 12.07%
iter 8810: loss 3.2244, time 15.66ms, mfu 12.27%
iter 8820: loss 3.2256, time 15.77ms, mfu 12.45%
iter 8830: loss 3.2097, time 15.31ms, mfu 12.65%
iter 8840: loss 3.2186, time 15.26ms, mfu 12.83%
step 8850: train loss 3.1476, val loss 3.1508
saving checkpoint to out-shakespeare-task2-r4
iter 8850: loss 3.2167, time 888.46ms, mfu 11.57%
iter 8860: loss 3.2043, time 0.00ms, mfu 10.41%
iter 8870: loss 3.2199, time 15.22ms, mfu 10.82%
iter 8880: loss 3.2083, time 15.68ms, mfu 11.15%
iter 8890: loss 3.1905, time 16.03ms, mfu 11.42%
step 8900: train loss 3.1270, val loss 3.1348
saving checkpoint to out-shakespeare-task2-r4
iter 8900: loss 3.1955, time 859.42ms, mfu 10.30%
iter 8910: loss 3.1942, time 17.14ms, mfu 10.56%
iter 8920: loss 3.1943, time 15.71ms, mfu 10.91%
iter 8930: loss 3.1915, time 15.71ms, mfu 11.23%
iter 8940: loss 3.1841, time 15.77ms, mfu 11.50%
step 8950: train loss 3.1094, val loss 3.1168
saving checkpoint to out-shakespeare-task2-r4
iter 8950: loss 3.1895, time 858.55ms, mfu 10.38%
iter 8960: loss 3.1852, time 16.07ms, mfu 10.72%
iter 8970: loss 3.1697, time 15.66ms, mfu 11.06%
iter 8980: loss 3.1789, time 15.79ms, mfu 11.35%
iter 8990: loss 3.1817, time 16.01ms, mfu 11.60%
step 9000: train loss 3.0936, val loss 3.0984
saving checkpoint to out-shakespeare-task2-r4
iter 9000: loss 3.1690, time 877.94ms, mfu 10.46%
iter 9010: loss 3.1695, time 15.88ms, mfu 10.81%
iter 9020: loss 3.1651, time 5.00ms, mfu 14.15%
iter 9030: loss 3.1570, time 15.43ms, mfu 14.17%
iter 9040: loss 3.1462, time 11.26ms, mfu 14.71%
step 9050: train loss 3.0785, val loss 3.0862
saving checkpoint to out-shakespeare-task2-r4
iter 9050: loss 3.1561, time 880.94ms, mfu 13.27%
iter 9060: loss 3.1496, time 19.66ms, mfu 13.06%
iter 9070: loss 3.1562, time 13.46ms, mfu 13.40%
iter 9080: loss 3.1528, time 32.57ms, mfu 12.74%
iter 9090: loss 3.1490, time 31.37ms, mfu 12.17%
step 9100: train loss 3.0629, val loss 3.0697
saving checkpoint to out-shakespeare-task2-r4
iter 9100: loss 3.1448, time 873.91ms, mfu 10.98%
iter 9110: loss 3.1397, time 15.67ms, mfu 11.29%
iter 9120: loss 3.1439, time 15.62ms, mfu 11.58%
iter 9130: loss 3.1496, time 31.46ms, mfu 11.12%
iter 9140: loss 3.1328, time 20.24ms, mfu 11.10%
step 9150: train loss 3.0546, val loss 3.0606
saving checkpoint to out-shakespeare-task2-r4
iter 9150: loss 3.1346, time 878.41ms, mfu 10.02%
iter 9160: loss 3.1410, time 15.72ms, mfu 10.42%
iter 9170: loss 3.1409, time 15.81ms, mfu 10.78%
iter 9180: loss 3.1288, time 16.97ms, mfu 11.00%
iter 9190: loss 3.1274, time 0.00ms, mfu 9.90%
step 9200: train loss 3.0464, val loss 3.0518
saving checkpoint to out-shakespeare-task2-r4
iter 9200: loss 3.1210, time 876.58ms, mfu 8.94%
iter 9210: loss 3.1263, time 15.81ms, mfu 9.44%
iter 9220: loss 3.1240, time 15.81ms, mfu 9.89%
iter 9230: loss 3.1112, time 13.12ms, mfu 10.59%
iter 9240: loss 3.1075, time 15.65ms, mfu 10.94%
step 9250: train loss 3.0354, val loss 3.0430
saving checkpoint to out-shakespeare-task2-r4
iter 9250: loss 3.1267, time 869.57ms, mfu 9.87%
iter 9260: loss 3.1301, time 17.68ms, mfu 10.14%
iter 9270: loss 3.1117, time 20.60ms, mfu 10.19%
iter 9280: loss 3.1180, time 34.00ms, mfu 9.83%
iter 9290: loss 3.1070, time 13.66ms, mfu 10.46%
step 9300: train loss 3.0253, val loss 3.0353
saving checkpoint to out-shakespeare-task2-r4
iter 9300: loss 3.1140, time 872.29ms, mfu 9.44%
iter 9310: loss 3.1052, time 20.30ms, mfu 9.58%
iter 9320: loss 3.1027, time 12.41ms, mfu 10.41%
iter 9330: loss 3.0977, time 26.10ms, mfu 10.21%
iter 9340: loss 3.1011, time 17.47ms, mfu 10.46%
step 9350: train loss 3.0182, val loss 3.0279
saving checkpoint to out-shakespeare-task2-r4
iter 9350: loss 3.1050, time 877.81ms, mfu 9.44%
iter 9360: loss 3.1049, time 16.06ms, mfu 9.87%
iter 9370: loss 3.1095, time 31.71ms, mfu 9.58%
iter 9380: loss 3.0994, time 15.63ms, mfu 10.03%
iter 9390: loss 3.1030, time 15.66ms, mfu 10.44%
step 9400: train loss 3.0145, val loss 3.0209
saving checkpoint to out-shakespeare-task2-r4
iter 9400: loss 3.0956, time 860.40ms, mfu 9.42%
iter 9410: loss 3.1021, time 24.59ms, mfu 9.38%
iter 9420: loss 3.0924, time 15.68ms, mfu 9.85%
iter 9430: loss 3.1014, time 13.69ms, mfu 10.48%
iter 9440: loss 3.1054, time 15.54ms, mfu 10.85%
step 9450: train loss 3.0073, val loss 3.0168
saving checkpoint to out-shakespeare-task2-r4
iter 9450: loss 3.1033, time 877.29ms, mfu 9.79%
iter 9460: loss 3.0957, time 15.88ms, mfu 10.21%
iter 9470: loss 3.1003, time 20.55ms, mfu 10.26%
iter 9480: loss 3.0917, time 16.65ms, mfu 10.56%
iter 9490: loss 3.1020, time 32.36ms, mfu 10.19%
step 9500: train loss 3.0028, val loss 3.0115
saving checkpoint to out-shakespeare-task2-r4
iter 9500: loss 3.0934, time 860.68ms, mfu 9.20%
iter 9510: loss 3.0778, time 15.67ms, mfu 9.69%
iter 9520: loss 3.0925, time 15.64ms, mfu 10.13%
iter 9530: loss 3.0857, time 12.63ms, mfu 10.87%
iter 9540: loss 3.0811, time 31.57ms, mfu 10.48%
step 9550: train loss 2.9962, val loss 3.0060
saving checkpoint to out-shakespeare-task2-r4
iter 9550: loss 3.0763, time 873.59ms, mfu 9.46%
iter 9560: loss 3.0999, time 15.65ms, mfu 9.92%
iter 9570: loss 3.0774, time 16.16ms, mfu 10.30%
iter 9580: loss 3.0867, time 15.91ms, mfu 10.66%
iter 9590: loss 3.0827, time 20.83ms, mfu 10.65%
step 9600: train loss 2.9924, val loss 2.9983
saving checkpoint to out-shakespeare-task2-r4
iter 9600: loss 3.0773, time 857.34ms, mfu 9.61%
